2023-08-29 10:46:05,857 [INFO] Activator:176 - 


2023-08-29 10:46:05,866 [INFO] Activator:177 - !SESSION log4j initialized
2023-08-29 10:46:16,192 [INFO] LogOutputStream:77 - [STDOUT_REDIRECT] 
2023-08-29 10:46:19,722 [INFO] ApplicationProperties:184 - Using Application install path: C:\ST\STM32CubeIDE_1.11.2\STM32CubeIDE\plugins\com.st.stm32cube.common.mx_6.9.1.202307191849
2023-08-29 10:46:19,746 [INFO] DbMcusXml:78 - Set database path to: C:\ST\STM32CubeIDE_1.11.2\STM32CubeIDE\plugins\com.st.stm32cube.common.mx_6.9.1.202307191849\\db\/mcu/
2023-08-29 10:46:19,747 [INFO] ApiDb:274 - Set plugin database path to: C:\ST\STM32CubeIDE_1.11.2\STM32CubeIDE\plugins\com.st.stm32cube.common.mx_6.9.1.202307191849\\db\/plugins/boardmanager/
2023-08-29 10:46:19,747 [WARN] ApiDb:259 - Overriding images path with different value:  => C:\ST\STM32CubeIDE_1.11.2\STM32CubeIDE\plugins\com.st.stm32cube.common.mx_6.9.1.202307191849\\db\/plugins/mcufinder/images/
2023-08-29 10:46:19,767 [INFO] ApiDb:250 - Set database path to: C:\Users\admin\.stmcufinder\plugins\mcufinder//mcu/
2023-08-29 10:46:19,769 [INFO] DbMcusAds:125 - Set database path to: C:\Users\admin\.stmcufinder\plugins\mcufinder//mcu/
2023-08-29 10:46:19,771 [INFO] CrossReferenceDbSqlite:203 - Set database path to: C:\Users\admin\.stmcufinder\plugins\mcufinder//mcu/cs/
2023-08-29 10:46:19,900 [INFO] RulesReader:64 - Compatibility file has been processed (293 Rules)
2023-08-29 10:46:19,998 [INFO] DbMcusXml:78 - Set database path to: C:\ST\STM32CubeIDE_1.11.2\STM32CubeIDE\plugins\com.st.stm32cube.common.mx_6.9.1.202307191849\\db\/mcu/
2023-08-29 10:46:19,998 [INFO] ApiDb:274 - Set plugin database path to: C:\ST\STM32CubeIDE_1.11.2\STM32CubeIDE\plugins\com.st.stm32cube.common.mx_6.9.1.202307191849\\db\/plugins/boardmanager/
2023-08-29 10:46:19,998 [INFO] ApiDb:261 - Set plugin images path to: C:\ST\STM32CubeIDE_1.11.2\STM32CubeIDE\plugins\com.st.stm32cube.common.mx_6.9.1.202307191849\\db\/plugins/mcufinder/images/
2023-08-29 10:46:19,998 [WARN] DbFile:41 - Overriding database path with different value: C:\Users\admin\.stmcufinder\plugins\mcufinder/ => C:\Users\admin\.stmcufinder\plugins\mcufinder
2023-08-29 10:46:19,998 [INFO] ApiDb:250 - Set database path to: C:\Users\admin\.stmcufinder\plugins\mcufinder//mcu/
2023-08-29 10:46:19,999 [WARN] DbFile:41 - Overriding database path with different value: C:\Users\admin\.stmcufinder\plugins\mcufinder/ => C:\Users\admin\.stmcufinder\plugins\mcufinder
2023-08-29 10:46:19,999 [INFO] DbMcusAds:125 - Set database path to: C:\Users\admin\.stmcufinder\plugins\mcufinder//mcu/
2023-08-29 10:46:19,999 [WARN] DbFile:41 - Overriding database path with different value: C:\Users\admin\.stmcufinder\plugins\mcufinder/ => C:\Users\admin\.stmcufinder\plugins\mcufinder
2023-08-29 10:46:19,999 [WARN] DbFile:41 - Overriding database path with different value: C:\Users\admin\.stmcufinder\plugins\mcufinder/ => C:\Users\admin\.stmcufinder\plugins\mcufinder
2023-08-29 10:46:19,999 [INFO] CrossReferenceDbSqlite:203 - Set database path to: C:\Users\admin\.stmcufinder\plugins\mcufinder//mcu/cs/
2023-08-29 10:46:20,098 [INFO] MainPanel:262 - HeapMemory: 268435456
2023-08-29 10:46:20,224 [INFO] DbMcusXml:78 - Set database path to: C:\ST\STM32CubeIDE_1.11.2\STM32CubeIDE\plugins\com.st.stm32cube.common.mx_6.9.1.202307191849\\db\/mcu/
2023-08-29 10:46:20,224 [INFO] ApiDb:274 - Set plugin database path to: C:\ST\STM32CubeIDE_1.11.2\STM32CubeIDE\plugins\com.st.stm32cube.common.mx_6.9.1.202307191849\\db\/plugins/boardmanager/
2023-08-29 10:46:20,224 [INFO] ApiDb:261 - Set plugin images path to: C:\ST\STM32CubeIDE_1.11.2\STM32CubeIDE\plugins\com.st.stm32cube.common.mx_6.9.1.202307191849\\db\/plugins/mcufinder/images/
2023-08-29 10:46:20,225 [WARN] DbFile:41 - Overriding database path with different value: C:\Users\admin\.stmcufinder\plugins\mcufinder/ => C:\Users\admin\.stmcufinder\plugins\mcufinder
2023-08-29 10:46:20,225 [INFO] ApiDb:250 - Set database path to: C:\Users\admin\.stmcufinder\plugins\mcufinder//mcu/
2023-08-29 10:46:20,225 [WARN] DbFile:41 - Overriding database path with different value: C:\Users\admin\.stmcufinder\plugins\mcufinder/ => C:\Users\admin\.stmcufinder\plugins\mcufinder
2023-08-29 10:46:20,225 [INFO] DbMcusAds:125 - Set database path to: C:\Users\admin\.stmcufinder\plugins\mcufinder//mcu/
2023-08-29 10:46:20,225 [WARN] DbFile:41 - Overriding database path with different value: C:\Users\admin\.stmcufinder\plugins\mcufinder/ => C:\Users\admin\.stmcufinder\plugins\mcufinder
2023-08-29 10:46:20,226 [WARN] DbFile:41 - Overriding database path with different value: C:\Users\admin\.stmcufinder\plugins\mcufinder/ => C:\Users\admin\.stmcufinder\plugins\mcufinder
2023-08-29 10:46:20,226 [INFO] CrossReferenceDbSqlite:203 - Set database path to: C:\Users\admin\.stmcufinder\plugins\mcufinder//mcu/cs/
2023-08-29 10:46:20,247 [INFO] ApplicationProperties:184 - Using Application install path: C:\ST\STM32CubeIDE_1.11.2\STM32CubeIDE\plugins\com.st.stm32cube.common.mx_6.9.1.202307191849
2023-08-29 10:46:20,249 [INFO] PluginManage:196 - Search for loadable plugins [exclusion list=, ]
2023-08-29 10:46:20,250 [INFO] PluginManage:310 - Check plugin analytics
2023-08-29 10:46:20,449 [INFO] AnalyticsPlugin:253 - Accepted Software Licenses: 
2023-08-29 10:46:20,450 [INFO] AnalyticsPlugin:255 - Accepted CMSIS Pack Licenses: 
2023-08-29 10:46:20,450 [INFO] AnalyticsPlugin:257 - Accepted Firmware Licenses: 
2023-08-29 10:46:20,456 [INFO] PluginManage:359 - Loaded plugin analytics (category:tool,tabindex:-1)
2023-08-29 10:46:20,457 [INFO] PluginManage:310 - Check plugin cadmodel
2023-08-29 10:46:20,518 [INFO] CADModel:105 - Init CAD model plugin
2023-08-29 10:46:20,518 [INFO] PluginManage:359 - Loaded plugin cadmodel (category:power,tabindex:5)
2023-08-29 10:46:20,518 [INFO] PluginManage:310 - Check plugin clock
2023-08-29 10:46:20,542 [INFO] PluginManage:359 - Loaded plugin clock (category:base,tabindex:2)
2023-08-29 10:46:20,542 [INFO] PluginManage:310 - Check plugin ddr
2023-08-29 10:46:20,545 [INFO] PluginManage:359 - Loaded plugin ddr (category:tool,tabindex:6)
2023-08-29 10:46:20,545 [INFO] PluginManage:310 - Check plugin filemanager
2023-08-29 10:46:20,703 [INFO] PluginManage:359 - Loaded plugin filemanager (category:base,tabindex:10)
2023-08-29 10:46:20,703 [INFO] PluginManage:310 - Check plugin ipmanager
2023-08-29 10:46:20,710 [INFO] PluginManage:359 - Loaded plugin ipmanager (category:base,tabindex:5)
2023-08-29 10:46:20,710 [INFO] PluginManage:310 - Check plugin lpbam
2023-08-29 10:46:20,730 [INFO] PluginManage:359 - Loaded plugin lpbam (category:base,tabindex:0)
2023-08-29 10:46:20,730 [INFO] PluginManage:310 - Check plugin memorymap
2023-08-29 10:46:20,753 [INFO] PluginManage:359 - Loaded plugin memorymap (category:base,tabindex:4)
2023-08-29 10:46:20,754 [INFO] PluginManage:310 - Check plugin pinoutandconfiguration
2023-08-29 10:46:20,771 [INFO] PluginManage:359 - Loaded plugin pinoutandconfiguration (category:base,tabindex:1)
2023-08-29 10:46:20,771 [INFO] PluginManage:310 - Check plugin pinoutconfig
2023-08-29 10:46:20,882 [WARN] SupportedApi:132 - Cannot load RTOS API schema: s4s-elt-must-match.1: The content of 'definitions' must match (annotation?, (simpleType | complexType)?, (unique | key | keyref)*)). A problem was found starting at: attribute.
2023-08-29 10:46:21,034 [INFO] PluginManage:359 - Loaded plugin pinoutconfig (category:base,tabindex:0)
2023-08-29 10:46:21,034 [INFO] PluginManage:310 - Check plugin power
2023-08-29 10:46:21,059 [INFO] PluginManage:359 - Loaded plugin power (category:power,tabindex:4)
2023-08-29 10:46:21,059 [INFO] PluginManage:310 - Check plugin projectmanager
2023-08-29 10:46:21,075 [INFO] PluginManage:359 - Loaded plugin projectmanager (category:projectmanager,tabindex:3)
2023-08-29 10:46:21,075 [INFO] PluginManage:310 - Check plugin thirdparty
2023-08-29 10:46:21,385 [INFO] PluginManage:359 - Loaded plugin thirdparty (category:base,tabindex:-1)
2023-08-29 10:46:21,385 [WARN] IntegrityCheckThread:84 - waiting for thirdparty lock release [integrity check]
2023-08-29 10:46:21,385 [INFO] PluginManage:310 - Check plugin tools
2023-08-29 10:46:21,385 [INFO] IntegrityCheckThread:86 - entering critical section [integrity check]
2023-08-29 10:46:21,385 [INFO] ThirdPartyUpdaterWithRetryManager:70 - Updater plugin not ready yet. [1/15]
2023-08-29 10:46:21,425 [INFO] PluginManage:359 - Loaded plugin tools (category:base,tabindex:7)
2023-08-29 10:46:21,425 [INFO] PluginManage:310 - Check plugin tutovideos
2023-08-29 10:46:21,689 [INFO] PluginManage:359 - Loaded plugin tutovideos (category:base,tabindex:-1)
2023-08-29 10:46:21,690 [INFO] PluginManage:310 - Check plugin updater
2023-08-29 10:46:21,709 [INFO] PluginManage:359 - Loaded plugin updater (category:base,tabindex:12)
2023-08-29 10:46:21,709 [INFO] PluginManage:310 - Check plugin userauth
2023-08-29 10:46:21,718 [INFO] UserAuth:113 - Init User Auth plugin
2023-08-29 10:46:21,718 [INFO] PluginManage:359 - Loaded plugin userauth (category:base,tabindex:14)
2023-08-29 10:46:21,719 [INFO] PluginManage:283 - PluginManage : Loaded plugins [17]
2023-08-29 10:46:22,018 [INFO] PinOutPanel:1499 - setPackage(No Configuration,No Configuration)
2023-08-29 10:46:22,161 [INFO] CADModel:165 - CPN selected for project level
2023-08-29 10:46:22,161 [INFO] CADModel:114 - Register for checkConnection events
2023-08-29 10:46:22,200 [INFO] IPUIPlugin:80 - create IPUIPlugin
2023-08-29 10:46:22,200 [INFO] PluginManager:220 - loadIPPluginJar : add adc
2023-08-29 10:46:22,246 [INFO] IPUIPlugin:80 - create IPUIPlugin
2023-08-29 10:46:22,246 [INFO] PluginManager:220 - loadIPPluginJar : add aes
2023-08-29 10:46:22,303 [INFO] IPUIPlugin:80 - create IPUIPlugin
2023-08-29 10:46:22,304 [INFO] PluginManager:220 - loadIPPluginJar : add can
2023-08-29 10:46:22,334 [INFO] IPUIPlugin:80 - create IPUIPlugin
2023-08-29 10:46:22,335 [INFO] PluginManager:220 - loadIPPluginJar : add comp
2023-08-29 10:46:22,381 [INFO] IPUIPlugin:80 - create IPUIPlugin
2023-08-29 10:46:22,382 [INFO] PluginManager:220 - loadIPPluginJar : add cryp
2023-08-29 10:46:22,421 [INFO] IPUIPlugin:80 - create IPUIPlugin
2023-08-29 10:46:22,421 [INFO] PluginManager:220 - loadIPPluginJar : add dfsdm
2023-08-29 10:46:22,440 [INFO] IPUIPlugin:80 - create IPUIPlugin
2023-08-29 10:46:22,441 [INFO] PluginManager:220 - loadIPPluginJar : add dma
2023-08-29 10:46:22,499 [INFO] IPUIPlugin:80 - create IPUIPlugin
2023-08-29 10:46:22,499 [INFO] PluginManager:220 - loadIPPluginJar : add dma3
2023-08-29 10:46:22,526 [INFO] IPUIPlugin:80 - create IPUIPlugin
2023-08-29 10:46:22,526 [INFO] PluginManager:220 - loadIPPluginJar : add fatfs
2023-08-29 10:46:22,595 [INFO] IPUIPlugin:80 - create IPUIPlugin
2023-08-29 10:46:22,595 [INFO] PluginManager:220 - loadIPPluginJar : add fmc
2023-08-29 10:46:22,613 [INFO] IPUIPlugin:80 - create IPUIPlugin
2023-08-29 10:46:22,613 [INFO] PluginManager:220 - loadIPPluginJar : add freertos
2023-08-29 10:46:22,639 [INFO] IPUIPlugin:80 - create IPUIPlugin
2023-08-29 10:46:22,639 [INFO] PluginManager:220 - loadIPPluginJar : add genericplugin
2023-08-29 10:46:22,766 [INFO] IPUIPlugin:80 - create IPUIPlugin
2023-08-29 10:46:22,766 [INFO] PluginManager:220 - loadIPPluginJar : add gfxmmu
2023-08-29 10:46:22,936 [INFO] IPUIPlugin:80 - create IPUIPlugin
2023-08-29 10:46:22,936 [INFO] PluginManager:220 - loadIPPluginJar : add gic
2023-08-29 10:46:22,961 [INFO] IPUIPlugin:80 - create IPUIPlugin
2023-08-29 10:46:22,962 [INFO] PluginManager:220 - loadIPPluginJar : add gpio
2023-08-29 10:46:23,074 [INFO] IPUIPlugin:80 - create IPUIPlugin
2023-08-29 10:46:23,074 [INFO] PluginManager:220 - loadIPPluginJar : add gtzc
2023-08-29 10:46:23,120 [INFO] IPUIPlugin:80 - create IPUIPlugin
2023-08-29 10:46:23,120 [INFO] PluginManager:220 - loadIPPluginJar : add hash
2023-08-29 10:46:23,175 [INFO] IPUIPlugin:80 - create IPUIPlugin
2023-08-29 10:46:23,175 [INFO] PluginManager:220 - loadIPPluginJar : add i2c
2023-08-29 10:46:23,216 [INFO] IPUIPlugin:80 - create IPUIPlugin
2023-08-29 10:46:23,216 [INFO] PluginManager:220 - loadIPPluginJar : add i2s
2023-08-29 10:46:23,259 [INFO] IPUIPlugin:80 - create IPUIPlugin
2023-08-29 10:46:23,260 [INFO] PluginManager:220 - loadIPPluginJar : add i3c
2023-08-29 10:46:23,378 [INFO] IPUIPlugin:80 - create IPUIPlugin
2023-08-29 10:46:23,379 [INFO] PluginManager:220 - loadIPPluginJar : add ipddr
2023-08-29 10:46:23,474 [INFO] IPUIPlugin:80 - create IPUIPlugin
2023-08-29 10:46:23,474 [INFO] PluginManager:220 - loadIPPluginJar : add linkedlist
2023-08-29 10:46:23,508 [INFO] IPUIPlugin:80 - create IPUIPlugin
2023-08-29 10:46:23,508 [INFO] PluginManager:220 - loadIPPluginJar : add lorawan
2023-08-29 10:46:23,544 [INFO] IPUIPlugin:80 - create IPUIPlugin
2023-08-29 10:46:23,544 [INFO] PluginManager:220 - loadIPPluginJar : add ltdc
2023-08-29 10:46:23,558 [INFO] IPUIPlugin:80 - create IPUIPlugin
2023-08-29 10:46:23,558 [INFO] PluginManager:220 - loadIPPluginJar : add mdma
2023-08-29 10:46:23,569 [INFO] IPUIPlugin:80 - create IPUIPlugin
2023-08-29 10:46:23,570 [INFO] PluginManager:220 - loadIPPluginJar : add nvic
2023-08-29 10:46:23,608 [INFO] IPUIPlugin:80 - create IPUIPlugin
2023-08-29 10:46:23,608 [INFO] PluginManager:220 - loadIPPluginJar : add opamp
2023-08-29 10:46:23,667 [INFO] IPUIPlugin:80 - create IPUIPlugin
2023-08-29 10:46:23,667 [INFO] PluginManager:220 - loadIPPluginJar : add openamp
2023-08-29 10:46:23,711 [INFO] IPUIPlugin:80 - create IPUIPlugin
2023-08-29 10:46:23,711 [INFO] PluginManager:220 - loadIPPluginJar : add pdm2pcm
2023-08-29 10:46:23,724 [INFO] IPUIPlugin:80 - create IPUIPlugin
2023-08-29 10:46:23,726 [INFO] PluginManager:220 - loadIPPluginJar : add plateformsettings
2023-08-29 10:46:23,749 [INFO] IPUIPlugin:80 - create IPUIPlugin
2023-08-29 10:46:23,749 [INFO] PluginManager:220 - loadIPPluginJar : add quadspi
2023-08-29 10:46:23,762 [INFO] IPUIPlugin:80 - create IPUIPlugin
2023-08-29 10:46:23,762 [INFO] PluginManager:220 - loadIPPluginJar : add resmgrutility
2023-08-29 10:46:23,811 [INFO] IPUIPlugin:80 - create IPUIPlugin
2023-08-29 10:46:23,811 [INFO] PluginManager:220 - loadIPPluginJar : add sai
2023-08-29 10:46:23,849 [INFO] IPUIPlugin:80 - create IPUIPlugin
2023-08-29 10:46:23,849 [INFO] PluginManager:220 - loadIPPluginJar : add spi
2023-08-29 10:46:23,906 [INFO] IPUIPlugin:80 - create IPUIPlugin
2023-08-29 10:46:23,906 [INFO] PluginManager:220 - loadIPPluginJar : add stm32_wpan
2023-08-29 10:46:23,927 [INFO] IPUIPlugin:80 - create IPUIPlugin
2023-08-29 10:46:23,927 [INFO] PluginManager:220 - loadIPPluginJar : add tim
2023-08-29 10:46:23,984 [INFO] IPUIPlugin:80 - create IPUIPlugin
2023-08-29 10:46:23,984 [INFO] PluginManager:220 - loadIPPluginJar : add touchsensing
2023-08-29 10:46:24,005 [INFO] IPUIPlugin:80 - create IPUIPlugin
2023-08-29 10:46:24,005 [INFO] PluginManager:220 - loadIPPluginJar : add tracer_emb
2023-08-29 10:46:24,029 [INFO] IPUIPlugin:80 - create IPUIPlugin
2023-08-29 10:46:24,029 [INFO] PluginManager:220 - loadIPPluginJar : add ts
2023-08-29 10:46:24,049 [INFO] IPUIPlugin:80 - create IPUIPlugin
2023-08-29 10:46:24,049 [INFO] PluginManager:220 - loadIPPluginJar : add tsc
2023-08-29 10:46:24,072 [INFO] IPUIPlugin:80 - create IPUIPlugin
2023-08-29 10:46:24,072 [INFO] PluginManager:220 - loadIPPluginJar : add ucpd
2023-08-29 10:46:24,114 [INFO] IPUIPlugin:80 - create IPUIPlugin
2023-08-29 10:46:24,114 [INFO] PluginManager:220 - loadIPPluginJar : add usart
2023-08-29 10:46:24,156 [INFO] IPUIPlugin:80 - create IPUIPlugin
2023-08-29 10:46:24,156 [INFO] PluginManager:220 - loadIPPluginJar : add usbx
2023-08-29 10:46:24,281 [INFO] CADModel:165 - CPN selected for project level
2023-08-29 10:46:24,281 [INFO] CADModel:114 - Register for checkConnection events
2023-08-29 10:46:24,281 [FATAL] Updater:308 - Updater called before beeing initialized
2023-08-29 10:46:24,281 [ERROR] CADModel:125 - Updater not yet initialized, retry later 
2023-08-29 10:46:24,392 [INFO] ThirdPartyUpdaterWithRetryManager:70 - Updater plugin not ready yet. [2/15]
2023-08-29 10:46:24,463 [INFO] CADModel:165 - CPN selected for project level
2023-08-29 10:46:24,463 [INFO] CADModel:114 - Register for checkConnection events
2023-08-29 10:46:24,464 [FATAL] Updater:308 - Updater called before beeing initialized
2023-08-29 10:46:24,464 [ERROR] CADModel:125 - Updater not yet initialized, retry later 
2023-08-29 10:46:24,467 [FATAL] Updater:308 - Updater called before beeing initialized
2023-08-29 10:46:24,604 [FATAL] Updater:308 - Updater called before beeing initialized
2023-08-29 10:46:24,621 [INFO] DbMcusAds:53 - JSON generation date=Tue Mar 07 15:50:55 ICT 2023 (1678179055114)
2023-08-29 10:46:24,621 [FATAL] Updater:308 - Updater called before beeing initialized
2023-08-29 10:46:24,676 [WARN] DetailPanel:346 - Failed to get advertising image, set to default
2023-08-29 10:46:24,814 [FATAL] Updater:308 - Updater called before beeing initialized
2023-08-29 10:46:24,818 [FATAL] Updater:308 - Updater called before beeing initialized
2023-08-29 10:46:24,819 [FATAL] Updater:308 - Updater called before beeing initialized
2023-08-29 10:46:24,819 [WARN] DetailPanel:346 - Failed to get advertising image, set to default
2023-08-29 10:46:24,820 [FATAL] Updater:308 - Updater called before beeing initialized
2023-08-29 10:46:24,926 [ERROR] Updater:1120 - MainUpdater not yet initialized. External WinMGr cannot be set.
2023-08-29 10:46:24,945 [INFO] Updater:1056 - Updater Version found : 6.9.1
2023-08-29 10:46:24,972 [INFO] ApplicationProperties:184 - Using Application install path: C:\ST\STM32CubeIDE_1.11.2\STM32CubeIDE\plugins\com.st.stm32cube.common.mx_6.9.1.202307191849
2023-08-29 10:46:25,326 [INFO] MainUpdater:2868 - connection check result : 10
2023-08-29 10:46:25,327 [INFO] MainUpdater:285 - Updater Check For Update Now.
2023-08-29 10:46:25,327 [INFO] MicroXplorer:498 - Change Database Version : DB.6.0.91
2023-08-29 10:46:25,350 [INFO] McuFinderGlobals:63 - Set McuFinder mode to 2 (CubeIDE integrated)
2023-08-29 10:46:25,611 [INFO] CheckServerUpdateThread:120 - End of CheckServer Thread
2023-08-29 10:46:27,637 [WARN] PackLoader:240 - Cannot read IP mode file for STMicroelectronics.X-CUBE-SMBUS.2.1.0
2023-08-29 10:46:27,688 [WARN] PackLoader:240 - Cannot read IP mode file for STMicroelectronics.X-CUBE-AZRTOS-F7.1.1.0
2023-08-29 10:46:27,712 [ERROR] RealEvaluatedCondition:428 - Found unsupported composite condition: CLASS='Data Exchange' GROUP='STM32_MetaDataManager'
2023-08-29 10:46:27,712 [ERROR] RealEvaluatedCondition:428 - Found unsupported composite condition: GROUP='STM32_MetaDataManager' CLASS='Data Exchange'
2023-08-29 10:46:27,715 [WARN] PackLoader:240 - Cannot read IP mode file for STMicroelectronics.FP-SNS-MOTENV1.4.3.0
2023-08-29 10:46:27,732 [WARN] PackLoader:240 - Cannot read IP mode file for STMicroelectronics.FP-SNS-MOTENV1.4.3.2
2023-08-29 10:46:27,751 [WARN] PackLoader:240 - Cannot read IP mode file for STMicroelectronics.FP-SNS-FLIGHT1.5.0.0
2023-08-29 10:46:27,764 [ERROR] RealEvaluatedCondition:428 - Found unsupported composite condition: GROUP='STM32_MetaDataManager' CLASS='Data Exchange'
2023-08-29 10:46:27,764 [ERROR] RealEvaluatedCondition:428 - Found unsupported composite condition: CLASS='Data Exchange' GROUP='STM32_MetaDataManager'
2023-08-29 10:46:27,765 [WARN] PackLoader:240 - Cannot read IP mode file for STMicroelectronics.FP-SNS-MOTENV1.4.3.1
2023-08-29 10:46:27,783 [WARN] PackLoader:240 - Cannot read IP mode file for STMicroelectronics.FP-SNS-FLIGHT1.5.0.1
2023-08-29 10:46:27,799 [WARN] PackLoader:240 - Cannot read IP mode file for STMicroelectronics.X-CUBE-BLE1.6.2.4
2023-08-29 10:46:27,816 [WARN] PackLoader:240 - Cannot read IP mode file for STMicroelectronics.FP-SNS-FLIGHT1.5.0.2
2023-08-29 10:46:27,835 [WARN] PackLoader:240 - Cannot read IP mode file for STMicroelectronics.X-CUBE-DISPLAY.3.0.0
2023-08-29 10:46:27,856 [WARN] PackLoader:240 - Cannot read IP mode file for STMicroelectronics.X-CUBE-BLE1.7.0.0
2023-08-29 10:46:27,873 [WARN] PackLoader:240 - Cannot read IP mode file for STMicroelectronics.X-CUBE-TOUCHGFX.4.22.0
2023-08-29 10:46:27,899 [INFO] LogOutputStream:77 - [STDOUT_REDIRECT] 1 : Invalid condition id : UX_CORESTACK_Condition cause : null
2023-08-29 10:46:27,900 [INFO] LogOutputStream:77 - [STDOUT_REDIRECT] 1 : Invalid condition id : UX_CORESTACK_Condition cause : null
2023-08-29 10:46:27,901 [INFO] LogOutputStream:77 - [STDOUT_REDIRECT] 1 : Invalid condition id : UX_CORESTACK_Condition cause : null
2023-08-29 10:46:27,903 [INFO] LogOutputStream:77 - [STDOUT_REDIRECT] 1 : Invalid condition id : UX_CORESTACK_Condition cause : null
2023-08-29 10:46:27,904 [INFO] LogOutputStream:77 - [STDOUT_REDIRECT] 1 : Invalid condition id : UX_CORESTACK_Condition cause : null
2023-08-29 10:46:27,908 [WARN] PackLoader:240 - Cannot read IP mode file for STMicroelectronics.X-CUBE-AZRTOS-WL.2.0.0
2023-08-29 10:46:27,925 [WARN] PackLoader:240 - Cannot read IP mode file for WES.I-CUBE-Cesium.1.3.0
2023-08-29 10:46:27,942 [WARN] PackLoader:240 - Cannot read IP mode file for STMicroelectronics.X-CUBE-BLE2.3.3.0
2023-08-29 10:46:27,965 [WARN] PackLoader:240 - Cannot read IP mode file for STMicroelectronics.X-CUBE-TOF1.3.2.0
2023-08-29 10:46:27,993 [WARN] PackLoader:240 - Cannot read IP mode file for STMicroelectronics.X-CUBE-TOUCHGFX.4.21.1
2023-08-29 10:46:28,006 [WARN] PackLoader:240 - Cannot read IP mode file for STMicroelectronics.X-CUBE-TOUCHGFX.4.21.3
2023-08-29 10:46:28,023 [WARN] PackLoader:240 - Cannot read IP mode file for STMicroelectronics.X-CUBE-TOUCHGFX.4.21.4
2023-08-29 10:46:28,038 [WARN] PackLoader:240 - Cannot read IP mode file for STMicroelectronics.X-CUBE-ALGOBUILD.1.3.0
2023-08-29 10:46:28,077 [WARN] PackLoader:240 - Cannot read IP mode file for STMicroelectronics.X-CUBE-AZRTOS-G0.1.1.0
2023-08-29 10:46:28,097 [WARN] PackLoader:240 - Cannot read IP mode file for STMicroelectronics.X-CUBE-NFC4.3.0.0
2023-08-29 10:46:28,119 [WARN] PackLoader:240 - Cannot read IP mode file for STMicroelectronics.X-CUBE-BLEMGR.1.3.0
2023-08-29 10:46:28,136 [WARN] PackLoader:240 - Cannot read IP mode file for STMicroelectronics.FP-ATR-SIGFOX1.3.2.0
2023-08-29 10:46:28,230 [WARN] PackLoader:240 - Cannot read IP mode file for STMicroelectronics.X-CUBE-MEMS1.9.5.0
2023-08-29 10:46:28,533 [WARN] PackLoader:240 - Cannot read IP mode file for SEGGER.I-CUBE-embOS.1.3.1
2023-08-29 10:46:28,609 [WARN] PackLoader:240 - Cannot read IP mode file for STMicroelectronics.X-CUBE-GNSS1.6.0.0
2023-08-29 10:46:28,653 [WARN] PackLoader:240 - Cannot read IP mode file for STMicroelectronics.X-CUBE-AZRTOS-F4.1.1.0
2023-08-29 10:46:28,702 [WARN] PackLoader:240 - Cannot read IP mode file for STMicroelectronics.X-CUBE-AZRTOS-L5.2.0.0
2023-08-29 10:46:28,772 [WARN] PackLoader:240 - Cannot read IP mode file for STMicroelectronics.X-CUBE-MEMS1.9.6.0
2023-08-29 10:46:29,009 [WARN] PackLoader:240 - Cannot read IP mode file for emotas.I-CUBE-CANOPEN.1.1.3
2023-08-29 10:46:29,038 [WARN] PackLoader:240 - Cannot read IP mode file for STMicroelectronics.X-CUBE-BLEMGR.2.0.0
2023-08-29 10:46:29,091 [WARN] ConditionMgr:438 - getConditionDescription Invalid condition id : UX DEVICE CLASS RTOS Condition cause : null
2023-08-29 10:46:29,092 [WARN] ConditionMgr:438 - getConditionDescription Invalid condition id : UX DEVICE CLASS RTOS Condition cause : null
2023-08-29 10:46:29,101 [WARN] PackLoader:240 - Cannot read IP mode file for STMicroelectronics.X-CUBE-AZRTOS-H7.3.1.0
2023-08-29 10:46:29,113 [WARN] ConditionMgr:1039 - genDependencies : Invalid condition id : UX DEVICE CLASS RTOS Condition cause : null
2023-08-29 10:46:29,114 [WARN] ConditionMgr:1039 - genDependencies : Invalid condition id : UX DEVICE CLASS RTOS Condition cause : null
2023-08-29 10:46:29,115 [WARN] ConditionMgr:1039 - genDependencies : Invalid condition id : UX DEVICE CLASS RTOS Condition cause : null
2023-08-29 10:46:29,116 [WARN] ConditionMgr:1039 - genDependencies : Invalid condition id : UX DEVICE CLASS RTOS Condition cause : null
2023-08-29 10:46:29,116 [WARN] ConditionMgr:1039 - genDependencies : Invalid condition id : UX DEVICE CLASS RTOS Condition cause : null
2023-08-29 10:46:29,140 [WARN] PackLoader:240 - Cannot read IP mode file for wolfSSL.I-CUBE-wolfSSL.5.5.4
2023-08-29 10:46:29,164 [WARN] PackLoader:240 - Cannot read IP mode file for STMicroelectronics.X-CUBE-NFC7.1.0.1
2023-08-29 10:46:29,187 [WARN] PackLoader:240 - Cannot read IP mode file for STMicroelectronics.X-CUBE-NFC7.1.0.0
2023-08-29 10:46:29,215 [WARN] PackLoader:240 - Cannot read IP mode file for STMicroelectronics.X-CUBE-EEPRMA1.4.1.0
2023-08-29 10:46:29,237 [WARN] PackLoader:240 - Cannot read IP mode file for STMicroelectronics.X-CUBE-AI.8.1.0
2023-08-29 10:46:29,292 [WARN] ConditionMgr:438 - getConditionDescription Invalid condition id : LAN8742 Phy interface Condition cause : null
2023-08-29 10:46:29,294 [WARN] PackLoader:240 - Cannot read IP mode file for STMicroelectronics.X-CUBE-AZRTOS-L4.2.0.0
2023-08-29 10:46:29,297 [WARN] ConditionMgr:1039 - genDependencies : Invalid condition id : LAN8742 Phy interface Condition cause : null
2023-08-29 10:46:29,298 [WARN] ConditionMgr:1039 - genDependencies : Invalid condition id : LAN8742 Phy interface Condition cause : null
2023-08-29 10:46:29,299 [WARN] ConditionMgr:1039 - genDependencies : Invalid condition id : LAN8742 Phy interface Condition cause : null
2023-08-29 10:46:29,322 [WARN] PackLoader:240 - Cannot read IP mode file for STMicroelectronics.X-CUBE-SFXS2LP1.4.0.0
2023-08-29 10:46:29,369 [WARN] PackLoader:240 - Cannot read IP mode file for STMicroelectronics.X-CUBE-AZRTOS-H7.3.0.0
2023-08-29 10:46:29,391 [WARN] PackLoader:240 - Cannot read IP mode file for STMicroelectronics.X-CUBE-ISPU.1.1.0
2023-08-29 10:46:29,413 [WARN] PackLoader:240 - Cannot read IP mode file for RoweBots.I-CUBE-UNISONRTOS.5.5.0-4
2023-08-29 10:46:29,433 [WARN] PackLoader:240 - Cannot read IP mode file for STMicroelectronics.X-CUBE-AI.8.0.0
2023-08-29 10:46:29,479 [WARN] ConditionMgr:438 - getConditionDescription Invalid condition id : UX DEVICE CLASS RTOS Condition cause : null
2023-08-29 10:46:29,479 [WARN] ConditionMgr:438 - getConditionDescription Invalid condition id : UX DEVICE CLASS RTOS Condition cause : null
2023-08-29 10:46:29,484 [WARN] PackLoader:240 - Cannot read IP mode file for STMicroelectronics.X-CUBE-AZRTOS-WB.2.0.0
2023-08-29 10:46:29,484 [WARN] ConditionMgr:1039 - genDependencies : Invalid condition id : UX DEVICE CLASS RTOS Condition cause : null
2023-08-29 10:46:29,485 [WARN] ConditionMgr:1039 - genDependencies : Invalid condition id : UX DEVICE CLASS RTOS Condition cause : null
2023-08-29 10:46:29,485 [WARN] ConditionMgr:1039 - genDependencies : Invalid condition id : UX DEVICE CLASS RTOS Condition cause : null
2023-08-29 10:46:29,486 [WARN] ConditionMgr:1039 - genDependencies : Invalid condition id : UX DEVICE CLASS RTOS Condition cause : null
2023-08-29 10:46:29,486 [WARN] ConditionMgr:1039 - genDependencies : Invalid condition id : UX DEVICE CLASS RTOS Condition cause : null
2023-08-29 10:46:29,507 [WARN] PackLoader:240 - Cannot read IP mode file for STMicroelectronics.X-CUBE-FREERTOS.1.0.0
2023-08-29 10:46:29,537 [WARN] PackLoader:240 - Cannot read IP mode file for STMicroelectronics.X-CUBE-FREERTOS.1.0.1
2023-08-29 10:46:29,592 [WARN] PackLoader:240 - Cannot read IP mode file for STMicroelectronics.X-CUBE-AZRTOS-L5.1.1.0
2023-08-29 10:46:29,611 [WARN] PackLoader:240 - Cannot read IP mode file for STMicroelectronics.X-CUBE-AI.8.0.1
2023-08-29 10:46:29,640 [WARN] PackLoader:240 - Cannot read IP mode file for STMicroelectronics.X-CUBE-SUBG2.5.0.0
2023-08-29 10:46:29,670 [WARN] PackLoader:240 - Cannot read IP mode file for STMicroelectronics.X-CUBE-TOF1.3.3.1
2023-08-29 10:46:29,722 [WARN] PackLoader:240 - Cannot read IP mode file for STMicroelectronics.X-CUBE-AZRTOS-G4.2.0.0
2023-08-29 10:46:29,749 [WARN] PackLoader:240 - Cannot read IP mode file for STMicroelectronics.X-CUBE-TOF1.3.3.0
2023-08-29 10:46:29,774 [WARN] PackLoader:240 - Cannot read IP mode file for STMicroelectronics.FP-ATR-ASTRA1.1.1.1
2023-08-29 10:46:29,810 [WARN] PackLoader:240 - Cannot read IP mode file for STMicroelectronics.X-CUBE-AZRTOS-G4.1.0.0
2023-08-29 10:46:29,858 [WARN] PackLoader:240 - Cannot read IP mode file for STMicroelectronics.X-CUBE-AZRTOS-L4.1.0.0
2023-08-29 10:46:29,883 [WARN] PackLoader:240 - Cannot read IP mode file for STMicroelectronics.X-CUBE-FREERTOS.1.1.0
2023-08-29 10:46:29,922 [WARN] PackLoader:240 - Cannot read IP mode file for STMicroelectronics.X-CUBE-AZRTOS-WL.1.0.0
2023-08-29 10:46:29,950 [WARN] PackLoader:240 - Cannot read IP mode file for portGmbH.I-Cube-SoM-uGOAL.1.1.0
2023-08-29 10:46:29,971 [WARN] PackLoader:240 - Cannot read IP mode file for STMicroelectronics.X-CUBE-ALS.1.0.1
2023-08-29 10:46:30,011 [WARN] PackLoader:240 - Cannot read IP mode file for STMicroelectronics.X-CUBE-AZRTOS-WB.1.1.0
2023-08-29 10:46:30,032 [WARN] PackLoader:240 - Cannot read IP mode file for STMicroelectronics.FP-ATR-ASTRA1.2.0.0
2023-08-29 10:46:30,033 [INFO] ThirdParty:978 - Integrity check success = true
2023-08-29 10:46:30,033 [INFO] IntegrityCheckThread:100 - exiting critical section [integrity check]
2023-08-29 10:46:30,033 [INFO] IntegrityCheckThread:103 - End integrity checks thread
