2023-09-01 16:26:57,236 [INFO] Activator:176 - 


2023-09-01 16:26:57,250 [INFO] Activator:177 - !SESSION log4j initialized
2023-09-01 16:27:08,128 [INFO] LogOutputStream:77 - [STDOUT_REDIRECT] 
2023-09-01 16:27:13,448 [INFO] ApplicationProperties:184 - Using Application install path: C:\ST\STM32CubeIDE_1.11.2\STM32CubeIDE\plugins\com.st.stm32cube.common.mx_6.9.1.202307191849
2023-09-01 16:27:13,481 [INFO] DbMcusXml:78 - Set database path to: C:\ST\STM32CubeIDE_1.11.2\STM32CubeIDE\plugins\com.st.stm32cube.common.mx_6.9.1.202307191849\\db\/mcu/
2023-09-01 16:27:13,482 [INFO] ApiDb:274 - Set plugin database path to: C:\ST\STM32CubeIDE_1.11.2\STM32CubeIDE\plugins\com.st.stm32cube.common.mx_6.9.1.202307191849\\db\/plugins/boardmanager/
2023-09-01 16:27:13,483 [WARN] ApiDb:259 - Overriding images path with different value:  => C:\ST\STM32CubeIDE_1.11.2\STM32CubeIDE\plugins\com.st.stm32cube.common.mx_6.9.1.202307191849\\db\/plugins/mcufinder/images/
2023-09-01 16:27:13,524 [INFO] ApiDb:250 - Set database path to: C:\Users\admin\.stmcufinder\plugins\mcufinder//mcu/
2023-09-01 16:27:13,526 [INFO] DbMcusAds:125 - Set database path to: C:\Users\admin\.stmcufinder\plugins\mcufinder//mcu/
2023-09-01 16:27:13,531 [INFO] CrossReferenceDbSqlite:203 - Set database path to: C:\Users\admin\.stmcufinder\plugins\mcufinder//mcu/cs/
2023-09-01 16:27:13,864 [INFO] RulesReader:64 - Compatibility file has been processed (293 Rules)
2023-09-01 16:27:14,066 [INFO] DbMcusXml:78 - Set database path to: C:\ST\STM32CubeIDE_1.11.2\STM32CubeIDE\plugins\com.st.stm32cube.common.mx_6.9.1.202307191849\\db\/mcu/
2023-09-01 16:27:14,066 [INFO] ApiDb:274 - Set plugin database path to: C:\ST\STM32CubeIDE_1.11.2\STM32CubeIDE\plugins\com.st.stm32cube.common.mx_6.9.1.202307191849\\db\/plugins/boardmanager/
2023-09-01 16:27:14,067 [INFO] ApiDb:261 - Set plugin images path to: C:\ST\STM32CubeIDE_1.11.2\STM32CubeIDE\plugins\com.st.stm32cube.common.mx_6.9.1.202307191849\\db\/plugins/mcufinder/images/
2023-09-01 16:27:14,067 [WARN] DbFile:41 - Overriding database path with different value: C:\Users\admin\.stmcufinder\plugins\mcufinder/ => C:\Users\admin\.stmcufinder\plugins\mcufinder
2023-09-01 16:27:14,068 [INFO] ApiDb:250 - Set database path to: C:\Users\admin\.stmcufinder\plugins\mcufinder//mcu/
2023-09-01 16:27:14,068 [WARN] DbFile:41 - Overriding database path with different value: C:\Users\admin\.stmcufinder\plugins\mcufinder/ => C:\Users\admin\.stmcufinder\plugins\mcufinder
2023-09-01 16:27:14,069 [INFO] DbMcusAds:125 - Set database path to: C:\Users\admin\.stmcufinder\plugins\mcufinder//mcu/
2023-09-01 16:27:14,069 [WARN] DbFile:41 - Overriding database path with different value: C:\Users\admin\.stmcufinder\plugins\mcufinder/ => C:\Users\admin\.stmcufinder\plugins\mcufinder
2023-09-01 16:27:14,069 [WARN] DbFile:41 - Overriding database path with different value: C:\Users\admin\.stmcufinder\plugins\mcufinder/ => C:\Users\admin\.stmcufinder\plugins\mcufinder
2023-09-01 16:27:14,069 [INFO] CrossReferenceDbSqlite:203 - Set database path to: C:\Users\admin\.stmcufinder\plugins\mcufinder//mcu/cs/
2023-09-01 16:27:14,254 [INFO] MainPanel:262 - HeapMemory: 268435456
2023-09-01 16:27:14,500 [INFO] DbMcusXml:78 - Set database path to: C:\ST\STM32CubeIDE_1.11.2\STM32CubeIDE\plugins\com.st.stm32cube.common.mx_6.9.1.202307191849\\db\/mcu/
2023-09-01 16:27:14,500 [INFO] ApiDb:274 - Set plugin database path to: C:\ST\STM32CubeIDE_1.11.2\STM32CubeIDE\plugins\com.st.stm32cube.common.mx_6.9.1.202307191849\\db\/plugins/boardmanager/
2023-09-01 16:27:14,501 [INFO] ApiDb:261 - Set plugin images path to: C:\ST\STM32CubeIDE_1.11.2\STM32CubeIDE\plugins\com.st.stm32cube.common.mx_6.9.1.202307191849\\db\/plugins/mcufinder/images/
2023-09-01 16:27:14,502 [WARN] DbFile:41 - Overriding database path with different value: C:\Users\admin\.stmcufinder\plugins\mcufinder/ => C:\Users\admin\.stmcufinder\plugins\mcufinder
2023-09-01 16:27:14,502 [INFO] ApiDb:250 - Set database path to: C:\Users\admin\.stmcufinder\plugins\mcufinder//mcu/
2023-09-01 16:27:14,502 [WARN] DbFile:41 - Overriding database path with different value: C:\Users\admin\.stmcufinder\plugins\mcufinder/ => C:\Users\admin\.stmcufinder\plugins\mcufinder
2023-09-01 16:27:14,502 [INFO] DbMcusAds:125 - Set database path to: C:\Users\admin\.stmcufinder\plugins\mcufinder//mcu/
2023-09-01 16:27:14,503 [WARN] DbFile:41 - Overriding database path with different value: C:\Users\admin\.stmcufinder\plugins\mcufinder/ => C:\Users\admin\.stmcufinder\plugins\mcufinder
2023-09-01 16:27:14,503 [WARN] DbFile:41 - Overriding database path with different value: C:\Users\admin\.stmcufinder\plugins\mcufinder/ => C:\Users\admin\.stmcufinder\plugins\mcufinder
2023-09-01 16:27:14,503 [INFO] CrossReferenceDbSqlite:203 - Set database path to: C:\Users\admin\.stmcufinder\plugins\mcufinder//mcu/cs/
2023-09-01 16:27:14,548 [INFO] ApplicationProperties:184 - Using Application install path: C:\ST\STM32CubeIDE_1.11.2\STM32CubeIDE\plugins\com.st.stm32cube.common.mx_6.9.1.202307191849
2023-09-01 16:27:14,552 [INFO] PluginManage:196 - Search for loadable plugins [exclusion list=, ]
2023-09-01 16:27:14,556 [INFO] PluginManage:310 - Check plugin analytics
2023-09-01 16:27:14,964 [INFO] AnalyticsPlugin:253 - Accepted Software Licenses: 
2023-09-01 16:27:14,965 [INFO] AnalyticsPlugin:255 - Accepted CMSIS Pack Licenses: 
2023-09-01 16:27:14,965 [INFO] AnalyticsPlugin:257 - Accepted Firmware Licenses: 
2023-09-01 16:27:14,970 [INFO] PluginManage:359 - Loaded plugin analytics (category:tool,tabindex:-1)
2023-09-01 16:27:14,972 [INFO] PluginManage:310 - Check plugin cadmodel
2023-09-01 16:27:15,062 [INFO] CADModel:105 - Init CAD model plugin
2023-09-01 16:27:15,062 [INFO] PluginManage:359 - Loaded plugin cadmodel (category:power,tabindex:5)
2023-09-01 16:27:15,064 [INFO] PluginManage:310 - Check plugin clock
2023-09-01 16:27:15,109 [INFO] PluginManage:359 - Loaded plugin clock (category:base,tabindex:2)
2023-09-01 16:27:15,109 [INFO] PluginManage:310 - Check plugin ddr
2023-09-01 16:27:15,115 [INFO] PluginManage:359 - Loaded plugin ddr (category:tool,tabindex:6)
2023-09-01 16:27:15,115 [INFO] PluginManage:310 - Check plugin filemanager
2023-09-01 16:27:15,478 [INFO] PluginManage:359 - Loaded plugin filemanager (category:base,tabindex:10)
2023-09-01 16:27:15,478 [INFO] PluginManage:310 - Check plugin ipmanager
2023-09-01 16:27:15,493 [INFO] PluginManage:359 - Loaded plugin ipmanager (category:base,tabindex:5)
2023-09-01 16:27:15,494 [INFO] PluginManage:310 - Check plugin lpbam
2023-09-01 16:27:15,525 [INFO] PluginManage:359 - Loaded plugin lpbam (category:base,tabindex:0)
2023-09-01 16:27:15,525 [INFO] PluginManage:310 - Check plugin memorymap
2023-09-01 16:27:15,562 [INFO] PluginManage:359 - Loaded plugin memorymap (category:base,tabindex:4)
2023-09-01 16:27:15,562 [INFO] PluginManage:310 - Check plugin pinoutandconfiguration
2023-09-01 16:27:15,592 [INFO] PluginManage:359 - Loaded plugin pinoutandconfiguration (category:base,tabindex:1)
2023-09-01 16:27:15,592 [INFO] PluginManage:310 - Check plugin pinoutconfig
2023-09-01 16:27:15,774 [WARN] SupportedApi:132 - Cannot load RTOS API schema: s4s-elt-must-match.1: The content of 'definitions' must match (annotation?, (simpleType | complexType)?, (unique | key | keyref)*)). A problem was found starting at: attribute.
2023-09-01 16:27:16,099 [INFO] PluginManage:359 - Loaded plugin pinoutconfig (category:base,tabindex:0)
2023-09-01 16:27:16,099 [INFO] PluginManage:310 - Check plugin power
2023-09-01 16:27:16,139 [INFO] PluginManage:359 - Loaded plugin power (category:power,tabindex:4)
2023-09-01 16:27:16,140 [INFO] PluginManage:310 - Check plugin projectmanager
2023-09-01 16:27:16,165 [INFO] PluginManage:359 - Loaded plugin projectmanager (category:projectmanager,tabindex:3)
2023-09-01 16:27:16,165 [INFO] PluginManage:310 - Check plugin thirdparty
2023-09-01 16:27:16,719 [WARN] IntegrityCheckThread:84 - waiting for thirdparty lock release [integrity check]
2023-09-01 16:27:16,720 [INFO] IntegrityCheckThread:86 - entering critical section [integrity check]
2023-09-01 16:27:16,720 [INFO] PluginManage:359 - Loaded plugin thirdparty (category:base,tabindex:-1)
2023-09-01 16:27:16,720 [INFO] PluginManage:310 - Check plugin tools
2023-09-01 16:27:16,723 [INFO] ThirdPartyUpdaterWithRetryManager:70 - Updater plugin not ready yet. [1/15]
2023-09-01 16:27:16,799 [INFO] PluginManage:359 - Loaded plugin tools (category:base,tabindex:7)
2023-09-01 16:27:16,800 [INFO] PluginManage:310 - Check plugin tutovideos
2023-09-01 16:27:17,333 [INFO] PluginManage:359 - Loaded plugin tutovideos (category:base,tabindex:-1)
2023-09-01 16:27:17,333 [INFO] PluginManage:310 - Check plugin updater
2023-09-01 16:27:17,354 [INFO] PluginManage:359 - Loaded plugin updater (category:base,tabindex:12)
2023-09-01 16:27:17,355 [INFO] PluginManage:310 - Check plugin userauth
2023-09-01 16:27:17,365 [INFO] UserAuth:113 - Init User Auth plugin
2023-09-01 16:27:17,365 [INFO] PluginManage:359 - Loaded plugin userauth (category:base,tabindex:14)
2023-09-01 16:27:17,366 [INFO] PluginManage:283 - PluginManage : Loaded plugins [17]
2023-09-01 16:27:17,928 [INFO] PinOutPanel:1499 - setPackage(No Configuration,No Configuration)
2023-09-01 16:27:18,180 [INFO] CADModel:165 - CPN selected for project level
2023-09-01 16:27:18,181 [INFO] CADModel:114 - Register for checkConnection events
2023-09-01 16:27:18,241 [INFO] IPUIPlugin:80 - create IPUIPlugin
2023-09-01 16:27:18,242 [INFO] PluginManager:220 - loadIPPluginJar : add adc
2023-09-01 16:27:18,331 [INFO] IPUIPlugin:80 - create IPUIPlugin
2023-09-01 16:27:18,332 [INFO] PluginManager:220 - loadIPPluginJar : add aes
2023-09-01 16:27:18,425 [INFO] IPUIPlugin:80 - create IPUIPlugin
2023-09-01 16:27:18,425 [INFO] PluginManager:220 - loadIPPluginJar : add can
2023-09-01 16:27:18,469 [INFO] IPUIPlugin:80 - create IPUIPlugin
2023-09-01 16:27:18,469 [INFO] PluginManager:220 - loadIPPluginJar : add comp
2023-09-01 16:27:18,534 [INFO] IPUIPlugin:80 - create IPUIPlugin
2023-09-01 16:27:18,534 [INFO] PluginManager:220 - loadIPPluginJar : add cryp
2023-09-01 16:27:18,589 [INFO] IPUIPlugin:80 - create IPUIPlugin
2023-09-01 16:27:18,589 [INFO] PluginManager:220 - loadIPPluginJar : add dfsdm
2023-09-01 16:27:18,625 [INFO] IPUIPlugin:80 - create IPUIPlugin
2023-09-01 16:27:18,626 [INFO] PluginManager:220 - loadIPPluginJar : add dma
2023-09-01 16:27:18,697 [INFO] IPUIPlugin:80 - create IPUIPlugin
2023-09-01 16:27:18,698 [INFO] PluginManager:220 - loadIPPluginJar : add dma3
2023-09-01 16:27:18,732 [INFO] IPUIPlugin:80 - create IPUIPlugin
2023-09-01 16:27:18,732 [INFO] PluginManager:220 - loadIPPluginJar : add fatfs
2023-09-01 16:27:18,798 [INFO] IPUIPlugin:80 - create IPUIPlugin
2023-09-01 16:27:18,798 [INFO] PluginManager:220 - loadIPPluginJar : add fmc
2023-09-01 16:27:18,819 [INFO] IPUIPlugin:80 - create IPUIPlugin
2023-09-01 16:27:18,820 [INFO] PluginManager:220 - loadIPPluginJar : add freertos
2023-09-01 16:27:18,847 [INFO] IPUIPlugin:80 - create IPUIPlugin
2023-09-01 16:27:18,847 [INFO] PluginManager:220 - loadIPPluginJar : add genericplugin
2023-09-01 16:27:18,976 [INFO] IPUIPlugin:80 - create IPUIPlugin
2023-09-01 16:27:18,976 [INFO] PluginManager:220 - loadIPPluginJar : add gfxmmu
2023-09-01 16:27:19,113 [INFO] IPUIPlugin:80 - create IPUIPlugin
2023-09-01 16:27:19,113 [INFO] PluginManager:220 - loadIPPluginJar : add gic
2023-09-01 16:27:19,130 [INFO] IPUIPlugin:80 - create IPUIPlugin
2023-09-01 16:27:19,130 [INFO] PluginManager:220 - loadIPPluginJar : add gpio
2023-09-01 16:27:19,236 [INFO] IPUIPlugin:80 - create IPUIPlugin
2023-09-01 16:27:19,236 [INFO] PluginManager:220 - loadIPPluginJar : add gtzc
2023-09-01 16:27:19,280 [INFO] IPUIPlugin:80 - create IPUIPlugin
2023-09-01 16:27:19,280 [INFO] PluginManager:220 - loadIPPluginJar : add hash
2023-09-01 16:27:19,351 [INFO] IPUIPlugin:80 - create IPUIPlugin
2023-09-01 16:27:19,352 [INFO] PluginManager:220 - loadIPPluginJar : add i2c
2023-09-01 16:27:19,399 [INFO] IPUIPlugin:80 - create IPUIPlugin
2023-09-01 16:27:19,399 [INFO] PluginManager:220 - loadIPPluginJar : add i2s
2023-09-01 16:27:19,441 [INFO] IPUIPlugin:80 - create IPUIPlugin
2023-09-01 16:27:19,441 [INFO] PluginManager:220 - loadIPPluginJar : add i3c
2023-09-01 16:27:19,553 [INFO] IPUIPlugin:80 - create IPUIPlugin
2023-09-01 16:27:19,553 [INFO] PluginManager:220 - loadIPPluginJar : add ipddr
2023-09-01 16:27:19,665 [INFO] IPUIPlugin:80 - create IPUIPlugin
2023-09-01 16:27:19,666 [INFO] PluginManager:220 - loadIPPluginJar : add linkedlist
2023-09-01 16:27:19,711 [INFO] IPUIPlugin:80 - create IPUIPlugin
2023-09-01 16:27:19,712 [INFO] PluginManager:220 - loadIPPluginJar : add lorawan
2023-09-01 16:27:19,738 [INFO] ThirdPartyUpdaterWithRetryManager:70 - Updater plugin not ready yet. [2/15]
2023-09-01 16:27:19,764 [INFO] IPUIPlugin:80 - create IPUIPlugin
2023-09-01 16:27:19,764 [INFO] PluginManager:220 - loadIPPluginJar : add ltdc
2023-09-01 16:27:19,782 [INFO] IPUIPlugin:80 - create IPUIPlugin
2023-09-01 16:27:19,782 [INFO] PluginManager:220 - loadIPPluginJar : add mdma
2023-09-01 16:27:19,796 [INFO] IPUIPlugin:80 - create IPUIPlugin
2023-09-01 16:27:19,797 [INFO] PluginManager:220 - loadIPPluginJar : add nvic
2023-09-01 16:27:19,839 [INFO] IPUIPlugin:80 - create IPUIPlugin
2023-09-01 16:27:19,839 [INFO] PluginManager:220 - loadIPPluginJar : add opamp
2023-09-01 16:27:19,901 [INFO] IPUIPlugin:80 - create IPUIPlugin
2023-09-01 16:27:19,902 [INFO] PluginManager:220 - loadIPPluginJar : add openamp
2023-09-01 16:27:19,950 [INFO] IPUIPlugin:80 - create IPUIPlugin
2023-09-01 16:27:19,950 [INFO] PluginManager:220 - loadIPPluginJar : add pdm2pcm
2023-09-01 16:27:19,969 [INFO] IPUIPlugin:80 - create IPUIPlugin
2023-09-01 16:27:19,972 [INFO] PluginManager:220 - loadIPPluginJar : add plateformsettings
2023-09-01 16:27:19,995 [INFO] IPUIPlugin:80 - create IPUIPlugin
2023-09-01 16:27:19,995 [INFO] PluginManager:220 - loadIPPluginJar : add quadspi
2023-09-01 16:27:20,009 [INFO] IPUIPlugin:80 - create IPUIPlugin
2023-09-01 16:27:20,009 [INFO] PluginManager:220 - loadIPPluginJar : add resmgrutility
2023-09-01 16:27:20,055 [INFO] IPUIPlugin:80 - create IPUIPlugin
2023-09-01 16:27:20,055 [INFO] PluginManager:220 - loadIPPluginJar : add sai
2023-09-01 16:27:20,092 [INFO] IPUIPlugin:80 - create IPUIPlugin
2023-09-01 16:27:20,092 [INFO] PluginManager:220 - loadIPPluginJar : add spi
2023-09-01 16:27:20,149 [INFO] IPUIPlugin:80 - create IPUIPlugin
2023-09-01 16:27:20,149 [INFO] PluginManager:220 - loadIPPluginJar : add stm32_wpan
2023-09-01 16:27:20,177 [INFO] IPUIPlugin:80 - create IPUIPlugin
2023-09-01 16:27:20,177 [INFO] PluginManager:220 - loadIPPluginJar : add tim
2023-09-01 16:27:20,274 [INFO] IPUIPlugin:80 - create IPUIPlugin
2023-09-01 16:27:20,274 [INFO] PluginManager:220 - loadIPPluginJar : add touchsensing
2023-09-01 16:27:20,307 [INFO] IPUIPlugin:80 - create IPUIPlugin
2023-09-01 16:27:20,308 [INFO] PluginManager:220 - loadIPPluginJar : add tracer_emb
2023-09-01 16:27:20,334 [INFO] IPUIPlugin:80 - create IPUIPlugin
2023-09-01 16:27:20,335 [INFO] PluginManager:220 - loadIPPluginJar : add ts
2023-09-01 16:27:20,366 [INFO] IPUIPlugin:80 - create IPUIPlugin
2023-09-01 16:27:20,367 [INFO] PluginManager:220 - loadIPPluginJar : add tsc
2023-09-01 16:27:20,393 [INFO] IPUIPlugin:80 - create IPUIPlugin
2023-09-01 16:27:20,393 [INFO] PluginManager:220 - loadIPPluginJar : add ucpd
2023-09-01 16:27:20,449 [INFO] IPUIPlugin:80 - create IPUIPlugin
2023-09-01 16:27:20,449 [INFO] PluginManager:220 - loadIPPluginJar : add usart
2023-09-01 16:27:20,510 [INFO] IPUIPlugin:80 - create IPUIPlugin
2023-09-01 16:27:20,510 [INFO] PluginManager:220 - loadIPPluginJar : add usbx
2023-09-01 16:27:20,663 [INFO] CADModel:165 - CPN selected for project level
2023-09-01 16:27:20,663 [INFO] CADModel:114 - Register for checkConnection events
2023-09-01 16:27:20,664 [FATAL] Updater:308 - Updater called before beeing initialized
2023-09-01 16:27:20,664 [ERROR] CADModel:125 - Updater not yet initialized, retry later 
2023-09-01 16:27:20,871 [INFO] CADModel:165 - CPN selected for project level
2023-09-01 16:27:20,871 [INFO] CADModel:114 - Register for checkConnection events
2023-09-01 16:27:20,871 [FATAL] Updater:308 - Updater called before beeing initialized
2023-09-01 16:27:20,871 [ERROR] CADModel:125 - Updater not yet initialized, retry later 
2023-09-01 16:27:20,875 [FATAL] Updater:308 - Updater called before beeing initialized
2023-09-01 16:27:21,041 [FATAL] Updater:308 - Updater called before beeing initialized
2023-09-01 16:27:21,056 [INFO] DbMcusAds:53 - JSON generation date=Tue Mar 07 15:50:55 ICT 2023 (1678179055114)
2023-09-01 16:27:21,056 [FATAL] Updater:308 - Updater called before beeing initialized
2023-09-01 16:27:21,107 [WARN] DetailPanel:346 - Failed to get advertising image, set to default
2023-09-01 16:27:21,249 [FATAL] Updater:308 - Updater called before beeing initialized
2023-09-01 16:27:21,253 [FATAL] Updater:308 - Updater called before beeing initialized
2023-09-01 16:27:21,254 [FATAL] Updater:308 - Updater called before beeing initialized
2023-09-01 16:27:21,255 [WARN] DetailPanel:346 - Failed to get advertising image, set to default
2023-09-01 16:27:21,257 [FATAL] Updater:308 - Updater called before beeing initialized
2023-09-01 16:27:21,329 [ERROR] Updater:1120 - MainUpdater not yet initialized. External WinMGr cannot be set.
2023-09-01 16:27:21,348 [INFO] Updater:1056 - Updater Version found : 6.9.1
2023-09-01 16:27:21,369 [INFO] ApplicationProperties:184 - Using Application install path: C:\ST\STM32CubeIDE_1.11.2\STM32CubeIDE\plugins\com.st.stm32cube.common.mx_6.9.1.202307191849
2023-09-01 16:27:21,998 [INFO] MainUpdater:2868 - connection check result : 10
2023-09-01 16:27:21,999 [INFO] MainUpdater:285 - Updater Check For Update Now.
2023-09-01 16:27:22,000 [INFO] MicroXplorer:498 - Change Database Version : DB.6.0.91
2023-09-01 16:27:22,041 [INFO] McuFinderGlobals:63 - Set McuFinder mode to 2 (CubeIDE integrated)
2023-09-01 16:27:22,378 [INFO] CheckServerUpdateThread:120 - End of CheckServer Thread
2023-09-01 16:27:23,315 [WARN] PackLoader:240 - Cannot read IP mode file for STMicroelectronics.X-CUBE-SMBUS.2.1.0
2023-09-01 16:27:23,447 [WARN] PackLoader:240 - Cannot read IP mode file for STMicroelectronics.X-CUBE-AZRTOS-F7.1.1.0
2023-09-01 16:27:23,487 [ERROR] RealEvaluatedCondition:428 - Found unsupported composite condition: GROUP='STM32_MetaDataManager' CLASS='Data Exchange'
2023-09-01 16:27:23,487 [ERROR] RealEvaluatedCondition:428 - Found unsupported composite condition: CLASS='Data Exchange' GROUP='STM32_MetaDataManager'
2023-09-01 16:27:23,491 [WARN] PackLoader:240 - Cannot read IP mode file for STMicroelectronics.FP-SNS-MOTENV1.4.3.0
2023-09-01 16:27:23,647 [WARN] PackLoader:240 - Cannot read IP mode file for STMicroelectronics.FP-SNS-MOTENV1.4.3.2
2023-09-01 16:27:23,700 [WARN] PackLoader:240 - Cannot read IP mode file for STMicroelectronics.FP-SNS-FLIGHT1.5.0.0
2023-09-01 16:27:23,737 [ERROR] RealEvaluatedCondition:428 - Found unsupported composite condition: CLASS='Data Exchange' GROUP='STM32_MetaDataManager'
2023-09-01 16:27:23,737 [ERROR] RealEvaluatedCondition:428 - Found unsupported composite condition: GROUP='STM32_MetaDataManager' CLASS='Data Exchange'
2023-09-01 16:27:23,741 [WARN] PackLoader:240 - Cannot read IP mode file for STMicroelectronics.FP-SNS-MOTENV1.4.3.1
2023-09-01 16:27:23,810 [WARN] PackLoader:240 - Cannot read IP mode file for STMicroelectronics.FP-SNS-FLIGHT1.5.0.1
2023-09-01 16:27:23,860 [WARN] PackLoader:240 - Cannot read IP mode file for STMicroelectronics.X-CUBE-BLE1.6.2.4
2023-09-01 16:27:23,979 [WARN] PackLoader:240 - Cannot read IP mode file for STMicroelectronics.FP-SNS-FLIGHT1.5.0.2
2023-09-01 16:27:24,069 [WARN] PackLoader:240 - Cannot read IP mode file for STMicroelectronics.X-CUBE-DISPLAY.3.0.0
2023-09-01 16:27:24,125 [WARN] PackLoader:240 - Cannot read IP mode file for STMicroelectronics.X-CUBE-BLE1.7.0.0
2023-09-01 16:27:24,183 [WARN] PackLoader:240 - Cannot read IP mode file for STMicroelectronics.X-CUBE-TOUCHGFX.4.22.0
2023-09-01 16:27:24,264 [WARN] PackLoader:240 - Cannot read IP mode file for STMicroelectronics.X-CUBE-AZRTOS-WL.2.0.0
2023-09-01 20:25:23,889 [INFO] Activator:176 - 


2023-09-01 20:25:23,894 [INFO] Activator:177 - !SESSION log4j initialized
2023-09-01 20:25:35,600 [INFO] LogOutputStream:77 - [STDOUT_REDIRECT] 
2023-09-01 20:25:43,301 [INFO] ApplicationProperties:184 - Using Application install path: C:\ST\STM32CubeIDE_1.11.2\STM32CubeIDE\plugins\com.st.stm32cube.common.mx_6.9.1.202307191849
2023-09-01 20:25:43,349 [INFO] DbMcusXml:78 - Set database path to: C:\ST\STM32CubeIDE_1.11.2\STM32CubeIDE\plugins\com.st.stm32cube.common.mx_6.9.1.202307191849\\db\/mcu/
2023-09-01 20:25:43,350 [INFO] ApiDb:274 - Set plugin database path to: C:\ST\STM32CubeIDE_1.11.2\STM32CubeIDE\plugins\com.st.stm32cube.common.mx_6.9.1.202307191849\\db\/plugins/boardmanager/
2023-09-01 20:25:43,350 [WARN] ApiDb:259 - Overriding images path with different value:  => C:\ST\STM32CubeIDE_1.11.2\STM32CubeIDE\plugins\com.st.stm32cube.common.mx_6.9.1.202307191849\\db\/plugins/mcufinder/images/
2023-09-01 20:25:43,396 [INFO] ApiDb:250 - Set database path to: C:\Users\admin\.stmcufinder\plugins\mcufinder//mcu/
2023-09-01 20:25:43,399 [INFO] DbMcusAds:125 - Set database path to: C:\Users\admin\.stmcufinder\plugins\mcufinder//mcu/
2023-09-01 20:25:43,404 [INFO] CrossReferenceDbSqlite:203 - Set database path to: C:\Users\admin\.stmcufinder\plugins\mcufinder//mcu/cs/
2023-09-01 20:25:43,726 [INFO] RulesReader:64 - Compatibility file has been processed (293 Rules)
2023-09-01 20:25:44,013 [INFO] DbMcusXml:78 - Set database path to: C:\ST\STM32CubeIDE_1.11.2\STM32CubeIDE\plugins\com.st.stm32cube.common.mx_6.9.1.202307191849\\db\/mcu/
2023-09-01 20:25:44,014 [INFO] ApiDb:274 - Set plugin database path to: C:\ST\STM32CubeIDE_1.11.2\STM32CubeIDE\plugins\com.st.stm32cube.common.mx_6.9.1.202307191849\\db\/plugins/boardmanager/
2023-09-01 20:25:44,015 [INFO] ApiDb:261 - Set plugin images path to: C:\ST\STM32CubeIDE_1.11.2\STM32CubeIDE\plugins\com.st.stm32cube.common.mx_6.9.1.202307191849\\db\/plugins/mcufinder/images/
2023-09-01 20:25:44,016 [WARN] DbFile:41 - Overriding database path with different value: C:\Users\admin\.stmcufinder\plugins\mcufinder/ => C:\Users\admin\.stmcufinder\plugins\mcufinder
2023-09-01 20:25:44,016 [INFO] ApiDb:250 - Set database path to: C:\Users\admin\.stmcufinder\plugins\mcufinder//mcu/
2023-09-01 20:25:44,017 [WARN] DbFile:41 - Overriding database path with different value: C:\Users\admin\.stmcufinder\plugins\mcufinder/ => C:\Users\admin\.stmcufinder\plugins\mcufinder
2023-09-01 20:25:44,017 [INFO] DbMcusAds:125 - Set database path to: C:\Users\admin\.stmcufinder\plugins\mcufinder//mcu/
2023-09-01 20:25:44,018 [WARN] DbFile:41 - Overriding database path with different value: C:\Users\admin\.stmcufinder\plugins\mcufinder/ => C:\Users\admin\.stmcufinder\plugins\mcufinder
2023-09-01 20:25:44,018 [WARN] DbFile:41 - Overriding database path with different value: C:\Users\admin\.stmcufinder\plugins\mcufinder/ => C:\Users\admin\.stmcufinder\plugins\mcufinder
2023-09-01 20:25:44,019 [INFO] CrossReferenceDbSqlite:203 - Set database path to: C:\Users\admin\.stmcufinder\plugins\mcufinder//mcu/cs/
2023-09-01 20:25:44,596 [INFO] MainPanel:262 - HeapMemory: 268435456
2023-09-01 20:25:44,903 [INFO] DbMcusXml:78 - Set database path to: C:\ST\STM32CubeIDE_1.11.2\STM32CubeIDE\plugins\com.st.stm32cube.common.mx_6.9.1.202307191849\\db\/mcu/
2023-09-01 20:25:44,903 [INFO] ApiDb:274 - Set plugin database path to: C:\ST\STM32CubeIDE_1.11.2\STM32CubeIDE\plugins\com.st.stm32cube.common.mx_6.9.1.202307191849\\db\/plugins/boardmanager/
2023-09-01 20:25:44,904 [INFO] ApiDb:261 - Set plugin images path to: C:\ST\STM32CubeIDE_1.11.2\STM32CubeIDE\plugins\com.st.stm32cube.common.mx_6.9.1.202307191849\\db\/plugins/mcufinder/images/
2023-09-01 20:25:44,916 [WARN] DbFile:41 - Overriding database path with different value: C:\Users\admin\.stmcufinder\plugins\mcufinder/ => C:\Users\admin\.stmcufinder\plugins\mcufinder
2023-09-01 20:25:44,916 [INFO] ApiDb:250 - Set database path to: C:\Users\admin\.stmcufinder\plugins\mcufinder//mcu/
2023-09-01 20:25:44,917 [WARN] DbFile:41 - Overriding database path with different value: C:\Users\admin\.stmcufinder\plugins\mcufinder/ => C:\Users\admin\.stmcufinder\plugins\mcufinder
2023-09-01 20:25:44,917 [INFO] DbMcusAds:125 - Set database path to: C:\Users\admin\.stmcufinder\plugins\mcufinder//mcu/
2023-09-01 20:25:44,917 [WARN] DbFile:41 - Overriding database path with different value: C:\Users\admin\.stmcufinder\plugins\mcufinder/ => C:\Users\admin\.stmcufinder\plugins\mcufinder
2023-09-01 20:25:44,917 [WARN] DbFile:41 - Overriding database path with different value: C:\Users\admin\.stmcufinder\plugins\mcufinder/ => C:\Users\admin\.stmcufinder\plugins\mcufinder
2023-09-01 20:25:44,918 [INFO] CrossReferenceDbSqlite:203 - Set database path to: C:\Users\admin\.stmcufinder\plugins\mcufinder//mcu/cs/
2023-09-01 20:25:44,977 [INFO] ApplicationProperties:184 - Using Application install path: C:\ST\STM32CubeIDE_1.11.2\STM32CubeIDE\plugins\com.st.stm32cube.common.mx_6.9.1.202307191849
2023-09-01 20:25:44,981 [INFO] PluginManage:196 - Search for loadable plugins [exclusion list=, ]
2023-09-01 20:25:44,984 [INFO] PluginManage:310 - Check plugin analytics
2023-09-01 20:25:45,746 [INFO] AnalyticsPlugin:253 - Accepted Software Licenses: 
2023-09-01 20:25:45,747 [INFO] AnalyticsPlugin:255 - Accepted CMSIS Pack Licenses: 
2023-09-01 20:25:45,748 [INFO] AnalyticsPlugin:257 - Accepted Firmware Licenses: 
2023-09-01 20:25:45,761 [INFO] PluginManage:359 - Loaded plugin analytics (category:tool,tabindex:-1)
2023-09-01 20:25:45,763 [INFO] PluginManage:310 - Check plugin cadmodel
2023-09-01 20:25:45,937 [INFO] CADModel:105 - Init CAD model plugin
2023-09-01 20:25:45,947 [INFO] PluginManage:359 - Loaded plugin cadmodel (category:power,tabindex:5)
2023-09-01 20:25:45,948 [INFO] PluginManage:310 - Check plugin clock
2023-09-01 20:25:46,027 [INFO] PluginManage:359 - Loaded plugin clock (category:base,tabindex:2)
2023-09-01 20:25:46,028 [INFO] PluginManage:310 - Check plugin ddr
2023-09-01 20:25:46,035 [INFO] PluginManage:359 - Loaded plugin ddr (category:tool,tabindex:6)
2023-09-01 20:25:46,035 [INFO] PluginManage:310 - Check plugin filemanager
2023-09-01 20:25:46,461 [INFO] PluginManage:359 - Loaded plugin filemanager (category:base,tabindex:10)
2023-09-01 20:25:46,461 [INFO] PluginManage:310 - Check plugin ipmanager
2023-09-01 20:25:46,484 [INFO] PluginManage:359 - Loaded plugin ipmanager (category:base,tabindex:5)
2023-09-01 20:25:46,484 [INFO] PluginManage:310 - Check plugin lpbam
2023-09-01 20:25:46,542 [INFO] PluginManage:359 - Loaded plugin lpbam (category:base,tabindex:0)
2023-09-01 20:25:46,542 [INFO] PluginManage:310 - Check plugin memorymap
2023-09-01 20:25:46,626 [INFO] PluginManage:359 - Loaded plugin memorymap (category:base,tabindex:4)
2023-09-01 20:25:46,626 [INFO] PluginManage:310 - Check plugin pinoutandconfiguration
2023-09-01 20:25:46,690 [INFO] PluginManage:359 - Loaded plugin pinoutandconfiguration (category:base,tabindex:1)
2023-09-01 20:25:46,692 [INFO] PluginManage:310 - Check plugin pinoutconfig
2023-09-01 20:25:47,039 [WARN] SupportedApi:132 - Cannot load RTOS API schema: s4s-elt-must-match.1: The content of 'definitions' must match (annotation?, (simpleType | complexType)?, (unique | key | keyref)*)). A problem was found starting at: attribute.
2023-09-01 20:25:47,460 [INFO] PluginManage:359 - Loaded plugin pinoutconfig (category:base,tabindex:0)
2023-09-01 20:25:47,460 [INFO] PluginManage:310 - Check plugin power
2023-09-01 20:25:47,550 [INFO] PluginManage:359 - Loaded plugin power (category:power,tabindex:4)
2023-09-01 20:25:47,550 [INFO] PluginManage:310 - Check plugin projectmanager
2023-09-01 20:25:47,593 [INFO] PluginManage:359 - Loaded plugin projectmanager (category:projectmanager,tabindex:3)
2023-09-01 20:25:47,595 [INFO] PluginManage:310 - Check plugin thirdparty
2023-09-01 20:25:50,177 [INFO] PluginManage:359 - Loaded plugin thirdparty (category:base,tabindex:-1)
2023-09-01 20:25:50,178 [INFO] PluginManage:310 - Check plugin tools
2023-09-01 20:25:50,197 [WARN] IntegrityCheckThread:84 - waiting for thirdparty lock release [integrity check]
2023-09-01 20:25:50,198 [INFO] IntegrityCheckThread:86 - entering critical section [integrity check]
2023-09-01 20:25:50,199 [INFO] ThirdPartyUpdaterWithRetryManager:70 - Updater plugin not ready yet. [1/15]
2023-09-01 20:30:31,653 [INFO] Activator:176 - 


2023-09-01 20:30:31,656 [INFO] Activator:177 - !SESSION log4j initialized
2023-09-01 20:30:42,433 [INFO] LogOutputStream:77 - [STDOUT_REDIRECT] 
2023-09-01 20:30:44,467 [INFO] ApplicationProperties:184 - Using Application install path: C:\ST\STM32CubeIDE_1.11.2\STM32CubeIDE\plugins\com.st.stm32cube.common.mx_6.9.1.202307191849
2023-09-01 20:30:44,511 [INFO] DbMcusXml:78 - Set database path to: C:\ST\STM32CubeIDE_1.11.2\STM32CubeIDE\plugins\com.st.stm32cube.common.mx_6.9.1.202307191849\\db\/mcu/
2023-09-01 20:30:44,512 [INFO] ApiDb:274 - Set plugin database path to: C:\ST\STM32CubeIDE_1.11.2\STM32CubeIDE\plugins\com.st.stm32cube.common.mx_6.9.1.202307191849\\db\/plugins/boardmanager/
2023-09-01 20:30:44,513 [WARN] ApiDb:259 - Overriding images path with different value:  => C:\ST\STM32CubeIDE_1.11.2\STM32CubeIDE\plugins\com.st.stm32cube.common.mx_6.9.1.202307191849\\db\/plugins/mcufinder/images/
2023-09-01 20:30:44,538 [INFO] ApiDb:250 - Set database path to: C:\Users\admin\.stmcufinder\plugins\mcufinder//mcu/
2023-09-01 20:30:44,542 [INFO] DbMcusAds:125 - Set database path to: C:\Users\admin\.stmcufinder\plugins\mcufinder//mcu/
2023-09-01 20:30:44,548 [INFO] CrossReferenceDbSqlite:203 - Set database path to: C:\Users\admin\.stmcufinder\plugins\mcufinder//mcu/cs/
2023-09-01 20:30:44,797 [INFO] RulesReader:64 - Compatibility file has been processed (293 Rules)
2023-09-01 20:30:44,978 [INFO] DbMcusXml:78 - Set database path to: C:\ST\STM32CubeIDE_1.11.2\STM32CubeIDE\plugins\com.st.stm32cube.common.mx_6.9.1.202307191849\\db\/mcu/
2023-09-01 20:30:44,978 [INFO] ApiDb:274 - Set plugin database path to: C:\ST\STM32CubeIDE_1.11.2\STM32CubeIDE\plugins\com.st.stm32cube.common.mx_6.9.1.202307191849\\db\/plugins/boardmanager/
2023-09-01 20:30:44,979 [INFO] ApiDb:261 - Set plugin images path to: C:\ST\STM32CubeIDE_1.11.2\STM32CubeIDE\plugins\com.st.stm32cube.common.mx_6.9.1.202307191849\\db\/plugins/mcufinder/images/
2023-09-01 20:30:44,979 [WARN] DbFile:41 - Overriding database path with different value: C:\Users\admin\.stmcufinder\plugins\mcufinder/ => C:\Users\admin\.stmcufinder\plugins\mcufinder
2023-09-01 20:30:44,979 [INFO] ApiDb:250 - Set database path to: C:\Users\admin\.stmcufinder\plugins\mcufinder//mcu/
2023-09-01 20:30:44,979 [WARN] DbFile:41 - Overriding database path with different value: C:\Users\admin\.stmcufinder\plugins\mcufinder/ => C:\Users\admin\.stmcufinder\plugins\mcufinder
2023-09-01 20:30:44,979 [INFO] DbMcusAds:125 - Set database path to: C:\Users\admin\.stmcufinder\plugins\mcufinder//mcu/
2023-09-01 20:30:44,980 [WARN] DbFile:41 - Overriding database path with different value: C:\Users\admin\.stmcufinder\plugins\mcufinder/ => C:\Users\admin\.stmcufinder\plugins\mcufinder
2023-09-01 20:30:44,980 [WARN] DbFile:41 - Overriding database path with different value: C:\Users\admin\.stmcufinder\plugins\mcufinder/ => C:\Users\admin\.stmcufinder\plugins\mcufinder
2023-09-01 20:30:44,980 [INFO] CrossReferenceDbSqlite:203 - Set database path to: C:\Users\admin\.stmcufinder\plugins\mcufinder//mcu/cs/
2023-09-01 20:30:45,118 [INFO] MainPanel:262 - HeapMemory: 268435456
2023-09-01 20:30:45,279 [INFO] DbMcusXml:78 - Set database path to: C:\ST\STM32CubeIDE_1.11.2\STM32CubeIDE\plugins\com.st.stm32cube.common.mx_6.9.1.202307191849\\db\/mcu/
2023-09-01 20:30:45,279 [INFO] ApiDb:274 - Set plugin database path to: C:\ST\STM32CubeIDE_1.11.2\STM32CubeIDE\plugins\com.st.stm32cube.common.mx_6.9.1.202307191849\\db\/plugins/boardmanager/
2023-09-01 20:30:45,279 [INFO] ApiDb:261 - Set plugin images path to: C:\ST\STM32CubeIDE_1.11.2\STM32CubeIDE\plugins\com.st.stm32cube.common.mx_6.9.1.202307191849\\db\/plugins/mcufinder/images/
2023-09-01 20:30:45,280 [WARN] DbFile:41 - Overriding database path with different value: C:\Users\admin\.stmcufinder\plugins\mcufinder/ => C:\Users\admin\.stmcufinder\plugins\mcufinder
2023-09-01 20:30:45,281 [INFO] ApiDb:250 - Set database path to: C:\Users\admin\.stmcufinder\plugins\mcufinder//mcu/
2023-09-01 20:30:45,281 [WARN] DbFile:41 - Overriding database path with different value: C:\Users\admin\.stmcufinder\plugins\mcufinder/ => C:\Users\admin\.stmcufinder\plugins\mcufinder
2023-09-01 20:30:45,281 [INFO] DbMcusAds:125 - Set database path to: C:\Users\admin\.stmcufinder\plugins\mcufinder//mcu/
2023-09-01 20:30:45,281 [WARN] DbFile:41 - Overriding database path with different value: C:\Users\admin\.stmcufinder\plugins\mcufinder/ => C:\Users\admin\.stmcufinder\plugins\mcufinder
2023-09-01 20:30:45,282 [WARN] DbFile:41 - Overriding database path with different value: C:\Users\admin\.stmcufinder\plugins\mcufinder/ => C:\Users\admin\.stmcufinder\plugins\mcufinder
2023-09-01 20:30:45,282 [INFO] CrossReferenceDbSqlite:203 - Set database path to: C:\Users\admin\.stmcufinder\plugins\mcufinder//mcu/cs/
2023-09-01 20:30:45,321 [INFO] ApplicationProperties:184 - Using Application install path: C:\ST\STM32CubeIDE_1.11.2\STM32CubeIDE\plugins\com.st.stm32cube.common.mx_6.9.1.202307191849
2023-09-01 20:30:45,325 [INFO] PluginManage:196 - Search for loadable plugins [exclusion list=, ]
2023-09-01 20:30:45,327 [INFO] PluginManage:310 - Check plugin analytics
2023-09-01 20:30:45,694 [INFO] AnalyticsPlugin:253 - Accepted Software Licenses: 
2023-09-01 20:30:45,695 [INFO] AnalyticsPlugin:255 - Accepted CMSIS Pack Licenses: 
2023-09-01 20:30:45,695 [INFO] AnalyticsPlugin:257 - Accepted Firmware Licenses: 
2023-09-01 20:30:45,701 [INFO] PluginManage:359 - Loaded plugin analytics (category:tool,tabindex:-1)
2023-09-01 20:30:45,703 [INFO] PluginManage:310 - Check plugin cadmodel
2023-09-01 20:30:45,749 [INFO] CADModel:105 - Init CAD model plugin
2023-09-01 20:30:45,749 [INFO] PluginManage:359 - Loaded plugin cadmodel (category:power,tabindex:5)
2023-09-01 20:30:45,750 [INFO] PluginManage:310 - Check plugin clock
2023-09-01 20:30:45,769 [INFO] PluginManage:359 - Loaded plugin clock (category:base,tabindex:2)
2023-09-01 20:30:45,769 [INFO] PluginManage:310 - Check plugin ddr
2023-09-01 20:30:45,776 [INFO] PluginManage:359 - Loaded plugin ddr (category:tool,tabindex:6)
2023-09-01 20:30:45,777 [INFO] PluginManage:310 - Check plugin filemanager
2023-09-01 20:30:46,069 [INFO] PluginManage:359 - Loaded plugin filemanager (category:base,tabindex:10)
2023-09-01 20:30:46,070 [INFO] PluginManage:310 - Check plugin ipmanager
2023-09-01 20:30:46,086 [INFO] PluginManage:359 - Loaded plugin ipmanager (category:base,tabindex:5)
2023-09-01 20:30:46,086 [INFO] PluginManage:310 - Check plugin lpbam
2023-09-01 20:30:46,103 [INFO] PluginManage:359 - Loaded plugin lpbam (category:base,tabindex:0)
2023-09-01 20:30:46,103 [INFO] PluginManage:310 - Check plugin memorymap
2023-09-01 20:30:46,126 [INFO] PluginManage:359 - Loaded plugin memorymap (category:base,tabindex:4)
2023-09-01 20:30:46,126 [INFO] PluginManage:310 - Check plugin pinoutandconfiguration
2023-09-01 20:30:46,138 [INFO] PluginManage:359 - Loaded plugin pinoutandconfiguration (category:base,tabindex:1)
2023-09-01 20:30:46,140 [INFO] PluginManage:310 - Check plugin pinoutconfig
2023-09-01 20:30:46,326 [WARN] SupportedApi:132 - Cannot load RTOS API schema: s4s-elt-must-match.1: The content of 'definitions' must match (annotation?, (simpleType | complexType)?, (unique | key | keyref)*)). A problem was found starting at: attribute.
2023-09-01 20:30:46,604 [INFO] PluginManage:359 - Loaded plugin pinoutconfig (category:base,tabindex:0)
2023-09-01 20:30:46,604 [INFO] PluginManage:310 - Check plugin power
2023-09-01 20:30:46,622 [INFO] PluginManage:359 - Loaded plugin power (category:power,tabindex:4)
2023-09-01 20:30:46,623 [INFO] PluginManage:310 - Check plugin projectmanager
2023-09-01 20:30:46,655 [INFO] PluginManage:359 - Loaded plugin projectmanager (category:projectmanager,tabindex:3)
2023-09-01 20:30:46,656 [INFO] PluginManage:310 - Check plugin thirdparty
2023-09-01 20:30:46,943 [WARN] IntegrityCheckThread:84 - waiting for thirdparty lock release [integrity check]
2023-09-01 20:30:46,943 [INFO] PluginManage:359 - Loaded plugin thirdparty (category:base,tabindex:-1)
2023-09-01 20:30:46,943 [INFO] IntegrityCheckThread:86 - entering critical section [integrity check]
2023-09-01 20:30:46,944 [INFO] PluginManage:310 - Check plugin tools
2023-09-01 20:30:46,944 [INFO] ThirdPartyUpdaterWithRetryManager:70 - Updater plugin not ready yet. [1/15]
2023-09-01 20:30:46,948 [INFO] PluginManage:359 - Loaded plugin tools (category:base,tabindex:7)
2023-09-01 20:30:46,948 [INFO] PluginManage:310 - Check plugin tutovideos
2023-09-01 20:30:47,389 [INFO] PluginManage:359 - Loaded plugin tutovideos (category:base,tabindex:-1)
2023-09-01 20:30:47,389 [INFO] PluginManage:310 - Check plugin updater
2023-09-01 20:30:47,410 [INFO] PluginManage:359 - Loaded plugin updater (category:base,tabindex:12)
2023-09-01 20:30:47,410 [INFO] PluginManage:310 - Check plugin userauth
2023-09-01 20:30:47,418 [INFO] UserAuth:113 - Init User Auth plugin
2023-09-01 20:30:47,418 [INFO] PluginManage:359 - Loaded plugin userauth (category:base,tabindex:14)
2023-09-01 20:30:47,418 [INFO] PluginManage:283 - PluginManage : Loaded plugins [17]
2023-09-01 20:30:47,951 [INFO] PinOutPanel:1499 - setPackage(No Configuration,No Configuration)
2023-09-01 20:30:48,181 [INFO] CADModel:165 - CPN selected for project level
2023-09-01 20:30:48,182 [INFO] CADModel:114 - Register for checkConnection events
2023-09-01 20:30:48,249 [INFO] IPUIPlugin:80 - create IPUIPlugin
2023-09-01 20:30:48,249 [INFO] PluginManager:220 - loadIPPluginJar : add adc
2023-09-01 20:30:48,311 [INFO] IPUIPlugin:80 - create IPUIPlugin
2023-09-01 20:30:48,311 [INFO] PluginManager:220 - loadIPPluginJar : add aes
2023-09-01 20:30:48,384 [INFO] IPUIPlugin:80 - create IPUIPlugin
2023-09-01 20:30:48,384 [INFO] PluginManager:220 - loadIPPluginJar : add can
2023-09-01 20:30:48,434 [INFO] IPUIPlugin:80 - create IPUIPlugin
2023-09-01 20:30:48,435 [INFO] PluginManager:220 - loadIPPluginJar : add comp
2023-09-01 20:30:48,505 [INFO] IPUIPlugin:80 - create IPUIPlugin
2023-09-01 20:30:48,505 [INFO] PluginManager:220 - loadIPPluginJar : add cryp
2023-09-01 20:30:48,565 [INFO] IPUIPlugin:80 - create IPUIPlugin
2023-09-01 20:30:48,565 [INFO] PluginManager:220 - loadIPPluginJar : add dfsdm
2023-09-01 20:30:48,593 [INFO] IPUIPlugin:80 - create IPUIPlugin
2023-09-01 20:30:48,595 [INFO] PluginManager:220 - loadIPPluginJar : add dma
2023-09-01 20:30:48,684 [INFO] IPUIPlugin:80 - create IPUIPlugin
2023-09-01 20:30:48,684 [INFO] PluginManager:220 - loadIPPluginJar : add dma3
2023-09-01 20:30:48,710 [INFO] IPUIPlugin:80 - create IPUIPlugin
2023-09-01 20:30:48,710 [INFO] PluginManager:220 - loadIPPluginJar : add fatfs
2023-09-01 20:30:48,772 [INFO] IPUIPlugin:80 - create IPUIPlugin
2023-09-01 20:30:48,772 [INFO] PluginManager:220 - loadIPPluginJar : add fmc
2023-09-01 20:30:48,792 [INFO] IPUIPlugin:80 - create IPUIPlugin
2023-09-01 20:30:48,793 [INFO] PluginManager:220 - loadIPPluginJar : add freertos
2023-09-01 20:30:48,827 [INFO] IPUIPlugin:80 - create IPUIPlugin
2023-09-01 20:30:48,827 [INFO] PluginManager:220 - loadIPPluginJar : add genericplugin
2023-09-01 20:30:48,991 [INFO] IPUIPlugin:80 - create IPUIPlugin
2023-09-01 20:30:48,991 [INFO] PluginManager:220 - loadIPPluginJar : add gfxmmu
2023-09-01 20:30:49,217 [INFO] IPUIPlugin:80 - create IPUIPlugin
2023-09-01 20:30:49,218 [INFO] PluginManager:220 - loadIPPluginJar : add gic
2023-09-01 20:30:49,241 [INFO] IPUIPlugin:80 - create IPUIPlugin
2023-09-01 20:30:49,241 [INFO] PluginManager:220 - loadIPPluginJar : add gpio
2023-09-01 20:30:49,368 [INFO] IPUIPlugin:80 - create IPUIPlugin
2023-09-01 20:30:49,368 [INFO] PluginManager:220 - loadIPPluginJar : add gtzc
2023-09-01 20:30:49,426 [INFO] IPUIPlugin:80 - create IPUIPlugin
2023-09-01 20:30:49,426 [INFO] PluginManager:220 - loadIPPluginJar : add hash
2023-09-01 20:30:49,504 [INFO] IPUIPlugin:80 - create IPUIPlugin
2023-09-01 20:30:49,505 [INFO] PluginManager:220 - loadIPPluginJar : add i2c
2023-09-01 20:30:49,556 [INFO] IPUIPlugin:80 - create IPUIPlugin
2023-09-01 20:30:49,556 [INFO] PluginManager:220 - loadIPPluginJar : add i2s
2023-09-01 20:30:49,607 [INFO] IPUIPlugin:80 - create IPUIPlugin
2023-09-01 20:30:49,608 [INFO] PluginManager:220 - loadIPPluginJar : add i3c
2023-09-01 20:30:49,766 [INFO] IPUIPlugin:80 - create IPUIPlugin
2023-09-01 20:30:49,766 [INFO] PluginManager:220 - loadIPPluginJar : add ipddr
2023-09-01 20:30:49,874 [INFO] IPUIPlugin:80 - create IPUIPlugin
2023-09-01 20:30:49,874 [INFO] PluginManager:220 - loadIPPluginJar : add linkedlist
2023-09-01 20:30:49,914 [INFO] IPUIPlugin:80 - create IPUIPlugin
2023-09-01 20:30:49,914 [INFO] PluginManager:220 - loadIPPluginJar : add lorawan
2023-09-01 20:30:49,946 [INFO] ThirdPartyUpdaterWithRetryManager:70 - Updater plugin not ready yet. [2/15]
2023-09-01 20:30:49,959 [INFO] IPUIPlugin:80 - create IPUIPlugin
2023-09-01 20:30:49,959 [INFO] PluginManager:220 - loadIPPluginJar : add ltdc
2023-09-01 20:30:49,980 [INFO] IPUIPlugin:80 - create IPUIPlugin
2023-09-01 20:30:49,981 [INFO] PluginManager:220 - loadIPPluginJar : add mdma
2023-09-01 20:30:49,997 [INFO] IPUIPlugin:80 - create IPUIPlugin
2023-09-01 20:30:49,997 [INFO] PluginManager:220 - loadIPPluginJar : add nvic
2023-09-01 20:30:50,045 [INFO] IPUIPlugin:80 - create IPUIPlugin
2023-09-01 20:30:50,045 [INFO] PluginManager:220 - loadIPPluginJar : add opamp
2023-09-01 20:30:50,147 [INFO] IPUIPlugin:80 - create IPUIPlugin
2023-09-01 20:30:50,147 [INFO] PluginManager:220 - loadIPPluginJar : add openamp
2023-09-01 20:30:50,227 [INFO] IPUIPlugin:80 - create IPUIPlugin
2023-09-01 20:30:50,227 [INFO] PluginManager:220 - loadIPPluginJar : add pdm2pcm
2023-09-01 20:30:50,251 [INFO] IPUIPlugin:80 - create IPUIPlugin
2023-09-01 20:30:50,258 [INFO] PluginManager:220 - loadIPPluginJar : add plateformsettings
2023-09-01 20:30:50,283 [INFO] IPUIPlugin:80 - create IPUIPlugin
2023-09-01 20:30:50,283 [INFO] PluginManager:220 - loadIPPluginJar : add quadspi
2023-09-01 20:30:50,302 [INFO] IPUIPlugin:80 - create IPUIPlugin
2023-09-01 20:30:50,303 [INFO] PluginManager:220 - loadIPPluginJar : add resmgrutility
2023-09-01 20:30:50,380 [INFO] IPUIPlugin:80 - create IPUIPlugin
2023-09-01 20:30:50,381 [INFO] PluginManager:220 - loadIPPluginJar : add sai
2023-09-01 20:30:50,461 [INFO] IPUIPlugin:80 - create IPUIPlugin
2023-09-01 20:30:50,461 [INFO] PluginManager:220 - loadIPPluginJar : add spi
2023-09-01 20:30:50,545 [INFO] IPUIPlugin:80 - create IPUIPlugin
2023-09-01 20:30:50,545 [INFO] PluginManager:220 - loadIPPluginJar : add stm32_wpan
2023-09-01 20:30:50,587 [INFO] IPUIPlugin:80 - create IPUIPlugin
2023-09-01 20:30:50,587 [INFO] PluginManager:220 - loadIPPluginJar : add tim
2023-09-01 20:30:50,677 [INFO] IPUIPlugin:80 - create IPUIPlugin
2023-09-01 20:30:50,677 [INFO] PluginManager:220 - loadIPPluginJar : add touchsensing
2023-09-01 20:30:50,719 [INFO] IPUIPlugin:80 - create IPUIPlugin
2023-09-01 20:30:50,719 [INFO] PluginManager:220 - loadIPPluginJar : add tracer_emb
2023-09-01 20:30:50,765 [INFO] IPUIPlugin:80 - create IPUIPlugin
2023-09-01 20:30:50,765 [INFO] PluginManager:220 - loadIPPluginJar : add ts
2023-09-01 20:30:50,814 [INFO] IPUIPlugin:80 - create IPUIPlugin
2023-09-01 20:30:50,815 [INFO] PluginManager:220 - loadIPPluginJar : add tsc
2023-09-01 20:30:50,854 [INFO] IPUIPlugin:80 - create IPUIPlugin
2023-09-01 20:30:50,854 [INFO] PluginManager:220 - loadIPPluginJar : add ucpd
2023-09-01 20:30:50,940 [INFO] IPUIPlugin:80 - create IPUIPlugin
2023-09-01 20:30:50,940 [INFO] PluginManager:220 - loadIPPluginJar : add usart
2023-09-01 20:30:51,008 [INFO] IPUIPlugin:80 - create IPUIPlugin
2023-09-01 20:30:51,009 [INFO] PluginManager:220 - loadIPPluginJar : add usbx
2023-09-01 20:30:51,184 [INFO] CADModel:165 - CPN selected for project level
2023-09-01 20:30:51,184 [INFO] CADModel:114 - Register for checkConnection events
2023-09-01 20:30:51,185 [FATAL] Updater:308 - Updater called before beeing initialized
2023-09-01 20:30:51,185 [ERROR] CADModel:125 - Updater not yet initialized, retry later 
2023-09-01 20:30:51,469 [INFO] CADModel:165 - CPN selected for project level
2023-09-01 20:30:51,469 [INFO] CADModel:114 - Register for checkConnection events
2023-09-01 20:30:51,469 [FATAL] Updater:308 - Updater called before beeing initialized
2023-09-01 20:30:51,469 [ERROR] CADModel:125 - Updater not yet initialized, retry later 
2023-09-01 20:30:51,475 [FATAL] Updater:308 - Updater called before beeing initialized
2023-09-01 20:30:51,714 [FATAL] Updater:308 - Updater called before beeing initialized
2023-09-01 20:30:51,735 [INFO] DbMcusAds:53 - JSON generation date=Tue Mar 07 15:50:55 ICT 2023 (1678179055114)
2023-09-01 20:30:51,735 [FATAL] Updater:308 - Updater called before beeing initialized
2023-09-01 20:30:51,827 [WARN] DetailPanel:346 - Failed to get advertising image, set to default
2023-09-01 20:30:52,063 [FATAL] Updater:308 - Updater called before beeing initialized
2023-09-01 20:30:52,067 [FATAL] Updater:308 - Updater called before beeing initialized
2023-09-01 20:30:52,067 [FATAL] Updater:308 - Updater called before beeing initialized
2023-09-01 20:30:52,067 [WARN] DetailPanel:346 - Failed to get advertising image, set to default
2023-09-01 20:30:52,070 [FATAL] Updater:308 - Updater called before beeing initialized
2023-09-01 20:30:52,211 [ERROR] Updater:1120 - MainUpdater not yet initialized. External WinMGr cannot be set.
2023-09-01 20:30:52,230 [INFO] Updater:1056 - Updater Version found : 6.9.1
2023-09-01 20:30:52,261 [INFO] ApplicationProperties:184 - Using Application install path: C:\ST\STM32CubeIDE_1.11.2\STM32CubeIDE\plugins\com.st.stm32cube.common.mx_6.9.1.202307191849
2023-09-01 20:30:52,947 [INFO] ThirdPartyUpdaterWithRetryManager:70 - Updater plugin not ready yet. [3/15]
2023-09-01 20:30:53,140 [INFO] MainUpdater:2868 - connection check result : 10
2023-09-01 20:30:53,141 [INFO] MainUpdater:285 - Updater Check For Update Now.
2023-09-01 20:30:53,141 [INFO] MicroXplorer:498 - Change Database Version : DB.6.0.91
2023-09-01 20:30:53,190 [INFO] McuFinderGlobals:63 - Set McuFinder mode to 2 (CubeIDE integrated)
2023-09-01 20:30:53,427 [INFO] CheckServerUpdateThread:120 - End of CheckServer Thread
2023-09-01 20:30:56,211 [WARN] PackLoader:240 - Cannot read IP mode file for STMicroelectronics.X-CUBE-SMBUS.2.1.0
2023-09-01 20:30:56,316 [WARN] PackLoader:240 - Cannot read IP mode file for STMicroelectronics.X-CUBE-AZRTOS-F7.1.1.0
2023-09-01 20:30:56,349 [ERROR] RealEvaluatedCondition:428 - Found unsupported composite condition: GROUP='STM32_MetaDataManager' CLASS='Data Exchange'
2023-09-01 20:30:56,349 [ERROR] RealEvaluatedCondition:428 - Found unsupported composite condition: CLASS='Data Exchange' GROUP='STM32_MetaDataManager'
2023-09-01 20:30:56,352 [WARN] PackLoader:240 - Cannot read IP mode file for STMicroelectronics.FP-SNS-MOTENV1.4.3.0
2023-09-01 20:30:56,378 [WARN] PackLoader:240 - Cannot read IP mode file for STMicroelectronics.FP-SNS-MOTENV1.4.3.2
2023-09-01 20:30:56,400 [WARN] PackLoader:240 - Cannot read IP mode file for STMicroelectronics.FP-SNS-FLIGHT1.5.0.0
2023-09-01 20:30:56,421 [ERROR] RealEvaluatedCondition:428 - Found unsupported composite condition: GROUP='STM32_MetaDataManager' CLASS='Data Exchange'
2023-09-01 20:30:56,422 [ERROR] RealEvaluatedCondition:428 - Found unsupported composite condition: CLASS='Data Exchange' GROUP='STM32_MetaDataManager'
2023-09-01 20:30:56,426 [WARN] PackLoader:240 - Cannot read IP mode file for STMicroelectronics.FP-SNS-MOTENV1.4.3.1
2023-09-01 20:30:56,449 [WARN] PackLoader:240 - Cannot read IP mode file for STMicroelectronics.FP-SNS-FLIGHT1.5.0.1
2023-09-01 20:30:56,477 [WARN] PackLoader:240 - Cannot read IP mode file for STMicroelectronics.X-CUBE-BLE1.6.2.4
2023-09-01 20:30:56,500 [WARN] PackLoader:240 - Cannot read IP mode file for STMicroelectronics.FP-SNS-FLIGHT1.5.0.2
2023-09-01 20:30:56,526 [WARN] PackLoader:240 - Cannot read IP mode file for STMicroelectronics.X-CUBE-DISPLAY.3.0.0
2023-09-01 20:30:56,556 [WARN] PackLoader:240 - Cannot read IP mode file for STMicroelectronics.X-CUBE-BLE1.7.0.0
2023-09-01 20:30:56,576 [WARN] PackLoader:240 - Cannot read IP mode file for STMicroelectronics.X-CUBE-TOUCHGFX.4.22.0
2023-09-01 20:30:56,613 [INFO] LogOutputStream:77 - [STDOUT_REDIRECT] 1 : Invalid condition id : UX_CORESTACK_Condition cause : null
2023-09-01 20:30:56,614 [INFO] LogOutputStream:77 - [STDOUT_REDIRECT] 1 : Invalid condition id : UX_CORESTACK_Condition cause : null
2023-09-01 20:30:56,616 [INFO] LogOutputStream:77 - [STDOUT_REDIRECT] 1 : Invalid condition id : UX_CORESTACK_Condition cause : null
2023-09-01 20:30:56,619 [INFO] LogOutputStream:77 - [STDOUT_REDIRECT] 1 : Invalid condition id : UX_CORESTACK_Condition cause : null
2023-09-01 20:30:56,621 [INFO] LogOutputStream:77 - [STDOUT_REDIRECT] 1 : Invalid condition id : UX_CORESTACK_Condition cause : null
2023-09-01 20:30:56,626 [WARN] PackLoader:240 - Cannot read IP mode file for STMicroelectronics.X-CUBE-AZRTOS-WL.2.0.0
2023-09-01 20:30:56,649 [WARN] PackLoader:240 - Cannot read IP mode file for WES.I-CUBE-Cesium.1.3.0
2023-09-01 20:30:56,671 [WARN] PackLoader:240 - Cannot read IP mode file for STMicroelectronics.X-CUBE-BLE2.3.3.0
2023-09-01 20:30:56,701 [WARN] PackLoader:240 - Cannot read IP mode file for STMicroelectronics.X-CUBE-TOF1.3.2.0
2023-09-01 20:30:56,733 [WARN] PackLoader:240 - Cannot read IP mode file for STMicroelectronics.X-CUBE-TOUCHGFX.4.21.1
2023-09-01 20:30:56,748 [WARN] PackLoader:240 - Cannot read IP mode file for STMicroelectronics.X-CUBE-TOUCHGFX.4.21.3
2023-09-01 20:30:56,765 [WARN] PackLoader:240 - Cannot read IP mode file for STMicroelectronics.X-CUBE-TOUCHGFX.4.21.4
2023-09-01 20:30:56,783 [WARN] PackLoader:240 - Cannot read IP mode file for STMicroelectronics.X-CUBE-ALGOBUILD.1.3.0
2023-09-01 20:30:56,824 [WARN] PackLoader:240 - Cannot read IP mode file for STMicroelectronics.X-CUBE-AZRTOS-G0.1.1.0
2023-09-01 20:30:56,847 [WARN] PackLoader:240 - Cannot read IP mode file for STMicroelectronics.X-CUBE-NFC4.3.0.0
2023-09-01 20:30:56,877 [WARN] PackLoader:240 - Cannot read IP mode file for STMicroelectronics.X-CUBE-BLEMGR.1.3.0
2023-09-01 20:30:56,900 [WARN] PackLoader:240 - Cannot read IP mode file for STMicroelectronics.FP-ATR-SIGFOX1.3.2.0
2023-09-01 20:30:57,012 [WARN] PackLoader:240 - Cannot read IP mode file for STMicroelectronics.X-CUBE-MEMS1.9.5.0
2023-09-01 20:30:57,378 [WARN] PackLoader:240 - Cannot read IP mode file for SEGGER.I-CUBE-embOS.1.3.1
2023-09-01 20:30:57,458 [WARN] PackLoader:240 - Cannot read IP mode file for STMicroelectronics.X-CUBE-GNSS1.6.0.0
2023-09-01 20:30:57,496 [WARN] PackLoader:240 - Cannot read IP mode file for STMicroelectronics.X-CUBE-AZRTOS-F4.1.1.0
2023-09-01 20:30:57,543 [WARN] PackLoader:240 - Cannot read IP mode file for STMicroelectronics.X-CUBE-AZRTOS-L5.2.0.0
2023-09-01 20:30:57,622 [WARN] PackLoader:240 - Cannot read IP mode file for STMicroelectronics.X-CUBE-MEMS1.9.6.0
2023-09-01 20:30:57,852 [WARN] PackLoader:240 - Cannot read IP mode file for emotas.I-CUBE-CANOPEN.1.1.3
2023-09-01 20:30:57,882 [WARN] PackLoader:240 - Cannot read IP mode file for STMicroelectronics.X-CUBE-BLEMGR.2.0.0
2023-09-01 20:30:57,940 [WARN] ConditionMgr:438 - getConditionDescription Invalid condition id : UX DEVICE CLASS RTOS Condition cause : null
2023-09-01 20:30:57,941 [WARN] ConditionMgr:438 - getConditionDescription Invalid condition id : UX DEVICE CLASS RTOS Condition cause : null
2023-09-01 20:30:57,946 [WARN] PackLoader:240 - Cannot read IP mode file for STMicroelectronics.X-CUBE-AZRTOS-H7.3.1.0
2023-09-01 20:30:57,948 [WARN] ConditionMgr:1039 - genDependencies : Invalid condition id : UX DEVICE CLASS RTOS Condition cause : null
2023-09-01 20:30:57,948 [WARN] ConditionMgr:1039 - genDependencies : Invalid condition id : UX DEVICE CLASS RTOS Condition cause : null
2023-09-01 20:30:57,950 [WARN] ConditionMgr:1039 - genDependencies : Invalid condition id : UX DEVICE CLASS RTOS Condition cause : null
2023-09-01 20:30:57,950 [WARN] ConditionMgr:1039 - genDependencies : Invalid condition id : UX DEVICE CLASS RTOS Condition cause : null
2023-09-01 20:30:57,951 [WARN] ConditionMgr:1039 - genDependencies : Invalid condition id : UX DEVICE CLASS RTOS Condition cause : null
2023-09-01 20:30:57,977 [WARN] PackLoader:240 - Cannot read IP mode file for wolfSSL.I-CUBE-wolfSSL.5.5.4
2023-09-01 20:30:57,996 [WARN] PackLoader:240 - Cannot read IP mode file for STMicroelectronics.X-CUBE-NFC7.1.0.1
2023-09-01 20:30:58,014 [WARN] PackLoader:240 - Cannot read IP mode file for STMicroelectronics.X-CUBE-NFC7.1.0.0
2023-09-01 20:30:58,032 [WARN] PackLoader:240 - Cannot read IP mode file for STMicroelectronics.X-CUBE-EEPRMA1.4.1.0
2023-09-01 20:30:58,050 [WARN] PackLoader:240 - Cannot read IP mode file for STMicroelectronics.X-CUBE-AI.8.1.0
2023-09-01 20:30:58,099 [WARN] ConditionMgr:438 - getConditionDescription Invalid condition id : LAN8742 Phy interface Condition cause : null
2023-09-01 20:30:58,100 [WARN] PackLoader:240 - Cannot read IP mode file for STMicroelectronics.X-CUBE-AZRTOS-L4.2.0.0
2023-09-01 20:30:58,100 [WARN] ConditionMgr:1039 - genDependencies : Invalid condition id : LAN8742 Phy interface Condition cause : null
2023-09-01 20:30:58,101 [WARN] ConditionMgr:1039 - genDependencies : Invalid condition id : LAN8742 Phy interface Condition cause : null
2023-09-01 20:30:58,101 [WARN] ConditionMgr:1039 - genDependencies : Invalid condition id : LAN8742 Phy interface Condition cause : null
2023-09-01 20:30:58,123 [WARN] PackLoader:240 - Cannot read IP mode file for STMicroelectronics.X-CUBE-SFXS2LP1.4.0.0
2023-09-01 20:30:58,164 [WARN] PackLoader:240 - Cannot read IP mode file for STMicroelectronics.X-CUBE-AZRTOS-H7.3.0.0
2023-09-01 20:30:58,192 [WARN] PackLoader:240 - Cannot read IP mode file for STMicroelectronics.X-CUBE-ISPU.1.1.0
2023-09-01 20:30:58,218 [WARN] PackLoader:240 - Cannot read IP mode file for RoweBots.I-CUBE-UNISONRTOS.5.5.0-4
2023-09-01 20:30:58,244 [WARN] PackLoader:240 - Cannot read IP mode file for STMicroelectronics.X-CUBE-AI.8.0.0
2023-09-01 20:30:58,290 [WARN] ConditionMgr:438 - getConditionDescription Invalid condition id : UX DEVICE CLASS RTOS Condition cause : null
2023-09-01 20:30:58,291 [WARN] ConditionMgr:438 - getConditionDescription Invalid condition id : UX DEVICE CLASS RTOS Condition cause : null
2023-09-01 20:30:58,294 [WARN] PackLoader:240 - Cannot read IP mode file for STMicroelectronics.X-CUBE-AZRTOS-WB.2.0.0
2023-09-01 20:30:58,295 [WARN] ConditionMgr:1039 - genDependencies : Invalid condition id : UX DEVICE CLASS RTOS Condition cause : null
2023-09-01 20:30:58,296 [WARN] ConditionMgr:1039 - genDependencies : Invalid condition id : UX DEVICE CLASS RTOS Condition cause : null
2023-09-01 20:30:58,296 [WARN] ConditionMgr:1039 - genDependencies : Invalid condition id : UX DEVICE CLASS RTOS Condition cause : null
2023-09-01 20:30:58,297 [WARN] ConditionMgr:1039 - genDependencies : Invalid condition id : UX DEVICE CLASS RTOS Condition cause : null
2023-09-01 20:30:58,298 [WARN] ConditionMgr:1039 - genDependencies : Invalid condition id : UX DEVICE CLASS RTOS Condition cause : null
2023-09-01 20:30:58,325 [WARN] PackLoader:240 - Cannot read IP mode file for STMicroelectronics.X-CUBE-FREERTOS.1.0.0
2023-09-01 20:30:58,346 [WARN] PackLoader:240 - Cannot read IP mode file for STMicroelectronics.X-CUBE-FREERTOS.1.0.1
2023-09-01 20:30:58,388 [WARN] PackLoader:240 - Cannot read IP mode file for STMicroelectronics.X-CUBE-AZRTOS-L5.1.1.0
2023-09-01 20:30:58,408 [WARN] PackLoader:240 - Cannot read IP mode file for STMicroelectronics.X-CUBE-AI.8.0.1
2023-09-01 20:30:58,452 [WARN] PackLoader:240 - Cannot read IP mode file for STMicroelectronics.X-CUBE-SUBG2.5.0.0
2023-09-01 20:30:58,485 [WARN] PackLoader:240 - Cannot read IP mode file for STMicroelectronics.X-CUBE-TOF1.3.3.1
2023-09-01 20:30:58,552 [WARN] PackLoader:240 - Cannot read IP mode file for STMicroelectronics.X-CUBE-AZRTOS-G4.2.0.0
2023-09-01 20:30:58,581 [WARN] PackLoader:240 - Cannot read IP mode file for STMicroelectronics.X-CUBE-TOF1.3.3.0
2023-09-01 20:30:58,612 [WARN] PackLoader:240 - Cannot read IP mode file for STMicroelectronics.FP-ATR-ASTRA1.1.1.1
2023-09-01 20:30:58,643 [WARN] PackLoader:240 - Cannot read IP mode file for STMicroelectronics.X-CUBE-AZRTOS-G4.1.0.0
2023-09-01 20:30:58,683 [WARN] PackLoader:240 - Cannot read IP mode file for STMicroelectronics.X-CUBE-AZRTOS-L4.1.0.0
2023-09-01 20:30:58,700 [WARN] PackLoader:240 - Cannot read IP mode file for STMicroelectronics.X-CUBE-FREERTOS.1.1.0
2023-09-01 20:30:58,727 [WARN] PackLoader:240 - Cannot read IP mode file for STMicroelectronics.X-CUBE-AZRTOS-WL.1.0.0
2023-09-01 20:30:58,758 [WARN] PackLoader:240 - Cannot read IP mode file for portGmbH.I-Cube-SoM-uGOAL.1.1.0
2023-09-01 20:30:58,783 [WARN] PackLoader:240 - Cannot read IP mode file for STMicroelectronics.X-CUBE-ALS.1.0.1
2023-09-01 20:30:58,822 [WARN] PackLoader:240 - Cannot read IP mode file for STMicroelectronics.X-CUBE-AZRTOS-WB.1.1.0
2023-09-01 20:30:58,845 [WARN] PackLoader:240 - Cannot read IP mode file for STMicroelectronics.FP-ATR-ASTRA1.2.0.0
2023-09-01 20:30:58,846 [INFO] ThirdParty:978 - Integrity check success = true
2023-09-01 20:30:58,847 [INFO] IntegrityCheckThread:100 - exiting critical section [integrity check]
2023-09-01 20:30:58,847 [INFO] IntegrityCheckThread:103 - End integrity checks thread
2023-09-01 20:31:14,780 [ERROR] LogOutputStream:75 - [STDERR_REDIRECT] SLF4J: Failed to load class "org.slf4j.impl.StaticLoggerBinder".
2023-09-01 20:31:14,781 [ERROR] LogOutputStream:75 - [STDERR_REDIRECT] SLF4J: Defaulting to no-operation (NOP) logger implementation
2023-09-01 20:31:14,783 [ERROR] LogOutputStream:75 - [STDERR_REDIRECT] SLF4J: See http://www.slf4j.org/codes.html#StaticLoggerBinder for further details.
