2023-08-27 17:37:13,031 [INFO] Activator:176 - 


2023-08-27 17:37:13,038 [INFO] Activator:177 - !SESSION log4j initialized
2023-08-27 17:37:21,551 [INFO] LogOutputStream:77 - [STDOUT_REDIRECT] 
2023-08-27 17:37:24,441 [INFO] ApplicationProperties:184 - Using Application install path: C:\ST\STM32CubeIDE_1.11.2\STM32CubeIDE\plugins\com.st.stm32cube.common.mx_6.9.1.202307191849
2023-08-27 17:37:24,477 [INFO] DbMcusXml:78 - Set database path to: C:\ST\STM32CubeIDE_1.11.2\STM32CubeIDE\plugins\com.st.stm32cube.common.mx_6.9.1.202307191849\\db\/mcu/
2023-08-27 17:37:24,477 [INFO] ApiDb:274 - Set plugin database path to: C:\ST\STM32CubeIDE_1.11.2\STM32CubeIDE\plugins\com.st.stm32cube.common.mx_6.9.1.202307191849\\db\/plugins/boardmanager/
2023-08-27 17:37:24,478 [WARN] ApiDb:259 - Overriding images path with different value:  => C:\ST\STM32CubeIDE_1.11.2\STM32CubeIDE\plugins\com.st.stm32cube.common.mx_6.9.1.202307191849\\db\/plugins/mcufinder/images/
2023-08-27 17:37:24,505 [INFO] ApiDb:250 - Set database path to: C:\Users\admin\.stmcufinder\plugins\mcufinder//mcu/
2023-08-27 17:37:24,507 [INFO] DbMcusAds:125 - Set database path to: C:\Users\admin\.stmcufinder\plugins\mcufinder//mcu/
2023-08-27 17:37:24,509 [INFO] CrossReferenceDbSqlite:203 - Set database path to: C:\Users\admin\.stmcufinder\plugins\mcufinder//mcu/cs/
2023-08-27 17:37:24,637 [INFO] RulesReader:64 - Compatibility file has been processed (293 Rules)
2023-08-27 17:37:24,743 [INFO] DbMcusXml:78 - Set database path to: C:\ST\STM32CubeIDE_1.11.2\STM32CubeIDE\plugins\com.st.stm32cube.common.mx_6.9.1.202307191849\\db\/mcu/
2023-08-27 17:37:24,743 [INFO] ApiDb:274 - Set plugin database path to: C:\ST\STM32CubeIDE_1.11.2\STM32CubeIDE\plugins\com.st.stm32cube.common.mx_6.9.1.202307191849\\db\/plugins/boardmanager/
2023-08-27 17:37:24,744 [INFO] ApiDb:261 - Set plugin images path to: C:\ST\STM32CubeIDE_1.11.2\STM32CubeIDE\plugins\com.st.stm32cube.common.mx_6.9.1.202307191849\\db\/plugins/mcufinder/images/
2023-08-27 17:37:24,744 [WARN] DbFile:41 - Overriding database path with different value: C:\Users\admin\.stmcufinder\plugins\mcufinder/ => C:\Users\admin\.stmcufinder\plugins\mcufinder
2023-08-27 17:37:24,744 [INFO] ApiDb:250 - Set database path to: C:\Users\admin\.stmcufinder\plugins\mcufinder//mcu/
2023-08-27 17:37:24,745 [WARN] DbFile:41 - Overriding database path with different value: C:\Users\admin\.stmcufinder\plugins\mcufinder/ => C:\Users\admin\.stmcufinder\plugins\mcufinder
2023-08-27 17:37:24,745 [INFO] DbMcusAds:125 - Set database path to: C:\Users\admin\.stmcufinder\plugins\mcufinder//mcu/
2023-08-27 17:37:24,745 [WARN] DbFile:41 - Overriding database path with different value: C:\Users\admin\.stmcufinder\plugins\mcufinder/ => C:\Users\admin\.stmcufinder\plugins\mcufinder
2023-08-27 17:37:24,745 [WARN] DbFile:41 - Overriding database path with different value: C:\Users\admin\.stmcufinder\plugins\mcufinder/ => C:\Users\admin\.stmcufinder\plugins\mcufinder
2023-08-27 17:37:24,745 [INFO] CrossReferenceDbSqlite:203 - Set database path to: C:\Users\admin\.stmcufinder\plugins\mcufinder//mcu/cs/
2023-08-27 17:37:24,887 [INFO] MainPanel:262 - HeapMemory: 268435456
2023-08-27 17:37:25,035 [INFO] DbMcusXml:78 - Set database path to: C:\ST\STM32CubeIDE_1.11.2\STM32CubeIDE\plugins\com.st.stm32cube.common.mx_6.9.1.202307191849\\db\/mcu/
2023-08-27 17:37:25,035 [INFO] ApiDb:274 - Set plugin database path to: C:\ST\STM32CubeIDE_1.11.2\STM32CubeIDE\plugins\com.st.stm32cube.common.mx_6.9.1.202307191849\\db\/plugins/boardmanager/
2023-08-27 17:37:25,035 [INFO] ApiDb:261 - Set plugin images path to: C:\ST\STM32CubeIDE_1.11.2\STM32CubeIDE\plugins\com.st.stm32cube.common.mx_6.9.1.202307191849\\db\/plugins/mcufinder/images/
2023-08-27 17:37:25,036 [WARN] DbFile:41 - Overriding database path with different value: C:\Users\admin\.stmcufinder\plugins\mcufinder/ => C:\Users\admin\.stmcufinder\plugins\mcufinder
2023-08-27 17:37:25,036 [INFO] ApiDb:250 - Set database path to: C:\Users\admin\.stmcufinder\plugins\mcufinder//mcu/
2023-08-27 17:37:25,036 [WARN] DbFile:41 - Overriding database path with different value: C:\Users\admin\.stmcufinder\plugins\mcufinder/ => C:\Users\admin\.stmcufinder\plugins\mcufinder
2023-08-27 17:37:25,036 [INFO] DbMcusAds:125 - Set database path to: C:\Users\admin\.stmcufinder\plugins\mcufinder//mcu/
2023-08-27 17:37:25,036 [WARN] DbFile:41 - Overriding database path with different value: C:\Users\admin\.stmcufinder\plugins\mcufinder/ => C:\Users\admin\.stmcufinder\plugins\mcufinder
2023-08-27 17:37:25,036 [WARN] DbFile:41 - Overriding database path with different value: C:\Users\admin\.stmcufinder\plugins\mcufinder/ => C:\Users\admin\.stmcufinder\plugins\mcufinder
2023-08-27 17:37:25,036 [INFO] CrossReferenceDbSqlite:203 - Set database path to: C:\Users\admin\.stmcufinder\plugins\mcufinder//mcu/cs/
2023-08-27 17:37:25,061 [INFO] ApplicationProperties:184 - Using Application install path: C:\ST\STM32CubeIDE_1.11.2\STM32CubeIDE\plugins\com.st.stm32cube.common.mx_6.9.1.202307191849
2023-08-27 17:37:25,064 [INFO] PluginManage:196 - Search for loadable plugins [exclusion list=, ]
2023-08-27 17:37:25,067 [INFO] PluginManage:310 - Check plugin analytics
2023-08-27 17:37:25,312 [INFO] AnalyticsPlugin:253 - Accepted Software Licenses: 
2023-08-27 17:37:25,312 [INFO] AnalyticsPlugin:255 - Accepted CMSIS Pack Licenses: 
2023-08-27 17:37:25,312 [INFO] AnalyticsPlugin:257 - Accepted Firmware Licenses: 
2023-08-27 17:37:25,317 [INFO] PluginManage:359 - Loaded plugin analytics (category:tool,tabindex:-1)
2023-08-27 17:37:25,317 [INFO] PluginManage:310 - Check plugin cadmodel
2023-08-27 17:37:25,385 [INFO] CADModel:105 - Init CAD model plugin
2023-08-27 17:37:25,386 [INFO] PluginManage:359 - Loaded plugin cadmodel (category:power,tabindex:5)
2023-08-27 17:37:25,386 [INFO] PluginManage:310 - Check plugin clock
2023-08-27 17:37:25,414 [INFO] PluginManage:359 - Loaded plugin clock (category:base,tabindex:2)
2023-08-27 17:37:25,414 [INFO] PluginManage:310 - Check plugin ddr
2023-08-27 17:37:25,418 [INFO] PluginManage:359 - Loaded plugin ddr (category:tool,tabindex:6)
2023-08-27 17:37:25,418 [INFO] PluginManage:310 - Check plugin filemanager
2023-08-27 17:37:25,586 [INFO] PluginManage:359 - Loaded plugin filemanager (category:base,tabindex:10)
2023-08-27 17:37:25,586 [INFO] PluginManage:310 - Check plugin ipmanager
2023-08-27 17:37:25,595 [INFO] PluginManage:359 - Loaded plugin ipmanager (category:base,tabindex:5)
2023-08-27 17:37:25,595 [INFO] PluginManage:310 - Check plugin lpbam
2023-08-27 17:37:25,617 [INFO] PluginManage:359 - Loaded plugin lpbam (category:base,tabindex:0)
2023-08-27 17:37:25,617 [INFO] PluginManage:310 - Check plugin memorymap
2023-08-27 17:37:25,644 [INFO] PluginManage:359 - Loaded plugin memorymap (category:base,tabindex:4)
2023-08-27 17:37:25,645 [INFO] PluginManage:310 - Check plugin pinoutandconfiguration
2023-08-27 17:37:25,663 [INFO] PluginManage:359 - Loaded plugin pinoutandconfiguration (category:base,tabindex:1)
2023-08-27 17:37:25,663 [INFO] PluginManage:310 - Check plugin pinoutconfig
2023-08-27 17:37:25,774 [WARN] SupportedApi:132 - Cannot load RTOS API schema: s4s-elt-must-match.1: The content of 'definitions' must match (annotation?, (simpleType | complexType)?, (unique | key | keyref)*)). A problem was found starting at: attribute.
2023-08-27 17:37:25,941 [INFO] PluginManage:359 - Loaded plugin pinoutconfig (category:base,tabindex:0)
2023-08-27 17:37:25,941 [INFO] PluginManage:310 - Check plugin power
2023-08-27 17:37:25,970 [INFO] PluginManage:359 - Loaded plugin power (category:power,tabindex:4)
2023-08-27 17:37:25,970 [INFO] PluginManage:310 - Check plugin projectmanager
2023-08-27 17:37:25,987 [INFO] PluginManage:359 - Loaded plugin projectmanager (category:projectmanager,tabindex:3)
2023-08-27 17:37:25,987 [INFO] PluginManage:310 - Check plugin thirdparty
2023-08-27 17:37:26,291 [INFO] PluginManage:359 - Loaded plugin thirdparty (category:base,tabindex:-1)
2023-08-27 17:37:26,291 [WARN] IntegrityCheckThread:84 - waiting for thirdparty lock release [integrity check]
2023-08-27 17:37:26,291 [INFO] PluginManage:310 - Check plugin tools
2023-08-27 17:37:26,291 [INFO] IntegrityCheckThread:86 - entering critical section [integrity check]
2023-08-27 17:37:26,292 [INFO] ThirdPartyUpdaterWithRetryManager:70 - Updater plugin not ready yet. [1/15]
2023-08-27 17:37:26,329 [INFO] PluginManage:359 - Loaded plugin tools (category:base,tabindex:7)
2023-08-27 17:37:26,329 [INFO] PluginManage:310 - Check plugin tutovideos
2023-08-27 17:37:26,569 [INFO] PluginManage:359 - Loaded plugin tutovideos (category:base,tabindex:-1)
2023-08-27 17:37:26,569 [INFO] PluginManage:310 - Check plugin updater
2023-08-27 17:37:26,588 [INFO] PluginManage:359 - Loaded plugin updater (category:base,tabindex:12)
2023-08-27 17:37:26,589 [INFO] PluginManage:310 - Check plugin userauth
2023-08-27 17:37:26,598 [INFO] UserAuth:113 - Init User Auth plugin
2023-08-27 17:37:26,598 [INFO] PluginManage:359 - Loaded plugin userauth (category:base,tabindex:14)
2023-08-27 17:37:26,599 [INFO] PluginManage:283 - PluginManage : Loaded plugins [17]
2023-08-27 17:37:26,906 [INFO] PinOutPanel:1499 - setPackage(No Configuration,No Configuration)
2023-08-27 17:37:27,041 [INFO] CADModel:165 - CPN selected for project level
2023-08-27 17:37:27,042 [INFO] CADModel:114 - Register for checkConnection events
2023-08-27 17:37:27,079 [INFO] IPUIPlugin:80 - create IPUIPlugin
2023-08-27 17:37:27,079 [INFO] PluginManager:220 - loadIPPluginJar : add adc
2023-08-27 17:37:27,118 [INFO] IPUIPlugin:80 - create IPUIPlugin
2023-08-27 17:37:27,118 [INFO] PluginManager:220 - loadIPPluginJar : add aes
2023-08-27 17:37:27,175 [INFO] IPUIPlugin:80 - create IPUIPlugin
2023-08-27 17:37:27,175 [INFO] PluginManager:220 - loadIPPluginJar : add can
2023-08-27 17:37:27,222 [INFO] IPUIPlugin:80 - create IPUIPlugin
2023-08-27 17:37:27,222 [INFO] PluginManager:220 - loadIPPluginJar : add comp
2023-08-27 17:37:27,279 [INFO] IPUIPlugin:80 - create IPUIPlugin
2023-08-27 17:37:27,280 [INFO] PluginManager:220 - loadIPPluginJar : add cryp
2023-08-27 17:37:27,333 [INFO] IPUIPlugin:80 - create IPUIPlugin
2023-08-27 17:37:27,333 [INFO] PluginManager:220 - loadIPPluginJar : add dfsdm
2023-08-27 17:37:27,355 [INFO] IPUIPlugin:80 - create IPUIPlugin
2023-08-27 17:37:27,355 [INFO] PluginManager:220 - loadIPPluginJar : add dma
2023-08-27 17:37:27,424 [INFO] IPUIPlugin:80 - create IPUIPlugin
2023-08-27 17:37:27,424 [INFO] PluginManager:220 - loadIPPluginJar : add dma3
2023-08-27 17:37:27,458 [INFO] IPUIPlugin:80 - create IPUIPlugin
2023-08-27 17:37:27,458 [INFO] PluginManager:220 - loadIPPluginJar : add fatfs
2023-08-27 17:37:27,553 [INFO] IPUIPlugin:80 - create IPUIPlugin
2023-08-27 17:37:27,553 [INFO] PluginManager:220 - loadIPPluginJar : add fmc
2023-08-27 17:37:27,579 [INFO] IPUIPlugin:80 - create IPUIPlugin
2023-08-27 17:37:27,580 [INFO] PluginManager:220 - loadIPPluginJar : add freertos
2023-08-27 17:37:27,614 [INFO] IPUIPlugin:80 - create IPUIPlugin
2023-08-27 17:37:27,614 [INFO] PluginManager:220 - loadIPPluginJar : add genericplugin
2023-08-27 17:37:27,744 [INFO] IPUIPlugin:80 - create IPUIPlugin
2023-08-27 17:37:27,744 [INFO] PluginManager:220 - loadIPPluginJar : add gfxmmu
2023-08-27 17:37:27,913 [INFO] IPUIPlugin:80 - create IPUIPlugin
2023-08-27 17:37:27,914 [INFO] PluginManager:220 - loadIPPluginJar : add gic
2023-08-27 17:37:27,928 [INFO] IPUIPlugin:80 - create IPUIPlugin
2023-08-27 17:37:27,928 [INFO] PluginManager:220 - loadIPPluginJar : add gpio
2023-08-27 17:37:28,027 [INFO] IPUIPlugin:80 - create IPUIPlugin
2023-08-27 17:37:28,027 [INFO] PluginManager:220 - loadIPPluginJar : add gtzc
2023-08-27 17:37:28,059 [INFO] IPUIPlugin:80 - create IPUIPlugin
2023-08-27 17:37:28,059 [INFO] PluginManager:220 - loadIPPluginJar : add hash
2023-08-27 17:37:28,112 [INFO] IPUIPlugin:80 - create IPUIPlugin
2023-08-27 17:37:28,112 [INFO] PluginManager:220 - loadIPPluginJar : add i2c
2023-08-27 17:37:28,150 [INFO] IPUIPlugin:80 - create IPUIPlugin
2023-08-27 17:37:28,151 [INFO] PluginManager:220 - loadIPPluginJar : add i2s
2023-08-27 17:37:28,189 [INFO] IPUIPlugin:80 - create IPUIPlugin
2023-08-27 17:37:28,189 [INFO] PluginManager:220 - loadIPPluginJar : add i3c
2023-08-27 17:37:28,292 [INFO] IPUIPlugin:80 - create IPUIPlugin
2023-08-27 17:37:28,292 [INFO] PluginManager:220 - loadIPPluginJar : add ipddr
2023-08-27 17:37:28,380 [INFO] IPUIPlugin:80 - create IPUIPlugin
2023-08-27 17:37:28,380 [INFO] PluginManager:220 - loadIPPluginJar : add linkedlist
2023-08-27 17:37:28,412 [INFO] IPUIPlugin:80 - create IPUIPlugin
2023-08-27 17:37:28,413 [INFO] PluginManager:220 - loadIPPluginJar : add lorawan
2023-08-27 17:37:28,447 [INFO] IPUIPlugin:80 - create IPUIPlugin
2023-08-27 17:37:28,448 [INFO] PluginManager:220 - loadIPPluginJar : add ltdc
2023-08-27 17:37:28,461 [INFO] IPUIPlugin:80 - create IPUIPlugin
2023-08-27 17:37:28,461 [INFO] PluginManager:220 - loadIPPluginJar : add mdma
2023-08-27 17:37:28,474 [INFO] IPUIPlugin:80 - create IPUIPlugin
2023-08-27 17:37:28,474 [INFO] PluginManager:220 - loadIPPluginJar : add nvic
2023-08-27 17:37:28,508 [INFO] IPUIPlugin:80 - create IPUIPlugin
2023-08-27 17:37:28,508 [INFO] PluginManager:220 - loadIPPluginJar : add opamp
2023-08-27 17:37:28,563 [INFO] IPUIPlugin:80 - create IPUIPlugin
2023-08-27 17:37:28,563 [INFO] PluginManager:220 - loadIPPluginJar : add openamp
2023-08-27 17:37:28,603 [INFO] IPUIPlugin:80 - create IPUIPlugin
2023-08-27 17:37:28,603 [INFO] PluginManager:220 - loadIPPluginJar : add pdm2pcm
2023-08-27 17:37:28,618 [INFO] IPUIPlugin:80 - create IPUIPlugin
2023-08-27 17:37:28,620 [INFO] PluginManager:220 - loadIPPluginJar : add plateformsettings
2023-08-27 17:37:28,640 [INFO] IPUIPlugin:80 - create IPUIPlugin
2023-08-27 17:37:28,640 [INFO] PluginManager:220 - loadIPPluginJar : add quadspi
2023-08-27 17:37:28,655 [INFO] IPUIPlugin:80 - create IPUIPlugin
2023-08-27 17:37:28,655 [INFO] PluginManager:220 - loadIPPluginJar : add resmgrutility
2023-08-27 17:37:28,702 [INFO] IPUIPlugin:80 - create IPUIPlugin
2023-08-27 17:37:28,702 [INFO] PluginManager:220 - loadIPPluginJar : add sai
2023-08-27 17:37:28,736 [INFO] IPUIPlugin:80 - create IPUIPlugin
2023-08-27 17:37:28,736 [INFO] PluginManager:220 - loadIPPluginJar : add spi
2023-08-27 17:37:28,788 [INFO] IPUIPlugin:80 - create IPUIPlugin
2023-08-27 17:37:28,788 [INFO] PluginManager:220 - loadIPPluginJar : add stm32_wpan
2023-08-27 17:37:28,809 [INFO] IPUIPlugin:80 - create IPUIPlugin
2023-08-27 17:37:28,809 [INFO] PluginManager:220 - loadIPPluginJar : add tim
2023-08-27 17:37:28,860 [INFO] IPUIPlugin:80 - create IPUIPlugin
2023-08-27 17:37:28,860 [INFO] PluginManager:220 - loadIPPluginJar : add touchsensing
2023-08-27 17:37:28,882 [INFO] IPUIPlugin:80 - create IPUIPlugin
2023-08-27 17:37:28,882 [INFO] PluginManager:220 - loadIPPluginJar : add tracer_emb
2023-08-27 17:37:28,905 [INFO] IPUIPlugin:80 - create IPUIPlugin
2023-08-27 17:37:28,905 [INFO] PluginManager:220 - loadIPPluginJar : add ts
2023-08-27 17:37:28,926 [INFO] IPUIPlugin:80 - create IPUIPlugin
2023-08-27 17:37:28,927 [INFO] PluginManager:220 - loadIPPluginJar : add tsc
2023-08-27 17:37:28,947 [INFO] IPUIPlugin:80 - create IPUIPlugin
2023-08-27 17:37:28,948 [INFO] PluginManager:220 - loadIPPluginJar : add ucpd
2023-08-27 17:37:28,991 [INFO] IPUIPlugin:80 - create IPUIPlugin
2023-08-27 17:37:28,991 [INFO] PluginManager:220 - loadIPPluginJar : add usart
2023-08-27 17:37:29,030 [INFO] IPUIPlugin:80 - create IPUIPlugin
2023-08-27 17:37:29,030 [INFO] PluginManager:220 - loadIPPluginJar : add usbx
2023-08-27 17:37:29,158 [INFO] CADModel:165 - CPN selected for project level
2023-08-27 17:37:29,158 [INFO] CADModel:114 - Register for checkConnection events
2023-08-27 17:37:29,158 [FATAL] Updater:308 - Updater called before beeing initialized
2023-08-27 17:37:29,158 [ERROR] CADModel:125 - Updater not yet initialized, retry later 
2023-08-27 17:37:29,293 [INFO] ThirdPartyUpdaterWithRetryManager:70 - Updater plugin not ready yet. [2/15]
2023-08-27 17:37:29,322 [INFO] CADModel:165 - CPN selected for project level
2023-08-27 17:37:29,322 [INFO] CADModel:114 - Register for checkConnection events
2023-08-27 17:37:29,322 [FATAL] Updater:308 - Updater called before beeing initialized
2023-08-27 17:37:29,322 [ERROR] CADModel:125 - Updater not yet initialized, retry later 
2023-08-27 17:37:29,326 [FATAL] Updater:308 - Updater called before beeing initialized
2023-08-27 17:37:29,472 [FATAL] Updater:308 - Updater called before beeing initialized
2023-08-27 17:37:29,485 [INFO] DbMcusAds:53 - JSON generation date=Tue Mar 07 15:50:55 ICT 2023 (1678179055114)
2023-08-27 17:37:29,485 [FATAL] Updater:308 - Updater called before beeing initialized
2023-08-27 17:37:29,537 [WARN] DetailPanel:346 - Failed to get advertising image, set to default
2023-08-27 17:37:29,670 [FATAL] Updater:308 - Updater called before beeing initialized
2023-08-27 17:37:29,673 [FATAL] Updater:308 - Updater called before beeing initialized
2023-08-27 17:37:29,673 [FATAL] Updater:308 - Updater called before beeing initialized
2023-08-27 17:37:29,673 [WARN] DetailPanel:346 - Failed to get advertising image, set to default
2023-08-27 17:37:29,674 [FATAL] Updater:308 - Updater called before beeing initialized
2023-08-27 17:37:29,750 [ERROR] Updater:1120 - MainUpdater not yet initialized. External WinMGr cannot be set.
2023-08-27 17:37:29,760 [INFO] Updater:1056 - Updater Version found : 6.9.1
2023-08-27 17:37:29,780 [INFO] ApplicationProperties:184 - Using Application install path: C:\ST\STM32CubeIDE_1.11.2\STM32CubeIDE\plugins\com.st.stm32cube.common.mx_6.9.1.202307191849
2023-08-27 17:37:30,198 [INFO] MainUpdater:2868 - connection check result : 10
2023-08-27 17:37:30,199 [INFO] MainUpdater:285 - Updater Check For Update Now.
2023-08-27 17:37:30,199 [INFO] MicroXplorer:498 - Change Database Version : DB.6.0.91
2023-08-27 17:37:30,220 [INFO] McuFinderGlobals:63 - Set McuFinder mode to 2 (CubeIDE integrated)
2023-08-27 17:37:30,478 [INFO] CheckServerUpdateThread:120 - End of CheckServer Thread
2023-08-27 17:37:32,487 [WARN] PackLoader:240 - Cannot read IP mode file for STMicroelectronics.X-CUBE-SMBUS.2.1.0
2023-08-27 17:37:32,540 [WARN] PackLoader:240 - Cannot read IP mode file for STMicroelectronics.X-CUBE-AZRTOS-F7.1.1.0
2023-08-27 17:37:32,561 [ERROR] RealEvaluatedCondition:428 - Found unsupported composite condition: CLASS='Data Exchange' GROUP='STM32_MetaDataManager'
2023-08-27 17:37:32,561 [ERROR] RealEvaluatedCondition:428 - Found unsupported composite condition: GROUP='STM32_MetaDataManager' CLASS='Data Exchange'
2023-08-27 17:37:32,563 [WARN] PackLoader:240 - Cannot read IP mode file for STMicroelectronics.FP-SNS-MOTENV1.4.3.0
2023-08-27 17:37:32,584 [WARN] PackLoader:240 - Cannot read IP mode file for STMicroelectronics.FP-SNS-MOTENV1.4.3.2
2023-08-27 17:37:32,600 [WARN] PackLoader:240 - Cannot read IP mode file for STMicroelectronics.FP-SNS-FLIGHT1.5.0.0
2023-08-27 17:37:32,614 [ERROR] RealEvaluatedCondition:428 - Found unsupported composite condition: GROUP='STM32_MetaDataManager' CLASS='Data Exchange'
2023-08-27 17:37:32,614 [ERROR] RealEvaluatedCondition:428 - Found unsupported composite condition: GROUP='STM32_MetaDataManager' CLASS='Data Exchange'
2023-08-27 17:37:32,616 [WARN] PackLoader:240 - Cannot read IP mode file for STMicroelectronics.FP-SNS-MOTENV1.4.3.1
2023-08-27 17:37:32,632 [WARN] PackLoader:240 - Cannot read IP mode file for STMicroelectronics.FP-SNS-FLIGHT1.5.0.1
2023-08-27 17:37:32,651 [WARN] PackLoader:240 - Cannot read IP mode file for STMicroelectronics.X-CUBE-BLE1.6.2.4
2023-08-27 17:37:32,665 [WARN] PackLoader:240 - Cannot read IP mode file for STMicroelectronics.FP-SNS-FLIGHT1.5.0.2
2023-08-27 17:37:32,686 [WARN] PackLoader:240 - Cannot read IP mode file for STMicroelectronics.X-CUBE-DISPLAY.3.0.0
2023-08-27 17:37:32,708 [WARN] PackLoader:240 - Cannot read IP mode file for STMicroelectronics.X-CUBE-BLE1.7.0.0
2023-08-27 17:37:32,730 [WARN] PackLoader:240 - Cannot read IP mode file for STMicroelectronics.X-CUBE-TOUCHGFX.4.22.0
2023-08-27 17:37:32,769 [INFO] LogOutputStream:77 - [STDOUT_REDIRECT] 1 : Invalid condition id : UX_CORESTACK_Condition cause : null
2023-08-27 17:37:32,770 [INFO] LogOutputStream:77 - [STDOUT_REDIRECT] 1 : Invalid condition id : UX_CORESTACK_Condition cause : null
2023-08-27 17:37:32,772 [INFO] LogOutputStream:77 - [STDOUT_REDIRECT] 1 : Invalid condition id : UX_CORESTACK_Condition cause : null
2023-08-27 17:37:32,774 [INFO] LogOutputStream:77 - [STDOUT_REDIRECT] 1 : Invalid condition id : UX_CORESTACK_Condition cause : null
2023-08-27 17:37:32,776 [INFO] LogOutputStream:77 - [STDOUT_REDIRECT] 1 : Invalid condition id : UX_CORESTACK_Condition cause : null
2023-08-27 17:37:32,782 [WARN] PackLoader:240 - Cannot read IP mode file for STMicroelectronics.X-CUBE-AZRTOS-WL.2.0.0
2023-08-27 17:37:32,817 [WARN] PackLoader:240 - Cannot read IP mode file for WES.I-CUBE-Cesium.1.3.0
2023-08-27 17:37:32,836 [WARN] PackLoader:240 - Cannot read IP mode file for STMicroelectronics.X-CUBE-BLE2.3.3.0
2023-08-27 17:37:32,867 [WARN] PackLoader:240 - Cannot read IP mode file for STMicroelectronics.X-CUBE-TOF1.3.2.0
2023-08-27 17:37:32,893 [WARN] PackLoader:240 - Cannot read IP mode file for STMicroelectronics.X-CUBE-TOUCHGFX.4.21.1
2023-08-27 17:37:32,913 [WARN] PackLoader:240 - Cannot read IP mode file for STMicroelectronics.X-CUBE-TOUCHGFX.4.21.3
2023-08-27 17:37:32,932 [WARN] PackLoader:240 - Cannot read IP mode file for STMicroelectronics.X-CUBE-TOUCHGFX.4.21.4
2023-08-27 17:37:32,955 [WARN] PackLoader:240 - Cannot read IP mode file for STMicroelectronics.X-CUBE-ALGOBUILD.1.3.0
2023-08-27 17:37:33,000 [WARN] PackLoader:240 - Cannot read IP mode file for STMicroelectronics.X-CUBE-AZRTOS-G0.1.1.0
2023-08-27 17:37:33,026 [WARN] PackLoader:240 - Cannot read IP mode file for STMicroelectronics.X-CUBE-NFC4.3.0.0
2023-08-27 17:37:33,048 [WARN] PackLoader:240 - Cannot read IP mode file for STMicroelectronics.X-CUBE-BLEMGR.1.3.0
2023-08-27 17:37:33,074 [WARN] PackLoader:240 - Cannot read IP mode file for STMicroelectronics.FP-ATR-SIGFOX1.3.2.0
2023-08-27 17:37:33,200 [WARN] PackLoader:240 - Cannot read IP mode file for STMicroelectronics.X-CUBE-MEMS1.9.5.0
2023-08-27 17:37:33,519 [WARN] PackLoader:240 - Cannot read IP mode file for SEGGER.I-CUBE-embOS.1.3.1
2023-08-27 17:37:33,587 [WARN] PackLoader:240 - Cannot read IP mode file for STMicroelectronics.X-CUBE-GNSS1.6.0.0
2023-08-27 17:37:33,618 [WARN] PackLoader:240 - Cannot read IP mode file for STMicroelectronics.X-CUBE-AZRTOS-F4.1.1.0
2023-08-27 17:37:33,650 [WARN] PackLoader:240 - Cannot read IP mode file for STMicroelectronics.X-CUBE-AZRTOS-L5.2.0.0
2023-08-27 17:37:33,706 [WARN] PackLoader:240 - Cannot read IP mode file for STMicroelectronics.X-CUBE-MEMS1.9.6.0
2023-08-27 17:37:33,855 [WARN] PackLoader:240 - Cannot read IP mode file for emotas.I-CUBE-CANOPEN.1.1.3
2023-08-27 17:37:33,875 [WARN] PackLoader:240 - Cannot read IP mode file for STMicroelectronics.X-CUBE-BLEMGR.2.0.0
2023-08-27 17:37:33,925 [WARN] ConditionMgr:438 - getConditionDescription Invalid condition id : UX DEVICE CLASS RTOS Condition cause : null
2023-08-27 17:37:33,926 [WARN] ConditionMgr:438 - getConditionDescription Invalid condition id : UX DEVICE CLASS RTOS Condition cause : null
2023-08-27 17:37:33,932 [WARN] PackLoader:240 - Cannot read IP mode file for STMicroelectronics.X-CUBE-AZRTOS-H7.3.1.0
2023-08-27 17:37:33,934 [WARN] ConditionMgr:1039 - genDependencies : Invalid condition id : UX DEVICE CLASS RTOS Condition cause : null
2023-08-27 17:37:33,935 [WARN] ConditionMgr:1039 - genDependencies : Invalid condition id : UX DEVICE CLASS RTOS Condition cause : null
2023-08-27 17:37:33,936 [WARN] ConditionMgr:1039 - genDependencies : Invalid condition id : UX DEVICE CLASS RTOS Condition cause : null
2023-08-27 17:37:33,937 [WARN] ConditionMgr:1039 - genDependencies : Invalid condition id : UX DEVICE CLASS RTOS Condition cause : null
2023-08-27 17:37:33,937 [WARN] ConditionMgr:1039 - genDependencies : Invalid condition id : UX DEVICE CLASS RTOS Condition cause : null
2023-08-27 17:37:33,956 [WARN] PackLoader:240 - Cannot read IP mode file for wolfSSL.I-CUBE-wolfSSL.5.5.4
2023-08-27 17:37:33,976 [WARN] PackLoader:240 - Cannot read IP mode file for STMicroelectronics.X-CUBE-NFC7.1.0.1
2023-08-27 17:37:33,990 [WARN] PackLoader:240 - Cannot read IP mode file for STMicroelectronics.X-CUBE-NFC7.1.0.0
2023-08-27 17:37:34,006 [WARN] PackLoader:240 - Cannot read IP mode file for STMicroelectronics.X-CUBE-EEPRMA1.4.1.0
2023-08-27 17:37:34,021 [WARN] PackLoader:240 - Cannot read IP mode file for STMicroelectronics.X-CUBE-AI.8.1.0
2023-08-27 17:37:34,057 [WARN] ConditionMgr:438 - getConditionDescription Invalid condition id : LAN8742 Phy interface Condition cause : null
2023-08-27 17:37:34,057 [WARN] PackLoader:240 - Cannot read IP mode file for STMicroelectronics.X-CUBE-AZRTOS-L4.2.0.0
2023-08-27 17:37:34,058 [WARN] ConditionMgr:1039 - genDependencies : Invalid condition id : LAN8742 Phy interface Condition cause : null
2023-08-27 17:37:34,059 [WARN] ConditionMgr:1039 - genDependencies : Invalid condition id : LAN8742 Phy interface Condition cause : null
2023-08-27 17:37:34,059 [WARN] ConditionMgr:1039 - genDependencies : Invalid condition id : LAN8742 Phy interface Condition cause : null
2023-08-27 17:37:34,077 [WARN] PackLoader:240 - Cannot read IP mode file for STMicroelectronics.X-CUBE-SFXS2LP1.4.0.0
2023-08-27 17:37:34,112 [WARN] PackLoader:240 - Cannot read IP mode file for STMicroelectronics.X-CUBE-AZRTOS-H7.3.0.0
2023-08-27 17:37:34,131 [WARN] PackLoader:240 - Cannot read IP mode file for STMicroelectronics.X-CUBE-ISPU.1.1.0
2023-08-27 17:37:34,149 [WARN] PackLoader:240 - Cannot read IP mode file for RoweBots.I-CUBE-UNISONRTOS.5.5.0-4
2023-08-27 17:37:34,161 [WARN] PackLoader:240 - Cannot read IP mode file for STMicroelectronics.X-CUBE-AI.8.0.0
2023-08-27 17:37:34,191 [WARN] ConditionMgr:438 - getConditionDescription Invalid condition id : UX DEVICE CLASS RTOS Condition cause : null
2023-08-27 17:37:34,192 [WARN] ConditionMgr:438 - getConditionDescription Invalid condition id : UX DEVICE CLASS RTOS Condition cause : null
2023-08-27 17:37:34,194 [WARN] PackLoader:240 - Cannot read IP mode file for STMicroelectronics.X-CUBE-AZRTOS-WB.2.0.0
2023-08-27 17:37:34,195 [WARN] ConditionMgr:1039 - genDependencies : Invalid condition id : UX DEVICE CLASS RTOS Condition cause : null
2023-08-27 17:37:34,195 [WARN] ConditionMgr:1039 - genDependencies : Invalid condition id : UX DEVICE CLASS RTOS Condition cause : null
2023-08-27 17:37:34,196 [WARN] ConditionMgr:1039 - genDependencies : Invalid condition id : UX DEVICE CLASS RTOS Condition cause : null
2023-08-27 17:37:34,197 [WARN] ConditionMgr:1039 - genDependencies : Invalid condition id : UX DEVICE CLASS RTOS Condition cause : null
2023-08-27 17:37:34,197 [WARN] ConditionMgr:1039 - genDependencies : Invalid condition id : UX DEVICE CLASS RTOS Condition cause : null
2023-08-27 17:37:34,212 [WARN] PackLoader:240 - Cannot read IP mode file for STMicroelectronics.X-CUBE-FREERTOS.1.0.0
2023-08-27 17:37:34,226 [WARN] PackLoader:240 - Cannot read IP mode file for STMicroelectronics.X-CUBE-FREERTOS.1.0.1
2023-08-27 17:37:34,253 [WARN] PackLoader:240 - Cannot read IP mode file for STMicroelectronics.X-CUBE-AZRTOS-L5.1.1.0
2023-08-27 17:37:34,270 [WARN] PackLoader:240 - Cannot read IP mode file for STMicroelectronics.X-CUBE-AI.8.0.1
2023-08-27 17:37:34,292 [WARN] PackLoader:240 - Cannot read IP mode file for STMicroelectronics.X-CUBE-SUBG2.5.0.0
2023-08-27 17:37:34,314 [WARN] PackLoader:240 - Cannot read IP mode file for STMicroelectronics.X-CUBE-TOF1.3.3.1
2023-08-27 17:37:34,346 [WARN] PackLoader:240 - Cannot read IP mode file for STMicroelectronics.X-CUBE-AZRTOS-G4.2.0.0
2023-08-27 17:37:34,370 [WARN] PackLoader:240 - Cannot read IP mode file for STMicroelectronics.X-CUBE-TOF1.3.3.0
2023-08-27 17:37:34,393 [WARN] PackLoader:240 - Cannot read IP mode file for STMicroelectronics.FP-ATR-ASTRA1.1.1.1
2023-08-27 17:37:34,418 [WARN] PackLoader:240 - Cannot read IP mode file for STMicroelectronics.X-CUBE-AZRTOS-G4.1.0.0
2023-08-27 17:37:34,449 [WARN] PackLoader:240 - Cannot read IP mode file for STMicroelectronics.X-CUBE-AZRTOS-L4.1.0.0
2023-08-27 17:37:34,475 [WARN] PackLoader:240 - Cannot read IP mode file for STMicroelectronics.X-CUBE-AZRTOS-WL.1.0.0
2023-08-27 17:37:34,492 [WARN] PackLoader:240 - Cannot read IP mode file for portGmbH.I-Cube-SoM-uGOAL.1.1.0
2023-08-27 17:37:34,508 [WARN] PackLoader:240 - Cannot read IP mode file for STMicroelectronics.X-CUBE-ALS.1.0.1
2023-08-27 17:37:34,538 [WARN] PackLoader:240 - Cannot read IP mode file for STMicroelectronics.X-CUBE-AZRTOS-WB.1.1.0
2023-08-27 17:37:34,553 [WARN] PackLoader:240 - Cannot read IP mode file for STMicroelectronics.FP-ATR-ASTRA1.2.0.0
2023-08-27 17:37:34,553 [INFO] ThirdParty:978 - Integrity check success = true
2023-08-27 17:37:34,554 [INFO] IntegrityCheckThread:100 - exiting critical section [integrity check]
2023-08-27 17:37:34,554 [INFO] IntegrityCheckThread:103 - End integrity checks thread
2023-08-27 17:37:51,240 [ERROR] LogOutputStream:75 - [STDERR_REDIRECT] SLF4J: Failed to load class "org.slf4j.impl.StaticLoggerBinder".
2023-08-27 17:37:51,241 [ERROR] LogOutputStream:75 - [STDERR_REDIRECT] SLF4J: Defaulting to no-operation (NOP) logger implementation
2023-08-27 17:37:51,242 [ERROR] LogOutputStream:75 - [STDERR_REDIRECT] SLF4J: See http://www.slf4j.org/codes.html#StaticLoggerBinder for further details.
2023-08-27 17:55:30,608 [INFO] McuFinderGlobals:63 - Set McuFinder mode to 2 (CubeIDE integrated)
2023-08-27 17:55:32,102 [INFO] MainUpdater:2868 - connection check result : 10
2023-08-27 17:55:32,110 [INFO] MainUpdater:2868 - connection check result : 10
2023-08-27 17:55:32,340 [INFO] MicroXplorer:468 - Change Database Path : 
2023-08-27 17:55:32,340 [INFO] MicroXplorer:498 - Change Database Version : DB.6.0.91
2023-08-27 17:55:32,344 [WARN] ThirdParty:871 - waiting for thirdparty lock release [close project]
2023-08-27 17:55:32,344 [INFO] ThirdParty:873 - entering critical section [close project]
2023-08-27 17:55:32,346 [INFO] ThirdParty:883 - exiting critical section [close project]
2023-08-27 17:55:32,349 [INFO] PinOutPanel:1499 - setPackage(No Configuration,No Configuration)
2023-08-27 17:55:32,360 [INFO] UtilMem:75 - Begin LoadConfig() Used Memory: 338513568 Bytes (587202560)
2023-08-27 17:55:32,361 [INFO] MicroXplorer:468 - Change Database Path : 
2023-08-27 17:55:32,361 [INFO] MicroXplorer:498 - Change Database Version : DB.6.0.91
2023-08-27 17:55:32,361 [INFO] OpenFileManager:308 - Change cursor
2023-08-27 17:55:32,428 [INFO] Mcu:1946 - Initializing MCU STM32F103C(8-B)Tx STM32F103C8Tx STM32F103C8T6
2023-08-27 17:55:33,707 [INFO] Context:659 - Trying to add GPIOservice into a context  which must be forbidden
2023-08-27 17:55:34,240 [INFO] RtosManager:555 - Registered RTOS mode: class=CMSIS, group=RTOS, mode=CMSIS_V1, owner=FREERTOS
2023-08-27 17:55:34,241 [INFO] RtosManager:555 - Registered RTOS mode: class=CMSIS, group=RTOS2, mode=CMSIS_V2, owner=FREERTOS
2023-08-27 17:55:34,241 [INFO] RtosManager:555 - Registered RTOS mode: class=RTOS, group=Core, mode=CMSIS_V1, owner=FREERTOS
2023-08-27 17:55:34,241 [INFO] RtosManager:555 - Registered RTOS mode: class=RTOS, group=Core, mode=CMSIS_V2, owner=FREERTOS
2023-08-27 17:55:34,242 [WARN] ModelIntegratedComponent:184 - Missing modes for component STMicroelectronics:FreeRTOS:0.0.1:STMicroelectronics:RTOS:FreeRTOS:Core:::10.2.0:
2023-08-27 17:55:34,261 [WARN] ModelIntegratedComponent:63 - No mode defined for component null
2023-08-27 17:55:34,261 [WARN] ModelIntegratedComponent:63 - No mode defined for component null
2023-08-27 17:55:34,262 [WARN] ModelIntegratedComponent:63 - No mode defined for component null
2023-08-27 17:55:34,262 [WARN] ModelIntegratedComponent:63 - No mode defined for component null
2023-08-27 17:55:34,262 [WARN] ModelIntegratedComponent:63 - No mode defined for component null
2023-08-27 17:55:34,262 [WARN] ModelIntegratedComponent:63 - No mode defined for component null
2023-08-27 17:55:34,262 [WARN] ModelIntegratedComponent:63 - No mode defined for component null
2023-08-27 17:55:34,263 [WARN] ModelIntegratedComponent:63 - No mode defined for component null
2023-08-27 17:55:34,263 [WARN] ModelIntegratedComponent:63 - No mode defined for component null
2023-08-27 17:55:34,263 [WARN] ModelIntegratedComponent:63 - No mode defined for component null
2023-08-27 17:55:34,263 [WARN] ModelIntegratedComponent:63 - No mode defined for component null
2023-08-27 17:55:34,263 [WARN] ModelIntegratedComponent:63 - No mode defined for component null
2023-08-27 17:55:34,263 [WARN] ModelIntegratedComponent:63 - No mode defined for component null
2023-08-27 17:55:34,264 [WARN] ModelIntegratedComponent:63 - No mode defined for component null
2023-08-27 17:55:34,264 [WARN] ModelIntegratedComponent:63 - No mode defined for component null
2023-08-27 17:55:34,264 [WARN] ModelIntegratedComponent:63 - No mode defined for component null
2023-08-27 17:55:34,264 [WARN] ModelIntegratedComponent:63 - No mode defined for component null
2023-08-27 17:55:34,264 [WARN] ModelIntegratedComponent:63 - No mode defined for component null
2023-08-27 17:55:34,264 [WARN] ModelIntegratedComponent:63 - No mode defined for component null
2023-08-27 17:55:34,264 [WARN] ModelIntegratedComponent:63 - No mode defined for component null
2023-08-27 17:55:34,264 [WARN] ModelIntegratedComponent:63 - No mode defined for component null
2023-08-27 17:55:34,264 [WARN] ModelIntegratedComponent:63 - No mode defined for component null
2023-08-27 17:55:34,265 [WARN] ModelIntegratedComponent:63 - No mode defined for component null
2023-08-27 17:55:34,265 [WARN] ModelIntegratedComponent:63 - No mode defined for component null
2023-08-27 17:55:34,265 [WARN] ModelIntegratedComponent:63 - No mode defined for component null
2023-08-27 17:55:34,265 [WARN] ModelIntegratedComponent:63 - No mode defined for component null
2023-08-27 17:55:34,265 [WARN] ModelIntegratedComponent:63 - No mode defined for component null
2023-08-27 17:55:34,265 [WARN] ModelIntegratedComponent:63 - No mode defined for component null
2023-08-27 17:55:34,265 [WARN] ModelIntegratedComponent:63 - No mode defined for component null
2023-08-27 17:55:34,265 [WARN] ModelIntegratedComponent:63 - No mode defined for component null
2023-08-27 17:55:34,265 [WARN] ModelIntegratedComponent:63 - No mode defined for component null
2023-08-27 17:55:34,265 [WARN] ModelIntegratedComponent:63 - No mode defined for component null
2023-08-27 17:55:34,265 [WARN] ModelIntegratedComponent:63 - No mode defined for component null
2023-08-27 17:55:34,372 [INFO] ThirdPartyModel:298 - Start build external matchings
2023-08-27 17:55:35,224 [INFO] ThirdPartyModel:316 - End build external matchings
2023-08-27 17:55:35,244 [INFO] ImportTextPane:194 - (OptionalMessage_ERROR) IP (RCC) : Parameter (ADCFreqValue) has invalid value (36000000)
2023-08-27 17:55:35,244 [INFO] ImportTextPane:194 - (OptionalMessage_ERROR) IP (RCC) : Invalid parameter (FamilyName)
2023-08-27 17:55:35,244 [INFO] ImportTextPane:194 - (OptionalMessage_ERROR) IP (RCC) : Parameter (MCOFreq_Value) has invalid value (72000000)
2023-08-27 17:55:35,245 [INFO] ImportTextPane:194 - (OptionalMessage_ERROR) IP (RCC) : Parameter (USBFreq_Value) has invalid value (72000000)
2023-08-27 17:55:35,577 [INFO] UtilMem:75 - End LoadConfig() Used Memory: 183975824 Bytes (587202560)
2023-08-27 17:55:35,800 [INFO] ApiDb:581 - Connected to CubeFinder SQLite database (C:\Users\admin\.stmcufinder\plugins\mcufinder\mcu\cube-finder-db.db)
2023-08-27 17:55:35,892 [INFO] ApiDb:668 - CubeFinder database Data Model version=2.1
2023-08-27 17:55:35,892 [INFO] ApiDb:669 - CubeFinder database Configuration version=3.0.37
2023-08-27 17:55:35,893 [INFO] ApiDb:670 - CubeFinder database generation date=2023-08-09 (1691586011)
2023-08-27 17:55:35,893 [INFO] ApiDb:671 - CubeFinder database FW Pack versions=[FP-ATR-ASTRA1_V2.0.0, FP-SNS-FLIGHT1_V5.0.1, FP-SNS-FLIGHT1_V5.0.2, FP-SNS-MOTENV1_V4.3.1, FP-SNS-MOTENV1_V4.3.2, STM32Cube_FW_C0_V1.1.0, STM32Cube_FW_F4_V1.27.1, STM32Cube_FW_F7_V1.17.0, STM32Cube_FW_G0_V1.6.1, STM32Cube_FW_G4_V1.5.1, STM32Cube_FW_H5_V0.5.1, STM32Cube_FW_H5_V1.1.0, STM32Cube_FW_H7_V1.11.0, STM32Cube_FW_L0_V1.12.2, STM32Cube_FW_L5_V1.5.0, STM32Cube_FW_U5_V1.3.0, STM32Cube_FW_U5_V1.3.0RC4, STM32Cube_FW_WBA_V1.0.0RC1, STM32Cube_FW_WBA_V1.1.0, STM32Cube_FW_WBA_V1.1.0RC1, STM32Cube_FW_WB_V1.15.0RC1, STM32Cube_FW_WB_V1.16.0, STM32Cube_FW_WB_V1.16.0RC2, STM32Cube_FW_WB_V1.17.0, STM32Cube_FW_WL_V1.3.0, X-CUBE-ALGOBUILD_V1.3.0, X-CUBE-ALS_V1.0.1, X-CUBE-AZRTOS-F4_V1.1.0, X-CUBE-AZRTOS-F7_V1.1.0, X-CUBE-AZRTOS-G0_V1.1.0, X-CUBE-AZRTOS-G4_V2.0.0, X-CUBE-AZRTOS-H7_V3.1.0, X-CUBE-AZRTOS-L4_V1.0.0, X-CUBE-AZRTOS-L4_V2.0.0, X-CUBE-AZRTOS-L5_V1.1.0, X-CUBE-AZRTOS-WB_V1.1.0, X-CUBE-AZRTOS-WL_V2.0.0, X-CUBE-BLE1_V7.0.0, X-CUBE-BLE2_V3.3.0, X-CUBE-BLEMGR_V2.0.0, X-CUBE-EEPRMA1_V4.1.0, X-CUBE-FREERTOS_V1.1.0, X-CUBE-GNSS1_V6.0.0, X-CUBE-MEMS1_V9.1.0, X-CUBE-MEMS1_V9.4.0, X-CUBE-MEMS1_V9.6.0, X-CUBE-NFC4_V3.0.0, X-CUBE-NFC7_V1.0.0, X-CUBE-SFXS2LP1_V4.0.0, X-CUBE-SUBG2_V5.0.0, X-CUBE-TOF1_V3.3.1]
2023-08-27 17:55:38,753 [INFO] ApiDb:240 - Found 323 in-development CPN: [B-G473E-ZEST1S, B-WB1M-WPAN1, B-WL5M-SUBG1, NUCLEO-C031C6, NUCLEO-H503RB, NUCLEO-H563ZI, NUCLEO-U545RE-Q, NUCLEO-U5A5ZJ-Q, NUCLEO-WBA52CG, STEVAL-PROTEUS1, STEVAL-SMARTAG2, STEVAL-STWINBX1, STM320518-EVAL, STM32C0116-DK, STM32C011D6Y3TR, STM32C011D6Y6TR, STM32C011F4P3, STM32C011F4P6, STM32C011F4U3, STM32C011F4U6TR, STM32C011F6P3, STM32C011F6P6, STM32C011F6U3, STM32C011F6U6TR, STM32C011J4M3, STM32C011J4M6, STM32C011J6M3, STM32C011J6M6, STM32C0316-DK, STM32C031C4T3, STM32C031C4T6, STM32C031C4U3, STM32C031C4U6, STM32C031C6T3, STM32C031C6T6, STM32C031C6U3, STM32C031C6U6, STM32C031F4P3, STM32C031F4P6, STM32C031F6P3, STM32C031F6P6, STM32C031G4U3, STM32C031G4U6, STM32C031G6U3, STM32C031G6U6, STM32C031K4T3, STM32C031K4T6, STM32C031K4U3, STM32C031K4U6, STM32C031K6T3, STM32C031K6T6, STM32C031K6U3, STM32C031K6U6, STM32G071K8TXN, STM32G071K8UXN, STM32G081GBU6N, STM32G081KBT6N, STM32G081KBUXN, STM32G0B1CCT6N, STM32G0B1KCT6, STM32G0B1NEY6TR, STM32G0B1RCT6N, STM32G0C1CCT6, STM32G0C1CCT6N, STM32G0C1CCU6N, STM32G0C1CET6N, STM32G0C1CEU6N, STM32G0C1KCT6, STM32G0C1NEY6TR, STM32G0C1RCI6N, STM32G0C1RCT6N, STM32G0C1REI6N, STM32G0C1RET6N, STM32G0C1VCI6, STM32G0C1VEI6, STM32G471CCT6, STM32G471CCU6, STM32G471CET3, STM32G471CET6, STM32G471CEU3, STM32G471CEU6, STM32G471MCT6, STM32G471MET3, STM32G471MET6, STM32G471MEY6TR, STM32G471QCT6, STM32G471QET3, STM32G471RCT6, STM32G471RET3, STM32G471RET6, STM32G471VCH6, STM32G471VCI6, STM32G471VCT6, STM32G471VEH3, STM32G471VEH6, STM32G471VEI3, STM32G471VEI6, STM32G471VET3, STM32G471VET6, STM32G474CCT6, STM32H503CBT6, STM32H503CBU6, STM32H503EBY6TR, STM32H503KBU6, STM32H503RBT6, STM32H562AGI6, STM32H562AII6, STM32H562IGK6, STM32H562IGT6, STM32H562IIK6, STM32H562IIT6, STM32H562RGT6, STM32H562RGV6, STM32H562RIT6, STM32H562RIV6, STM32H562VGT6, STM32H562VIT6, STM32H562ZGT6, STM32H562ZIT6, STM32H563AGI6, STM32H563AII3Q, STM32H563AII6, STM32H563IGK6, STM32H563IGT6, STM32H563IIK3Q, STM32H563IIK6, STM32H563IIT3Q, STM32H563IIT6, STM32H563MIY3QTR, STM32H563RGT6, STM32H563RGV6, STM32H563RIT6, STM32H563RIV6, STM32H563VGT6, STM32H563VIT3Q, STM32H563VIT6, STM32H563ZGT6, STM32H563ZIT3Q, STM32H563ZIT6, STM32H573AII3Q, STM32H573AII6, STM32H573I-DK, STM32H573IIK3Q, STM32H573IIK6, STM32H573IIT3Q, STM32H573IIT6, STM32H573MIY3QTR, STM32H573RIT6, STM32H573RIV6, STM32H573VIT3Q, STM32H573VIT6, STM32H573ZIT3Q, STM32H573ZIT6, STM32L4R5QGI6STR, STM32MP131AAE3, STM32MP131AAF3, STM32MP131AAG3, STM32MP131CAE3, STM32MP131CAF3, STM32MP131CAG3, STM32MP131DAE7, STM32MP131DAF7, STM32MP131DAG7, STM32MP131FAE7, STM32MP131FAF7, STM32MP131FAG7, STM32MP133AAE3, STM32MP133AAF3, STM32MP133AAG3, STM32MP133CAE3, STM32MP133CAF3, STM32MP133CAG3, STM32MP133DAE7, STM32MP133DAF7, STM32MP133DAG7, STM32MP133FAE7, STM32MP133FAF7, STM32MP133FAG7, STM32MP135AAE3, STM32MP135AAF3, STM32MP135AAG3, STM32MP135CAE3, STM32MP135CAF3, STM32MP135CAG3, STM32MP135DAE7, STM32MP135DAF7, STM32MP135DAG7, STM32MP135F-DK, STM32MP135FAE7, STM32MP135FAF7, STM32MP135FAF7T, STM32MP135FAF7U, STM32MP135FAG7, STM32U535CBT6, STM32U535CBT6Q, STM32U535CBU6, STM32U535CBU6Q, STM32U535CCT6, STM32U535CCT6Q, STM32U535CCU6, STM32U535CCU6Q, STM32U535CET6, STM32U535CET6Q, STM32U535CEU6, STM32U535CEU6Q, STM32U535JEY6QTR, STM32U535NCY6QTR, STM32U535NEY6QTR, STM32U535RBI6, STM32U535RBI6Q, STM32U535RBT6, STM32U535RBT6Q, STM32U535RCI6, STM32U535RCI6Q, STM32U535RCT6, STM32U535RCT6Q, STM32U535REI6, STM32U535REI6Q, STM32U535RET6, STM32U535RET6Q, STM32U535VCI6, STM32U535VCI6Q, STM32U535VCT6, STM32U535VCT6Q, STM32U535VEI6, STM32U535VEI6Q, STM32U535VET6, STM32U535VET6Q, STM32U545CET6, STM32U545CET6Q, STM32U545CEU6, STM32U545CEU6Q, STM32U545JEY6QTR, STM32U545NEY6QTR, STM32U545REI6, STM32U545REI6Q, STM32U545RET6, STM32U545RET6Q, STM32U545VEI6, STM32U545VEI6Q, STM32U545VET6, STM32U545VET6Q, STM32U595AIH6, STM32U595AIH6Q, STM32U595AJH6, STM32U595AJH6Q, STM32U595QII6, STM32U595QII6Q, STM32U595QJI6, STM32U595QJI6Q, STM32U595RIT6, STM32U595RIT6Q, STM32U595RJT6, STM32U595RJT6Q, STM32U595VIT6, STM32U595VIT6Q, STM32U595VJT6, STM32U595VJT6Q, STM32U595ZIT6, STM32U595ZIT6Q, STM32U595ZIY6QTR, STM32U595ZJT6, STM32U595ZJT6Q, STM32U595ZJY6QTR, STM32U599BJY6QTR, STM32U599NIH6Q, STM32U599NJH6Q, STM32U599VIT6Q, STM32U599VJT6, STM32U599VJT6Q, STM32U599ZIT6Q, STM32U599ZIY6QTR, STM32U599ZJT6Q, STM32U599ZJY6QTR, STM32U5A5AJH6, STM32U5A5AJH6Q, STM32U5A5QJI6, STM32U5A5QJI6Q, STM32U5A5RJT6, STM32U5A5RJT6Q, STM32U5A5VJT6, STM32U5A5VJT6Q, STM32U5A5ZJT6, STM32U5A5ZJT6Q, STM32U5A5ZJY6QTR, STM32U5A9BJY6QTR, STM32U5A9J-DK, STM32U5A9NJH6Q, STM32U5A9VJT6Q, STM32U5A9ZJT6Q, STM32U5A9ZJY6QTR, STM32U5F7VIT6, STM32U5F7VIT6Q, STM32U5F7VJT6, STM32U5F7VJT6Q, STM32U5F9BJY6QTR, STM32U5F9NJH6Q, STM32U5F9VIT6Q, STM32U5F9VJT6Q, STM32U5F9ZIJ6QTR, STM32U5F9ZIT6Q, STM32U5F9ZJJ6QTR, STM32U5F9ZJT6Q, STM32U5G7VJT6, STM32U5G7VJT6Q, STM32U5G9BJY6QTR, STM32U5G9J-DK1, STM32U5G9J-DK2, STM32U5G9NJH6Q, STM32U5G9VJT6Q, STM32U5G9ZJJ6QTR, STM32U5G9ZJT6Q, STM32WB1MMCH6, STM32WBA52CEU6, STM32WBA52CEU6T, STM32WBA52CGU6, STM32WBA52CGU6T, STM32WBA52KEU6, STM32WBA52KEU6T, STM32WBA52KGU6, STM32WBA52KGU6T, STM32WL5MOCH6, STM32WL5MOCH6TR]
2023-08-27 17:55:38,756 [INFO] DbMcus:217 - Found 3848 MCUs, 3848 are supported
2023-08-27 17:55:38,763 [INFO] ApiDb:423 - Load user favorites file C:\Users\admin/.stm32cubeide/favorites.mcus.txt: 2 item(s)
2023-08-27 17:55:38,763 [INFO] ApiDb:427 - User favorites MCUs=[STM32F103C8T6, STM32F407VET6]
2023-08-27 17:55:38,763 [INFO] DbMcus:223 - Set 2 / 2 favorites MCUs
2023-08-27 17:55:39,110 [WARN] ThirdParty:833 - waiting for thirdparty lock release [change project]
2023-08-27 17:55:39,110 [INFO] ThirdParty:835 - entering critical section [change project]
2023-08-27 17:55:39,110 [INFO] ThirdParty:1030 - CMSIS Pack Vendor :STMicroelectronics X-CUBE-ISPU 1.1.0
2023-08-27 17:55:39,110 [INFO] ThirdParty:1030 - CMSIS Pack Vendor :STMicroelectronics USBPD 4.1
2023-08-27 17:55:39,110 [INFO] ThirdParty:1030 - CMSIS Pack Vendor :RoweBots I-CUBE-UNISONRTOS 5.5.0-4
2023-08-27 17:55:39,110 [INFO] ThirdParty:1030 - CMSIS Pack Vendor :STMicroelectronics X-CUBE-GNSS1 6.0.0
2023-08-27 17:55:39,110 [INFO] ThirdParty:1030 - CMSIS Pack Vendor :STMicroelectronics USB_HOST 2.0.0
2023-08-27 17:55:39,110 [INFO] ThirdParty:1030 - CMSIS Pack Vendor :STMicroelectronics X-CUBE-AZRTOS-F4 1.1.0
2023-08-27 17:55:39,110 [INFO] ThirdParty:1030 - CMSIS Pack Vendor :STMicroelectronics LIBJPEG 8.0.0
2023-08-27 17:55:39,110 [INFO] ThirdParty:1030 - CMSIS Pack Vendor :STMicroelectronics X-CUBE-SMBUS 2.1.0
2023-08-27 17:55:39,110 [INFO] ThirdParty:1030 - CMSIS Pack Vendor :STMicroelectronics USB_DEVICE 3.0.0
2023-08-27 17:55:39,110 [INFO] ThirdParty:1030 - CMSIS Pack Vendor :STMicroelectronics X-CUBE-AI 8.0.0
2023-08-27 17:55:39,110 [INFO] ThirdParty:1030 - CMSIS Pack Vendor :STMicroelectronics X-CUBE-AZRTOS-WB 2.0.0
2023-08-27 17:55:39,110 [INFO] ThirdParty:1030 - CMSIS Pack Vendor :STMicroelectronics X-CUBE-FREERTOS 1.0.0
2023-08-27 17:55:39,110 [INFO] ThirdParty:1030 - CMSIS Pack Vendor :STMicroelectronics X-CUBE-FREERTOS 1.0.1
2023-08-27 17:55:39,110 [INFO] ThirdParty:1030 - CMSIS Pack Vendor :STMicroelectronics X-CUBE-TOUCHGFX 4.21.1
2023-08-27 17:55:39,110 [INFO] ThirdParty:1030 - CMSIS Pack Vendor :STMicroelectronics X-CUBE-TOUCHGFX 4.21.3
2023-08-27 17:55:39,110 [INFO] ThirdParty:1030 - CMSIS Pack Vendor :STMicroelectronics X-CUBE-AZRTOS-F7 1.1.0
2023-08-27 17:55:39,110 [INFO] ThirdParty:1030 - CMSIS Pack Vendor :STMicroelectronics X-CUBE-TOUCHGFX 4.21.4
2023-08-27 17:55:39,110 [INFO] ThirdParty:1030 - CMSIS Pack Vendor :STMicroelectronics X-CUBE-AZRTOS-L5 2.0.0
2023-08-27 17:55:39,110 [INFO] ThirdParty:1030 - CMSIS Pack Vendor :STMicroelectronics USB_DEVICE 2.0.0
2023-08-27 17:55:39,110 [INFO] ThirdParty:1030 - CMSIS Pack Vendor :STMicroelectronics X-CUBE-MEMS1 9.6.0
2023-08-27 17:55:39,110 [INFO] ThirdParty:1030 - CMSIS Pack Vendor :STMicroelectronics FP-SNS-MOTENV1 4.3.0
2023-08-27 17:55:39,110 [INFO] ThirdParty:1030 - CMSIS Pack Vendor :STMicroelectronics FP-SNS-MOTENV1 4.3.2
2023-08-27 17:55:39,110 [INFO] ThirdParty:1030 - CMSIS Pack Vendor :STMicroelectronics FP-SNS-FLIGHT1 5.0.0
2023-08-27 17:55:39,110 [INFO] ThirdParty:1030 - CMSIS Pack Vendor :STMicroelectronics FP-SNS-MOTENV1 4.3.1
2023-08-27 17:55:39,111 [INFO] ThirdParty:1030 - CMSIS Pack Vendor :STMicroelectronics FP-SNS-FLIGHT1 5.0.1
2023-08-27 17:55:39,111 [INFO] ThirdParty:1030 - CMSIS Pack Vendor :STMicroelectronics X-CUBE-ALGOBUILD 1.3.0
2023-08-27 17:55:39,111 [INFO] ThirdParty:1030 - CMSIS Pack Vendor :STMicroelectronics X-CUBE-BLE1 6.2.4
2023-08-27 17:55:39,111 [INFO] ThirdParty:1030 - CMSIS Pack Vendor :STMicroelectronics X-CUBE-AZRTOS-L5 1.1.0
2023-08-27 17:55:39,111 [INFO] ThirdParty:1030 - CMSIS Pack Vendor :STMicroelectronics FreeRTOS 0.0.1
2023-08-27 17:55:39,111 [INFO] ThirdParty:1030 - CMSIS Pack Vendor :STMicroelectronics X-CUBE-AZRTOS-G0 1.1.0
2023-08-27 17:55:39,111 [INFO] ThirdParty:1030 - CMSIS Pack Vendor :emotas I-CUBE-CANOPEN 1.1.3
2023-08-27 17:55:39,111 [INFO] ThirdParty:1030 - CMSIS Pack Vendor :STMicroelectronics X-CUBE-BLEMGR 2.0.0
2023-08-27 17:55:39,111 [INFO] ThirdParty:1030 - CMSIS Pack Vendor :STMicroelectronics X-CUBE-AI 8.0.1
2023-08-27 17:55:39,111 [INFO] ThirdParty:1030 - CMSIS Pack Vendor :STMicroelectronics X-CUBE-NFC4 3.0.0
2023-08-27 17:55:39,111 [INFO] ThirdParty:1030 - CMSIS Pack Vendor :STMicroelectronics X-CUBE-SUBG2 5.0.0
2023-08-27 17:55:39,111 [INFO] ThirdParty:1030 - CMSIS Pack Vendor :STMicroelectronics STM32_WPAN 1.0.0
2023-08-27 17:55:39,112 [INFO] ThirdParty:1030 - CMSIS Pack Vendor :STMicroelectronics lwIP 2.0.3
2023-08-27 17:55:39,112 [INFO] ThirdParty:1030 - CMSIS Pack Vendor :STMicroelectronics FP-SNS-FLIGHT1 5.0.2
2023-08-27 17:55:39,112 [INFO] ThirdParty:1030 - CMSIS Pack Vendor :STMicroelectronics USB_HOST 1.0.0
2023-08-27 17:55:39,112 [INFO] ThirdParty:1030 - CMSIS Pack Vendor :STMicroelectronics X-CUBE-TOF1 3.3.1
2023-08-27 17:55:39,112 [INFO] ThirdParty:1030 - CMSIS Pack Vendor :STMicroelectronics X-CUBE-AZRTOS-G4 2.0.0
2023-08-27 17:55:39,112 [INFO] ThirdParty:1030 - CMSIS Pack Vendor :STMicroelectronics PDM2PCM 3.1.0
2023-08-27 17:55:39,112 [INFO] ThirdParty:1030 - CMSIS Pack Vendor :STMicroelectronics X-CUBE-AZRTOS-H7 3.1.0
2023-08-27 17:55:39,112 [INFO] ThirdParty:1030 - CMSIS Pack Vendor :STMicroelectronics X-CUBE-TOF1 3.3.0
2023-08-27 17:55:39,112 [INFO] ThirdParty:1030 - CMSIS Pack Vendor :STMicroelectronics FP-ATR-ASTRA1 1.1.1
2023-08-27 17:55:39,112 [INFO] ThirdParty:1030 - CMSIS Pack Vendor :STMicroelectronics PDM2PCM 3.3.0
2023-08-27 17:55:39,112 [INFO] ThirdParty:1030 - CMSIS Pack Vendor :STMicroelectronics X-CUBE-DISPLAY 3.0.0
2023-08-27 17:55:39,112 [INFO] ThirdParty:1030 - CMSIS Pack Vendor :STMicroelectronics X-CUBE-BLEMGR 1.3.0
2023-08-27 17:55:39,112 [INFO] ThirdParty:1030 - CMSIS Pack Vendor :STMicroelectronics X-CUBE-BLE1 7.0.0
2023-08-27 17:55:39,112 [INFO] ThirdParty:1030 - CMSIS Pack Vendor :STMicroelectronics FP-ATR-SIGFOX1 3.2.0
2023-08-27 17:55:39,112 [INFO] ThirdParty:1030 - CMSIS Pack Vendor :STMicroelectronics X-CUBE-AZRTOS-G4 1.0.0
2023-08-27 17:55:39,112 [INFO] ThirdParty:1030 - CMSIS Pack Vendor :wolfSSL I-CUBE-wolfSSL 5.5.4
2023-08-27 17:55:39,112 [INFO] ThirdParty:1030 - CMSIS Pack Vendor :STMicroelectronics X-CUBE-AZRTOS-L4 1.0.0
2023-08-27 17:55:39,112 [INFO] ThirdParty:1030 - CMSIS Pack Vendor :STMicroelectronics HAL Drivers 0.0.0
2023-08-27 17:55:39,112 [INFO] ThirdParty:1030 - CMSIS Pack Vendor :STMicroelectronics MBEDTLS 2.16.2
2023-08-27 17:55:39,112 [INFO] ThirdParty:1030 - CMSIS Pack Vendor :STMicroelectronics X-CUBE-TOUCHGFX 4.22.0
2023-08-27 17:55:39,112 [INFO] ThirdParty:1030 - CMSIS Pack Vendor :STMicroelectronics X-CUBE-NFC7 1.0.1
2023-08-27 17:55:39,113 [INFO] ThirdParty:1030 - CMSIS Pack Vendor :STMicroelectronics MBEDTLS 2.14.1
2023-08-27 17:55:39,113 [INFO] ThirdParty:1030 - CMSIS Pack Vendor :STMicroelectronics X-CUBE-NFC7 1.0.0
2023-08-27 17:55:39,113 [INFO] ThirdParty:1030 - CMSIS Pack Vendor :STMicroelectronics X-CUBE-AZRTOS-WL 1.0.0
2023-08-27 17:55:39,113 [INFO] ThirdParty:1030 - CMSIS Pack Vendor :STMicroelectronics X-CUBE-EEPRMA1 4.1.0
2023-08-27 17:55:39,113 [INFO] ThirdParty:1030 - CMSIS Pack Vendor :portGmbH I-Cube-SoM-uGOAL 1.1.0
2023-08-27 17:55:39,113 [INFO] ThirdParty:1030 - CMSIS Pack Vendor :STMicroelectronics X-CUBE-ALS 1.0.1
2023-08-27 17:55:39,113 [INFO] ThirdParty:1030 - CMSIS Pack Vendor :STMicroelectronics X-CUBE-MEMS1 9.5.0
2023-08-27 17:55:39,113 [INFO] ThirdParty:1030 - CMSIS Pack Vendor :STMicroelectronics ThreadX 1.0.0
2023-08-27 17:55:39,113 [INFO] ThirdParty:1030 - CMSIS Pack Vendor :STMicroelectronics X-CUBE-AZRTOS-WB 1.1.0
2023-08-27 17:55:39,113 [INFO] ThirdParty:1030 - CMSIS Pack Vendor :STMicroelectronics X-CUBE-AZRTOS-WL 2.0.0
2023-08-27 17:55:39,113 [INFO] ThirdParty:1030 - CMSIS Pack Vendor :SEGGER I-CUBE-embOS 1.3.1
2023-08-27 17:55:39,113 [INFO] ThirdParty:1030 - CMSIS Pack Vendor :STMicroelectronics USB_DEVICE 1.0.0
2023-08-27 17:55:39,113 [INFO] ThirdParty:1030 - CMSIS Pack Vendor :STMicroelectronics X-CUBE-AI 8.1.0
2023-08-27 17:55:39,113 [INFO] ThirdParty:1030 - CMSIS Pack Vendor :STMicroelectronics X-CUBE-AZRTOS-L4 2.0.0
2023-08-27 17:55:39,113 [INFO] ThirdParty:1030 - CMSIS Pack Vendor :STMicroelectronics ThreadX 0.0.2
2023-08-27 17:55:39,113 [INFO] ThirdParty:1030 - CMSIS Pack Vendor :WES I-CUBE-Cesium 1.3.0
2023-08-27 17:55:39,113 [INFO] ThirdParty:1030 - CMSIS Pack Vendor :STMicroelectronics FP-ATR-ASTRA1 2.0.0
2023-08-27 17:55:39,113 [INFO] ThirdParty:1030 - CMSIS Pack Vendor :STMicroelectronics lwIP 2.1.2
2023-08-27 17:55:39,113 [INFO] ThirdParty:1030 - CMSIS Pack Vendor :STMicroelectronics X-CUBE-SFXS2LP1 4.0.0
2023-08-27 17:55:39,113 [INFO] ThirdParty:1030 - CMSIS Pack Vendor :STMicroelectronics X-CUBE-BLE2 3.3.0
2023-08-27 17:55:39,113 [INFO] ThirdParty:1030 - CMSIS Pack Vendor :STMicroelectronics X-CUBE-TOF1 3.2.0
2023-08-27 17:55:39,113 [INFO] ThirdParty:1030 - CMSIS Pack Vendor :STMicroelectronics PDM2PCM 3.2.0
2023-08-27 17:55:39,113 [INFO] ThirdParty:1030 - CMSIS Pack Vendor :STMicroelectronics X-CUBE-AZRTOS-H7 3.0.0
2023-08-27 17:55:39,113 [INFO] ThirdParty:841 - exiting critical section [change project]
2023-08-27 17:55:39,637 [INFO] PinOutPanel:1499 - setPackage(No Configuration,No Configuration)
2023-08-27 17:55:39,638 [INFO] PinOutPanel:1499 - setPackage(STM32F103C8Tx,LQFP48)
2023-08-27 17:55:40,355 [INFO] UtilMem:75 - Before build in PCC Used Memory: 241153080 Bytes (587202560)
2023-08-27 17:55:41,391 [INFO] UtilMem:75 - After build in PCC Used Memory: 335308672 Bytes (587202560)
2023-08-27 17:55:41,433 [INFO] IPUIPlugin:80 - create IPUIPlugin
2023-08-27 17:55:41,433 [INFO] IPUIPlugin:80 - create IPUIPlugin
2023-08-27 17:55:41,433 [INFO] IPUIPlugin:80 - create IPUIPlugin
2023-08-27 17:55:41,433 [INFO] IPUIPlugin:80 - create IPUIPlugin
2023-08-27 17:55:41,433 [INFO] IPUIPlugin:80 - create IPUIPlugin
2023-08-27 17:55:41,433 [INFO] IPUIPlugin:80 - create IPUIPlugin
2023-08-27 17:55:41,434 [INFO] IPUIPlugin:80 - create IPUIPlugin
2023-08-27 17:55:41,434 [INFO] IPUIPlugin:80 - create IPUIPlugin
2023-08-27 17:55:41,434 [INFO] IPUIPlugin:80 - create IPUIPlugin
2023-08-27 17:55:41,434 [INFO] IPUIPlugin:80 - create IPUIPlugin
2023-08-27 17:55:41,434 [INFO] IPUIPlugin:80 - create IPUIPlugin
2023-08-27 17:55:41,434 [INFO] IPUIPlugin:80 - create IPUIPlugin
2023-08-27 17:55:41,435 [INFO] IPUIPlugin:80 - create IPUIPlugin
2023-08-27 17:55:41,435 [INFO] IPUIPlugin:80 - create IPUIPlugin
2023-08-27 17:55:41,435 [INFO] IPUIPlugin:80 - create IPUIPlugin
2023-08-27 17:55:41,435 [INFO] IPUIPlugin:80 - create IPUIPlugin
2023-08-27 17:55:41,436 [INFO] IPUIPlugin:80 - create IPUIPlugin
2023-08-27 17:55:41,436 [INFO] IPUIPlugin:80 - create IPUIPlugin
2023-08-27 17:55:41,436 [INFO] IPUIPlugin:80 - create IPUIPlugin
2023-08-27 17:55:41,436 [INFO] IPUIPlugin:80 - create IPUIPlugin
2023-08-27 17:55:41,436 [INFO] IPUIPlugin:80 - create IPUIPlugin
2023-08-27 17:55:41,437 [INFO] IPUIPlugin:80 - create IPUIPlugin
2023-08-27 17:55:41,437 [INFO] IPUIPlugin:80 - create IPUIPlugin
2023-08-27 17:55:41,437 [INFO] IPUIPlugin:80 - create IPUIPlugin
2023-08-27 17:55:41,438 [INFO] IPUIPlugin:80 - create IPUIPlugin
2023-08-27 17:55:41,439 [INFO] IPUIPlugin:80 - create IPUIPlugin
2023-08-27 17:55:41,439 [INFO] IPUIPlugin:80 - create IPUIPlugin
2023-08-27 17:55:41,458 [INFO] Can:71 - Can Add PropertyChangeListener com.st.microxplorer.plugins.ip.can.Can@7e479492
2023-08-27 17:55:41,764 [INFO] CADModel:165 - CPN selected for project levelSTM32F103C8T6
2023-08-27 17:55:41,764 [INFO] CADModel:114 - Register for checkConnection events
2023-08-27 17:55:41,843 [INFO] OpenFileManager:328 - Restore cursor
2023-08-27 17:58:12,975 [ERROR] LogOutputStream:75 - [STDERR_REDIRECT] Exception in thread "AWT-EventQueue-0" java.lang.ClassCastException: class sun.awt.windows.WEmbeddedFrame cannot be cast to class javax.swing.JFrame (sun.awt.windows.WEmbeddedFrame and javax.swing.JFrame are in module java.desktop of loader 'bootstrap')
2023-08-27 17:58:12,978 [ERROR] LogOutputStream:75 - [STDERR_REDIRECT] 	at com.st.microxplorer.plugins.clock.ClockConfigurationView.activatePlugin(ClockConfigurationView.java:425)
2023-08-27 17:58:12,980 [ERROR] LogOutputStream:75 - [STDERR_REDIRECT] 	at com.st.microxplorer.maingui.MainPanel$1.stateChanged(MainPanel.java:367)
2023-08-27 17:58:12,981 [ERROR] LogOutputStream:75 - [STDERR_REDIRECT] 	at java.desktop/javax.swing.JTabbedPane.fireStateChanged(JTabbedPane.java:444)
2023-08-27 17:58:12,982 [ERROR] LogOutputStream:75 - [STDERR_REDIRECT] 	at java.desktop/javax.swing.JTabbedPane$ModelListener.stateChanged(JTabbedPane.java:295)
2023-08-27 17:58:12,983 [ERROR] LogOutputStream:75 - [STDERR_REDIRECT] 	at java.desktop/javax.swing.DefaultSingleSelectionModel.fireStateChanged(DefaultSingleSelectionModel.java:148)
2023-08-27 17:58:12,985 [ERROR] LogOutputStream:75 - [STDERR_REDIRECT] 	at java.desktop/javax.swing.DefaultSingleSelectionModel.setSelectedIndex(DefaultSingleSelectionModel.java:79)
2023-08-27 17:58:12,986 [ERROR] LogOutputStream:75 - [STDERR_REDIRECT] 	at java.desktop/javax.swing.JTabbedPane.setSelectedIndexImpl(JTabbedPane.java:648)
2023-08-27 17:58:12,987 [ERROR] LogOutputStream:75 - [STDERR_REDIRECT] 	at java.desktop/javax.swing.JTabbedPane.setSelectedIndex(JTabbedPane.java:623)
2023-08-27 17:58:12,988 [ERROR] LogOutputStream:75 - [STDERR_REDIRECT] 	at java.desktop/javax.swing.plaf.basic.BasicTabbedPaneUI$Handler.mousePressed(BasicTabbedPaneUI.java:4101)
2023-08-27 17:58:12,989 [ERROR] LogOutputStream:75 - [STDERR_REDIRECT] 	at java.desktop/java.awt.Component.processMouseEvent(Component.java:6623)
2023-08-27 17:58:12,990 [ERROR] LogOutputStream:75 - [STDERR_REDIRECT] 	at java.desktop/javax.swing.JComponent.processMouseEvent(JComponent.java:3389)
2023-08-27 17:58:12,991 [ERROR] LogOutputStream:75 - [STDERR_REDIRECT] 	at java.desktop/java.awt.Component.processEvent(Component.java:6391)
2023-08-27 17:58:12,992 [ERROR] LogOutputStream:75 - [STDERR_REDIRECT] 	at java.desktop/java.awt.Container.processEvent(Container.java:2266)
2023-08-27 17:58:12,993 [ERROR] LogOutputStream:75 - [STDERR_REDIRECT] 	at java.desktop/java.awt.Component.dispatchEventImpl(Component.java:5001)
2023-08-27 17:58:12,995 [ERROR] LogOutputStream:75 - [STDERR_REDIRECT] 	at java.desktop/java.awt.Container.dispatchEventImpl(Container.java:2324)
2023-08-27 17:58:12,997 [ERROR] LogOutputStream:75 - [STDERR_REDIRECT] 	at java.desktop/java.awt.Component.dispatchEvent(Component.java:4833)
2023-08-27 17:58:13,000 [ERROR] LogOutputStream:75 - [STDERR_REDIRECT] 	at java.desktop/java.awt.LightweightDispatcher.retargetMouseEvent(Container.java:4948)
2023-08-27 17:58:13,004 [ERROR] LogOutputStream:75 - [STDERR_REDIRECT] 	at java.desktop/java.awt.LightweightDispatcher.processMouseEvent(Container.java:4572)
2023-08-27 17:58:13,005 [ERROR] LogOutputStream:75 - [STDERR_REDIRECT] 	at java.desktop/java.awt.LightweightDispatcher.dispatchEvent(Container.java:4516)
2023-08-27 17:58:13,006 [ERROR] LogOutputStream:75 - [STDERR_REDIRECT] 	at java.desktop/java.awt.Container.dispatchEventImpl(Container.java:2310)
2023-08-27 17:58:13,007 [ERROR] LogOutputStream:75 - [STDERR_REDIRECT] 	at java.desktop/java.awt.Component.dispatchEvent(Component.java:4833)
2023-08-27 17:58:13,008 [ERROR] LogOutputStream:75 - [STDERR_REDIRECT] 	at java.desktop/java.awt.EventQueue.dispatchEventImpl(EventQueue.java:773)
2023-08-27 17:58:13,010 [ERROR] LogOutputStream:75 - [STDERR_REDIRECT] 	at java.desktop/java.awt.EventQueue$4.run(EventQueue.java:722)
2023-08-27 17:58:13,011 [ERROR] LogOutputStream:75 - [STDERR_REDIRECT] 	at java.desktop/java.awt.EventQueue$4.run(EventQueue.java:716)
2023-08-27 17:58:13,013 [ERROR] LogOutputStream:75 - [STDERR_REDIRECT] 	at java.base/java.security.AccessController.doPrivileged(AccessController.java:399)
2023-08-27 17:58:13,016 [ERROR] LogOutputStream:75 - [STDERR_REDIRECT] 	at java.base/java.security.ProtectionDomain$JavaSecurityAccessImpl.doIntersectionPrivilege(ProtectionDomain.java:86)
2023-08-27 17:58:13,019 [ERROR] LogOutputStream:75 - [STDERR_REDIRECT] 	at java.base/java.security.ProtectionDomain$JavaSecurityAccessImpl.doIntersectionPrivilege(ProtectionDomain.java:97)
2023-08-27 17:58:13,020 [ERROR] LogOutputStream:75 - [STDERR_REDIRECT] 	at java.desktop/java.awt.EventQueue$5.run(EventQueue.java:746)
2023-08-27 17:58:13,020 [ERROR] LogOutputStream:75 - [STDERR_REDIRECT] 	at java.desktop/java.awt.EventQueue$5.run(EventQueue.java:744)
2023-08-27 17:58:13,021 [ERROR] LogOutputStream:75 - [STDERR_REDIRECT] 	at java.base/java.security.AccessController.doPrivileged(AccessController.java:399)
2023-08-27 17:58:13,022 [ERROR] LogOutputStream:75 - [STDERR_REDIRECT] 	at java.base/java.security.ProtectionDomain$JavaSecurityAccessImpl.doIntersectionPrivilege(ProtectionDomain.java:86)
2023-08-27 17:58:13,023 [ERROR] LogOutputStream:75 - [STDERR_REDIRECT] 	at java.desktop/java.awt.EventQueue.dispatchEvent(EventQueue.java:743)
2023-08-27 17:58:13,024 [ERROR] LogOutputStream:75 - [STDERR_REDIRECT] 	at java.desktop/java.awt.EventDispatchThread.pumpOneEventForFilters(EventDispatchThread.java:203)
2023-08-27 17:58:13,026 [ERROR] LogOutputStream:75 - [STDERR_REDIRECT] 	at java.desktop/java.awt.EventDispatchThread.pumpEventsForFilter(EventDispatchThread.java:124)
2023-08-27 17:58:13,027 [ERROR] LogOutputStream:75 - [STDERR_REDIRECT] 	at java.desktop/java.awt.EventDispatchThread.pumpEventsForHierarchy(EventDispatchThread.java:113)
2023-08-27 17:58:13,029 [ERROR] LogOutputStream:75 - [STDERR_REDIRECT] 	at java.desktop/java.awt.EventDispatchThread.pumpEvents(EventDispatchThread.java:109)
2023-08-27 17:58:13,031 [ERROR] LogOutputStream:75 - [STDERR_REDIRECT] 	at java.desktop/java.awt.EventDispatchThread.pumpEvents(EventDispatchThread.java:101)
2023-08-27 17:58:13,033 [ERROR] LogOutputStream:75 - [STDERR_REDIRECT] 	at java.desktop/java.awt.EventDispatchThread.run(EventDispatchThread.java:90)
2023-08-27 17:58:51,545 [INFO] NvicIntPanel:101 - NVIC parent = com.st.microxplorer.plugins.ip.nvic.MultiNvicIntPanel[,0,0,0x0,invalid,layout=javax.swing.BoxLayout,alignmentX=0.0,alignmentY=0.0,border=,flags=9,maximumSize=,minimumSize=,preferredSize=]
2023-08-27 17:58:51,627 [INFO] NvicIntPanel:101 - NVIC parent = com.st.microxplorer.plugins.ip.nvic.MultiNvicIntPanel[,0,0,0x0,invalid,layout=javax.swing.BoxLayout,alignmentX=0.0,alignmentY=0.0,border=,flags=9,maximumSize=,minimumSize=,preferredSize=]
2023-08-27 17:58:55,191 [INFO] NvicIntPanel:101 - NVIC parent = com.st.microxplorer.plugins.ip.nvic.MultiNvicIntPanel[,0,0,0x0,invalid,layout=javax.swing.BoxLayout,alignmentX=0.0,alignmentY=0.0,border=,flags=9,maximumSize=,minimumSize=,preferredSize=]
2023-08-27 17:58:55,309 [INFO] NvicIntPanel:101 - NVIC parent = com.st.microxplorer.plugins.ip.nvic.MultiNvicIntPanel[,0,0,0x0,invalid,layout=javax.swing.BoxLayout,alignmentX=0.0,alignmentY=0.0,border=,flags=9,maximumSize=,minimumSize=,preferredSize=]
2023-08-27 17:59:06,154 [ERROR] LogOutputStream:75 - [STDERR_REDIRECT] java.lang.Error: no ComponentUI class for: com.st.microxplorer.plugins.ip.nvic.CheckBoxHeader[,0,0,0x0,invalid,alignmentX=0.0,alignmentY=0.0,border=,flags=0,maximumSize=,minimumSize=,preferredSize=,defaultIcon=,disabledIcon=,disabledSelectedIcon=,margin=null,paintBorder=true,paintFocus=true,pressedIcon=,rolloverEnabled=false,rolloverIcon=,rolloverSelectedIcon=,selectedIcon=,text=]
2023-08-27 17:59:06,156 [ERROR] LogOutputStream:75 - [STDERR_REDIRECT] 	at java.desktop/javax.swing.UIDefaults.getUIError(UIDefaults.java:763)
2023-08-27 17:59:06,158 [ERROR] LogOutputStream:75 - [STDERR_REDIRECT] 	at java.desktop/javax.swing.MultiUIDefaults.getUIError(MultiUIDefaults.java:144)
2023-08-27 17:59:06,159 [ERROR] LogOutputStream:75 - [STDERR_REDIRECT] 	at java.desktop/javax.swing.UIDefaults.getUI(UIDefaults.java:793)
2023-08-27 17:59:06,159 [ERROR] LogOutputStream:75 - [STDERR_REDIRECT] 	at java.desktop/javax.swing.UIManager.getUI(UIManager.java:1073)
2023-08-27 17:59:06,160 [ERROR] LogOutputStream:75 - [STDERR_REDIRECT] 	at java.desktop/javax.swing.JCheckBox.updateUI(JCheckBox.java:228)
2023-08-27 17:59:06,161 [ERROR] LogOutputStream:75 - [STDERR_REDIRECT] 	at java.desktop/javax.swing.AbstractButton.init(AbstractButton.java:2141)
2023-08-27 17:59:06,162 [ERROR] LogOutputStream:75 - [STDERR_REDIRECT] 	at java.desktop/javax.swing.JToggleButton.<init>(JToggleButton.java:187)
2023-08-27 17:59:06,163 [ERROR] LogOutputStream:75 - [STDERR_REDIRECT] 	at java.desktop/javax.swing.JCheckBox.<init>(JCheckBox.java:176)
2023-08-27 17:59:06,164 [ERROR] LogOutputStream:75 - [STDERR_REDIRECT] 	at java.desktop/javax.swing.JCheckBox.<init>(JCheckBox.java:97)
2023-08-27 17:59:06,165 [ERROR] LogOutputStream:75 - [STDERR_REDIRECT] 	at com.st.microxplorer.plugins.ip.nvic.CheckBoxHeader.<init>(CheckBoxHeader.java:55)
2023-08-27 17:59:06,166 [ERROR] LogOutputStream:75 - [STDERR_REDIRECT] 	at com.st.microxplorer.plugins.ip.nvic.NvicCodeSelectionTable.<init>(NvicCodeSelectionTable.java:75)
2023-08-27 17:59:06,168 [ERROR] LogOutputStream:75 - [STDERR_REDIRECT] 	at com.st.microxplorer.plugins.ip.nvic.NvicCodePanel.initComponents(NvicCodePanel.java:102)
2023-08-27 17:59:06,170 [ERROR] LogOutputStream:75 - [STDERR_REDIRECT] 	at com.st.microxplorer.plugins.ip.nvic.NvicCodePanel.<init>(NvicCodePanel.java:78)
2023-08-27 17:59:06,171 [ERROR] LogOutputStream:75 - [STDERR_REDIRECT] 	at com.st.microxplorer.plugins.ip.nvic.NvicTabbedPanel.<init>(NvicTabbedPanel.java:56)
2023-08-27 17:59:06,173 [ERROR] LogOutputStream:75 - [STDERR_REDIRECT] 	at com.st.microxplorer.plugins.ip.nvic.Nvic.getUI(Nvic.java:73)
2023-08-27 17:59:06,174 [ERROR] LogOutputStream:75 - [STDERR_REDIRECT] 	at com.st.microxplorer.plugins.ipmanager.gui.BlockDiagram.createIpPanel(BlockDiagram.java:422)
2023-08-27 17:59:06,176 [ERROR] LogOutputStream:75 - [STDERR_REDIRECT] 	at com.st.microxplorer.plugins.ipmanager.gui.BlockDiagram.getIPConfigPanel(BlockDiagram.java:560)
2023-08-27 17:59:06,177 [ERROR] LogOutputStream:75 - [STDERR_REDIRECT] 	at com.st.microxplorer.plugins.ipmanager.gui.BlockDiagram.getIPConfigPanel(BlockDiagram.java:466)
2023-08-27 17:59:06,179 [ERROR] LogOutputStream:75 - [STDERR_REDIRECT] 	at com.st.microxplorer.plugins.ipmanager.gui.BlockDiagram.propertyChange(BlockDiagram.java:1387)
2023-08-27 17:59:06,180 [ERROR] LogOutputStream:75 - [STDERR_REDIRECT] 	at java.desktop/java.beans.PropertyChangeSupport.fire(PropertyChangeSupport.java:343)
2023-08-27 17:59:06,181 [ERROR] LogOutputStream:75 - [STDERR_REDIRECT] 	at java.desktop/java.beans.PropertyChangeSupport.firePropertyChange(PropertyChangeSupport.java:335)
2023-08-27 17:59:06,183 [ERROR] LogOutputStream:75 - [STDERR_REDIRECT] 	at java.desktop/java.beans.PropertyChangeSupport.firePropertyChange(PropertyChangeSupport.java:268)
2023-08-27 17:59:06,184 [ERROR] LogOutputStream:75 - [STDERR_REDIRECT] 	at com.st.microxplorer.util.MXPropertyChangeSupport.firePropertyChange(MXPropertyChangeSupport.java:54)
2023-08-27 17:59:06,185 [ERROR] LogOutputStream:75 - [STDERR_REDIRECT] 	at com.st.microxplorer.mxsystem.MxSystem.firePropertyChange(MxSystem.java:358)
2023-08-27 17:59:06,186 [ERROR] LogOutputStream:75 - [STDERR_REDIRECT] 	at com.st.microxplorer.plugins.pinoutconfig.guiV5.PeripheralsSelectionPanel.selectIP(PeripheralsSelectionPanel.java:409)
2023-08-27 17:59:06,188 [ERROR] LogOutputStream:75 - [STDERR_REDIRECT] 	at com.st.microxplorer.plugins.pinoutconfig.guiV5.PeripheralsListListener.mouseClicked(PeripheralsListListener.java:103)
2023-08-27 17:59:06,189 [ERROR] LogOutputStream:75 - [STDERR_REDIRECT] 	at java.desktop/java.awt.AWTEventMulticaster.mouseClicked(AWTEventMulticaster.java:278)
2023-08-27 17:59:06,190 [ERROR] LogOutputStream:75 - [STDERR_REDIRECT] 	at java.desktop/java.awt.Component.processMouseEvent(Component.java:6629)
2023-08-27 17:59:06,191 [ERROR] LogOutputStream:75 - [STDERR_REDIRECT] 	at java.desktop/javax.swing.JComponent.processMouseEvent(JComponent.java:3389)
2023-08-27 17:59:06,192 [ERROR] LogOutputStream:75 - [STDERR_REDIRECT] 	at java.desktop/java.awt.Component.processEvent(Component.java:6391)
2023-08-27 17:59:06,194 [ERROR] LogOutputStream:75 - [STDERR_REDIRECT] 	at java.desktop/java.awt.Container.processEvent(Container.java:2266)
2023-08-27 17:59:06,195 [ERROR] LogOutputStream:75 - [STDERR_REDIRECT] 	at java.desktop/java.awt.Component.dispatchEventImpl(Component.java:5001)
2023-08-27 17:59:06,196 [ERROR] LogOutputStream:75 - [STDERR_REDIRECT] 	at java.desktop/java.awt.Container.dispatchEventImpl(Container.java:2324)
2023-08-27 17:59:06,197 [ERROR] LogOutputStream:75 - [STDERR_REDIRECT] 	at java.desktop/java.awt.Component.dispatchEvent(Component.java:4833)
2023-08-27 17:59:06,198 [ERROR] LogOutputStream:75 - [STDERR_REDIRECT] 	at java.desktop/java.awt.LightweightDispatcher.retargetMouseEvent(Container.java:4948)
2023-08-27 17:59:06,199 [ERROR] LogOutputStream:75 - [STDERR_REDIRECT] 	at java.desktop/java.awt.LightweightDispatcher.processMouseEvent(Container.java:4584)
2023-08-27 17:59:06,200 [ERROR] LogOutputStream:75 - [STDERR_REDIRECT] 	at java.desktop/java.awt.LightweightDispatcher.dispatchEvent(Container.java:4516)
2023-08-27 17:59:06,201 [ERROR] LogOutputStream:75 - [STDERR_REDIRECT] 	at java.desktop/java.awt.Container.dispatchEventImpl(Container.java:2310)
2023-08-27 17:59:06,202 [ERROR] LogOutputStream:75 - [STDERR_REDIRECT] 	at java.desktop/java.awt.Component.dispatchEvent(Component.java:4833)
2023-08-27 17:59:06,203 [ERROR] LogOutputStream:75 - [STDERR_REDIRECT] 	at java.desktop/java.awt.EventQueue.dispatchEventImpl(EventQueue.java:773)
2023-08-27 17:59:06,204 [ERROR] LogOutputStream:75 - [STDERR_REDIRECT] 	at java.desktop/java.awt.EventQueue$4.run(EventQueue.java:722)
2023-08-27 17:59:06,205 [ERROR] LogOutputStream:75 - [STDERR_REDIRECT] 	at java.desktop/java.awt.EventQueue$4.run(EventQueue.java:716)
2023-08-27 17:59:06,207 [ERROR] LogOutputStream:75 - [STDERR_REDIRECT] 	at java.base/java.security.AccessController.doPrivileged(AccessController.java:399)
2023-08-27 17:59:06,208 [ERROR] LogOutputStream:75 - [STDERR_REDIRECT] 	at java.base/java.security.ProtectionDomain$JavaSecurityAccessImpl.doIntersectionPrivilege(ProtectionDomain.java:86)
2023-08-27 17:59:06,210 [ERROR] LogOutputStream:75 - [STDERR_REDIRECT] 	at java.base/java.security.ProtectionDomain$JavaSecurityAccessImpl.doIntersectionPrivilege(ProtectionDomain.java:97)
2023-08-27 17:59:06,210 [ERROR] LogOutputStream:75 - [STDERR_REDIRECT] 	at java.desktop/java.awt.EventQueue$5.run(EventQueue.java:746)
2023-08-27 17:59:06,211 [ERROR] LogOutputStream:75 - [STDERR_REDIRECT] 	at java.desktop/java.awt.EventQueue$5.run(EventQueue.java:744)
2023-08-27 17:59:06,212 [ERROR] LogOutputStream:75 - [STDERR_REDIRECT] 	at java.base/java.security.AccessController.doPrivileged(AccessController.java:399)
2023-08-27 17:59:06,213 [ERROR] LogOutputStream:75 - [STDERR_REDIRECT] 	at java.base/java.security.ProtectionDomain$JavaSecurityAccessImpl.doIntersectionPrivilege(ProtectionDomain.java:86)
2023-08-27 17:59:06,214 [ERROR] LogOutputStream:75 - [STDERR_REDIRECT] 	at java.desktop/java.awt.EventQueue.dispatchEvent(EventQueue.java:743)
2023-08-27 17:59:06,215 [ERROR] LogOutputStream:75 - [STDERR_REDIRECT] 	at java.desktop/java.awt.EventDispatchThread.pumpOneEventForFilters(EventDispatchThread.java:203)
2023-08-27 17:59:06,216 [ERROR] LogOutputStream:75 - [STDERR_REDIRECT] 	at java.desktop/java.awt.EventDispatchThread.pumpEventsForFilter(EventDispatchThread.java:124)
2023-08-27 17:59:06,217 [ERROR] LogOutputStream:75 - [STDERR_REDIRECT] 	at java.desktop/java.awt.EventDispatchThread.pumpEventsForHierarchy(EventDispatchThread.java:113)
2023-08-27 17:59:06,219 [ERROR] LogOutputStream:75 - [STDERR_REDIRECT] 	at java.desktop/java.awt.EventDispatchThread.pumpEvents(EventDispatchThread.java:109)
2023-08-27 17:59:06,220 [ERROR] LogOutputStream:75 - [STDERR_REDIRECT] 	at java.desktop/java.awt.EventDispatchThread.pumpEvents(EventDispatchThread.java:101)
2023-08-27 17:59:06,221 [ERROR] LogOutputStream:75 - [STDERR_REDIRECT] 	at java.desktop/java.awt.EventDispatchThread.run(EventDispatchThread.java:90)
2023-08-27 17:59:06,226 [ERROR] LogOutputStream:75 - [STDERR_REDIRECT] java.lang.Error: no ComponentUI class for: com.st.microxplorer.plugins.ip.nvic.CheckBoxHeader[,0,0,0x0,invalid,alignmentX=0.0,alignmentY=0.0,border=,flags=0,maximumSize=,minimumSize=,preferredSize=,defaultIcon=,disabledIcon=,disabledSelectedIcon=,margin=null,paintBorder=true,paintFocus=true,pressedIcon=,rolloverEnabled=false,rolloverIcon=,rolloverSelectedIcon=,selectedIcon=,text=]
2023-08-27 17:59:06,228 [ERROR] LogOutputStream:75 - [STDERR_REDIRECT] 	at java.desktop/javax.swing.UIDefaults.getUIError(UIDefaults.java:763)
2023-08-27 17:59:06,229 [ERROR] LogOutputStream:75 - [STDERR_REDIRECT] 	at java.desktop/javax.swing.MultiUIDefaults.getUIError(MultiUIDefaults.java:144)
2023-08-27 17:59:06,230 [ERROR] LogOutputStream:75 - [STDERR_REDIRECT] 	at java.desktop/javax.swing.UIDefaults.getUI(UIDefaults.java:793)
2023-08-27 17:59:06,231 [ERROR] LogOutputStream:75 - [STDERR_REDIRECT] 	at java.desktop/javax.swing.UIManager.getUI(UIManager.java:1073)
2023-08-27 17:59:06,231 [ERROR] LogOutputStream:75 - [STDERR_REDIRECT] 	at java.desktop/javax.swing.JCheckBox.updateUI(JCheckBox.java:228)
2023-08-27 17:59:06,232 [ERROR] LogOutputStream:75 - [STDERR_REDIRECT] 	at java.desktop/javax.swing.AbstractButton.init(AbstractButton.java:2141)
2023-08-27 17:59:06,233 [ERROR] LogOutputStream:75 - [STDERR_REDIRECT] 	at java.desktop/javax.swing.JToggleButton.<init>(JToggleButton.java:187)
2023-08-27 17:59:06,234 [ERROR] LogOutputStream:75 - [STDERR_REDIRECT] 	at java.desktop/javax.swing.JCheckBox.<init>(JCheckBox.java:176)
2023-08-27 17:59:06,235 [ERROR] LogOutputStream:75 - [STDERR_REDIRECT] 	at java.desktop/javax.swing.JCheckBox.<init>(JCheckBox.java:97)
2023-08-27 17:59:06,236 [ERROR] LogOutputStream:75 - [STDERR_REDIRECT] 	at com.st.microxplorer.plugins.ip.nvic.CheckBoxHeader.<init>(CheckBoxHeader.java:55)
2023-08-27 17:59:06,237 [ERROR] LogOutputStream:75 - [STDERR_REDIRECT] 	at com.st.microxplorer.plugins.ip.nvic.NvicCodeSelectionTable.<init>(NvicCodeSelectionTable.java:78)
2023-08-27 17:59:06,238 [ERROR] LogOutputStream:75 - [STDERR_REDIRECT] 	at com.st.microxplorer.plugins.ip.nvic.NvicCodePanel.initComponents(NvicCodePanel.java:102)
2023-08-27 17:59:06,240 [ERROR] LogOutputStream:75 - [STDERR_REDIRECT] 	at com.st.microxplorer.plugins.ip.nvic.NvicCodePanel.<init>(NvicCodePanel.java:78)
2023-08-27 17:59:06,241 [ERROR] LogOutputStream:75 - [STDERR_REDIRECT] 	at com.st.microxplorer.plugins.ip.nvic.NvicTabbedPanel.<init>(NvicTabbedPanel.java:56)
2023-08-27 17:59:06,242 [ERROR] LogOutputStream:75 - [STDERR_REDIRECT] 	at com.st.microxplorer.plugins.ip.nvic.Nvic.getUI(Nvic.java:73)
2023-08-27 17:59:06,243 [ERROR] LogOutputStream:75 - [STDERR_REDIRECT] 	at com.st.microxplorer.plugins.ipmanager.gui.BlockDiagram.createIpPanel(BlockDiagram.java:422)
2023-08-27 17:59:06,244 [ERROR] LogOutputStream:75 - [STDERR_REDIRECT] 	at com.st.microxplorer.plugins.ipmanager.gui.BlockDiagram.getIPConfigPanel(BlockDiagram.java:560)
2023-08-27 17:59:06,246 [ERROR] LogOutputStream:75 - [STDERR_REDIRECT] 	at com.st.microxplorer.plugins.ipmanager.gui.BlockDiagram.getIPConfigPanel(BlockDiagram.java:466)
2023-08-27 17:59:06,247 [ERROR] LogOutputStream:75 - [STDERR_REDIRECT] 	at com.st.microxplorer.plugins.ipmanager.gui.BlockDiagram.propertyChange(BlockDiagram.java:1387)
2023-08-27 17:59:06,248 [ERROR] LogOutputStream:75 - [STDERR_REDIRECT] 	at java.desktop/java.beans.PropertyChangeSupport.fire(PropertyChangeSupport.java:343)
2023-08-27 17:59:06,250 [ERROR] LogOutputStream:75 - [STDERR_REDIRECT] 	at java.desktop/java.beans.PropertyChangeSupport.firePropertyChange(PropertyChangeSupport.java:335)
2023-08-27 17:59:06,252 [ERROR] LogOutputStream:75 - [STDERR_REDIRECT] 	at java.desktop/java.beans.PropertyChangeSupport.firePropertyChange(PropertyChangeSupport.java:268)
2023-08-27 17:59:06,253 [ERROR] LogOutputStream:75 - [STDERR_REDIRECT] 	at com.st.microxplorer.util.MXPropertyChangeSupport.firePropertyChange(MXPropertyChangeSupport.java:54)
2023-08-27 17:59:06,254 [ERROR] LogOutputStream:75 - [STDERR_REDIRECT] 	at com.st.microxplorer.mxsystem.MxSystem.firePropertyChange(MxSystem.java:358)
2023-08-27 17:59:06,256 [ERROR] LogOutputStream:75 - [STDERR_REDIRECT] 	at com.st.microxplorer.plugins.pinoutconfig.guiV5.PeripheralsSelectionPanel.selectIP(PeripheralsSelectionPanel.java:409)
2023-08-27 17:59:06,258 [ERROR] LogOutputStream:75 - [STDERR_REDIRECT] 	at com.st.microxplorer.plugins.pinoutconfig.guiV5.PeripheralsListListener.mouseClicked(PeripheralsListListener.java:103)
2023-08-27 17:59:06,259 [ERROR] LogOutputStream:75 - [STDERR_REDIRECT] 	at java.desktop/java.awt.AWTEventMulticaster.mouseClicked(AWTEventMulticaster.java:278)
2023-08-27 17:59:06,259 [ERROR] LogOutputStream:75 - [STDERR_REDIRECT] 	at java.desktop/java.awt.Component.processMouseEvent(Component.java:6629)
2023-08-27 17:59:06,260 [ERROR] LogOutputStream:75 - [STDERR_REDIRECT] 	at java.desktop/javax.swing.JComponent.processMouseEvent(JComponent.java:3389)
2023-08-27 17:59:06,261 [ERROR] LogOutputStream:75 - [STDERR_REDIRECT] 	at java.desktop/java.awt.Component.processEvent(Component.java:6391)
2023-08-27 17:59:06,262 [ERROR] LogOutputStream:75 - [STDERR_REDIRECT] 	at java.desktop/java.awt.Container.processEvent(Container.java:2266)
2023-08-27 17:59:06,263 [ERROR] LogOutputStream:75 - [STDERR_REDIRECT] 	at java.desktop/java.awt.Component.dispatchEventImpl(Component.java:5001)
2023-08-27 17:59:06,263 [ERROR] LogOutputStream:75 - [STDERR_REDIRECT] 	at java.desktop/java.awt.Container.dispatchEventImpl(Container.java:2324)
2023-08-27 17:59:06,264 [ERROR] LogOutputStream:75 - [STDERR_REDIRECT] 	at java.desktop/java.awt.Component.dispatchEvent(Component.java:4833)
2023-08-27 17:59:06,265 [ERROR] LogOutputStream:75 - [STDERR_REDIRECT] 	at java.desktop/java.awt.LightweightDispatcher.retargetMouseEvent(Container.java:4948)
2023-08-27 17:59:06,266 [ERROR] LogOutputStream:75 - [STDERR_REDIRECT] 	at java.desktop/java.awt.LightweightDispatcher.processMouseEvent(Container.java:4584)
2023-08-27 17:59:06,267 [ERROR] LogOutputStream:75 - [STDERR_REDIRECT] 	at java.desktop/java.awt.LightweightDispatcher.dispatchEvent(Container.java:4516)
2023-08-27 17:59:06,268 [ERROR] LogOutputStream:75 - [STDERR_REDIRECT] 	at java.desktop/java.awt.Container.dispatchEventImpl(Container.java:2310)
2023-08-27 17:59:06,270 [ERROR] LogOutputStream:75 - [STDERR_REDIRECT] 	at java.desktop/java.awt.Component.dispatchEvent(Component.java:4833)
2023-08-27 17:59:06,271 [ERROR] LogOutputStream:75 - [STDERR_REDIRECT] 	at java.desktop/java.awt.EventQueue.dispatchEventImpl(EventQueue.java:773)
2023-08-27 17:59:06,272 [ERROR] LogOutputStream:75 - [STDERR_REDIRECT] 	at java.desktop/java.awt.EventQueue$4.run(EventQueue.java:722)
2023-08-27 17:59:06,273 [ERROR] LogOutputStream:75 - [STDERR_REDIRECT] 	at java.desktop/java.awt.EventQueue$4.run(EventQueue.java:716)
2023-08-27 17:59:06,274 [ERROR] LogOutputStream:75 - [STDERR_REDIRECT] 	at java.base/java.security.AccessController.doPrivileged(AccessController.java:399)
2023-08-27 17:59:06,275 [ERROR] LogOutputStream:75 - [STDERR_REDIRECT] 	at java.base/java.security.ProtectionDomain$JavaSecurityAccessImpl.doIntersectionPrivilege(ProtectionDomain.java:86)
2023-08-27 17:59:06,276 [ERROR] LogOutputStream:75 - [STDERR_REDIRECT] 	at java.base/java.security.ProtectionDomain$JavaSecurityAccessImpl.doIntersectionPrivilege(ProtectionDomain.java:97)
2023-08-27 17:59:06,277 [ERROR] LogOutputStream:75 - [STDERR_REDIRECT] 	at java.desktop/java.awt.EventQueue$5.run(EventQueue.java:746)
2023-08-27 17:59:06,278 [ERROR] LogOutputStream:75 - [STDERR_REDIRECT] 	at java.desktop/java.awt.EventQueue$5.run(EventQueue.java:744)
2023-08-27 17:59:06,279 [ERROR] LogOutputStream:75 - [STDERR_REDIRECT] 	at java.base/java.security.AccessController.doPrivileged(AccessController.java:399)
2023-08-27 17:59:06,280 [ERROR] LogOutputStream:75 - [STDERR_REDIRECT] 	at java.base/java.security.ProtectionDomain$JavaSecurityAccessImpl.doIntersectionPrivilege(ProtectionDomain.java:86)
2023-08-27 17:59:06,281 [ERROR] LogOutputStream:75 - [STDERR_REDIRECT] 	at java.desktop/java.awt.EventQueue.dispatchEvent(EventQueue.java:743)
2023-08-27 17:59:06,282 [ERROR] LogOutputStream:75 - [STDERR_REDIRECT] 	at java.desktop/java.awt.EventDispatchThread.pumpOneEventForFilters(EventDispatchThread.java:203)
2023-08-27 17:59:06,284 [ERROR] LogOutputStream:75 - [STDERR_REDIRECT] 	at java.desktop/java.awt.EventDispatchThread.pumpEventsForFilter(EventDispatchThread.java:124)
2023-08-27 17:59:06,285 [ERROR] LogOutputStream:75 - [STDERR_REDIRECT] 	at java.desktop/java.awt.EventDispatchThread.pumpEventsForHierarchy(EventDispatchThread.java:113)
2023-08-27 17:59:06,286 [ERROR] LogOutputStream:75 - [STDERR_REDIRECT] 	at java.desktop/java.awt.EventDispatchThread.pumpEvents(EventDispatchThread.java:109)
2023-08-27 17:59:06,287 [ERROR] LogOutputStream:75 - [STDERR_REDIRECT] 	at java.desktop/java.awt.EventDispatchThread.pumpEvents(EventDispatchThread.java:101)
2023-08-27 17:59:06,288 [ERROR] LogOutputStream:75 - [STDERR_REDIRECT] 	at java.desktop/java.awt.EventDispatchThread.run(EventDispatchThread.java:90)
2023-08-27 17:59:42,054 [INFO] NvicIntPanel:101 - NVIC parent = com.st.microxplorer.plugins.ip.nvic.MultiNvicIntPanel[,0,0,0x0,invalid,layout=javax.swing.BoxLayout,alignmentX=0.0,alignmentY=0.0,border=,flags=9,maximumSize=,minimumSize=,preferredSize=]
2023-08-27 17:59:50,317 [INFO] UtilMem:75 - End SaveConfig() Used Memory: 504964032 Bytes (616562688)
2023-08-27 17:59:52,420 [INFO] UtilMem:75 - End SaveConfig() Used Memory: 538518464 Bytes (616562688)
2023-08-27 17:59:53,189 [INFO] BlockDiagram:2759 - set Specific Code input for plugin: NVIC
2023-08-27 17:59:53,189 [INFO] BlockDiagram:2759 - set Specific Code input for plugin: TIM1_8F1
2023-08-27 17:59:53,190 [INFO] BlockDiagram:2759 - set Specific Code input for plugin: TIM1_8F1
2023-08-27 17:59:53,190 [INFO] BlockDiagram:2759 - set Specific Code input for plugin: TIM1_8F1
2023-08-27 17:59:53,191 [INFO] BlockDiagram:2759 - set Specific Code input for plugin: SYS
2023-08-27 17:59:53,191 [INFO] BlockDiagram:2759 - set Specific Code input for plugin: GPIO
2023-08-27 17:59:53,192 [INFO] BlockDiagram:2759 - set Specific Code input for plugin: CAN
2023-08-27 17:59:53,192 [INFO] BlockDiagram:2759 - set Specific Code input for plugin: RCC
2023-08-27 17:59:53,194 [INFO] CodeGenerator:799 - code generatio: config db path: C:\ST\STM32CubeIDE_1.11.2\STM32CubeIDE\plugins\com.st.stm32cube.common.mx_6.9.1.202307191849\\db\
2023-08-27 17:59:53,471 [INFO] CodeEngine:255 - oldGeneratedFile, D:\Robocon2024\UnitTestCode\BLDC_Driver_Test\MXTmpFiles\license.tmp_save
2023-08-27 17:59:53,924 [INFO] CodeEngine:279 - Generated code: D:\Robocon2024\UnitTestCode\BLDC_Driver_Test\MXTmpFiles\license.tmp
2023-08-27 17:59:54,067 [INFO] CodeEngine:255 - oldGeneratedFile, D:\Robocon2024\UnitTestCode\BLDC_Driver_Test\MXTmpFiles\gpio.tmp_save
2023-08-27 17:59:54,276 [INFO] CodeEngine:279 - Generated code: D:\Robocon2024\UnitTestCode\BLDC_Driver_Test\MXTmpFiles\gpio.tmp
2023-08-27 17:59:54,694 [INFO] CodeEngine:255 - oldGeneratedFile, D:\Robocon2024\UnitTestCode\BLDC_Driver_Test\Core\Src\stm32f1xx_it.c_save
2023-08-27 17:59:54,879 [INFO] CodeEngine:279 - Generated code: D:\Robocon2024\UnitTestCode\BLDC_Driver_Test\Core\Src\stm32f1xx_it.c
2023-08-27 17:59:54,895 [INFO] CodeEngine:255 - oldGeneratedFile, D:\Robocon2024\UnitTestCode\BLDC_Driver_Test\Core\Inc\stm32f1xx_it.h_save
2023-08-27 17:59:55,009 [INFO] CodeEngine:279 - Generated code: D:\Robocon2024\UnitTestCode\BLDC_Driver_Test\Core\Inc\stm32f1xx_it.h
2023-08-27 17:59:55,051 [INFO] CodeEngine:255 - oldGeneratedFile, D:\Robocon2024\UnitTestCode\BLDC_Driver_Test\Core\Src\stm32f1xx_hal_msp.c_save
2023-08-27 17:59:55,264 [INFO] CodeEngine:279 - Generated code: D:\Robocon2024\UnitTestCode\BLDC_Driver_Test\Core\Src\stm32f1xx_hal_msp.c
2023-08-27 17:59:55,280 [INFO] CodeEngine:255 - oldGeneratedFile, D:\Robocon2024\UnitTestCode\BLDC_Driver_Test\MXTmpFiles\system.tmp_save
2023-08-27 17:59:55,375 [INFO] CodeEngine:279 - Generated code: D:\Robocon2024\UnitTestCode\BLDC_Driver_Test\MXTmpFiles\system.tmp
2023-08-27 17:59:55,412 [INFO] CodeEngine:311 - oldGeneratedFile, D:\Robocon2024\UnitTestCode\BLDC_Driver_Test\Core\Inc\stm32f1xx_hal_conf.h_save
2023-08-27 17:59:55,542 [INFO] CodeEngine:335 - Generated code: D:\Robocon2024\UnitTestCode\BLDC_Driver_Test\Core\Inc\stm32f1xx_hal_conf.h
2023-08-27 17:59:55,574 [WARN] IPConfigManager:3431 - IP not found : TIM
2023-08-27 17:59:55,575 [WARN] CodeGenerator:3760 - IP not found : null
2023-08-27 17:59:55,603 [INFO] CodeEngine:255 - oldGeneratedFile, D:\Robocon2024\UnitTestCode\BLDC_Driver_Test\Core\Inc\main.h_save
2023-08-27 17:59:55,724 [INFO] CodeEngine:279 - Generated code: D:\Robocon2024\UnitTestCode\BLDC_Driver_Test\Core\Inc\main.h
2023-08-27 17:59:55,748 [INFO] CodeEngine:255 - oldGeneratedFile, D:\Robocon2024\UnitTestCode\BLDC_Driver_Test\Core\Src\main.c_save
2023-08-27 17:59:56,030 [INFO] CodeEngine:279 - Generated code: D:\Robocon2024\UnitTestCode\BLDC_Driver_Test\Core\Src\main.c
2023-08-27 17:59:56,678 [INFO] ProjectBuilder:3064 - Time for Copy HAL[1] : 169mS.
2023-08-27 17:59:56,684 [INFO] ProjectBuilder:4404 - Project Generator version: 4.1.0
2023-08-27 17:59:57,193 [INFO] ConfigFileManager:1457 - The Die is : DIE410
2023-08-27 17:59:57,220 [INFO] ApiDbMcu:507 - Load IP Config File for FATFS
2023-08-27 17:59:57,254 [INFO] ApiDbMcu:507 - Load IP Config File for FREERTOS
2023-08-27 17:59:57,271 [INFO] ApiDbMcu:507 - Load IP Config File for USB_DEVICE
2023-08-27 17:59:58,635 [INFO] LogOutputStream:77 - [STDOUT_REDIRECT] 
2023-08-27 18:00:00,310 [INFO] ProjectBuilder:4626 - Time for Generating toolchain IDE Files: 3625mS.
2023-08-27 18:00:00,311 [INFO] ProjectBuilder:2935 - Time for Copy CMSIS : 1mS.
2023-08-27 18:00:00,313 [INFO] ProjectBuilder:2935 - Time for Copy CMSIS : 0mS.
2023-08-27 20:54:16,839 [INFO] Gpio:273 - dependency for GPIO [CAN, SYS, TIM2, TIM3, TIM4]
2023-08-27 20:54:24,677 [INFO] UtilMem:75 - End SaveConfig() Used Memory: 262887288 Bytes (852492288)
2023-08-27 20:54:26,870 [INFO] UtilMem:75 - End SaveConfig() Used Memory: 315559832 Bytes (852492288)
2023-08-27 20:54:27,337 [INFO] BlockDiagram:2759 - set Specific Code input for plugin: NVIC
2023-08-27 20:54:27,338 [INFO] BlockDiagram:2759 - set Specific Code input for plugin: TIM1_8F1
2023-08-27 20:54:27,338 [INFO] BlockDiagram:2759 - set Specific Code input for plugin: TIM1_8F1
2023-08-27 20:54:27,338 [INFO] BlockDiagram:2759 - set Specific Code input for plugin: TIM1_8F1
2023-08-27 20:54:27,338 [INFO] BlockDiagram:2759 - set Specific Code input for plugin: SYS
2023-08-27 20:54:27,339 [INFO] BlockDiagram:2759 - set Specific Code input for plugin: GPIO
2023-08-27 20:54:27,339 [INFO] BlockDiagram:2759 - set Specific Code input for plugin: CAN
2023-08-27 20:54:27,339 [INFO] BlockDiagram:2759 - set Specific Code input for plugin: RCC
2023-08-27 20:54:27,340 [INFO] CodeGenerator:799 - code generatio: config db path: C:\ST\STM32CubeIDE_1.11.2\STM32CubeIDE\plugins\com.st.stm32cube.common.mx_6.9.1.202307191849\\db\
2023-08-27 20:54:27,522 [INFO] CodeEngine:255 - oldGeneratedFile, D:\Robocon2024\UnitTestCode\BLDC_Driver_Test\MXTmpFiles\license.tmp_save
2023-08-27 20:54:27,705 [INFO] CodeEngine:279 - Generated code: D:\Robocon2024\UnitTestCode\BLDC_Driver_Test\MXTmpFiles\license.tmp
2023-08-27 20:54:27,740 [INFO] CodeEngine:255 - oldGeneratedFile, D:\Robocon2024\UnitTestCode\BLDC_Driver_Test\MXTmpFiles\gpio.tmp_save
2023-08-27 20:54:27,945 [INFO] CodeEngine:279 - Generated code: D:\Robocon2024\UnitTestCode\BLDC_Driver_Test\MXTmpFiles\gpio.tmp
2023-08-27 20:54:28,118 [INFO] CodeEngine:255 - oldGeneratedFile, D:\Robocon2024\UnitTestCode\BLDC_Driver_Test\Core\Src\stm32f1xx_it.c_save
2023-08-27 20:54:28,431 [INFO] CodeEngine:279 - Generated code: D:\Robocon2024\UnitTestCode\BLDC_Driver_Test\Core\Src\stm32f1xx_it.c
2023-08-27 20:54:28,450 [INFO] CodeEngine:255 - oldGeneratedFile, D:\Robocon2024\UnitTestCode\BLDC_Driver_Test\Core\Inc\stm32f1xx_it.h_save
2023-08-27 20:54:28,563 [INFO] CodeEngine:279 - Generated code: D:\Robocon2024\UnitTestCode\BLDC_Driver_Test\Core\Inc\stm32f1xx_it.h
2023-08-27 20:54:28,592 [INFO] CodeEngine:255 - oldGeneratedFile, D:\Robocon2024\UnitTestCode\BLDC_Driver_Test\Core\Src\stm32f1xx_hal_msp.c_save
2023-08-27 20:54:28,774 [INFO] CodeEngine:279 - Generated code: D:\Robocon2024\UnitTestCode\BLDC_Driver_Test\Core\Src\stm32f1xx_hal_msp.c
2023-08-27 20:54:28,779 [INFO] CodeEngine:255 - oldGeneratedFile, D:\Robocon2024\UnitTestCode\BLDC_Driver_Test\MXTmpFiles\system.tmp_save
2023-08-27 20:54:28,860 [INFO] CodeEngine:279 - Generated code: D:\Robocon2024\UnitTestCode\BLDC_Driver_Test\MXTmpFiles\system.tmp
2023-08-27 20:54:28,885 [INFO] CodeEngine:311 - oldGeneratedFile, D:\Robocon2024\UnitTestCode\BLDC_Driver_Test\Core\Inc\stm32f1xx_hal_conf.h_save
2023-08-27 20:54:29,003 [INFO] CodeEngine:335 - Generated code: D:\Robocon2024\UnitTestCode\BLDC_Driver_Test\Core\Inc\stm32f1xx_hal_conf.h
2023-08-27 20:54:29,033 [WARN] IPConfigManager:3431 - IP not found : TIM
2023-08-27 20:54:29,033 [WARN] CodeGenerator:3760 - IP not found : null
2023-08-27 20:54:29,057 [INFO] CodeEngine:255 - oldGeneratedFile, D:\Robocon2024\UnitTestCode\BLDC_Driver_Test\Core\Inc\main.h_save
2023-08-27 20:54:29,200 [INFO] CodeEngine:279 - Generated code: D:\Robocon2024\UnitTestCode\BLDC_Driver_Test\Core\Inc\main.h
2023-08-27 20:54:29,218 [INFO] CodeEngine:255 - oldGeneratedFile, D:\Robocon2024\UnitTestCode\BLDC_Driver_Test\Core\Src\main.c_save
2023-08-27 20:54:29,402 [INFO] CodeEngine:279 - Generated code: D:\Robocon2024\UnitTestCode\BLDC_Driver_Test\Core\Src\main.c
2023-08-27 20:54:30,036 [INFO] ProjectBuilder:3064 - Time for Copy HAL[1] : 101mS.
2023-08-27 20:54:30,038 [INFO] ProjectBuilder:4404 - Project Generator version: 4.1.0
2023-08-27 20:54:30,216 [INFO] ConfigFileManager:1457 - The Die is : DIE410
2023-08-27 20:54:31,775 [INFO] ProjectBuilder:4626 - Time for Generating toolchain IDE Files: 1736mS.
2023-08-27 20:54:31,775 [INFO] ProjectBuilder:2935 - Time for Copy CMSIS : 0mS.
2023-08-27 20:54:31,778 [INFO] ProjectBuilder:2935 - Time for Copy CMSIS : 0mS.
2023-08-27 21:32:43,905 [INFO] UtilMem:75 - End SaveConfig() Used Memory: 311161080 Bytes (825229312)
2023-08-27 21:32:45,109 [INFO] UtilMem:75 - End SaveConfig() Used Memory: 335009480 Bytes (825229312)
2023-08-27 21:32:47,370 [INFO] UtilMem:75 - End SaveConfig() Used Memory: 391106248 Bytes (825229312)
2023-08-27 21:32:47,798 [INFO] BlockDiagram:2759 - set Specific Code input for plugin: NVIC
2023-08-27 21:32:47,798 [INFO] BlockDiagram:2759 - set Specific Code input for plugin: TIM1_8F1
2023-08-27 21:32:47,799 [INFO] BlockDiagram:2759 - set Specific Code input for plugin: TIM1_8F1
2023-08-27 21:32:47,799 [INFO] BlockDiagram:2759 - set Specific Code input for plugin: TIM1_8F1
2023-08-27 21:32:47,799 [INFO] BlockDiagram:2759 - set Specific Code input for plugin: SYS
2023-08-27 21:32:47,799 [INFO] BlockDiagram:2759 - set Specific Code input for plugin: GPIO
2023-08-27 21:32:47,800 [INFO] BlockDiagram:2759 - set Specific Code input for plugin: CAN
2023-08-27 21:32:47,800 [INFO] BlockDiagram:2759 - set Specific Code input for plugin: RCC
2023-08-27 21:32:47,801 [INFO] CodeGenerator:799 - code generatio: config db path: C:\ST\STM32CubeIDE_1.11.2\STM32CubeIDE\plugins\com.st.stm32cube.common.mx_6.9.1.202307191849\\db\
2023-08-27 21:32:47,982 [INFO] CodeEngine:255 - oldGeneratedFile, D:\Robocon2024\UnitTestCode\BLDC_Driver_Test\MXTmpFiles\license.tmp_save
2023-08-27 21:32:48,093 [INFO] CodeEngine:279 - Generated code: D:\Robocon2024\UnitTestCode\BLDC_Driver_Test\MXTmpFiles\license.tmp
2023-08-27 21:32:48,129 [INFO] CodeEngine:255 - oldGeneratedFile, D:\Robocon2024\UnitTestCode\BLDC_Driver_Test\MXTmpFiles\gpio.tmp_save
2023-08-27 21:32:48,251 [INFO] CodeEngine:279 - Generated code: D:\Robocon2024\UnitTestCode\BLDC_Driver_Test\MXTmpFiles\gpio.tmp
2023-08-27 21:32:48,454 [INFO] CodeEngine:255 - oldGeneratedFile, D:\Robocon2024\UnitTestCode\BLDC_Driver_Test\Core\Src\stm32f1xx_it.c_save
2023-08-27 21:32:48,643 [INFO] CodeEngine:279 - Generated code: D:\Robocon2024\UnitTestCode\BLDC_Driver_Test\Core\Src\stm32f1xx_it.c
2023-08-27 21:32:48,653 [INFO] CodeEngine:255 - oldGeneratedFile, D:\Robocon2024\UnitTestCode\BLDC_Driver_Test\Core\Inc\stm32f1xx_it.h_save
2023-08-27 21:32:48,729 [INFO] CodeEngine:279 - Generated code: D:\Robocon2024\UnitTestCode\BLDC_Driver_Test\Core\Inc\stm32f1xx_it.h
2023-08-27 21:32:48,752 [INFO] CodeEngine:255 - oldGeneratedFile, D:\Robocon2024\UnitTestCode\BLDC_Driver_Test\Core\Src\stm32f1xx_hal_msp.c_save
2023-08-27 21:32:48,896 [INFO] CodeEngine:279 - Generated code: D:\Robocon2024\UnitTestCode\BLDC_Driver_Test\Core\Src\stm32f1xx_hal_msp.c
2023-08-27 21:32:48,904 [INFO] CodeEngine:255 - oldGeneratedFile, D:\Robocon2024\UnitTestCode\BLDC_Driver_Test\MXTmpFiles\system.tmp_save
2023-08-27 21:32:48,978 [INFO] CodeEngine:279 - Generated code: D:\Robocon2024\UnitTestCode\BLDC_Driver_Test\MXTmpFiles\system.tmp
2023-08-27 21:32:49,009 [INFO] CodeEngine:311 - oldGeneratedFile, D:\Robocon2024\UnitTestCode\BLDC_Driver_Test\Core\Inc\stm32f1xx_hal_conf.h_save
2023-08-27 21:32:49,112 [INFO] CodeEngine:335 - Generated code: D:\Robocon2024\UnitTestCode\BLDC_Driver_Test\Core\Inc\stm32f1xx_hal_conf.h
2023-08-27 21:32:49,133 [WARN] IPConfigManager:3431 - IP not found : TIM
2023-08-27 21:32:49,133 [WARN] CodeGenerator:3760 - IP not found : null
2023-08-27 21:32:49,163 [INFO] CodeEngine:255 - oldGeneratedFile, D:\Robocon2024\UnitTestCode\BLDC_Driver_Test\Core\Inc\main.h_save
2023-08-27 21:32:49,268 [INFO] CodeEngine:279 - Generated code: D:\Robocon2024\UnitTestCode\BLDC_Driver_Test\Core\Inc\main.h
2023-08-27 21:32:49,288 [INFO] CodeEngine:255 - oldGeneratedFile, D:\Robocon2024\UnitTestCode\BLDC_Driver_Test\Core\Src\main.c_save
2023-08-27 21:32:49,498 [INFO] CodeEngine:279 - Generated code: D:\Robocon2024\UnitTestCode\BLDC_Driver_Test\Core\Src\main.c
2023-08-27 21:32:49,982 [INFO] ProjectBuilder:3064 - Time for Copy HAL[1] : 97mS.
2023-08-27 21:32:49,983 [INFO] ProjectBuilder:4404 - Project Generator version: 4.1.0
2023-08-27 21:32:50,166 [INFO] ConfigFileManager:1457 - The Die is : DIE410
2023-08-27 21:32:52,089 [INFO] ProjectBuilder:4626 - Time for Generating toolchain IDE Files: 2106mS.
2023-08-27 21:32:52,090 [INFO] ProjectBuilder:2935 - Time for Copy CMSIS : 1mS.
2023-08-27 21:32:52,092 [INFO] ProjectBuilder:2935 - Time for Copy CMSIS : 0mS.
