2023-08-26 21:44:26,834 [INFO] Activator:176 - 


2023-08-26 21:44:26,837 [INFO] Activator:177 - !SESSION log4j initialized
2023-08-26 21:44:31,427 [INFO] LogOutputStream:77 - [STDOUT_REDIRECT] 
2023-08-26 21:44:34,267 [INFO] ApplicationProperties:184 - Using Application install path: C:\ST\STM32CubeIDE_1.11.2\STM32CubeIDE\plugins\com.st.stm32cube.common.mx_6.9.1.202307191849
2023-08-26 21:44:34,295 [INFO] DbMcusXml:78 - Set database path to: C:\ST\STM32CubeIDE_1.11.2\STM32CubeIDE\plugins\com.st.stm32cube.common.mx_6.9.1.202307191849\\db\/mcu/
2023-08-26 21:44:34,296 [INFO] ApiDb:274 - Set plugin database path to: C:\ST\STM32CubeIDE_1.11.2\STM32CubeIDE\plugins\com.st.stm32cube.common.mx_6.9.1.202307191849\\db\/plugins/boardmanager/
2023-08-26 21:44:34,297 [WARN] ApiDb:259 - Overriding images path with different value:  => C:\ST\STM32CubeIDE_1.11.2\STM32CubeIDE\plugins\com.st.stm32cube.common.mx_6.9.1.202307191849\\db\/plugins/mcufinder/images/
2023-08-26 21:44:34,317 [INFO] ApiDb:250 - Set database path to: C:\Users\admin\.stmcufinder\plugins\mcufinder//mcu/
2023-08-26 21:44:34,320 [INFO] DbMcusAds:125 - Set database path to: C:\Users\admin\.stmcufinder\plugins\mcufinder//mcu/
2023-08-26 21:44:34,327 [INFO] CrossReferenceDbSqlite:203 - Set database path to: C:\Users\admin\.stmcufinder\plugins\mcufinder//mcu/cs/
2023-08-26 21:44:34,549 [INFO] RulesReader:64 - Compatibility file has been processed (293 Rules)
2023-08-26 21:44:34,716 [INFO] DbMcusXml:78 - Set database path to: C:\ST\STM32CubeIDE_1.11.2\STM32CubeIDE\plugins\com.st.stm32cube.common.mx_6.9.1.202307191849\\db\/mcu/
2023-08-26 21:44:34,716 [INFO] ApiDb:274 - Set plugin database path to: C:\ST\STM32CubeIDE_1.11.2\STM32CubeIDE\plugins\com.st.stm32cube.common.mx_6.9.1.202307191849\\db\/plugins/boardmanager/
2023-08-26 21:44:34,716 [INFO] ApiDb:261 - Set plugin images path to: C:\ST\STM32CubeIDE_1.11.2\STM32CubeIDE\plugins\com.st.stm32cube.common.mx_6.9.1.202307191849\\db\/plugins/mcufinder/images/
2023-08-26 21:44:34,717 [WARN] DbFile:41 - Overriding database path with different value: C:\Users\admin\.stmcufinder\plugins\mcufinder/ => C:\Users\admin\.stmcufinder\plugins\mcufinder
2023-08-26 21:44:34,717 [INFO] ApiDb:250 - Set database path to: C:\Users\admin\.stmcufinder\plugins\mcufinder//mcu/
2023-08-26 21:44:34,717 [WARN] DbFile:41 - Overriding database path with different value: C:\Users\admin\.stmcufinder\plugins\mcufinder/ => C:\Users\admin\.stmcufinder\plugins\mcufinder
2023-08-26 21:44:34,717 [INFO] DbMcusAds:125 - Set database path to: C:\Users\admin\.stmcufinder\plugins\mcufinder//mcu/
2023-08-26 21:44:34,717 [WARN] DbFile:41 - Overriding database path with different value: C:\Users\admin\.stmcufinder\plugins\mcufinder/ => C:\Users\admin\.stmcufinder\plugins\mcufinder
2023-08-26 21:44:34,717 [WARN] DbFile:41 - Overriding database path with different value: C:\Users\admin\.stmcufinder\plugins\mcufinder/ => C:\Users\admin\.stmcufinder\plugins\mcufinder
2023-08-26 21:44:34,718 [INFO] CrossReferenceDbSqlite:203 - Set database path to: C:\Users\admin\.stmcufinder\plugins\mcufinder//mcu/cs/
2023-08-26 21:44:34,880 [INFO] MainPanel:262 - HeapMemory: 268435456
2023-08-26 21:44:35,065 [INFO] DbMcusXml:78 - Set database path to: C:\ST\STM32CubeIDE_1.11.2\STM32CubeIDE\plugins\com.st.stm32cube.common.mx_6.9.1.202307191849\\db\/mcu/
2023-08-26 21:44:35,065 [INFO] ApiDb:274 - Set plugin database path to: C:\ST\STM32CubeIDE_1.11.2\STM32CubeIDE\plugins\com.st.stm32cube.common.mx_6.9.1.202307191849\\db\/plugins/boardmanager/
2023-08-26 21:44:35,066 [INFO] ApiDb:261 - Set plugin images path to: C:\ST\STM32CubeIDE_1.11.2\STM32CubeIDE\plugins\com.st.stm32cube.common.mx_6.9.1.202307191849\\db\/plugins/mcufinder/images/
2023-08-26 21:44:35,066 [WARN] DbFile:41 - Overriding database path with different value: C:\Users\admin\.stmcufinder\plugins\mcufinder/ => C:\Users\admin\.stmcufinder\plugins\mcufinder
2023-08-26 21:44:35,066 [INFO] ApiDb:250 - Set database path to: C:\Users\admin\.stmcufinder\plugins\mcufinder//mcu/
2023-08-26 21:44:35,067 [WARN] DbFile:41 - Overriding database path with different value: C:\Users\admin\.stmcufinder\plugins\mcufinder/ => C:\Users\admin\.stmcufinder\plugins\mcufinder
2023-08-26 21:44:35,067 [INFO] DbMcusAds:125 - Set database path to: C:\Users\admin\.stmcufinder\plugins\mcufinder//mcu/
2023-08-26 21:44:35,067 [WARN] DbFile:41 - Overriding database path with different value: C:\Users\admin\.stmcufinder\plugins\mcufinder/ => C:\Users\admin\.stmcufinder\plugins\mcufinder
2023-08-26 21:44:35,067 [WARN] DbFile:41 - Overriding database path with different value: C:\Users\admin\.stmcufinder\plugins\mcufinder/ => C:\Users\admin\.stmcufinder\plugins\mcufinder
2023-08-26 21:44:35,067 [INFO] CrossReferenceDbSqlite:203 - Set database path to: C:\Users\admin\.stmcufinder\plugins\mcufinder//mcu/cs/
2023-08-26 21:44:35,101 [INFO] ApplicationProperties:184 - Using Application install path: C:\ST\STM32CubeIDE_1.11.2\STM32CubeIDE\plugins\com.st.stm32cube.common.mx_6.9.1.202307191849
2023-08-26 21:44:35,103 [INFO] PluginManage:196 - Search for loadable plugins [exclusion list=, ]
2023-08-26 21:44:35,106 [INFO] PluginManage:310 - Check plugin analytics
2023-08-26 21:44:35,480 [INFO] AnalyticsPlugin:253 - Accepted Software Licenses: 
2023-08-26 21:44:35,482 [INFO] AnalyticsPlugin:255 - Accepted CMSIS Pack Licenses: 
2023-08-26 21:44:35,482 [INFO] AnalyticsPlugin:257 - Accepted Firmware Licenses: 
2023-08-26 21:44:35,486 [INFO] PluginManage:359 - Loaded plugin analytics (category:tool,tabindex:-1)
2023-08-26 21:44:35,487 [INFO] PluginManage:310 - Check plugin cadmodel
2023-08-26 21:44:35,548 [INFO] CADModel:105 - Init CAD model plugin
2023-08-26 21:44:35,548 [INFO] PluginManage:359 - Loaded plugin cadmodel (category:power,tabindex:5)
2023-08-26 21:44:35,548 [INFO] PluginManage:310 - Check plugin clock
2023-08-26 21:44:35,580 [INFO] PluginManage:359 - Loaded plugin clock (category:base,tabindex:2)
2023-08-26 21:44:35,581 [INFO] PluginManage:310 - Check plugin ddr
2023-08-26 21:44:35,584 [INFO] PluginManage:359 - Loaded plugin ddr (category:tool,tabindex:6)
2023-08-26 21:44:35,584 [INFO] PluginManage:310 - Check plugin filemanager
2023-08-26 21:44:35,822 [INFO] PluginManage:359 - Loaded plugin filemanager (category:base,tabindex:10)
2023-08-26 21:44:35,823 [INFO] PluginManage:310 - Check plugin ipmanager
2023-08-26 21:44:35,832 [INFO] PluginManage:359 - Loaded plugin ipmanager (category:base,tabindex:5)
2023-08-26 21:44:35,832 [INFO] PluginManage:310 - Check plugin lpbam
2023-08-26 21:44:35,856 [INFO] PluginManage:359 - Loaded plugin lpbam (category:base,tabindex:0)
2023-08-26 21:44:35,857 [INFO] PluginManage:310 - Check plugin memorymap
2023-08-26 21:44:35,894 [INFO] PluginManage:359 - Loaded plugin memorymap (category:base,tabindex:4)
2023-08-26 21:44:35,894 [INFO] PluginManage:310 - Check plugin pinoutandconfiguration
2023-08-26 21:44:35,917 [INFO] PluginManage:359 - Loaded plugin pinoutandconfiguration (category:base,tabindex:1)
2023-08-26 21:44:35,917 [INFO] PluginManage:310 - Check plugin pinoutconfig
2023-08-26 21:44:36,138 [WARN] SupportedApi:132 - Cannot load RTOS API schema: s4s-elt-must-match.1: The content of 'definitions' must match (annotation?, (simpleType | complexType)?, (unique | key | keyref)*)). A problem was found starting at: attribute.
2023-08-26 21:44:36,394 [INFO] PluginManage:359 - Loaded plugin pinoutconfig (category:base,tabindex:0)
2023-08-26 21:44:36,394 [INFO] PluginManage:310 - Check plugin power
2023-08-26 21:44:36,416 [INFO] PluginManage:359 - Loaded plugin power (category:power,tabindex:4)
2023-08-26 21:44:36,416 [INFO] PluginManage:310 - Check plugin projectmanager
2023-08-26 21:44:36,436 [INFO] PluginManage:359 - Loaded plugin projectmanager (category:projectmanager,tabindex:3)
2023-08-26 21:44:36,436 [INFO] PluginManage:310 - Check plugin thirdparty
2023-08-26 21:44:36,892 [INFO] PluginManage:359 - Loaded plugin thirdparty (category:base,tabindex:-1)
2023-08-26 21:44:36,892 [WARN] IntegrityCheckThread:84 - waiting for thirdparty lock release [integrity check]
2023-08-26 21:44:36,893 [INFO] PluginManage:310 - Check plugin tools
2023-08-26 21:44:36,893 [INFO] IntegrityCheckThread:86 - entering critical section [integrity check]
2023-08-26 21:44:36,893 [INFO] ThirdPartyUpdaterWithRetryManager:70 - Updater plugin not ready yet. [1/15]
2023-08-26 21:44:36,935 [INFO] PluginManage:359 - Loaded plugin tools (category:base,tabindex:7)
2023-08-26 21:44:36,936 [INFO] PluginManage:310 - Check plugin tutovideos
2023-08-26 21:44:37,264 [INFO] PluginManage:359 - Loaded plugin tutovideos (category:base,tabindex:-1)
2023-08-26 21:44:37,264 [INFO] PluginManage:310 - Check plugin updater
2023-08-26 21:44:37,280 [INFO] PluginManage:359 - Loaded plugin updater (category:base,tabindex:12)
2023-08-26 21:44:37,281 [INFO] PluginManage:310 - Check plugin userauth
2023-08-26 21:44:37,292 [INFO] UserAuth:113 - Init User Auth plugin
2023-08-26 21:44:37,292 [INFO] PluginManage:359 - Loaded plugin userauth (category:base,tabindex:14)
2023-08-26 21:44:37,293 [INFO] PluginManage:283 - PluginManage : Loaded plugins [17]
2023-08-26 21:44:37,643 [INFO] PinOutPanel:1499 - setPackage(No Configuration,No Configuration)
2023-08-26 21:44:37,818 [INFO] CADModel:165 - CPN selected for project level
2023-08-26 21:44:37,818 [INFO] CADModel:114 - Register for checkConnection events
2023-08-26 21:44:37,853 [INFO] IPUIPlugin:80 - create IPUIPlugin
2023-08-26 21:44:37,853 [INFO] PluginManager:220 - loadIPPluginJar : add adc
2023-08-26 21:44:37,909 [INFO] IPUIPlugin:80 - create IPUIPlugin
2023-08-26 21:44:37,910 [INFO] PluginManager:220 - loadIPPluginJar : add aes
2023-08-26 21:44:37,967 [INFO] IPUIPlugin:80 - create IPUIPlugin
2023-08-26 21:44:37,968 [INFO] PluginManager:220 - loadIPPluginJar : add can
2023-08-26 21:44:38,002 [INFO] IPUIPlugin:80 - create IPUIPlugin
2023-08-26 21:44:38,002 [INFO] PluginManager:220 - loadIPPluginJar : add comp
2023-08-26 21:44:38,043 [INFO] IPUIPlugin:80 - create IPUIPlugin
2023-08-26 21:44:38,043 [INFO] PluginManager:220 - loadIPPluginJar : add cryp
2023-08-26 21:44:38,076 [INFO] IPUIPlugin:80 - create IPUIPlugin
2023-08-26 21:44:38,077 [INFO] PluginManager:220 - loadIPPluginJar : add dfsdm
2023-08-26 21:44:38,095 [INFO] IPUIPlugin:80 - create IPUIPlugin
2023-08-26 21:44:38,095 [INFO] PluginManager:220 - loadIPPluginJar : add dma
2023-08-26 21:44:38,147 [INFO] IPUIPlugin:80 - create IPUIPlugin
2023-08-26 21:44:38,148 [INFO] PluginManager:220 - loadIPPluginJar : add dma3
2023-08-26 21:44:38,175 [INFO] IPUIPlugin:80 - create IPUIPlugin
2023-08-26 21:44:38,175 [INFO] PluginManager:220 - loadIPPluginJar : add fatfs
2023-08-26 21:44:38,236 [INFO] IPUIPlugin:80 - create IPUIPlugin
2023-08-26 21:44:38,236 [INFO] PluginManager:220 - loadIPPluginJar : add fmc
2023-08-26 21:44:38,255 [INFO] IPUIPlugin:80 - create IPUIPlugin
2023-08-26 21:44:38,255 [INFO] PluginManager:220 - loadIPPluginJar : add freertos
2023-08-26 21:44:38,279 [INFO] IPUIPlugin:80 - create IPUIPlugin
2023-08-26 21:44:38,280 [INFO] PluginManager:220 - loadIPPluginJar : add genericplugin
2023-08-26 21:44:38,402 [INFO] IPUIPlugin:80 - create IPUIPlugin
2023-08-26 21:44:38,402 [INFO] PluginManager:220 - loadIPPluginJar : add gfxmmu
2023-08-26 21:44:38,575 [INFO] IPUIPlugin:80 - create IPUIPlugin
2023-08-26 21:44:38,575 [INFO] PluginManager:220 - loadIPPluginJar : add gic
2023-08-26 21:44:38,588 [INFO] IPUIPlugin:80 - create IPUIPlugin
2023-08-26 21:44:38,588 [INFO] PluginManager:220 - loadIPPluginJar : add gpio
2023-08-26 21:44:38,699 [INFO] IPUIPlugin:80 - create IPUIPlugin
2023-08-26 21:44:38,699 [INFO] PluginManager:220 - loadIPPluginJar : add gtzc
2023-08-26 21:44:38,746 [INFO] IPUIPlugin:80 - create IPUIPlugin
2023-08-26 21:44:38,746 [INFO] PluginManager:220 - loadIPPluginJar : add hash
2023-08-26 21:44:38,822 [INFO] IPUIPlugin:80 - create IPUIPlugin
2023-08-26 21:44:38,822 [INFO] PluginManager:220 - loadIPPluginJar : add i2c
2023-08-26 21:44:38,870 [INFO] IPUIPlugin:80 - create IPUIPlugin
2023-08-26 21:44:38,872 [INFO] PluginManager:220 - loadIPPluginJar : add i2s
2023-08-26 21:44:38,933 [INFO] IPUIPlugin:80 - create IPUIPlugin
2023-08-26 21:44:38,933 [INFO] PluginManager:220 - loadIPPluginJar : add i3c
2023-08-26 21:44:39,053 [INFO] IPUIPlugin:80 - create IPUIPlugin
2023-08-26 21:44:39,053 [INFO] PluginManager:220 - loadIPPluginJar : add ipddr
2023-08-26 21:44:39,174 [INFO] IPUIPlugin:80 - create IPUIPlugin
2023-08-26 21:44:39,175 [INFO] PluginManager:220 - loadIPPluginJar : add linkedlist
2023-08-26 21:44:39,214 [INFO] IPUIPlugin:80 - create IPUIPlugin
2023-08-26 21:44:39,214 [INFO] PluginManager:220 - loadIPPluginJar : add lorawan
2023-08-26 21:44:39,262 [INFO] IPUIPlugin:80 - create IPUIPlugin
2023-08-26 21:44:39,262 [INFO] PluginManager:220 - loadIPPluginJar : add ltdc
2023-08-26 21:44:39,279 [INFO] IPUIPlugin:80 - create IPUIPlugin
2023-08-26 21:44:39,280 [INFO] PluginManager:220 - loadIPPluginJar : add mdma
2023-08-26 21:44:39,292 [INFO] IPUIPlugin:80 - create IPUIPlugin
2023-08-26 21:44:39,294 [INFO] PluginManager:220 - loadIPPluginJar : add nvic
2023-08-26 21:44:39,336 [INFO] IPUIPlugin:80 - create IPUIPlugin
2023-08-26 21:44:39,336 [INFO] PluginManager:220 - loadIPPluginJar : add opamp
2023-08-26 21:44:39,413 [INFO] IPUIPlugin:80 - create IPUIPlugin
2023-08-26 21:44:39,413 [INFO] PluginManager:220 - loadIPPluginJar : add openamp
2023-08-26 21:44:39,463 [INFO] IPUIPlugin:80 - create IPUIPlugin
2023-08-26 21:44:39,465 [INFO] PluginManager:220 - loadIPPluginJar : add pdm2pcm
2023-08-26 21:44:39,481 [INFO] IPUIPlugin:80 - create IPUIPlugin
2023-08-26 21:44:39,483 [INFO] PluginManager:220 - loadIPPluginJar : add plateformsettings
2023-08-26 21:44:39,509 [INFO] IPUIPlugin:80 - create IPUIPlugin
2023-08-26 21:44:39,509 [INFO] PluginManager:220 - loadIPPluginJar : add quadspi
2023-08-26 21:44:39,526 [INFO] IPUIPlugin:80 - create IPUIPlugin
2023-08-26 21:44:39,526 [INFO] PluginManager:220 - loadIPPluginJar : add resmgrutility
2023-08-26 21:44:39,595 [INFO] IPUIPlugin:80 - create IPUIPlugin
2023-08-26 21:44:39,595 [INFO] PluginManager:220 - loadIPPluginJar : add sai
2023-08-26 21:44:39,648 [INFO] IPUIPlugin:80 - create IPUIPlugin
2023-08-26 21:44:39,648 [INFO] PluginManager:220 - loadIPPluginJar : add spi
2023-08-26 21:44:39,719 [INFO] IPUIPlugin:80 - create IPUIPlugin
2023-08-26 21:44:39,719 [INFO] PluginManager:220 - loadIPPluginJar : add stm32_wpan
2023-08-26 21:44:39,744 [INFO] IPUIPlugin:80 - create IPUIPlugin
2023-08-26 21:44:39,745 [INFO] PluginManager:220 - loadIPPluginJar : add tim
2023-08-26 21:44:39,818 [INFO] IPUIPlugin:80 - create IPUIPlugin
2023-08-26 21:44:39,818 [INFO] PluginManager:220 - loadIPPluginJar : add touchsensing
2023-08-26 21:44:39,849 [INFO] IPUIPlugin:80 - create IPUIPlugin
2023-08-26 21:44:39,850 [INFO] PluginManager:220 - loadIPPluginJar : add tracer_emb
2023-08-26 21:44:39,884 [INFO] IPUIPlugin:80 - create IPUIPlugin
2023-08-26 21:44:39,884 [INFO] PluginManager:220 - loadIPPluginJar : add ts
2023-08-26 21:44:39,907 [INFO] ThirdPartyUpdaterWithRetryManager:70 - Updater plugin not ready yet. [2/15]
2023-08-26 21:44:39,914 [INFO] IPUIPlugin:80 - create IPUIPlugin
2023-08-26 21:44:39,914 [INFO] PluginManager:220 - loadIPPluginJar : add tsc
2023-08-26 21:44:39,944 [INFO] IPUIPlugin:80 - create IPUIPlugin
2023-08-26 21:44:39,944 [INFO] PluginManager:220 - loadIPPluginJar : add ucpd
2023-08-26 21:44:40,002 [INFO] IPUIPlugin:80 - create IPUIPlugin
2023-08-26 21:44:40,002 [INFO] PluginManager:220 - loadIPPluginJar : add usart
2023-08-26 21:44:40,062 [INFO] IPUIPlugin:80 - create IPUIPlugin
2023-08-26 21:44:40,063 [INFO] PluginManager:220 - loadIPPluginJar : add usbx
2023-08-26 21:44:40,226 [INFO] CADModel:165 - CPN selected for project level
2023-08-26 21:44:40,226 [INFO] CADModel:114 - Register for checkConnection events
2023-08-26 21:44:40,226 [FATAL] Updater:308 - Updater called before beeing initialized
2023-08-26 21:44:40,227 [ERROR] CADModel:125 - Updater not yet initialized, retry later 
2023-08-26 21:44:40,491 [INFO] CADModel:165 - CPN selected for project level
2023-08-26 21:44:40,491 [INFO] CADModel:114 - Register for checkConnection events
2023-08-26 21:44:40,491 [FATAL] Updater:308 - Updater called before beeing initialized
2023-08-26 21:44:40,491 [ERROR] CADModel:125 - Updater not yet initialized, retry later 
2023-08-26 21:44:40,498 [FATAL] Updater:308 - Updater called before beeing initialized
2023-08-26 21:44:40,716 [FATAL] Updater:308 - Updater called before beeing initialized
2023-08-26 21:44:40,728 [INFO] DbMcusAds:53 - JSON generation date=Tue Mar 07 15:50:55 ICT 2023 (1678179055114)
2023-08-26 21:44:40,728 [FATAL] Updater:308 - Updater called before beeing initialized
2023-08-26 21:44:40,779 [WARN] DetailPanel:346 - Failed to get advertising image, set to default
2023-08-26 21:44:40,935 [FATAL] Updater:308 - Updater called before beeing initialized
2023-08-26 21:44:40,939 [FATAL] Updater:308 - Updater called before beeing initialized
2023-08-26 21:44:40,939 [FATAL] Updater:308 - Updater called before beeing initialized
2023-08-26 21:44:40,940 [WARN] DetailPanel:346 - Failed to get advertising image, set to default
2023-08-26 21:44:40,942 [FATAL] Updater:308 - Updater called before beeing initialized
2023-08-26 21:44:41,052 [ERROR] Updater:1120 - MainUpdater not yet initialized. External WinMGr cannot be set.
2023-08-26 21:44:41,072 [INFO] Updater:1056 - Updater Version found : 6.9.1
2023-08-26 21:44:41,098 [INFO] ApplicationProperties:184 - Using Application install path: C:\ST\STM32CubeIDE_1.11.2\STM32CubeIDE\plugins\com.st.stm32cube.common.mx_6.9.1.202307191849
2023-08-26 21:44:41,569 [INFO] MainUpdater:2868 - connection check result : 10
2023-08-26 21:44:41,569 [INFO] MainUpdater:285 - Updater Check For Update Now.
2023-08-26 21:44:41,570 [INFO] MicroXplorer:498 - Change Database Version : DB.6.0.91
2023-08-26 21:44:41,596 [INFO] McuFinderGlobals:63 - Set McuFinder mode to 2 (CubeIDE integrated)
2023-08-26 21:44:41,858 [INFO] CheckServerUpdateThread:120 - End of CheckServer Thread
2023-08-26 21:44:43,162 [WARN] PackLoader:240 - Cannot read IP mode file for STMicroelectronics.X-CUBE-SMBUS.2.1.0
2023-08-26 21:44:43,244 [WARN] PackLoader:240 - Cannot read IP mode file for STMicroelectronics.X-CUBE-AZRTOS-F7.1.1.0
2023-08-26 21:44:43,275 [ERROR] RealEvaluatedCondition:428 - Found unsupported composite condition: GROUP='STM32_MetaDataManager' CLASS='Data Exchange'
2023-08-26 21:44:43,276 [ERROR] RealEvaluatedCondition:428 - Found unsupported composite condition: GROUP='STM32_MetaDataManager' CLASS='Data Exchange'
2023-08-26 21:44:43,279 [WARN] PackLoader:240 - Cannot read IP mode file for STMicroelectronics.FP-SNS-MOTENV1.4.3.0
2023-08-26 21:44:43,302 [WARN] PackLoader:240 - Cannot read IP mode file for STMicroelectronics.FP-SNS-MOTENV1.4.3.2
2023-08-26 21:44:43,327 [WARN] PackLoader:240 - Cannot read IP mode file for STMicroelectronics.FP-SNS-FLIGHT1.5.0.0
2023-08-26 21:44:43,344 [ERROR] RealEvaluatedCondition:428 - Found unsupported composite condition: CLASS='Data Exchange' GROUP='STM32_MetaDataManager'
2023-08-26 21:44:43,344 [ERROR] RealEvaluatedCondition:428 - Found unsupported composite condition: CLASS='Data Exchange' GROUP='STM32_MetaDataManager'
2023-08-26 21:44:43,348 [WARN] PackLoader:240 - Cannot read IP mode file for STMicroelectronics.FP-SNS-MOTENV1.4.3.1
2023-08-26 21:44:43,367 [WARN] PackLoader:240 - Cannot read IP mode file for STMicroelectronics.FP-SNS-FLIGHT1.5.0.1
2023-08-26 21:44:43,395 [WARN] PackLoader:240 - Cannot read IP mode file for STMicroelectronics.X-CUBE-BLE1.6.2.4
2023-08-26 21:44:43,413 [WARN] PackLoader:240 - Cannot read IP mode file for STMicroelectronics.FP-SNS-FLIGHT1.5.0.2
2023-08-26 21:44:43,442 [WARN] PackLoader:240 - Cannot read IP mode file for STMicroelectronics.X-CUBE-DISPLAY.3.0.0
2023-08-26 21:44:43,466 [WARN] PackLoader:240 - Cannot read IP mode file for STMicroelectronics.X-CUBE-BLE1.7.0.0
2023-08-26 21:44:43,492 [WARN] PackLoader:240 - Cannot read IP mode file for STMicroelectronics.X-CUBE-TOUCHGFX.4.22.0
2023-08-26 21:44:43,527 [INFO] LogOutputStream:77 - [STDOUT_REDIRECT] 1 : Invalid condition id : UX_CORESTACK_Condition cause : null
2023-08-26 21:44:43,528 [INFO] LogOutputStream:77 - [STDOUT_REDIRECT] 1 : Invalid condition id : UX_CORESTACK_Condition cause : null
2023-08-26 21:44:43,529 [INFO] LogOutputStream:77 - [STDOUT_REDIRECT] 1 : Invalid condition id : UX_CORESTACK_Condition cause : null
2023-08-26 21:44:43,531 [INFO] LogOutputStream:77 - [STDOUT_REDIRECT] 1 : Invalid condition id : UX_CORESTACK_Condition cause : null
2023-08-26 21:44:43,532 [INFO] LogOutputStream:77 - [STDOUT_REDIRECT] 1 : Invalid condition id : UX_CORESTACK_Condition cause : null
2023-08-26 21:44:43,537 [WARN] PackLoader:240 - Cannot read IP mode file for STMicroelectronics.X-CUBE-AZRTOS-WL.2.0.0
2023-08-26 21:44:43,565 [WARN] PackLoader:240 - Cannot read IP mode file for WES.I-CUBE-Cesium.1.3.0
2023-08-26 21:44:43,581 [WARN] PackLoader:240 - Cannot read IP mode file for STMicroelectronics.X-CUBE-BLE2.3.3.0
2023-08-26 21:44:43,614 [WARN] PackLoader:240 - Cannot read IP mode file for STMicroelectronics.X-CUBE-TOF1.3.2.0
2023-08-26 21:44:43,644 [WARN] PackLoader:240 - Cannot read IP mode file for STMicroelectronics.X-CUBE-TOUCHGFX.4.21.1
2023-08-26 21:44:43,659 [WARN] PackLoader:240 - Cannot read IP mode file for STMicroelectronics.X-CUBE-TOUCHGFX.4.21.3
2023-08-26 21:44:43,681 [WARN] PackLoader:240 - Cannot read IP mode file for STMicroelectronics.X-CUBE-TOUCHGFX.4.21.4
2023-08-26 21:44:43,698 [WARN] PackLoader:240 - Cannot read IP mode file for STMicroelectronics.X-CUBE-ALGOBUILD.1.3.0
2023-08-26 21:44:43,736 [WARN] PackLoader:240 - Cannot read IP mode file for STMicroelectronics.X-CUBE-AZRTOS-G0.1.1.0
2023-08-26 21:44:43,763 [WARN] PackLoader:240 - Cannot read IP mode file for STMicroelectronics.X-CUBE-NFC4.3.0.0
2023-08-26 21:44:43,784 [WARN] PackLoader:240 - Cannot read IP mode file for STMicroelectronics.X-CUBE-BLEMGR.1.3.0
2023-08-26 21:44:43,813 [WARN] PackLoader:240 - Cannot read IP mode file for STMicroelectronics.FP-ATR-SIGFOX1.3.2.0
2023-08-26 21:44:43,888 [WARN] PackLoader:240 - Cannot read IP mode file for STMicroelectronics.X-CUBE-MEMS1.9.5.0
2023-08-26 21:44:44,284 [WARN] PackLoader:240 - Cannot read IP mode file for SEGGER.I-CUBE-embOS.1.3.1
2023-08-26 21:44:44,359 [WARN] PackLoader:240 - Cannot read IP mode file for STMicroelectronics.X-CUBE-GNSS1.6.0.0
2023-08-26 21:44:44,399 [WARN] PackLoader:240 - Cannot read IP mode file for STMicroelectronics.X-CUBE-AZRTOS-F4.1.1.0
2023-08-26 21:44:44,444 [WARN] PackLoader:240 - Cannot read IP mode file for STMicroelectronics.X-CUBE-AZRTOS-L5.2.0.0
2023-08-26 21:44:44,524 [WARN] PackLoader:240 - Cannot read IP mode file for STMicroelectronics.X-CUBE-MEMS1.9.6.0
2023-08-26 21:44:44,704 [WARN] PackLoader:240 - Cannot read IP mode file for emotas.I-CUBE-CANOPEN.1.1.3
2023-08-26 21:44:44,730 [WARN] PackLoader:240 - Cannot read IP mode file for STMicroelectronics.X-CUBE-BLEMGR.2.0.0
2023-08-26 21:44:44,769 [WARN] ConditionMgr:438 - getConditionDescription Invalid condition id : UX DEVICE CLASS RTOS Condition cause : null
2023-08-26 21:44:44,770 [WARN] ConditionMgr:438 - getConditionDescription Invalid condition id : UX DEVICE CLASS RTOS Condition cause : null
2023-08-26 21:44:44,776 [WARN] PackLoader:240 - Cannot read IP mode file for STMicroelectronics.X-CUBE-AZRTOS-H7.3.1.0
2023-08-26 21:44:44,778 [WARN] ConditionMgr:1039 - genDependencies : Invalid condition id : UX DEVICE CLASS RTOS Condition cause : null
2023-08-26 21:44:44,778 [WARN] ConditionMgr:1039 - genDependencies : Invalid condition id : UX DEVICE CLASS RTOS Condition cause : null
2023-08-26 21:44:44,779 [WARN] ConditionMgr:1039 - genDependencies : Invalid condition id : UX DEVICE CLASS RTOS Condition cause : null
2023-08-26 21:44:44,779 [WARN] ConditionMgr:1039 - genDependencies : Invalid condition id : UX DEVICE CLASS RTOS Condition cause : null
2023-08-26 21:44:44,779 [WARN] ConditionMgr:1039 - genDependencies : Invalid condition id : UX DEVICE CLASS RTOS Condition cause : null
2023-08-26 21:44:44,802 [WARN] PackLoader:240 - Cannot read IP mode file for wolfSSL.I-CUBE-wolfSSL.5.5.4
2023-08-26 21:44:44,823 [WARN] PackLoader:240 - Cannot read IP mode file for STMicroelectronics.X-CUBE-NFC7.1.0.1
2023-08-26 21:44:44,845 [WARN] PackLoader:240 - Cannot read IP mode file for STMicroelectronics.X-CUBE-NFC7.1.0.0
2023-08-26 21:44:44,865 [WARN] PackLoader:240 - Cannot read IP mode file for STMicroelectronics.X-CUBE-EEPRMA1.4.1.0
2023-08-26 21:44:44,892 [WARN] PackLoader:240 - Cannot read IP mode file for STMicroelectronics.X-CUBE-AI.8.1.0
2023-08-26 21:44:44,952 [WARN] ConditionMgr:438 - getConditionDescription Invalid condition id : LAN8742 Phy interface Condition cause : null
2023-08-26 21:44:44,954 [WARN] PackLoader:240 - Cannot read IP mode file for STMicroelectronics.X-CUBE-AZRTOS-L4.2.0.0
2023-08-26 21:44:44,957 [WARN] ConditionMgr:1039 - genDependencies : Invalid condition id : LAN8742 Phy interface Condition cause : null
2023-08-26 21:44:44,958 [WARN] ConditionMgr:1039 - genDependencies : Invalid condition id : LAN8742 Phy interface Condition cause : null
2023-08-26 21:44:44,960 [WARN] ConditionMgr:1039 - genDependencies : Invalid condition id : LAN8742 Phy interface Condition cause : null
2023-08-26 21:44:44,992 [WARN] PackLoader:240 - Cannot read IP mode file for STMicroelectronics.X-CUBE-SFXS2LP1.4.0.0
2023-08-26 21:44:45,046 [WARN] PackLoader:240 - Cannot read IP mode file for STMicroelectronics.X-CUBE-AZRTOS-H7.3.0.0
2023-08-26 21:44:45,065 [WARN] PackLoader:240 - Cannot read IP mode file for STMicroelectronics.X-CUBE-ISPU.1.1.0
2023-08-26 21:44:45,095 [WARN] PackLoader:240 - Cannot read IP mode file for RoweBots.I-CUBE-UNISONRTOS.5.5.0-4
2023-08-26 21:44:45,116 [WARN] PackLoader:240 - Cannot read IP mode file for STMicroelectronics.X-CUBE-AI.8.0.0
2023-08-26 21:44:45,158 [WARN] ConditionMgr:438 - getConditionDescription Invalid condition id : UX DEVICE CLASS RTOS Condition cause : null
2023-08-26 21:44:45,159 [WARN] ConditionMgr:438 - getConditionDescription Invalid condition id : UX DEVICE CLASS RTOS Condition cause : null
2023-08-26 21:44:45,163 [WARN] PackLoader:240 - Cannot read IP mode file for STMicroelectronics.X-CUBE-AZRTOS-WB.2.0.0
2023-08-26 21:44:45,164 [WARN] ConditionMgr:1039 - genDependencies : Invalid condition id : UX DEVICE CLASS RTOS Condition cause : null
2023-08-26 21:44:45,164 [WARN] ConditionMgr:1039 - genDependencies : Invalid condition id : UX DEVICE CLASS RTOS Condition cause : null
2023-08-26 21:44:45,164 [WARN] ConditionMgr:1039 - genDependencies : Invalid condition id : UX DEVICE CLASS RTOS Condition cause : null
2023-08-26 21:44:45,165 [WARN] ConditionMgr:1039 - genDependencies : Invalid condition id : UX DEVICE CLASS RTOS Condition cause : null
2023-08-26 21:44:45,165 [WARN] ConditionMgr:1039 - genDependencies : Invalid condition id : UX DEVICE CLASS RTOS Condition cause : null
2023-08-26 21:44:45,184 [WARN] PackLoader:240 - Cannot read IP mode file for STMicroelectronics.X-CUBE-FREERTOS.1.0.0
2023-08-26 21:44:45,212 [WARN] PackLoader:240 - Cannot read IP mode file for STMicroelectronics.X-CUBE-FREERTOS.1.0.1
2023-08-26 21:44:45,251 [WARN] PackLoader:240 - Cannot read IP mode file for STMicroelectronics.X-CUBE-AZRTOS-L5.1.1.0
2023-08-26 21:44:45,283 [WARN] PackLoader:240 - Cannot read IP mode file for STMicroelectronics.X-CUBE-AI.8.0.1
2023-08-26 21:44:45,317 [WARN] PackLoader:240 - Cannot read IP mode file for STMicroelectronics.X-CUBE-SUBG2.5.0.0
2023-08-26 21:44:45,361 [WARN] PackLoader:240 - Cannot read IP mode file for STMicroelectronics.X-CUBE-TOF1.3.3.1
2023-08-26 21:44:45,440 [WARN] PackLoader:240 - Cannot read IP mode file for STMicroelectronics.X-CUBE-AZRTOS-G4.2.0.0
2023-08-26 21:44:45,484 [WARN] PackLoader:240 - Cannot read IP mode file for STMicroelectronics.X-CUBE-TOF1.3.3.0
2023-08-26 21:44:45,533 [WARN] PackLoader:240 - Cannot read IP mode file for STMicroelectronics.FP-ATR-ASTRA1.1.1.1
2023-08-26 21:44:45,585 [WARN] PackLoader:240 - Cannot read IP mode file for STMicroelectronics.X-CUBE-AZRTOS-G4.1.0.0
2023-08-26 21:44:45,650 [WARN] PackLoader:240 - Cannot read IP mode file for STMicroelectronics.X-CUBE-AZRTOS-L4.1.0.0
2023-08-26 21:44:45,701 [WARN] PackLoader:240 - Cannot read IP mode file for STMicroelectronics.X-CUBE-AZRTOS-WL.1.0.0
2023-08-26 21:44:45,734 [WARN] PackLoader:240 - Cannot read IP mode file for portGmbH.I-Cube-SoM-uGOAL.1.1.0
2023-08-26 21:44:45,767 [WARN] PackLoader:240 - Cannot read IP mode file for STMicroelectronics.X-CUBE-ALS.1.0.1
2023-08-26 21:44:45,831 [WARN] PackLoader:240 - Cannot read IP mode file for STMicroelectronics.X-CUBE-AZRTOS-WB.1.1.0
2023-08-26 21:44:45,859 [WARN] PackLoader:240 - Cannot read IP mode file for STMicroelectronics.FP-ATR-ASTRA1.2.0.0
2023-08-26 21:44:45,861 [INFO] ThirdParty:978 - Integrity check success = true
2023-08-26 21:44:45,861 [INFO] IntegrityCheckThread:100 - exiting critical section [integrity check]
2023-08-26 21:44:45,861 [INFO] IntegrityCheckThread:103 - End integrity checks thread
2023-08-26 21:45:03,107 [ERROR] LogOutputStream:75 - [STDERR_REDIRECT] SLF4J: Failed to load class "org.slf4j.impl.StaticLoggerBinder".
2023-08-26 21:45:03,107 [ERROR] LogOutputStream:75 - [STDERR_REDIRECT] SLF4J: Defaulting to no-operation (NOP) logger implementation
2023-08-26 21:45:03,109 [ERROR] LogOutputStream:75 - [STDERR_REDIRECT] SLF4J: See http://www.slf4j.org/codes.html#StaticLoggerBinder for further details.
