2023-08-28 09:39:08,431 [INFO] Activator:176 - 


2023-08-28 09:39:08,439 [INFO] Activator:177 - !SESSION log4j initialized
2023-08-28 09:39:18,762 [INFO] LogOutputStream:77 - [STDOUT_REDIRECT] 
2023-08-28 09:39:20,897 [INFO] ApplicationProperties:184 - Using Application install path: C:\ST\STM32CubeIDE_1.11.2\STM32CubeIDE\plugins\com.st.stm32cube.common.mx_6.9.1.202307191849
2023-08-28 09:39:20,917 [INFO] DbMcusXml:78 - Set database path to: C:\ST\STM32CubeIDE_1.11.2\STM32CubeIDE\plugins\com.st.stm32cube.common.mx_6.9.1.202307191849\\db\/mcu/
2023-08-28 09:39:20,917 [INFO] ApiDb:274 - Set plugin database path to: C:\ST\STM32CubeIDE_1.11.2\STM32CubeIDE\plugins\com.st.stm32cube.common.mx_6.9.1.202307191849\\db\/plugins/boardmanager/
2023-08-28 09:39:20,918 [WARN] ApiDb:259 - Overriding images path with different value:  => C:\ST\STM32CubeIDE_1.11.2\STM32CubeIDE\plugins\com.st.stm32cube.common.mx_6.9.1.202307191849\\db\/plugins/mcufinder/images/
2023-08-28 09:39:20,936 [INFO] ApiDb:250 - Set database path to: C:\Users\admin\.stmcufinder\plugins\mcufinder//mcu/
2023-08-28 09:39:20,938 [INFO] DbMcusAds:125 - Set database path to: C:\Users\admin\.stmcufinder\plugins\mcufinder//mcu/
2023-08-28 09:39:20,939 [INFO] CrossReferenceDbSqlite:203 - Set database path to: C:\Users\admin\.stmcufinder\plugins\mcufinder//mcu/cs/
2023-08-28 09:39:21,056 [INFO] RulesReader:64 - Compatibility file has been processed (293 Rules)
2023-08-28 09:39:21,154 [INFO] DbMcusXml:78 - Set database path to: C:\ST\STM32CubeIDE_1.11.2\STM32CubeIDE\plugins\com.st.stm32cube.common.mx_6.9.1.202307191849\\db\/mcu/
2023-08-28 09:39:21,155 [INFO] ApiDb:274 - Set plugin database path to: C:\ST\STM32CubeIDE_1.11.2\STM32CubeIDE\plugins\com.st.stm32cube.common.mx_6.9.1.202307191849\\db\/plugins/boardmanager/
2023-08-28 09:39:21,155 [INFO] ApiDb:261 - Set plugin images path to: C:\ST\STM32CubeIDE_1.11.2\STM32CubeIDE\plugins\com.st.stm32cube.common.mx_6.9.1.202307191849\\db\/plugins/mcufinder/images/
2023-08-28 09:39:21,155 [WARN] DbFile:41 - Overriding database path with different value: C:\Users\admin\.stmcufinder\plugins\mcufinder/ => C:\Users\admin\.stmcufinder\plugins\mcufinder
2023-08-28 09:39:21,155 [INFO] ApiDb:250 - Set database path to: C:\Users\admin\.stmcufinder\plugins\mcufinder//mcu/
2023-08-28 09:39:21,155 [WARN] DbFile:41 - Overriding database path with different value: C:\Users\admin\.stmcufinder\plugins\mcufinder/ => C:\Users\admin\.stmcufinder\plugins\mcufinder
2023-08-28 09:39:21,155 [INFO] DbMcusAds:125 - Set database path to: C:\Users\admin\.stmcufinder\plugins\mcufinder//mcu/
2023-08-28 09:39:21,155 [WARN] DbFile:41 - Overriding database path with different value: C:\Users\admin\.stmcufinder\plugins\mcufinder/ => C:\Users\admin\.stmcufinder\plugins\mcufinder
2023-08-28 09:39:21,155 [WARN] DbFile:41 - Overriding database path with different value: C:\Users\admin\.stmcufinder\plugins\mcufinder/ => C:\Users\admin\.stmcufinder\plugins\mcufinder
2023-08-28 09:39:21,156 [INFO] CrossReferenceDbSqlite:203 - Set database path to: C:\Users\admin\.stmcufinder\plugins\mcufinder//mcu/cs/
2023-08-28 09:39:21,259 [INFO] MainPanel:262 - HeapMemory: 268435456
2023-08-28 09:39:21,376 [INFO] DbMcusXml:78 - Set database path to: C:\ST\STM32CubeIDE_1.11.2\STM32CubeIDE\plugins\com.st.stm32cube.common.mx_6.9.1.202307191849\\db\/mcu/
2023-08-28 09:39:21,376 [INFO] ApiDb:274 - Set plugin database path to: C:\ST\STM32CubeIDE_1.11.2\STM32CubeIDE\plugins\com.st.stm32cube.common.mx_6.9.1.202307191849\\db\/plugins/boardmanager/
2023-08-28 09:39:21,376 [INFO] ApiDb:261 - Set plugin images path to: C:\ST\STM32CubeIDE_1.11.2\STM32CubeIDE\plugins\com.st.stm32cube.common.mx_6.9.1.202307191849\\db\/plugins/mcufinder/images/
2023-08-28 09:39:21,377 [WARN] DbFile:41 - Overriding database path with different value: C:\Users\admin\.stmcufinder\plugins\mcufinder/ => C:\Users\admin\.stmcufinder\plugins\mcufinder
2023-08-28 09:39:21,377 [INFO] ApiDb:250 - Set database path to: C:\Users\admin\.stmcufinder\plugins\mcufinder//mcu/
2023-08-28 09:39:21,377 [WARN] DbFile:41 - Overriding database path with different value: C:\Users\admin\.stmcufinder\plugins\mcufinder/ => C:\Users\admin\.stmcufinder\plugins\mcufinder
2023-08-28 09:39:21,377 [INFO] DbMcusAds:125 - Set database path to: C:\Users\admin\.stmcufinder\plugins\mcufinder//mcu/
2023-08-28 09:39:21,377 [WARN] DbFile:41 - Overriding database path with different value: C:\Users\admin\.stmcufinder\plugins\mcufinder/ => C:\Users\admin\.stmcufinder\plugins\mcufinder
2023-08-28 09:39:21,377 [WARN] DbFile:41 - Overriding database path with different value: C:\Users\admin\.stmcufinder\plugins\mcufinder/ => C:\Users\admin\.stmcufinder\plugins\mcufinder
2023-08-28 09:39:21,377 [INFO] CrossReferenceDbSqlite:203 - Set database path to: C:\Users\admin\.stmcufinder\plugins\mcufinder//mcu/cs/
2023-08-28 09:39:21,401 [INFO] ApplicationProperties:184 - Using Application install path: C:\ST\STM32CubeIDE_1.11.2\STM32CubeIDE\plugins\com.st.stm32cube.common.mx_6.9.1.202307191849
2023-08-28 09:39:21,402 [INFO] PluginManage:196 - Search for loadable plugins [exclusion list=, ]
2023-08-28 09:39:21,404 [INFO] PluginManage:310 - Check plugin analytics
2023-08-28 09:39:21,584 [INFO] AnalyticsPlugin:253 - Accepted Software Licenses: 
2023-08-28 09:39:21,585 [INFO] AnalyticsPlugin:255 - Accepted CMSIS Pack Licenses: 
2023-08-28 09:39:21,585 [INFO] AnalyticsPlugin:257 - Accepted Firmware Licenses: 
2023-08-28 09:39:21,588 [INFO] PluginManage:359 - Loaded plugin analytics (category:tool,tabindex:-1)
2023-08-28 09:39:21,589 [INFO] PluginManage:310 - Check plugin cadmodel
2023-08-28 09:39:21,648 [INFO] CADModel:105 - Init CAD model plugin
2023-08-28 09:39:21,649 [INFO] PluginManage:359 - Loaded plugin cadmodel (category:power,tabindex:5)
2023-08-28 09:39:21,649 [INFO] PluginManage:310 - Check plugin clock
2023-08-28 09:39:21,678 [INFO] PluginManage:359 - Loaded plugin clock (category:base,tabindex:2)
2023-08-28 09:39:21,678 [INFO] PluginManage:310 - Check plugin ddr
2023-08-28 09:39:21,682 [INFO] PluginManage:359 - Loaded plugin ddr (category:tool,tabindex:6)
2023-08-28 09:39:21,683 [INFO] PluginManage:310 - Check plugin filemanager
2023-08-28 09:39:21,853 [INFO] PluginManage:359 - Loaded plugin filemanager (category:base,tabindex:10)
2023-08-28 09:39:21,853 [INFO] PluginManage:310 - Check plugin ipmanager
2023-08-28 09:39:21,862 [INFO] PluginManage:359 - Loaded plugin ipmanager (category:base,tabindex:5)
2023-08-28 09:39:21,862 [INFO] PluginManage:310 - Check plugin lpbam
2023-08-28 09:39:21,886 [INFO] PluginManage:359 - Loaded plugin lpbam (category:base,tabindex:0)
2023-08-28 09:39:21,886 [INFO] PluginManage:310 - Check plugin memorymap
2023-08-28 09:39:21,912 [INFO] PluginManage:359 - Loaded plugin memorymap (category:base,tabindex:4)
2023-08-28 09:39:21,912 [INFO] PluginManage:310 - Check plugin pinoutandconfiguration
2023-08-28 09:39:21,932 [INFO] PluginManage:359 - Loaded plugin pinoutandconfiguration (category:base,tabindex:1)
2023-08-28 09:39:21,932 [INFO] PluginManage:310 - Check plugin pinoutconfig
2023-08-28 09:39:22,072 [WARN] SupportedApi:132 - Cannot load RTOS API schema: s4s-elt-must-match.1: The content of 'definitions' must match (annotation?, (simpleType | complexType)?, (unique | key | keyref)*)). A problem was found starting at: attribute.
2023-08-28 09:39:22,258 [INFO] PluginManage:359 - Loaded plugin pinoutconfig (category:base,tabindex:0)
2023-08-28 09:39:22,259 [INFO] PluginManage:310 - Check plugin power
2023-08-28 09:39:22,288 [INFO] PluginManage:359 - Loaded plugin power (category:power,tabindex:4)
2023-08-28 09:39:22,288 [INFO] PluginManage:310 - Check plugin projectmanager
2023-08-28 09:39:22,310 [INFO] PluginManage:359 - Loaded plugin projectmanager (category:projectmanager,tabindex:3)
2023-08-28 09:39:22,310 [INFO] PluginManage:310 - Check plugin thirdparty
2023-08-28 09:39:22,643 [INFO] PluginManage:359 - Loaded plugin thirdparty (category:base,tabindex:-1)
2023-08-28 09:39:22,642 [WARN] IntegrityCheckThread:84 - waiting for thirdparty lock release [integrity check]
2023-08-28 09:39:22,643 [INFO] PluginManage:310 - Check plugin tools
2023-08-28 09:39:22,643 [INFO] IntegrityCheckThread:86 - entering critical section [integrity check]
2023-08-28 09:39:22,643 [INFO] ThirdPartyUpdaterWithRetryManager:70 - Updater plugin not ready yet. [1/15]
2023-08-28 09:39:22,689 [INFO] PluginManage:359 - Loaded plugin tools (category:base,tabindex:7)
2023-08-28 09:39:22,689 [INFO] PluginManage:310 - Check plugin tutovideos
2023-08-28 09:39:22,906 [INFO] PluginManage:359 - Loaded plugin tutovideos (category:base,tabindex:-1)
2023-08-28 09:39:22,906 [INFO] PluginManage:310 - Check plugin updater
2023-08-28 09:39:22,920 [INFO] PluginManage:359 - Loaded plugin updater (category:base,tabindex:12)
2023-08-28 09:39:22,920 [INFO] PluginManage:310 - Check plugin userauth
2023-08-28 09:39:22,927 [INFO] UserAuth:113 - Init User Auth plugin
2023-08-28 09:39:22,927 [INFO] PluginManage:359 - Loaded plugin userauth (category:base,tabindex:14)
2023-08-28 09:39:22,927 [INFO] PluginManage:283 - PluginManage : Loaded plugins [17]
2023-08-28 09:39:23,171 [INFO] PinOutPanel:1499 - setPackage(No Configuration,No Configuration)
2023-08-28 09:39:23,288 [INFO] CADModel:165 - CPN selected for project level
2023-08-28 09:39:23,288 [INFO] CADModel:114 - Register for checkConnection events
2023-08-28 09:39:23,318 [INFO] IPUIPlugin:80 - create IPUIPlugin
2023-08-28 09:39:23,318 [INFO] PluginManager:220 - loadIPPluginJar : add adc
2023-08-28 09:39:23,353 [INFO] IPUIPlugin:80 - create IPUIPlugin
2023-08-28 09:39:23,353 [INFO] PluginManager:220 - loadIPPluginJar : add aes
2023-08-28 09:39:23,394 [INFO] IPUIPlugin:80 - create IPUIPlugin
2023-08-28 09:39:23,394 [INFO] PluginManager:220 - loadIPPluginJar : add can
2023-08-28 09:39:23,417 [INFO] IPUIPlugin:80 - create IPUIPlugin
2023-08-28 09:39:23,417 [INFO] PluginManager:220 - loadIPPluginJar : add comp
2023-08-28 09:39:23,449 [INFO] IPUIPlugin:80 - create IPUIPlugin
2023-08-28 09:39:23,449 [INFO] PluginManager:220 - loadIPPluginJar : add cryp
2023-08-28 09:39:23,483 [INFO] IPUIPlugin:80 - create IPUIPlugin
2023-08-28 09:39:23,484 [INFO] PluginManager:220 - loadIPPluginJar : add dfsdm
2023-08-28 09:39:23,501 [INFO] IPUIPlugin:80 - create IPUIPlugin
2023-08-28 09:39:23,502 [INFO] PluginManager:220 - loadIPPluginJar : add dma
2023-08-28 09:39:23,549 [INFO] IPUIPlugin:80 - create IPUIPlugin
2023-08-28 09:39:23,549 [INFO] PluginManager:220 - loadIPPluginJar : add dma3
2023-08-28 09:39:23,575 [INFO] IPUIPlugin:80 - create IPUIPlugin
2023-08-28 09:39:23,575 [INFO] PluginManager:220 - loadIPPluginJar : add fatfs
2023-08-28 09:39:23,627 [INFO] IPUIPlugin:80 - create IPUIPlugin
2023-08-28 09:39:23,627 [INFO] PluginManager:220 - loadIPPluginJar : add fmc
2023-08-28 09:39:23,646 [INFO] IPUIPlugin:80 - create IPUIPlugin
2023-08-28 09:39:23,646 [INFO] PluginManager:220 - loadIPPluginJar : add freertos
2023-08-28 09:39:23,667 [INFO] IPUIPlugin:80 - create IPUIPlugin
2023-08-28 09:39:23,667 [INFO] PluginManager:220 - loadIPPluginJar : add genericplugin
2023-08-28 09:39:23,758 [INFO] IPUIPlugin:80 - create IPUIPlugin
2023-08-28 09:39:23,758 [INFO] PluginManager:220 - loadIPPluginJar : add gfxmmu
2023-08-28 09:39:23,885 [INFO] IPUIPlugin:80 - create IPUIPlugin
2023-08-28 09:39:23,885 [INFO] PluginManager:220 - loadIPPluginJar : add gic
2023-08-28 09:39:23,899 [INFO] IPUIPlugin:80 - create IPUIPlugin
2023-08-28 09:39:23,900 [INFO] PluginManager:220 - loadIPPluginJar : add gpio
2023-08-28 09:39:23,989 [INFO] IPUIPlugin:80 - create IPUIPlugin
2023-08-28 09:39:23,989 [INFO] PluginManager:220 - loadIPPluginJar : add gtzc
2023-08-28 09:39:24,020 [INFO] IPUIPlugin:80 - create IPUIPlugin
2023-08-28 09:39:24,020 [INFO] PluginManager:220 - loadIPPluginJar : add hash
2023-08-28 09:39:24,071 [INFO] IPUIPlugin:80 - create IPUIPlugin
2023-08-28 09:39:24,071 [INFO] PluginManager:220 - loadIPPluginJar : add i2c
2023-08-28 09:39:24,108 [INFO] IPUIPlugin:80 - create IPUIPlugin
2023-08-28 09:39:24,108 [INFO] PluginManager:220 - loadIPPluginJar : add i2s
2023-08-28 09:39:24,148 [INFO] IPUIPlugin:80 - create IPUIPlugin
2023-08-28 09:39:24,148 [INFO] PluginManager:220 - loadIPPluginJar : add i3c
2023-08-28 09:39:24,243 [INFO] IPUIPlugin:80 - create IPUIPlugin
2023-08-28 09:39:24,243 [INFO] PluginManager:220 - loadIPPluginJar : add ipddr
2023-08-28 09:39:24,336 [INFO] IPUIPlugin:80 - create IPUIPlugin
2023-08-28 09:39:24,336 [INFO] PluginManager:220 - loadIPPluginJar : add linkedlist
2023-08-28 09:39:24,371 [INFO] IPUIPlugin:80 - create IPUIPlugin
2023-08-28 09:39:24,371 [INFO] PluginManager:220 - loadIPPluginJar : add lorawan
2023-08-28 09:39:24,407 [INFO] IPUIPlugin:80 - create IPUIPlugin
2023-08-28 09:39:24,407 [INFO] PluginManager:220 - loadIPPluginJar : add ltdc
2023-08-28 09:39:24,422 [INFO] IPUIPlugin:80 - create IPUIPlugin
2023-08-28 09:39:24,423 [INFO] PluginManager:220 - loadIPPluginJar : add mdma
2023-08-28 09:39:24,436 [INFO] IPUIPlugin:80 - create IPUIPlugin
2023-08-28 09:39:24,436 [INFO] PluginManager:220 - loadIPPluginJar : add nvic
2023-08-28 09:39:24,470 [INFO] IPUIPlugin:80 - create IPUIPlugin
2023-08-28 09:39:24,470 [INFO] PluginManager:220 - loadIPPluginJar : add opamp
2023-08-28 09:39:24,527 [INFO] IPUIPlugin:80 - create IPUIPlugin
2023-08-28 09:39:24,527 [INFO] PluginManager:220 - loadIPPluginJar : add openamp
2023-08-28 09:39:24,567 [INFO] IPUIPlugin:80 - create IPUIPlugin
2023-08-28 09:39:24,567 [INFO] PluginManager:220 - loadIPPluginJar : add pdm2pcm
2023-08-28 09:39:24,583 [INFO] IPUIPlugin:80 - create IPUIPlugin
2023-08-28 09:39:24,585 [INFO] PluginManager:220 - loadIPPluginJar : add plateformsettings
2023-08-28 09:39:24,607 [INFO] IPUIPlugin:80 - create IPUIPlugin
2023-08-28 09:39:24,607 [INFO] PluginManager:220 - loadIPPluginJar : add quadspi
2023-08-28 09:39:24,621 [INFO] IPUIPlugin:80 - create IPUIPlugin
2023-08-28 09:39:24,621 [INFO] PluginManager:220 - loadIPPluginJar : add resmgrutility
2023-08-28 09:39:24,669 [INFO] IPUIPlugin:80 - create IPUIPlugin
2023-08-28 09:39:24,669 [INFO] PluginManager:220 - loadIPPluginJar : add sai
2023-08-28 09:39:24,705 [INFO] IPUIPlugin:80 - create IPUIPlugin
2023-08-28 09:39:24,705 [INFO] PluginManager:220 - loadIPPluginJar : add spi
2023-08-28 09:39:24,759 [INFO] IPUIPlugin:80 - create IPUIPlugin
2023-08-28 09:39:24,759 [INFO] PluginManager:220 - loadIPPluginJar : add stm32_wpan
2023-08-28 09:39:24,780 [INFO] IPUIPlugin:80 - create IPUIPlugin
2023-08-28 09:39:24,781 [INFO] PluginManager:220 - loadIPPluginJar : add tim
2023-08-28 09:39:24,833 [INFO] IPUIPlugin:80 - create IPUIPlugin
2023-08-28 09:39:24,834 [INFO] PluginManager:220 - loadIPPluginJar : add touchsensing
2023-08-28 09:39:24,856 [INFO] IPUIPlugin:80 - create IPUIPlugin
2023-08-28 09:39:24,856 [INFO] PluginManager:220 - loadIPPluginJar : add tracer_emb
2023-08-28 09:39:24,878 [INFO] IPUIPlugin:80 - create IPUIPlugin
2023-08-28 09:39:24,878 [INFO] PluginManager:220 - loadIPPluginJar : add ts
2023-08-28 09:39:24,900 [INFO] IPUIPlugin:80 - create IPUIPlugin
2023-08-28 09:39:24,901 [INFO] PluginManager:220 - loadIPPluginJar : add tsc
2023-08-28 09:39:24,923 [INFO] IPUIPlugin:80 - create IPUIPlugin
2023-08-28 09:39:24,923 [INFO] PluginManager:220 - loadIPPluginJar : add ucpd
2023-08-28 09:39:24,965 [INFO] IPUIPlugin:80 - create IPUIPlugin
2023-08-28 09:39:24,965 [INFO] PluginManager:220 - loadIPPluginJar : add usart
2023-08-28 09:39:25,006 [INFO] IPUIPlugin:80 - create IPUIPlugin
2023-08-28 09:39:25,006 [INFO] PluginManager:220 - loadIPPluginJar : add usbx
2023-08-28 09:39:25,143 [INFO] CADModel:165 - CPN selected for project level
2023-08-28 09:39:25,143 [INFO] CADModel:114 - Register for checkConnection events
2023-08-28 09:39:25,143 [FATAL] Updater:308 - Updater called before beeing initialized
2023-08-28 09:39:25,143 [ERROR] CADModel:125 - Updater not yet initialized, retry later 
2023-08-28 09:39:25,316 [INFO] CADModel:165 - CPN selected for project level
2023-08-28 09:39:25,316 [INFO] CADModel:114 - Register for checkConnection events
2023-08-28 09:39:25,316 [FATAL] Updater:308 - Updater called before beeing initialized
2023-08-28 09:39:25,316 [ERROR] CADModel:125 - Updater not yet initialized, retry later 
2023-08-28 09:39:25,320 [FATAL] Updater:308 - Updater called before beeing initialized
2023-08-28 09:39:25,453 [FATAL] Updater:308 - Updater called before beeing initialized
2023-08-28 09:39:25,464 [INFO] DbMcusAds:53 - JSON generation date=Tue Mar 07 15:50:55 ICT 2023 (1678179055114)
2023-08-28 09:39:25,464 [FATAL] Updater:308 - Updater called before beeing initialized
2023-08-28 09:39:25,526 [WARN] DetailPanel:346 - Failed to get advertising image, set to default
2023-08-28 09:39:25,630 [FATAL] Updater:308 - Updater called before beeing initialized
2023-08-28 09:39:25,633 [FATAL] Updater:308 - Updater called before beeing initialized
2023-08-28 09:39:25,634 [FATAL] Updater:308 - Updater called before beeing initialized
2023-08-28 09:39:25,634 [WARN] DetailPanel:346 - Failed to get advertising image, set to default
2023-08-28 09:39:25,634 [FATAL] Updater:308 - Updater called before beeing initialized
2023-08-28 09:39:25,659 [INFO] ThirdPartyUpdaterWithRetryManager:70 - Updater plugin not ready yet. [2/15]
2023-08-28 09:39:25,697 [ERROR] Updater:1120 - MainUpdater not yet initialized. External WinMGr cannot be set.
2023-08-28 09:39:25,710 [INFO] Updater:1056 - Updater Version found : 6.9.1
2023-08-28 09:39:25,741 [INFO] ApplicationProperties:184 - Using Application install path: C:\ST\STM32CubeIDE_1.11.2\STM32CubeIDE\plugins\com.st.stm32cube.common.mx_6.9.1.202307191849
2023-08-28 09:39:26,204 [INFO] MainUpdater:2868 - connection check result : 10
2023-08-28 09:39:26,205 [INFO] MainUpdater:285 - Updater Check For Update Now.
2023-08-28 09:39:26,205 [INFO] MicroXplorer:498 - Change Database Version : DB.6.0.91
2023-08-28 09:39:26,227 [INFO] McuFinderGlobals:63 - Set McuFinder mode to 2 (CubeIDE integrated)
2023-08-28 09:39:26,462 [INFO] CheckServerUpdateThread:120 - End of CheckServer Thread
2023-08-28 09:39:28,857 [WARN] PackLoader:240 - Cannot read IP mode file for STMicroelectronics.X-CUBE-SMBUS.2.1.0
2023-08-28 09:39:28,909 [WARN] PackLoader:240 - Cannot read IP mode file for STMicroelectronics.X-CUBE-AZRTOS-F7.1.1.0
2023-08-28 09:39:28,933 [ERROR] RealEvaluatedCondition:428 - Found unsupported composite condition: CLASS='Data Exchange' GROUP='STM32_MetaDataManager'
2023-08-28 09:39:28,933 [ERROR] RealEvaluatedCondition:428 - Found unsupported composite condition: CLASS='Data Exchange' GROUP='STM32_MetaDataManager'
2023-08-28 09:39:28,936 [WARN] PackLoader:240 - Cannot read IP mode file for STMicroelectronics.FP-SNS-MOTENV1.4.3.0
2023-08-28 09:39:28,956 [WARN] PackLoader:240 - Cannot read IP mode file for STMicroelectronics.FP-SNS-MOTENV1.4.3.2
2023-08-28 09:39:28,974 [WARN] PackLoader:240 - Cannot read IP mode file for STMicroelectronics.FP-SNS-FLIGHT1.5.0.0
2023-08-28 09:39:28,988 [ERROR] RealEvaluatedCondition:428 - Found unsupported composite condition: CLASS='Data Exchange' GROUP='STM32_MetaDataManager'
2023-08-28 09:39:28,989 [ERROR] RealEvaluatedCondition:428 - Found unsupported composite condition: CLASS='Data Exchange' GROUP='STM32_MetaDataManager'
2023-08-28 09:39:28,990 [WARN] PackLoader:240 - Cannot read IP mode file for STMicroelectronics.FP-SNS-MOTENV1.4.3.1
2023-08-28 09:39:29,007 [WARN] PackLoader:240 - Cannot read IP mode file for STMicroelectronics.FP-SNS-FLIGHT1.5.0.1
2023-08-28 09:39:29,029 [WARN] PackLoader:240 - Cannot read IP mode file for STMicroelectronics.X-CUBE-BLE1.6.2.4
2023-08-28 09:39:29,042 [WARN] PackLoader:240 - Cannot read IP mode file for STMicroelectronics.FP-SNS-FLIGHT1.5.0.2
2023-08-28 09:39:29,063 [WARN] PackLoader:240 - Cannot read IP mode file for STMicroelectronics.X-CUBE-DISPLAY.3.0.0
2023-08-28 09:39:29,084 [WARN] PackLoader:240 - Cannot read IP mode file for STMicroelectronics.X-CUBE-BLE1.7.0.0
2023-08-28 09:39:29,103 [WARN] PackLoader:240 - Cannot read IP mode file for STMicroelectronics.X-CUBE-TOUCHGFX.4.22.0
2023-08-28 09:39:29,128 [INFO] LogOutputStream:77 - [STDOUT_REDIRECT] 1 : Invalid condition id : UX_CORESTACK_Condition cause : null
2023-08-28 09:39:29,130 [INFO] LogOutputStream:77 - [STDOUT_REDIRECT] 1 : Invalid condition id : UX_CORESTACK_Condition cause : null
2023-08-28 09:39:29,131 [INFO] LogOutputStream:77 - [STDOUT_REDIRECT] 1 : Invalid condition id : UX_CORESTACK_Condition cause : null
2023-08-28 09:39:29,133 [INFO] LogOutputStream:77 - [STDOUT_REDIRECT] 1 : Invalid condition id : UX_CORESTACK_Condition cause : null
2023-08-28 09:39:29,134 [INFO] LogOutputStream:77 - [STDOUT_REDIRECT] 1 : Invalid condition id : UX_CORESTACK_Condition cause : null
2023-08-28 09:39:29,138 [WARN] PackLoader:240 - Cannot read IP mode file for STMicroelectronics.X-CUBE-AZRTOS-WL.2.0.0
2023-08-28 09:39:29,158 [WARN] PackLoader:240 - Cannot read IP mode file for WES.I-CUBE-Cesium.1.3.0
2023-08-28 09:39:29,176 [WARN] PackLoader:240 - Cannot read IP mode file for STMicroelectronics.X-CUBE-BLE2.3.3.0
2023-08-28 09:39:29,200 [WARN] PackLoader:240 - Cannot read IP mode file for STMicroelectronics.X-CUBE-TOF1.3.2.0
2023-08-28 09:39:29,220 [WARN] PackLoader:240 - Cannot read IP mode file for STMicroelectronics.X-CUBE-TOUCHGFX.4.21.1
2023-08-28 09:39:29,233 [WARN] PackLoader:240 - Cannot read IP mode file for STMicroelectronics.X-CUBE-TOUCHGFX.4.21.3
2023-08-28 09:39:29,243 [WARN] PackLoader:240 - Cannot read IP mode file for STMicroelectronics.X-CUBE-TOUCHGFX.4.21.4
2023-08-28 09:39:29,257 [WARN] PackLoader:240 - Cannot read IP mode file for STMicroelectronics.X-CUBE-ALGOBUILD.1.3.0
2023-08-28 09:39:29,286 [WARN] PackLoader:240 - Cannot read IP mode file for STMicroelectronics.X-CUBE-AZRTOS-G0.1.1.0
2023-08-28 09:39:29,306 [WARN] PackLoader:240 - Cannot read IP mode file for STMicroelectronics.X-CUBE-NFC4.3.0.0
2023-08-28 09:39:29,341 [WARN] PackLoader:240 - Cannot read IP mode file for STMicroelectronics.X-CUBE-BLEMGR.1.3.0
2023-08-28 09:39:29,366 [WARN] PackLoader:240 - Cannot read IP mode file for STMicroelectronics.FP-ATR-SIGFOX1.3.2.0
2023-08-28 09:39:29,473 [WARN] PackLoader:240 - Cannot read IP mode file for STMicroelectronics.X-CUBE-MEMS1.9.5.0
2023-08-28 09:39:29,714 [WARN] PackLoader:240 - Cannot read IP mode file for SEGGER.I-CUBE-embOS.1.3.1
2023-08-28 09:39:29,772 [WARN] PackLoader:240 - Cannot read IP mode file for STMicroelectronics.X-CUBE-GNSS1.6.0.0
2023-08-28 09:39:29,805 [WARN] PackLoader:240 - Cannot read IP mode file for STMicroelectronics.X-CUBE-AZRTOS-F4.1.1.0
2023-08-28 09:39:29,846 [WARN] PackLoader:240 - Cannot read IP mode file for STMicroelectronics.X-CUBE-AZRTOS-L5.2.0.0
2023-08-28 09:39:29,921 [WARN] PackLoader:240 - Cannot read IP mode file for STMicroelectronics.X-CUBE-MEMS1.9.6.0
2023-08-28 09:39:30,075 [WARN] PackLoader:240 - Cannot read IP mode file for emotas.I-CUBE-CANOPEN.1.1.3
2023-08-28 09:39:30,098 [WARN] PackLoader:240 - Cannot read IP mode file for STMicroelectronics.X-CUBE-BLEMGR.2.0.0
2023-08-28 09:39:30,152 [WARN] ConditionMgr:438 - getConditionDescription Invalid condition id : UX DEVICE CLASS RTOS Condition cause : null
2023-08-28 09:39:30,152 [WARN] ConditionMgr:438 - getConditionDescription Invalid condition id : UX DEVICE CLASS RTOS Condition cause : null
2023-08-28 09:39:30,157 [WARN] PackLoader:240 - Cannot read IP mode file for STMicroelectronics.X-CUBE-AZRTOS-H7.3.1.0
2023-08-28 09:39:30,159 [WARN] ConditionMgr:1039 - genDependencies : Invalid condition id : UX DEVICE CLASS RTOS Condition cause : null
2023-08-28 09:39:30,159 [WARN] ConditionMgr:1039 - genDependencies : Invalid condition id : UX DEVICE CLASS RTOS Condition cause : null
2023-08-28 09:39:30,160 [WARN] ConditionMgr:1039 - genDependencies : Invalid condition id : UX DEVICE CLASS RTOS Condition cause : null
2023-08-28 09:39:30,160 [WARN] ConditionMgr:1039 - genDependencies : Invalid condition id : UX DEVICE CLASS RTOS Condition cause : null
2023-08-28 09:39:30,160 [WARN] ConditionMgr:1039 - genDependencies : Invalid condition id : UX DEVICE CLASS RTOS Condition cause : null
2023-08-28 09:39:30,183 [WARN] PackLoader:240 - Cannot read IP mode file for wolfSSL.I-CUBE-wolfSSL.5.5.4
2023-08-28 09:39:30,201 [WARN] PackLoader:240 - Cannot read IP mode file for STMicroelectronics.X-CUBE-NFC7.1.0.1
2023-08-28 09:39:30,217 [WARN] PackLoader:240 - Cannot read IP mode file for STMicroelectronics.X-CUBE-NFC7.1.0.0
2023-08-28 09:39:30,237 [WARN] PackLoader:240 - Cannot read IP mode file for STMicroelectronics.X-CUBE-EEPRMA1.4.1.0
2023-08-28 09:39:30,252 [WARN] PackLoader:240 - Cannot read IP mode file for STMicroelectronics.X-CUBE-AI.8.1.0
2023-08-28 09:39:30,289 [WARN] ConditionMgr:438 - getConditionDescription Invalid condition id : LAN8742 Phy interface Condition cause : null
2023-08-28 09:39:30,290 [WARN] PackLoader:240 - Cannot read IP mode file for STMicroelectronics.X-CUBE-AZRTOS-L4.2.0.0
2023-08-28 09:39:30,291 [WARN] ConditionMgr:1039 - genDependencies : Invalid condition id : LAN8742 Phy interface Condition cause : null
2023-08-28 09:39:30,291 [WARN] ConditionMgr:1039 - genDependencies : Invalid condition id : LAN8742 Phy interface Condition cause : null
2023-08-28 09:39:30,292 [WARN] ConditionMgr:1039 - genDependencies : Invalid condition id : LAN8742 Phy interface Condition cause : null
2023-08-28 09:39:30,312 [WARN] PackLoader:240 - Cannot read IP mode file for STMicroelectronics.X-CUBE-SFXS2LP1.4.0.0
2023-08-28 09:39:30,357 [WARN] PackLoader:240 - Cannot read IP mode file for STMicroelectronics.X-CUBE-AZRTOS-H7.3.0.0
2023-08-28 09:39:30,373 [WARN] PackLoader:240 - Cannot read IP mode file for STMicroelectronics.X-CUBE-ISPU.1.1.0
2023-08-28 09:39:30,397 [WARN] PackLoader:240 - Cannot read IP mode file for RoweBots.I-CUBE-UNISONRTOS.5.5.0-4
2023-08-28 09:39:30,414 [WARN] PackLoader:240 - Cannot read IP mode file for STMicroelectronics.X-CUBE-AI.8.0.0
2023-08-28 09:39:30,439 [WARN] ConditionMgr:438 - getConditionDescription Invalid condition id : UX DEVICE CLASS RTOS Condition cause : null
2023-08-28 09:39:30,440 [WARN] ConditionMgr:438 - getConditionDescription Invalid condition id : UX DEVICE CLASS RTOS Condition cause : null
2023-08-28 09:39:30,441 [WARN] PackLoader:240 - Cannot read IP mode file for STMicroelectronics.X-CUBE-AZRTOS-WB.2.0.0
2023-08-28 09:39:30,441 [WARN] ConditionMgr:1039 - genDependencies : Invalid condition id : UX DEVICE CLASS RTOS Condition cause : null
2023-08-28 09:39:30,441 [WARN] ConditionMgr:1039 - genDependencies : Invalid condition id : UX DEVICE CLASS RTOS Condition cause : null
2023-08-28 09:39:30,442 [WARN] ConditionMgr:1039 - genDependencies : Invalid condition id : UX DEVICE CLASS RTOS Condition cause : null
2023-08-28 09:39:30,442 [WARN] ConditionMgr:1039 - genDependencies : Invalid condition id : UX DEVICE CLASS RTOS Condition cause : null
2023-08-28 09:39:30,442 [WARN] ConditionMgr:1039 - genDependencies : Invalid condition id : UX DEVICE CLASS RTOS Condition cause : null
2023-08-28 09:39:30,457 [WARN] PackLoader:240 - Cannot read IP mode file for STMicroelectronics.X-CUBE-FREERTOS.1.0.0
2023-08-28 09:39:30,471 [WARN] PackLoader:240 - Cannot read IP mode file for STMicroelectronics.X-CUBE-FREERTOS.1.0.1
2023-08-28 09:39:30,503 [WARN] PackLoader:240 - Cannot read IP mode file for STMicroelectronics.X-CUBE-AZRTOS-L5.1.1.0
2023-08-28 09:39:30,520 [WARN] PackLoader:240 - Cannot read IP mode file for STMicroelectronics.X-CUBE-AI.8.0.1
2023-08-28 09:39:30,543 [WARN] PackLoader:240 - Cannot read IP mode file for STMicroelectronics.X-CUBE-SUBG2.5.0.0
2023-08-28 09:39:30,570 [WARN] PackLoader:240 - Cannot read IP mode file for STMicroelectronics.X-CUBE-TOF1.3.3.1
2023-08-28 09:39:30,607 [WARN] PackLoader:240 - Cannot read IP mode file for STMicroelectronics.X-CUBE-AZRTOS-G4.2.0.0
2023-08-28 09:39:30,628 [WARN] PackLoader:240 - Cannot read IP mode file for STMicroelectronics.X-CUBE-TOF1.3.3.0
2023-08-28 09:39:30,651 [WARN] PackLoader:240 - Cannot read IP mode file for STMicroelectronics.FP-ATR-ASTRA1.1.1.1
2023-08-28 09:39:30,675 [WARN] PackLoader:240 - Cannot read IP mode file for STMicroelectronics.X-CUBE-AZRTOS-G4.1.0.0
2023-08-28 09:39:30,703 [WARN] PackLoader:240 - Cannot read IP mode file for STMicroelectronics.X-CUBE-AZRTOS-L4.1.0.0
2023-08-28 09:39:30,728 [WARN] PackLoader:240 - Cannot read IP mode file for STMicroelectronics.X-CUBE-AZRTOS-WL.1.0.0
2023-08-28 09:39:30,744 [WARN] PackLoader:240 - Cannot read IP mode file for portGmbH.I-Cube-SoM-uGOAL.1.1.0
2023-08-28 09:39:30,756 [WARN] PackLoader:240 - Cannot read IP mode file for STMicroelectronics.X-CUBE-ALS.1.0.1
2023-08-28 09:39:30,781 [WARN] PackLoader:240 - Cannot read IP mode file for STMicroelectronics.X-CUBE-AZRTOS-WB.1.1.0
2023-08-28 09:39:30,795 [WARN] PackLoader:240 - Cannot read IP mode file for STMicroelectronics.FP-ATR-ASTRA1.2.0.0
2023-08-28 09:39:30,796 [INFO] ThirdParty:978 - Integrity check success = true
2023-08-28 09:39:30,796 [INFO] IntegrityCheckThread:100 - exiting critical section [integrity check]
2023-08-28 09:39:30,797 [INFO] IntegrityCheckThread:103 - End integrity checks thread
2023-08-28 09:39:47,218 [ERROR] LogOutputStream:75 - [STDERR_REDIRECT] SLF4J: Failed to load class "org.slf4j.impl.StaticLoggerBinder".
2023-08-28 09:39:47,218 [ERROR] LogOutputStream:75 - [STDERR_REDIRECT] SLF4J: Defaulting to no-operation (NOP) logger implementation
2023-08-28 09:39:47,219 [ERROR] LogOutputStream:75 - [STDERR_REDIRECT] SLF4J: See http://www.slf4j.org/codes.html#StaticLoggerBinder for further details.
2023-08-28 10:36:38,256 [INFO] McuFinderGlobals:63 - Set McuFinder mode to 2 (CubeIDE integrated)
2023-08-28 10:36:38,335 [INFO] MainUpdater:2868 - connection check result : 10
2023-08-28 10:36:38,353 [INFO] MainUpdater:2868 - connection check result : 10
2023-08-28 10:36:39,064 [INFO] MicroXplorer:468 - Change Database Path : 
2023-08-28 10:36:39,065 [INFO] MicroXplorer:498 - Change Database Version : DB.6.0.91
2023-08-28 10:36:39,069 [WARN] ThirdParty:871 - waiting for thirdparty lock release [close project]
2023-08-28 10:36:39,069 [INFO] ThirdParty:873 - entering critical section [close project]
2023-08-28 10:36:39,100 [INFO] ThirdParty:883 - exiting critical section [close project]
2023-08-28 10:36:39,102 [INFO] PinOutPanel:1499 - setPackage(No Configuration,No Configuration)
2023-08-28 10:36:39,114 [INFO] UtilMem:75 - Begin LoadConfig() Used Memory: 495311640 Bytes (612368384)
2023-08-28 10:36:39,115 [INFO] MicroXplorer:468 - Change Database Path : 
2023-08-28 10:36:39,115 [INFO] MicroXplorer:498 - Change Database Version : DB.6.0.91
2023-08-28 10:36:39,116 [INFO] OpenFileManager:308 - Change cursor
2023-08-28 10:36:39,283 [INFO] Mcu:1946 - Initializing MCU STM32F103C(8-B)Tx STM32F103C8Tx STM32F103C8T6
2023-08-28 10:36:41,368 [INFO] Context:659 - Trying to add GPIOservice into a context  which must be forbidden
2023-08-28 10:36:42,176 [INFO] RtosManager:555 - Registered RTOS mode: class=CMSIS, group=RTOS, mode=CMSIS_V1, owner=FREERTOS
2023-08-28 10:36:42,177 [INFO] RtosManager:555 - Registered RTOS mode: class=CMSIS, group=RTOS2, mode=CMSIS_V2, owner=FREERTOS
2023-08-28 10:36:42,177 [INFO] RtosManager:555 - Registered RTOS mode: class=RTOS, group=Core, mode=CMSIS_V1, owner=FREERTOS
2023-08-28 10:36:42,177 [INFO] RtosManager:555 - Registered RTOS mode: class=RTOS, group=Core, mode=CMSIS_V2, owner=FREERTOS
2023-08-28 10:36:42,178 [WARN] ModelIntegratedComponent:184 - Missing modes for component STMicroelectronics:FreeRTOS:0.0.1:STMicroelectronics:RTOS:FreeRTOS:Core:::10.2.0:
2023-08-28 10:36:42,204 [WARN] ModelIntegratedComponent:63 - No mode defined for component null
2023-08-28 10:36:42,205 [WARN] ModelIntegratedComponent:63 - No mode defined for component null
2023-08-28 10:36:42,205 [WARN] ModelIntegratedComponent:63 - No mode defined for component null
2023-08-28 10:36:42,205 [WARN] ModelIntegratedComponent:63 - No mode defined for component null
2023-08-28 10:36:42,205 [WARN] ModelIntegratedComponent:63 - No mode defined for component null
2023-08-28 10:36:42,206 [WARN] ModelIntegratedComponent:63 - No mode defined for component null
2023-08-28 10:36:42,206 [WARN] ModelIntegratedComponent:63 - No mode defined for component null
2023-08-28 10:36:42,206 [WARN] ModelIntegratedComponent:63 - No mode defined for component null
2023-08-28 10:36:42,206 [WARN] ModelIntegratedComponent:63 - No mode defined for component null
2023-08-28 10:36:42,206 [WARN] ModelIntegratedComponent:63 - No mode defined for component null
2023-08-28 10:36:42,206 [WARN] ModelIntegratedComponent:63 - No mode defined for component null
2023-08-28 10:36:42,207 [WARN] ModelIntegratedComponent:63 - No mode defined for component null
2023-08-28 10:36:42,207 [WARN] ModelIntegratedComponent:63 - No mode defined for component null
2023-08-28 10:36:42,207 [WARN] ModelIntegratedComponent:63 - No mode defined for component null
2023-08-28 10:36:42,207 [WARN] ModelIntegratedComponent:63 - No mode defined for component null
2023-08-28 10:36:42,207 [WARN] ModelIntegratedComponent:63 - No mode defined for component null
2023-08-28 10:36:42,207 [WARN] ModelIntegratedComponent:63 - No mode defined for component null
2023-08-28 10:36:42,207 [WARN] ModelIntegratedComponent:63 - No mode defined for component null
2023-08-28 10:36:42,208 [WARN] ModelIntegratedComponent:63 - No mode defined for component null
2023-08-28 10:36:42,208 [WARN] ModelIntegratedComponent:63 - No mode defined for component null
2023-08-28 10:36:42,208 [WARN] ModelIntegratedComponent:63 - No mode defined for component null
2023-08-28 10:36:42,208 [WARN] ModelIntegratedComponent:63 - No mode defined for component null
2023-08-28 10:36:42,208 [WARN] ModelIntegratedComponent:63 - No mode defined for component null
2023-08-28 10:36:42,208 [WARN] ModelIntegratedComponent:63 - No mode defined for component null
2023-08-28 10:36:42,208 [WARN] ModelIntegratedComponent:63 - No mode defined for component null
2023-08-28 10:36:42,208 [WARN] ModelIntegratedComponent:63 - No mode defined for component null
2023-08-28 10:36:42,208 [WARN] ModelIntegratedComponent:63 - No mode defined for component null
2023-08-28 10:36:42,209 [WARN] ModelIntegratedComponent:63 - No mode defined for component null
2023-08-28 10:36:42,209 [WARN] ModelIntegratedComponent:63 - No mode defined for component null
2023-08-28 10:36:42,209 [WARN] ModelIntegratedComponent:63 - No mode defined for component null
2023-08-28 10:36:42,209 [WARN] ModelIntegratedComponent:63 - No mode defined for component null
2023-08-28 10:36:42,209 [WARN] ModelIntegratedComponent:63 - No mode defined for component null
2023-08-28 10:36:42,209 [WARN] ModelIntegratedComponent:63 - No mode defined for component null
2023-08-28 10:36:42,439 [INFO] ThirdPartyModel:298 - Start build external matchings
2023-08-28 10:36:43,661 [INFO] ThirdPartyModel:316 - End build external matchings
2023-08-28 10:36:44,103 [INFO] UtilMem:75 - End LoadConfig() Used Memory: 166277384 Bytes (605028352)
2023-08-28 10:36:44,416 [INFO] ApiDb:581 - Connected to CubeFinder SQLite database (C:\Users\admin\.stmcufinder\plugins\mcufinder\mcu\cube-finder-db.db)
2023-08-28 10:36:44,514 [INFO] ApiDb:668 - CubeFinder database Data Model version=2.1
2023-08-28 10:36:44,514 [INFO] ApiDb:669 - CubeFinder database Configuration version=3.0.37
2023-08-28 10:36:44,516 [INFO] ApiDb:670 - CubeFinder database generation date=2023-08-09 (1691586011)
2023-08-28 10:36:44,516 [INFO] ApiDb:671 - CubeFinder database FW Pack versions=[FP-ATR-ASTRA1_V2.0.0, FP-SNS-FLIGHT1_V5.0.1, FP-SNS-FLIGHT1_V5.0.2, FP-SNS-MOTENV1_V4.3.1, FP-SNS-MOTENV1_V4.3.2, STM32Cube_FW_C0_V1.1.0, STM32Cube_FW_F4_V1.27.1, STM32Cube_FW_F7_V1.17.0, STM32Cube_FW_G0_V1.6.1, STM32Cube_FW_G4_V1.5.1, STM32Cube_FW_H5_V0.5.1, STM32Cube_FW_H5_V1.1.0, STM32Cube_FW_H7_V1.11.0, STM32Cube_FW_L0_V1.12.2, STM32Cube_FW_L5_V1.5.0, STM32Cube_FW_U5_V1.3.0, STM32Cube_FW_U5_V1.3.0RC4, STM32Cube_FW_WBA_V1.0.0RC1, STM32Cube_FW_WBA_V1.1.0, STM32Cube_FW_WBA_V1.1.0RC1, STM32Cube_FW_WB_V1.15.0RC1, STM32Cube_FW_WB_V1.16.0, STM32Cube_FW_WB_V1.16.0RC2, STM32Cube_FW_WB_V1.17.0, STM32Cube_FW_WL_V1.3.0, X-CUBE-ALGOBUILD_V1.3.0, X-CUBE-ALS_V1.0.1, X-CUBE-AZRTOS-F4_V1.1.0, X-CUBE-AZRTOS-F7_V1.1.0, X-CUBE-AZRTOS-G0_V1.1.0, X-CUBE-AZRTOS-G4_V2.0.0, X-CUBE-AZRTOS-H7_V3.1.0, X-CUBE-AZRTOS-L4_V1.0.0, X-CUBE-AZRTOS-L4_V2.0.0, X-CUBE-AZRTOS-L5_V1.1.0, X-CUBE-AZRTOS-WB_V1.1.0, X-CUBE-AZRTOS-WL_V2.0.0, X-CUBE-BLE1_V7.0.0, X-CUBE-BLE2_V3.3.0, X-CUBE-BLEMGR_V2.0.0, X-CUBE-EEPRMA1_V4.1.0, X-CUBE-FREERTOS_V1.1.0, X-CUBE-GNSS1_V6.0.0, X-CUBE-MEMS1_V9.1.0, X-CUBE-MEMS1_V9.4.0, X-CUBE-MEMS1_V9.6.0, X-CUBE-NFC4_V3.0.0, X-CUBE-NFC7_V1.0.0, X-CUBE-SFXS2LP1_V4.0.0, X-CUBE-SUBG2_V5.0.0, X-CUBE-TOF1_V3.3.1]
2023-08-28 10:36:47,366 [INFO] ApiDb:240 - Found 323 in-development CPN: [B-G473E-ZEST1S, B-WB1M-WPAN1, B-WL5M-SUBG1, NUCLEO-C031C6, NUCLEO-H503RB, NUCLEO-H563ZI, NUCLEO-U545RE-Q, NUCLEO-U5A5ZJ-Q, NUCLEO-WBA52CG, STEVAL-PROTEUS1, STEVAL-SMARTAG2, STEVAL-STWINBX1, STM320518-EVAL, STM32C0116-DK, STM32C011D6Y3TR, STM32C011D6Y6TR, STM32C011F4P3, STM32C011F4P6, STM32C011F4U3, STM32C011F4U6TR, STM32C011F6P3, STM32C011F6P6, STM32C011F6U3, STM32C011F6U6TR, STM32C011J4M3, STM32C011J4M6, STM32C011J6M3, STM32C011J6M6, STM32C0316-DK, STM32C031C4T3, STM32C031C4T6, STM32C031C4U3, STM32C031C4U6, STM32C031C6T3, STM32C031C6T6, STM32C031C6U3, STM32C031C6U6, STM32C031F4P3, STM32C031F4P6, STM32C031F6P3, STM32C031F6P6, STM32C031G4U3, STM32C031G4U6, STM32C031G6U3, STM32C031G6U6, STM32C031K4T3, STM32C031K4T6, STM32C031K4U3, STM32C031K4U6, STM32C031K6T3, STM32C031K6T6, STM32C031K6U3, STM32C031K6U6, STM32G071K8TXN, STM32G071K8UXN, STM32G081GBU6N, STM32G081KBT6N, STM32G081KBUXN, STM32G0B1CCT6N, STM32G0B1KCT6, STM32G0B1NEY6TR, STM32G0B1RCT6N, STM32G0C1CCT6, STM32G0C1CCT6N, STM32G0C1CCU6N, STM32G0C1CET6N, STM32G0C1CEU6N, STM32G0C1KCT6, STM32G0C1NEY6TR, STM32G0C1RCI6N, STM32G0C1RCT6N, STM32G0C1REI6N, STM32G0C1RET6N, STM32G0C1VCI6, STM32G0C1VEI6, STM32G471CCT6, STM32G471CCU6, STM32G471CET3, STM32G471CET6, STM32G471CEU3, STM32G471CEU6, STM32G471MCT6, STM32G471MET3, STM32G471MET6, STM32G471MEY6TR, STM32G471QCT6, STM32G471QET3, STM32G471RCT6, STM32G471RET3, STM32G471RET6, STM32G471VCH6, STM32G471VCI6, STM32G471VCT6, STM32G471VEH3, STM32G471VEH6, STM32G471VEI3, STM32G471VEI6, STM32G471VET3, STM32G471VET6, STM32G474CCT6, STM32H503CBT6, STM32H503CBU6, STM32H503EBY6TR, STM32H503KBU6, STM32H503RBT6, STM32H562AGI6, STM32H562AII6, STM32H562IGK6, STM32H562IGT6, STM32H562IIK6, STM32H562IIT6, STM32H562RGT6, STM32H562RGV6, STM32H562RIT6, STM32H562RIV6, STM32H562VGT6, STM32H562VIT6, STM32H562ZGT6, STM32H562ZIT6, STM32H563AGI6, STM32H563AII3Q, STM32H563AII6, STM32H563IGK6, STM32H563IGT6, STM32H563IIK3Q, STM32H563IIK6, STM32H563IIT3Q, STM32H563IIT6, STM32H563MIY3QTR, STM32H563RGT6, STM32H563RGV6, STM32H563RIT6, STM32H563RIV6, STM32H563VGT6, STM32H563VIT3Q, STM32H563VIT6, STM32H563ZGT6, STM32H563ZIT3Q, STM32H563ZIT6, STM32H573AII3Q, STM32H573AII6, STM32H573I-DK, STM32H573IIK3Q, STM32H573IIK6, STM32H573IIT3Q, STM32H573IIT6, STM32H573MIY3QTR, STM32H573RIT6, STM32H573RIV6, STM32H573VIT3Q, STM32H573VIT6, STM32H573ZIT3Q, STM32H573ZIT6, STM32L4R5QGI6STR, STM32MP131AAE3, STM32MP131AAF3, STM32MP131AAG3, STM32MP131CAE3, STM32MP131CAF3, STM32MP131CAG3, STM32MP131DAE7, STM32MP131DAF7, STM32MP131DAG7, STM32MP131FAE7, STM32MP131FAF7, STM32MP131FAG7, STM32MP133AAE3, STM32MP133AAF3, STM32MP133AAG3, STM32MP133CAE3, STM32MP133CAF3, STM32MP133CAG3, STM32MP133DAE7, STM32MP133DAF7, STM32MP133DAG7, STM32MP133FAE7, STM32MP133FAF7, STM32MP133FAG7, STM32MP135AAE3, STM32MP135AAF3, STM32MP135AAG3, STM32MP135CAE3, STM32MP135CAF3, STM32MP135CAG3, STM32MP135DAE7, STM32MP135DAF7, STM32MP135DAG7, STM32MP135F-DK, STM32MP135FAE7, STM32MP135FAF7, STM32MP135FAF7T, STM32MP135FAF7U, STM32MP135FAG7, STM32U535CBT6, STM32U535CBT6Q, STM32U535CBU6, STM32U535CBU6Q, STM32U535CCT6, STM32U535CCT6Q, STM32U535CCU6, STM32U535CCU6Q, STM32U535CET6, STM32U535CET6Q, STM32U535CEU6, STM32U535CEU6Q, STM32U535JEY6QTR, STM32U535NCY6QTR, STM32U535NEY6QTR, STM32U535RBI6, STM32U535RBI6Q, STM32U535RBT6, STM32U535RBT6Q, STM32U535RCI6, STM32U535RCI6Q, STM32U535RCT6, STM32U535RCT6Q, STM32U535REI6, STM32U535REI6Q, STM32U535RET6, STM32U535RET6Q, STM32U535VCI6, STM32U535VCI6Q, STM32U535VCT6, STM32U535VCT6Q, STM32U535VEI6, STM32U535VEI6Q, STM32U535VET6, STM32U535VET6Q, STM32U545CET6, STM32U545CET6Q, STM32U545CEU6, STM32U545CEU6Q, STM32U545JEY6QTR, STM32U545NEY6QTR, STM32U545REI6, STM32U545REI6Q, STM32U545RET6, STM32U545RET6Q, STM32U545VEI6, STM32U545VEI6Q, STM32U545VET6, STM32U545VET6Q, STM32U595AIH6, STM32U595AIH6Q, STM32U595AJH6, STM32U595AJH6Q, STM32U595QII6, STM32U595QII6Q, STM32U595QJI6, STM32U595QJI6Q, STM32U595RIT6, STM32U595RIT6Q, STM32U595RJT6, STM32U595RJT6Q, STM32U595VIT6, STM32U595VIT6Q, STM32U595VJT6, STM32U595VJT6Q, STM32U595ZIT6, STM32U595ZIT6Q, STM32U595ZIY6QTR, STM32U595ZJT6, STM32U595ZJT6Q, STM32U595ZJY6QTR, STM32U599BJY6QTR, STM32U599NIH6Q, STM32U599NJH6Q, STM32U599VIT6Q, STM32U599VJT6, STM32U599VJT6Q, STM32U599ZIT6Q, STM32U599ZIY6QTR, STM32U599ZJT6Q, STM32U599ZJY6QTR, STM32U5A5AJH6, STM32U5A5AJH6Q, STM32U5A5QJI6, STM32U5A5QJI6Q, STM32U5A5RJT6, STM32U5A5RJT6Q, STM32U5A5VJT6, STM32U5A5VJT6Q, STM32U5A5ZJT6, STM32U5A5ZJT6Q, STM32U5A5ZJY6QTR, STM32U5A9BJY6QTR, STM32U5A9J-DK, STM32U5A9NJH6Q, STM32U5A9VJT6Q, STM32U5A9ZJT6Q, STM32U5A9ZJY6QTR, STM32U5F7VIT6, STM32U5F7VIT6Q, STM32U5F7VJT6, STM32U5F7VJT6Q, STM32U5F9BJY6QTR, STM32U5F9NJH6Q, STM32U5F9VIT6Q, STM32U5F9VJT6Q, STM32U5F9ZIJ6QTR, STM32U5F9ZIT6Q, STM32U5F9ZJJ6QTR, STM32U5F9ZJT6Q, STM32U5G7VJT6, STM32U5G7VJT6Q, STM32U5G9BJY6QTR, STM32U5G9J-DK1, STM32U5G9J-DK2, STM32U5G9NJH6Q, STM32U5G9VJT6Q, STM32U5G9ZJJ6QTR, STM32U5G9ZJT6Q, STM32WB1MMCH6, STM32WBA52CEU6, STM32WBA52CEU6T, STM32WBA52CGU6, STM32WBA52CGU6T, STM32WBA52KEU6, STM32WBA52KEU6T, STM32WBA52KGU6, STM32WBA52KGU6T, STM32WL5MOCH6, STM32WL5MOCH6TR]
2023-08-28 10:36:47,372 [INFO] DbMcus:217 - Found 3848 MCUs, 3848 are supported
2023-08-28 10:36:47,381 [INFO] ApiDb:423 - Load user favorites file C:\Users\admin/.stm32cubeide/favorites.mcus.txt: 2 item(s)
2023-08-28 10:36:47,381 [INFO] ApiDb:427 - User favorites MCUs=[STM32F103C8T6, STM32F407VET6]
2023-08-28 10:36:47,382 [INFO] DbMcus:223 - Set 2 / 2 favorites MCUs
2023-08-28 10:36:47,739 [WARN] ThirdParty:833 - waiting for thirdparty lock release [change project]
2023-08-28 10:36:47,739 [INFO] ThirdParty:835 - entering critical section [change project]
2023-08-28 10:36:47,739 [INFO] ThirdParty:1030 - CMSIS Pack Vendor :STMicroelectronics X-CUBE-ISPU 1.1.0
2023-08-28 10:36:47,740 [INFO] ThirdParty:1030 - CMSIS Pack Vendor :STMicroelectronics USBPD 4.1
2023-08-28 10:36:47,740 [INFO] ThirdParty:1030 - CMSIS Pack Vendor :RoweBots I-CUBE-UNISONRTOS 5.5.0-4
2023-08-28 10:36:47,740 [INFO] ThirdParty:1030 - CMSIS Pack Vendor :STMicroelectronics X-CUBE-GNSS1 6.0.0
2023-08-28 10:36:47,740 [INFO] ThirdParty:1030 - CMSIS Pack Vendor :STMicroelectronics USB_HOST 2.0.0
2023-08-28 10:36:47,740 [INFO] ThirdParty:1030 - CMSIS Pack Vendor :STMicroelectronics X-CUBE-AZRTOS-F4 1.1.0
2023-08-28 10:36:47,740 [INFO] ThirdParty:1030 - CMSIS Pack Vendor :STMicroelectronics LIBJPEG 8.0.0
2023-08-28 10:36:47,740 [INFO] ThirdParty:1030 - CMSIS Pack Vendor :STMicroelectronics X-CUBE-SMBUS 2.1.0
2023-08-28 10:36:47,740 [INFO] ThirdParty:1030 - CMSIS Pack Vendor :STMicroelectronics USB_DEVICE 3.0.0
2023-08-28 10:36:47,740 [INFO] ThirdParty:1030 - CMSIS Pack Vendor :STMicroelectronics X-CUBE-AI 8.0.0
2023-08-28 10:36:47,740 [INFO] ThirdParty:1030 - CMSIS Pack Vendor :STMicroelectronics X-CUBE-AZRTOS-WB 2.0.0
2023-08-28 10:36:47,740 [INFO] ThirdParty:1030 - CMSIS Pack Vendor :STMicroelectronics X-CUBE-FREERTOS 1.0.0
2023-08-28 10:36:47,740 [INFO] ThirdParty:1030 - CMSIS Pack Vendor :STMicroelectronics X-CUBE-FREERTOS 1.0.1
2023-08-28 10:36:47,740 [INFO] ThirdParty:1030 - CMSIS Pack Vendor :STMicroelectronics X-CUBE-TOUCHGFX 4.21.1
2023-08-28 10:36:47,740 [INFO] ThirdParty:1030 - CMSIS Pack Vendor :STMicroelectronics X-CUBE-TOUCHGFX 4.21.3
2023-08-28 10:36:47,740 [INFO] ThirdParty:1030 - CMSIS Pack Vendor :STMicroelectronics X-CUBE-AZRTOS-F7 1.1.0
2023-08-28 10:36:47,740 [INFO] ThirdParty:1030 - CMSIS Pack Vendor :STMicroelectronics X-CUBE-TOUCHGFX 4.21.4
2023-08-28 10:36:47,740 [INFO] ThirdParty:1030 - CMSIS Pack Vendor :STMicroelectronics X-CUBE-AZRTOS-L5 2.0.0
2023-08-28 10:36:47,740 [INFO] ThirdParty:1030 - CMSIS Pack Vendor :STMicroelectronics USB_DEVICE 2.0.0
2023-08-28 10:36:47,740 [INFO] ThirdParty:1030 - CMSIS Pack Vendor :STMicroelectronics X-CUBE-MEMS1 9.6.0
2023-08-28 10:36:47,740 [INFO] ThirdParty:1030 - CMSIS Pack Vendor :STMicroelectronics FP-SNS-MOTENV1 4.3.0
2023-08-28 10:36:47,741 [INFO] ThirdParty:1030 - CMSIS Pack Vendor :STMicroelectronics FP-SNS-MOTENV1 4.3.2
2023-08-28 10:36:47,741 [INFO] ThirdParty:1030 - CMSIS Pack Vendor :STMicroelectronics FP-SNS-FLIGHT1 5.0.0
2023-08-28 10:36:47,741 [INFO] ThirdParty:1030 - CMSIS Pack Vendor :STMicroelectronics FP-SNS-MOTENV1 4.3.1
2023-08-28 10:36:47,741 [INFO] ThirdParty:1030 - CMSIS Pack Vendor :STMicroelectronics FP-SNS-FLIGHT1 5.0.1
2023-08-28 10:36:47,741 [INFO] ThirdParty:1030 - CMSIS Pack Vendor :STMicroelectronics X-CUBE-ALGOBUILD 1.3.0
2023-08-28 10:36:47,741 [INFO] ThirdParty:1030 - CMSIS Pack Vendor :STMicroelectronics X-CUBE-BLE1 6.2.4
2023-08-28 10:36:47,741 [INFO] ThirdParty:1030 - CMSIS Pack Vendor :STMicroelectronics X-CUBE-AZRTOS-L5 1.1.0
2023-08-28 10:36:47,741 [INFO] ThirdParty:1030 - CMSIS Pack Vendor :STMicroelectronics FreeRTOS 0.0.1
2023-08-28 10:36:47,741 [INFO] ThirdParty:1030 - CMSIS Pack Vendor :STMicroelectronics X-CUBE-AZRTOS-G0 1.1.0
2023-08-28 10:36:47,741 [INFO] ThirdParty:1030 - CMSIS Pack Vendor :emotas I-CUBE-CANOPEN 1.1.3
2023-08-28 10:36:47,741 [INFO] ThirdParty:1030 - CMSIS Pack Vendor :STMicroelectronics X-CUBE-BLEMGR 2.0.0
2023-08-28 10:36:47,741 [INFO] ThirdParty:1030 - CMSIS Pack Vendor :STMicroelectronics X-CUBE-AI 8.0.1
2023-08-28 10:36:47,741 [INFO] ThirdParty:1030 - CMSIS Pack Vendor :STMicroelectronics X-CUBE-NFC4 3.0.0
2023-08-28 10:36:47,741 [INFO] ThirdParty:1030 - CMSIS Pack Vendor :STMicroelectronics X-CUBE-SUBG2 5.0.0
2023-08-28 10:36:47,741 [INFO] ThirdParty:1030 - CMSIS Pack Vendor :STMicroelectronics STM32_WPAN 1.0.0
2023-08-28 10:36:47,741 [INFO] ThirdParty:1030 - CMSIS Pack Vendor :STMicroelectronics lwIP 2.0.3
2023-08-28 10:36:47,741 [INFO] ThirdParty:1030 - CMSIS Pack Vendor :STMicroelectronics FP-SNS-FLIGHT1 5.0.2
2023-08-28 10:36:47,742 [INFO] ThirdParty:1030 - CMSIS Pack Vendor :STMicroelectronics USB_HOST 1.0.0
2023-08-28 10:36:47,742 [INFO] ThirdParty:1030 - CMSIS Pack Vendor :STMicroelectronics X-CUBE-TOF1 3.3.1
2023-08-28 10:36:47,742 [INFO] ThirdParty:1030 - CMSIS Pack Vendor :STMicroelectronics X-CUBE-AZRTOS-G4 2.0.0
2023-08-28 10:36:47,742 [INFO] ThirdParty:1030 - CMSIS Pack Vendor :STMicroelectronics PDM2PCM 3.1.0
2023-08-28 10:36:47,742 [INFO] ThirdParty:1030 - CMSIS Pack Vendor :STMicroelectronics X-CUBE-AZRTOS-H7 3.1.0
2023-08-28 10:36:47,742 [INFO] ThirdParty:1030 - CMSIS Pack Vendor :STMicroelectronics X-CUBE-TOF1 3.3.0
2023-08-28 10:36:47,742 [INFO] ThirdParty:1030 - CMSIS Pack Vendor :STMicroelectronics FP-ATR-ASTRA1 1.1.1
2023-08-28 10:36:47,742 [INFO] ThirdParty:1030 - CMSIS Pack Vendor :STMicroelectronics PDM2PCM 3.3.0
2023-08-28 10:36:47,742 [INFO] ThirdParty:1030 - CMSIS Pack Vendor :STMicroelectronics X-CUBE-DISPLAY 3.0.0
2023-08-28 10:36:47,742 [INFO] ThirdParty:1030 - CMSIS Pack Vendor :STMicroelectronics X-CUBE-BLEMGR 1.3.0
2023-08-28 10:36:47,742 [INFO] ThirdParty:1030 - CMSIS Pack Vendor :STMicroelectronics X-CUBE-BLE1 7.0.0
2023-08-28 10:36:47,742 [INFO] ThirdParty:1030 - CMSIS Pack Vendor :STMicroelectronics FP-ATR-SIGFOX1 3.2.0
2023-08-28 10:36:47,742 [INFO] ThirdParty:1030 - CMSIS Pack Vendor :STMicroelectronics X-CUBE-AZRTOS-G4 1.0.0
2023-08-28 10:36:47,742 [INFO] ThirdParty:1030 - CMSIS Pack Vendor :wolfSSL I-CUBE-wolfSSL 5.5.4
2023-08-28 10:36:47,742 [INFO] ThirdParty:1030 - CMSIS Pack Vendor :STMicroelectronics X-CUBE-AZRTOS-L4 1.0.0
2023-08-28 10:36:47,742 [INFO] ThirdParty:1030 - CMSIS Pack Vendor :STMicroelectronics HAL Drivers 0.0.0
2023-08-28 10:36:47,742 [INFO] ThirdParty:1030 - CMSIS Pack Vendor :STMicroelectronics MBEDTLS 2.16.2
2023-08-28 10:36:47,742 [INFO] ThirdParty:1030 - CMSIS Pack Vendor :STMicroelectronics X-CUBE-TOUCHGFX 4.22.0
2023-08-28 10:36:47,743 [INFO] ThirdParty:1030 - CMSIS Pack Vendor :STMicroelectronics X-CUBE-NFC7 1.0.1
2023-08-28 10:36:47,743 [INFO] ThirdParty:1030 - CMSIS Pack Vendor :STMicroelectronics MBEDTLS 2.14.1
2023-08-28 10:36:47,743 [INFO] ThirdParty:1030 - CMSIS Pack Vendor :STMicroelectronics X-CUBE-NFC7 1.0.0
2023-08-28 10:36:47,743 [INFO] ThirdParty:1030 - CMSIS Pack Vendor :STMicroelectronics X-CUBE-AZRTOS-WL 1.0.0
2023-08-28 10:36:47,743 [INFO] ThirdParty:1030 - CMSIS Pack Vendor :STMicroelectronics X-CUBE-EEPRMA1 4.1.0
2023-08-28 10:36:47,743 [INFO] ThirdParty:1030 - CMSIS Pack Vendor :portGmbH I-Cube-SoM-uGOAL 1.1.0
2023-08-28 10:36:47,743 [INFO] ThirdParty:1030 - CMSIS Pack Vendor :STMicroelectronics X-CUBE-ALS 1.0.1
2023-08-28 10:36:47,743 [INFO] ThirdParty:1030 - CMSIS Pack Vendor :STMicroelectronics X-CUBE-MEMS1 9.5.0
2023-08-28 10:36:47,743 [INFO] ThirdParty:1030 - CMSIS Pack Vendor :STMicroelectronics ThreadX 1.0.0
2023-08-28 10:36:47,744 [INFO] ThirdParty:1030 - CMSIS Pack Vendor :STMicroelectronics X-CUBE-AZRTOS-WB 1.1.0
2023-08-28 10:36:47,744 [INFO] ThirdParty:1030 - CMSIS Pack Vendor :STMicroelectronics X-CUBE-AZRTOS-WL 2.0.0
2023-08-28 10:36:47,744 [INFO] ThirdParty:1030 - CMSIS Pack Vendor :SEGGER I-CUBE-embOS 1.3.1
2023-08-28 10:36:47,744 [INFO] ThirdParty:1030 - CMSIS Pack Vendor :STMicroelectronics USB_DEVICE 1.0.0
2023-08-28 10:36:47,744 [INFO] ThirdParty:1030 - CMSIS Pack Vendor :STMicroelectronics X-CUBE-AI 8.1.0
2023-08-28 10:36:47,744 [INFO] ThirdParty:1030 - CMSIS Pack Vendor :STMicroelectronics X-CUBE-AZRTOS-L4 2.0.0
2023-08-28 10:36:47,744 [INFO] ThirdParty:1030 - CMSIS Pack Vendor :STMicroelectronics ThreadX 0.0.2
2023-08-28 10:36:47,744 [INFO] ThirdParty:1030 - CMSIS Pack Vendor :WES I-CUBE-Cesium 1.3.0
2023-08-28 10:36:47,744 [INFO] ThirdParty:1030 - CMSIS Pack Vendor :STMicroelectronics FP-ATR-ASTRA1 2.0.0
2023-08-28 10:36:47,744 [INFO] ThirdParty:1030 - CMSIS Pack Vendor :STMicroelectronics lwIP 2.1.2
2023-08-28 10:36:47,744 [INFO] ThirdParty:1030 - CMSIS Pack Vendor :STMicroelectronics X-CUBE-SFXS2LP1 4.0.0
2023-08-28 10:36:47,744 [INFO] ThirdParty:1030 - CMSIS Pack Vendor :STMicroelectronics X-CUBE-BLE2 3.3.0
2023-08-28 10:36:47,744 [INFO] ThirdParty:1030 - CMSIS Pack Vendor :STMicroelectronics X-CUBE-TOF1 3.2.0
2023-08-28 10:36:47,744 [INFO] ThirdParty:1030 - CMSIS Pack Vendor :STMicroelectronics PDM2PCM 3.2.0
2023-08-28 10:36:47,744 [INFO] ThirdParty:1030 - CMSIS Pack Vendor :STMicroelectronics X-CUBE-AZRTOS-H7 3.0.0
2023-08-28 10:36:47,745 [INFO] ThirdParty:841 - exiting critical section [change project]
2023-08-28 10:36:48,279 [INFO] PinOutPanel:1499 - setPackage(No Configuration,No Configuration)
2023-08-28 10:36:48,280 [INFO] PinOutPanel:1499 - setPackage(STM32F103C8Tx,LQFP48)
2023-08-28 10:36:48,935 [INFO] UtilMem:75 - Before build in PCC Used Memory: 195125792 Bytes (605028352)
2023-08-28 10:36:50,171 [INFO] UtilMem:75 - After build in PCC Used Memory: 288273616 Bytes (605028352)
2023-08-28 10:36:50,240 [INFO] IPUIPlugin:80 - create IPUIPlugin
2023-08-28 10:36:50,240 [INFO] IPUIPlugin:80 - create IPUIPlugin
2023-08-28 10:36:50,240 [INFO] IPUIPlugin:80 - create IPUIPlugin
2023-08-28 10:36:50,241 [INFO] IPUIPlugin:80 - create IPUIPlugin
2023-08-28 10:36:50,241 [INFO] IPUIPlugin:80 - create IPUIPlugin
2023-08-28 10:36:50,241 [INFO] IPUIPlugin:80 - create IPUIPlugin
2023-08-28 10:36:50,241 [INFO] IPUIPlugin:80 - create IPUIPlugin
2023-08-28 10:36:50,241 [INFO] IPUIPlugin:80 - create IPUIPlugin
2023-08-28 10:36:50,242 [INFO] IPUIPlugin:80 - create IPUIPlugin
2023-08-28 10:36:50,242 [INFO] IPUIPlugin:80 - create IPUIPlugin
2023-08-28 10:36:50,242 [INFO] IPUIPlugin:80 - create IPUIPlugin
2023-08-28 10:36:50,243 [INFO] IPUIPlugin:80 - create IPUIPlugin
2023-08-28 10:36:50,243 [INFO] IPUIPlugin:80 - create IPUIPlugin
2023-08-28 10:36:50,243 [INFO] IPUIPlugin:80 - create IPUIPlugin
2023-08-28 10:36:50,243 [INFO] IPUIPlugin:80 - create IPUIPlugin
2023-08-28 10:36:50,244 [INFO] IPUIPlugin:80 - create IPUIPlugin
2023-08-28 10:36:50,244 [INFO] IPUIPlugin:80 - create IPUIPlugin
2023-08-28 10:36:50,245 [INFO] IPUIPlugin:80 - create IPUIPlugin
2023-08-28 10:36:50,245 [INFO] IPUIPlugin:80 - create IPUIPlugin
2023-08-28 10:36:50,245 [INFO] IPUIPlugin:80 - create IPUIPlugin
2023-08-28 10:36:50,245 [INFO] IPUIPlugin:80 - create IPUIPlugin
2023-08-28 10:36:50,246 [INFO] IPUIPlugin:80 - create IPUIPlugin
2023-08-28 10:36:50,246 [INFO] IPUIPlugin:80 - create IPUIPlugin
2023-08-28 10:36:50,246 [INFO] IPUIPlugin:80 - create IPUIPlugin
2023-08-28 10:36:50,246 [INFO] IPUIPlugin:80 - create IPUIPlugin
2023-08-28 10:36:50,247 [INFO] IPUIPlugin:80 - create IPUIPlugin
2023-08-28 10:36:50,247 [INFO] IPUIPlugin:80 - create IPUIPlugin
2023-08-28 10:36:50,271 [INFO] Can:71 - Can Add PropertyChangeListener com.st.microxplorer.plugins.ip.can.Can@48e29083
2023-08-28 10:36:50,664 [INFO] CADModel:165 - CPN selected for project levelSTM32F103C8T6
2023-08-28 10:36:50,664 [INFO] CADModel:114 - Register for checkConnection events
2023-08-28 10:36:50,733 [INFO] OpenFileManager:328 - Restore cursor
2023-08-28 20:04:42,481 [INFO] Activator:176 - 


2023-08-28 20:04:42,487 [INFO] Activator:177 - !SESSION log4j initialized
2023-08-28 20:04:53,669 [INFO] LogOutputStream:77 - [STDOUT_REDIRECT] 
2023-08-28 20:04:56,257 [INFO] ApplicationProperties:184 - Using Application install path: C:\ST\STM32CubeIDE_1.11.2\STM32CubeIDE\plugins\com.st.stm32cube.common.mx_6.9.1.202307191849
2023-08-28 20:04:56,295 [INFO] DbMcusXml:78 - Set database path to: C:\ST\STM32CubeIDE_1.11.2\STM32CubeIDE\plugins\com.st.stm32cube.common.mx_6.9.1.202307191849\\db\/mcu/
2023-08-28 20:04:56,295 [INFO] ApiDb:274 - Set plugin database path to: C:\ST\STM32CubeIDE_1.11.2\STM32CubeIDE\plugins\com.st.stm32cube.common.mx_6.9.1.202307191849\\db\/plugins/boardmanager/
2023-08-28 20:04:56,296 [WARN] ApiDb:259 - Overriding images path with different value:  => C:\ST\STM32CubeIDE_1.11.2\STM32CubeIDE\plugins\com.st.stm32cube.common.mx_6.9.1.202307191849\\db\/plugins/mcufinder/images/
2023-08-28 20:04:56,325 [INFO] ApiDb:250 - Set database path to: C:\Users\admin\.stmcufinder\plugins\mcufinder//mcu/
2023-08-28 20:04:56,327 [INFO] DbMcusAds:125 - Set database path to: C:\Users\admin\.stmcufinder\plugins\mcufinder//mcu/
2023-08-28 20:04:56,331 [INFO] CrossReferenceDbSqlite:203 - Set database path to: C:\Users\admin\.stmcufinder\plugins\mcufinder//mcu/cs/
2023-08-28 20:04:56,531 [INFO] RulesReader:64 - Compatibility file has been processed (293 Rules)
2023-08-28 20:04:56,683 [INFO] DbMcusXml:78 - Set database path to: C:\ST\STM32CubeIDE_1.11.2\STM32CubeIDE\plugins\com.st.stm32cube.common.mx_6.9.1.202307191849\\db\/mcu/
2023-08-28 20:04:56,684 [INFO] ApiDb:274 - Set plugin database path to: C:\ST\STM32CubeIDE_1.11.2\STM32CubeIDE\plugins\com.st.stm32cube.common.mx_6.9.1.202307191849\\db\/plugins/boardmanager/
2023-08-28 20:04:56,684 [INFO] ApiDb:261 - Set plugin images path to: C:\ST\STM32CubeIDE_1.11.2\STM32CubeIDE\plugins\com.st.stm32cube.common.mx_6.9.1.202307191849\\db\/plugins/mcufinder/images/
2023-08-28 20:04:56,684 [WARN] DbFile:41 - Overriding database path with different value: C:\Users\admin\.stmcufinder\plugins\mcufinder/ => C:\Users\admin\.stmcufinder\plugins\mcufinder
2023-08-28 20:04:56,685 [INFO] ApiDb:250 - Set database path to: C:\Users\admin\.stmcufinder\plugins\mcufinder//mcu/
2023-08-28 20:04:56,685 [WARN] DbFile:41 - Overriding database path with different value: C:\Users\admin\.stmcufinder\plugins\mcufinder/ => C:\Users\admin\.stmcufinder\plugins\mcufinder
2023-08-28 20:04:56,685 [INFO] DbMcusAds:125 - Set database path to: C:\Users\admin\.stmcufinder\plugins\mcufinder//mcu/
2023-08-28 20:04:56,685 [WARN] DbFile:41 - Overriding database path with different value: C:\Users\admin\.stmcufinder\plugins\mcufinder/ => C:\Users\admin\.stmcufinder\plugins\mcufinder
2023-08-28 20:04:56,685 [WARN] DbFile:41 - Overriding database path with different value: C:\Users\admin\.stmcufinder\plugins\mcufinder/ => C:\Users\admin\.stmcufinder\plugins\mcufinder
2023-08-28 20:04:56,686 [INFO] CrossReferenceDbSqlite:203 - Set database path to: C:\Users\admin\.stmcufinder\plugins\mcufinder//mcu/cs/
2023-08-28 20:04:56,847 [INFO] MainPanel:262 - HeapMemory: 268435456
2023-08-28 20:04:57,050 [INFO] DbMcusXml:78 - Set database path to: C:\ST\STM32CubeIDE_1.11.2\STM32CubeIDE\plugins\com.st.stm32cube.common.mx_6.9.1.202307191849\\db\/mcu/
2023-08-28 20:04:57,051 [INFO] ApiDb:274 - Set plugin database path to: C:\ST\STM32CubeIDE_1.11.2\STM32CubeIDE\plugins\com.st.stm32cube.common.mx_6.9.1.202307191849\\db\/plugins/boardmanager/
2023-08-28 20:04:57,051 [INFO] ApiDb:261 - Set plugin images path to: C:\ST\STM32CubeIDE_1.11.2\STM32CubeIDE\plugins\com.st.stm32cube.common.mx_6.9.1.202307191849\\db\/plugins/mcufinder/images/
2023-08-28 20:04:57,052 [WARN] DbFile:41 - Overriding database path with different value: C:\Users\admin\.stmcufinder\plugins\mcufinder/ => C:\Users\admin\.stmcufinder\plugins\mcufinder
2023-08-28 20:04:57,052 [INFO] ApiDb:250 - Set database path to: C:\Users\admin\.stmcufinder\plugins\mcufinder//mcu/
2023-08-28 20:04:57,052 [WARN] DbFile:41 - Overriding database path with different value: C:\Users\admin\.stmcufinder\plugins\mcufinder/ => C:\Users\admin\.stmcufinder\plugins\mcufinder
2023-08-28 20:04:57,052 [INFO] DbMcusAds:125 - Set database path to: C:\Users\admin\.stmcufinder\plugins\mcufinder//mcu/
2023-08-28 20:04:57,052 [WARN] DbFile:41 - Overriding database path with different value: C:\Users\admin\.stmcufinder\plugins\mcufinder/ => C:\Users\admin\.stmcufinder\plugins\mcufinder
2023-08-28 20:04:57,052 [WARN] DbFile:41 - Overriding database path with different value: C:\Users\admin\.stmcufinder\plugins\mcufinder/ => C:\Users\admin\.stmcufinder\plugins\mcufinder
2023-08-28 20:04:57,052 [INFO] CrossReferenceDbSqlite:203 - Set database path to: C:\Users\admin\.stmcufinder\plugins\mcufinder//mcu/cs/
2023-08-28 20:04:57,091 [INFO] ApplicationProperties:184 - Using Application install path: C:\ST\STM32CubeIDE_1.11.2\STM32CubeIDE\plugins\com.st.stm32cube.common.mx_6.9.1.202307191849
2023-08-28 20:04:57,095 [INFO] PluginManage:196 - Search for loadable plugins [exclusion list=, ]
2023-08-28 20:04:57,099 [INFO] PluginManage:310 - Check plugin analytics
2023-08-28 20:04:57,430 [INFO] AnalyticsPlugin:253 - Accepted Software Licenses: 
2023-08-28 20:04:57,431 [INFO] AnalyticsPlugin:255 - Accepted CMSIS Pack Licenses: 
2023-08-28 20:04:57,431 [INFO] AnalyticsPlugin:257 - Accepted Firmware Licenses: 
2023-08-28 20:04:57,435 [INFO] PluginManage:359 - Loaded plugin analytics (category:tool,tabindex:-1)
2023-08-28 20:04:57,436 [INFO] PluginManage:310 - Check plugin cadmodel
2023-08-28 20:04:57,516 [INFO] CADModel:105 - Init CAD model plugin
2023-08-28 20:04:57,517 [INFO] PluginManage:359 - Loaded plugin cadmodel (category:power,tabindex:5)
2023-08-28 20:04:57,517 [INFO] PluginManage:310 - Check plugin clock
2023-08-28 20:04:57,546 [INFO] PluginManage:359 - Loaded plugin clock (category:base,tabindex:2)
2023-08-28 20:04:57,546 [INFO] PluginManage:310 - Check plugin ddr
2023-08-28 20:04:57,552 [INFO] PluginManage:359 - Loaded plugin ddr (category:tool,tabindex:6)
2023-08-28 20:04:57,552 [INFO] PluginManage:310 - Check plugin filemanager
2023-08-28 20:04:57,789 [INFO] PluginManage:359 - Loaded plugin filemanager (category:base,tabindex:10)
2023-08-28 20:04:57,789 [INFO] PluginManage:310 - Check plugin ipmanager
2023-08-28 20:04:57,802 [INFO] PluginManage:359 - Loaded plugin ipmanager (category:base,tabindex:5)
2023-08-28 20:04:57,802 [INFO] PluginManage:310 - Check plugin lpbam
2023-08-28 20:04:57,824 [INFO] PluginManage:359 - Loaded plugin lpbam (category:base,tabindex:0)
2023-08-28 20:04:57,824 [INFO] PluginManage:310 - Check plugin memorymap
2023-08-28 20:04:57,854 [INFO] PluginManage:359 - Loaded plugin memorymap (category:base,tabindex:4)
2023-08-28 20:04:57,856 [INFO] PluginManage:310 - Check plugin pinoutandconfiguration
2023-08-28 20:04:57,879 [INFO] PluginManage:359 - Loaded plugin pinoutandconfiguration (category:base,tabindex:1)
2023-08-28 20:04:57,879 [INFO] PluginManage:310 - Check plugin pinoutconfig
2023-08-28 20:04:58,090 [WARN] SupportedApi:132 - Cannot load RTOS API schema: s4s-elt-must-match.1: The content of 'definitions' must match (annotation?, (simpleType | complexType)?, (unique | key | keyref)*)). A problem was found starting at: attribute.
2023-08-28 20:04:58,338 [INFO] PluginManage:359 - Loaded plugin pinoutconfig (category:base,tabindex:0)
2023-08-28 20:04:58,339 [INFO] PluginManage:310 - Check plugin power
2023-08-28 20:04:58,368 [INFO] PluginManage:359 - Loaded plugin power (category:power,tabindex:4)
2023-08-28 20:04:58,368 [INFO] PluginManage:310 - Check plugin projectmanager
2023-08-28 20:04:58,386 [INFO] PluginManage:359 - Loaded plugin projectmanager (category:projectmanager,tabindex:3)
2023-08-28 20:04:58,387 [INFO] PluginManage:310 - Check plugin thirdparty
2023-08-28 20:04:58,762 [WARN] IntegrityCheckThread:84 - waiting for thirdparty lock release [integrity check]
2023-08-28 20:04:58,763 [INFO] PluginManage:359 - Loaded plugin thirdparty (category:base,tabindex:-1)
2023-08-28 20:04:58,763 [INFO] IntegrityCheckThread:86 - entering critical section [integrity check]
2023-08-28 20:04:58,763 [INFO] PluginManage:310 - Check plugin tools
2023-08-28 20:04:58,764 [INFO] ThirdPartyUpdaterWithRetryManager:70 - Updater plugin not ready yet. [1/15]
2023-08-28 20:04:58,818 [INFO] PluginManage:359 - Loaded plugin tools (category:base,tabindex:7)
2023-08-28 20:04:58,818 [INFO] PluginManage:310 - Check plugin tutovideos
2023-08-28 20:04:59,222 [INFO] PluginManage:359 - Loaded plugin tutovideos (category:base,tabindex:-1)
2023-08-28 20:04:59,222 [INFO] PluginManage:310 - Check plugin updater
2023-08-28 20:04:59,245 [INFO] PluginManage:359 - Loaded plugin updater (category:base,tabindex:12)
2023-08-28 20:04:59,245 [INFO] PluginManage:310 - Check plugin userauth
2023-08-28 20:04:59,256 [INFO] UserAuth:113 - Init User Auth plugin
2023-08-28 20:04:59,256 [INFO] PluginManage:359 - Loaded plugin userauth (category:base,tabindex:14)
2023-08-28 20:04:59,257 [INFO] PluginManage:283 - PluginManage : Loaded plugins [17]
2023-08-28 20:04:59,667 [INFO] PinOutPanel:1499 - setPackage(No Configuration,No Configuration)
2023-08-28 20:04:59,888 [INFO] CADModel:165 - CPN selected for project level
2023-08-28 20:04:59,888 [INFO] CADModel:114 - Register for checkConnection events
2023-08-28 20:04:59,930 [INFO] IPUIPlugin:80 - create IPUIPlugin
2023-08-28 20:04:59,931 [INFO] PluginManager:220 - loadIPPluginJar : add adc
2023-08-28 20:04:59,972 [INFO] IPUIPlugin:80 - create IPUIPlugin
2023-08-28 20:04:59,972 [INFO] PluginManager:220 - loadIPPluginJar : add aes
2023-08-28 20:05:00,039 [INFO] IPUIPlugin:80 - create IPUIPlugin
2023-08-28 20:05:00,040 [INFO] PluginManager:220 - loadIPPluginJar : add can
2023-08-28 20:05:00,081 [INFO] IPUIPlugin:80 - create IPUIPlugin
2023-08-28 20:05:00,081 [INFO] PluginManager:220 - loadIPPluginJar : add comp
2023-08-28 20:05:00,135 [INFO] IPUIPlugin:80 - create IPUIPlugin
2023-08-28 20:05:00,135 [INFO] PluginManager:220 - loadIPPluginJar : add cryp
2023-08-28 20:05:00,174 [INFO] IPUIPlugin:80 - create IPUIPlugin
2023-08-28 20:05:00,174 [INFO] PluginManager:220 - loadIPPluginJar : add dfsdm
2023-08-28 20:05:00,195 [INFO] IPUIPlugin:80 - create IPUIPlugin
2023-08-28 20:05:00,196 [INFO] PluginManager:220 - loadIPPluginJar : add dma
2023-08-28 20:05:00,265 [INFO] IPUIPlugin:80 - create IPUIPlugin
2023-08-28 20:05:00,265 [INFO] PluginManager:220 - loadIPPluginJar : add dma3
2023-08-28 20:05:00,295 [INFO] IPUIPlugin:80 - create IPUIPlugin
2023-08-28 20:05:00,295 [INFO] PluginManager:220 - loadIPPluginJar : add fatfs
2023-08-28 20:05:00,368 [INFO] IPUIPlugin:80 - create IPUIPlugin
2023-08-28 20:05:00,368 [INFO] PluginManager:220 - loadIPPluginJar : add fmc
2023-08-28 20:05:00,388 [INFO] IPUIPlugin:80 - create IPUIPlugin
2023-08-28 20:05:00,388 [INFO] PluginManager:220 - loadIPPluginJar : add freertos
2023-08-28 20:05:00,420 [INFO] IPUIPlugin:80 - create IPUIPlugin
2023-08-28 20:05:00,420 [INFO] PluginManager:220 - loadIPPluginJar : add genericplugin
2023-08-28 20:05:00,579 [INFO] IPUIPlugin:80 - create IPUIPlugin
2023-08-28 20:05:00,579 [INFO] PluginManager:220 - loadIPPluginJar : add gfxmmu
2023-08-28 20:05:00,795 [INFO] IPUIPlugin:80 - create IPUIPlugin
2023-08-28 20:05:00,796 [INFO] PluginManager:220 - loadIPPluginJar : add gic
2023-08-28 20:05:00,814 [INFO] IPUIPlugin:80 - create IPUIPlugin
2023-08-28 20:05:00,814 [INFO] PluginManager:220 - loadIPPluginJar : add gpio
2023-08-28 20:05:00,961 [INFO] IPUIPlugin:80 - create IPUIPlugin
2023-08-28 20:05:00,962 [INFO] PluginManager:220 - loadIPPluginJar : add gtzc
2023-08-28 20:05:01,011 [INFO] IPUIPlugin:80 - create IPUIPlugin
2023-08-28 20:05:01,011 [INFO] PluginManager:220 - loadIPPluginJar : add hash
2023-08-28 20:05:01,106 [INFO] IPUIPlugin:80 - create IPUIPlugin
2023-08-28 20:05:01,106 [INFO] PluginManager:220 - loadIPPluginJar : add i2c
2023-08-28 20:05:01,171 [INFO] IPUIPlugin:80 - create IPUIPlugin
2023-08-28 20:05:01,171 [INFO] PluginManager:220 - loadIPPluginJar : add i2s
2023-08-28 20:05:01,227 [INFO] IPUIPlugin:80 - create IPUIPlugin
2023-08-28 20:05:01,227 [INFO] PluginManager:220 - loadIPPluginJar : add i3c
2023-08-28 20:05:01,352 [INFO] IPUIPlugin:80 - create IPUIPlugin
2023-08-28 20:05:01,352 [INFO] PluginManager:220 - loadIPPluginJar : add ipddr
2023-08-28 20:05:01,466 [INFO] IPUIPlugin:80 - create IPUIPlugin
2023-08-28 20:05:01,466 [INFO] PluginManager:220 - loadIPPluginJar : add linkedlist
2023-08-28 20:05:01,518 [INFO] IPUIPlugin:80 - create IPUIPlugin
2023-08-28 20:05:01,518 [INFO] PluginManager:220 - loadIPPluginJar : add lorawan
2023-08-28 20:05:01,562 [INFO] IPUIPlugin:80 - create IPUIPlugin
2023-08-28 20:05:01,562 [INFO] PluginManager:220 - loadIPPluginJar : add ltdc
2023-08-28 20:05:01,579 [INFO] IPUIPlugin:80 - create IPUIPlugin
2023-08-28 20:05:01,579 [INFO] PluginManager:220 - loadIPPluginJar : add mdma
2023-08-28 20:05:01,594 [INFO] IPUIPlugin:80 - create IPUIPlugin
2023-08-28 20:05:01,594 [INFO] PluginManager:220 - loadIPPluginJar : add nvic
2023-08-28 20:05:01,643 [INFO] IPUIPlugin:80 - create IPUIPlugin
2023-08-28 20:05:01,643 [INFO] PluginManager:220 - loadIPPluginJar : add opamp
2023-08-28 20:05:01,723 [INFO] IPUIPlugin:80 - create IPUIPlugin
2023-08-28 20:05:01,723 [INFO] PluginManager:220 - loadIPPluginJar : add openamp
2023-08-28 20:05:01,775 [INFO] ThirdPartyUpdaterWithRetryManager:70 - Updater plugin not ready yet. [2/15]
2023-08-28 20:05:01,776 [INFO] IPUIPlugin:80 - create IPUIPlugin
2023-08-28 20:05:01,776 [INFO] PluginManager:220 - loadIPPluginJar : add pdm2pcm
2023-08-28 20:05:01,794 [INFO] IPUIPlugin:80 - create IPUIPlugin
2023-08-28 20:05:01,797 [INFO] PluginManager:220 - loadIPPluginJar : add plateformsettings
2023-08-28 20:05:01,823 [INFO] IPUIPlugin:80 - create IPUIPlugin
2023-08-28 20:05:01,823 [INFO] PluginManager:220 - loadIPPluginJar : add quadspi
2023-08-28 20:05:01,839 [INFO] IPUIPlugin:80 - create IPUIPlugin
2023-08-28 20:05:01,839 [INFO] PluginManager:220 - loadIPPluginJar : add resmgrutility
2023-08-28 20:05:01,898 [INFO] IPUIPlugin:80 - create IPUIPlugin
2023-08-28 20:05:01,898 [INFO] PluginManager:220 - loadIPPluginJar : add sai
2023-08-28 20:05:01,946 [INFO] IPUIPlugin:80 - create IPUIPlugin
2023-08-28 20:05:01,946 [INFO] PluginManager:220 - loadIPPluginJar : add spi
2023-08-28 20:05:02,015 [INFO] IPUIPlugin:80 - create IPUIPlugin
2023-08-28 20:05:02,015 [INFO] PluginManager:220 - loadIPPluginJar : add stm32_wpan
2023-08-28 20:05:02,045 [INFO] IPUIPlugin:80 - create IPUIPlugin
2023-08-28 20:05:02,046 [INFO] PluginManager:220 - loadIPPluginJar : add tim
2023-08-28 20:05:02,119 [INFO] IPUIPlugin:80 - create IPUIPlugin
2023-08-28 20:05:02,119 [INFO] PluginManager:220 - loadIPPluginJar : add touchsensing
2023-08-28 20:05:02,151 [INFO] IPUIPlugin:80 - create IPUIPlugin
2023-08-28 20:05:02,151 [INFO] PluginManager:220 - loadIPPluginJar : add tracer_emb
2023-08-28 20:05:02,207 [INFO] IPUIPlugin:80 - create IPUIPlugin
2023-08-28 20:05:02,207 [INFO] PluginManager:220 - loadIPPluginJar : add ts
2023-08-28 20:05:02,241 [INFO] IPUIPlugin:80 - create IPUIPlugin
2023-08-28 20:05:02,241 [INFO] PluginManager:220 - loadIPPluginJar : add tsc
2023-08-28 20:05:02,271 [INFO] IPUIPlugin:80 - create IPUIPlugin
2023-08-28 20:05:02,271 [INFO] PluginManager:220 - loadIPPluginJar : add ucpd
2023-08-28 20:05:02,328 [INFO] IPUIPlugin:80 - create IPUIPlugin
2023-08-28 20:05:02,328 [INFO] PluginManager:220 - loadIPPluginJar : add usart
2023-08-28 20:05:02,391 [INFO] IPUIPlugin:80 - create IPUIPlugin
2023-08-28 20:05:02,391 [INFO] PluginManager:220 - loadIPPluginJar : add usbx
2023-08-28 20:05:02,547 [INFO] CADModel:165 - CPN selected for project level
2023-08-28 20:05:02,547 [INFO] CADModel:114 - Register for checkConnection events
2023-08-28 20:05:02,548 [FATAL] Updater:308 - Updater called before beeing initialized
2023-08-28 20:05:02,549 [ERROR] CADModel:125 - Updater not yet initialized, retry later 
2023-08-28 20:05:02,735 [INFO] CADModel:165 - CPN selected for project level
2023-08-28 20:05:02,735 [INFO] CADModel:114 - Register for checkConnection events
2023-08-28 20:05:02,735 [FATAL] Updater:308 - Updater called before beeing initialized
2023-08-28 20:05:02,736 [ERROR] CADModel:125 - Updater not yet initialized, retry later 
2023-08-28 20:05:02,741 [FATAL] Updater:308 - Updater called before beeing initialized
2023-08-28 20:05:02,972 [FATAL] Updater:308 - Updater called before beeing initialized
2023-08-28 20:05:02,990 [INFO] DbMcusAds:53 - JSON generation date=Tue Mar 07 15:50:55 ICT 2023 (1678179055114)
2023-08-28 20:05:02,990 [FATAL] Updater:308 - Updater called before beeing initialized
2023-08-28 20:05:03,054 [WARN] DetailPanel:346 - Failed to get advertising image, set to default
2023-08-28 20:05:03,203 [FATAL] Updater:308 - Updater called before beeing initialized
2023-08-28 20:05:03,207 [FATAL] Updater:308 - Updater called before beeing initialized
2023-08-28 20:05:03,207 [FATAL] Updater:308 - Updater called before beeing initialized
2023-08-28 20:05:03,207 [WARN] DetailPanel:346 - Failed to get advertising image, set to default
2023-08-28 20:05:03,209 [FATAL] Updater:308 - Updater called before beeing initialized
2023-08-28 20:05:03,344 [ERROR] Updater:1120 - MainUpdater not yet initialized. External WinMGr cannot be set.
2023-08-28 20:05:03,360 [INFO] Updater:1056 - Updater Version found : 6.9.1
2023-08-28 20:05:03,393 [INFO] ApplicationProperties:184 - Using Application install path: C:\ST\STM32CubeIDE_1.11.2\STM32CubeIDE\plugins\com.st.stm32cube.common.mx_6.9.1.202307191849
2023-08-28 20:05:03,849 [INFO] MainUpdater:2868 - connection check result : 10
2023-08-28 20:05:03,850 [INFO] MainUpdater:3562 - Updater definition file requires update
2023-08-28 20:05:03,851 [INFO] MainUpdater:285 - Updater Check For Update Now.
2023-08-28 20:05:03,852 [INFO] MicroXplorer:498 - Change Database Version : DB.6.0.91
2023-08-28 20:05:03,872 [INFO] McuFinderGlobals:63 - Set McuFinder mode to 2 (CubeIDE integrated)
2023-08-28 20:05:03,969 [INFO] ServerAccessManage:473 - Download File updaters.zip
2023-08-28 20:05:04,160 [INFO] FileExtend:240 - Unzip File : updaters.zip
2023-08-28 20:05:04,161 [INFO] FileExtend:255 - Standard Zip Deflate
2023-08-28 20:05:04,810 [WARN] MainUpdater:1189 - Updater busy. Cannot search thirdparties
2023-08-28 20:05:04,811 [INFO] ThirdPartyUpdaterWithRetryManager:96 - Updater plugin is busy. [1/15]
2023-08-28 20:05:05,244 [INFO] ServerAccessManage:473 - Download File PacksControlFlags.xml
2023-08-28 20:05:05,419 [INFO] ServerAccessManage:473 - Download File cubemx.pidx
2023-08-28 20:05:07,465 [INFO] ServerAccessManage:473 - Download File STMicroelectronics.X-CUBE-FREERTOS.pdsc
2023-08-28 20:05:07,825 [WARN] MainUpdater:1189 - Updater busy. Cannot search thirdparties
2023-08-28 20:05:07,825 [INFO] ThirdPartyUpdaterWithRetryManager:96 - Updater plugin is busy. [2/15]
2023-08-28 20:05:10,169 [WARN] PackLoader:240 - Cannot read IP mode file for STMicroelectronics.X-CUBE-FREERTOS.1.1.0
2023-08-28 20:05:10,172 [INFO] PopulateThirdPartyThread:66 - Ending populate Thread
2023-08-28 20:05:10,173 [INFO] ThirdParty:1030 - CMSIS Pack Vendor :STMicroelectronics X-CUBE-FREERTOS 1.1.0
2023-08-28 20:05:10,174 [INFO] LoadServerUpdatesThread:373 - End of LoadServerUpdate Thread
2023-08-28 20:05:10,323 [INFO] CheckServerUpdateThread:120 - End of CheckServer Thread
2023-08-28 20:05:11,197 [WARN] PackLoader:240 - Cannot read IP mode file for STMicroelectronics.X-CUBE-SMBUS.2.1.0
2023-08-28 20:05:11,279 [WARN] PackLoader:240 - Cannot read IP mode file for STMicroelectronics.X-CUBE-AZRTOS-F7.1.1.0
2023-08-28 20:05:11,328 [ERROR] RealEvaluatedCondition:428 - Found unsupported composite condition: CLASS='Data Exchange' GROUP='STM32_MetaDataManager'
2023-08-28 20:05:11,328 [ERROR] RealEvaluatedCondition:428 - Found unsupported composite condition: GROUP='STM32_MetaDataManager' CLASS='Data Exchange'
2023-08-28 20:05:11,333 [WARN] PackLoader:240 - Cannot read IP mode file for STMicroelectronics.FP-SNS-MOTENV1.4.3.0
2023-08-28 20:05:11,361 [WARN] PackLoader:240 - Cannot read IP mode file for STMicroelectronics.FP-SNS-MOTENV1.4.3.2
2023-08-28 20:05:11,392 [WARN] PackLoader:240 - Cannot read IP mode file for STMicroelectronics.FP-SNS-FLIGHT1.5.0.0
2023-08-28 20:05:11,411 [ERROR] RealEvaluatedCondition:428 - Found unsupported composite condition: GROUP='STM32_MetaDataManager' CLASS='Data Exchange'
2023-08-28 20:05:11,411 [ERROR] RealEvaluatedCondition:428 - Found unsupported composite condition: GROUP='STM32_MetaDataManager' CLASS='Data Exchange'
2023-08-28 20:05:11,413 [WARN] PackLoader:240 - Cannot read IP mode file for STMicroelectronics.FP-SNS-MOTENV1.4.3.1
2023-08-28 20:05:11,437 [WARN] PackLoader:240 - Cannot read IP mode file for STMicroelectronics.FP-SNS-FLIGHT1.5.0.1
2023-08-28 20:05:11,462 [WARN] PackLoader:240 - Cannot read IP mode file for STMicroelectronics.X-CUBE-BLE1.6.2.4
2023-08-28 20:05:11,475 [WARN] PackLoader:240 - Cannot read IP mode file for STMicroelectronics.FP-SNS-FLIGHT1.5.0.2
2023-08-28 20:05:11,506 [WARN] PackLoader:240 - Cannot read IP mode file for STMicroelectronics.X-CUBE-DISPLAY.3.0.0
2023-08-28 20:05:11,533 [WARN] PackLoader:240 - Cannot read IP mode file for STMicroelectronics.X-CUBE-BLE1.7.0.0
2023-08-28 20:05:11,548 [WARN] PackLoader:240 - Cannot read IP mode file for STMicroelectronics.X-CUBE-TOUCHGFX.4.22.0
2023-08-28 20:05:11,576 [INFO] LogOutputStream:77 - [STDOUT_REDIRECT] 1 : Invalid condition id : UX_CORESTACK_Condition cause : null
2023-08-28 20:05:11,577 [INFO] LogOutputStream:77 - [STDOUT_REDIRECT] 1 : Invalid condition id : UX_CORESTACK_Condition cause : null
2023-08-28 20:05:11,578 [INFO] LogOutputStream:77 - [STDOUT_REDIRECT] 1 : Invalid condition id : UX_CORESTACK_Condition cause : null
2023-08-28 20:05:11,580 [INFO] LogOutputStream:77 - [STDOUT_REDIRECT] 1 : Invalid condition id : UX_CORESTACK_Condition cause : null
2023-08-28 20:05:11,582 [INFO] LogOutputStream:77 - [STDOUT_REDIRECT] 1 : Invalid condition id : UX_CORESTACK_Condition cause : null
2023-08-28 20:05:11,588 [WARN] PackLoader:240 - Cannot read IP mode file for STMicroelectronics.X-CUBE-AZRTOS-WL.2.0.0
2023-08-28 20:05:11,609 [WARN] PackLoader:240 - Cannot read IP mode file for WES.I-CUBE-Cesium.1.3.0
2023-08-28 20:05:11,642 [WARN] PackLoader:240 - Cannot read IP mode file for STMicroelectronics.X-CUBE-BLE2.3.3.0
2023-08-28 20:05:11,693 [WARN] PackLoader:240 - Cannot read IP mode file for STMicroelectronics.X-CUBE-TOF1.3.2.0
2023-08-28 20:05:11,735 [WARN] PackLoader:240 - Cannot read IP mode file for STMicroelectronics.X-CUBE-TOUCHGFX.4.21.1
2023-08-28 20:05:11,752 [WARN] PackLoader:240 - Cannot read IP mode file for STMicroelectronics.X-CUBE-TOUCHGFX.4.21.3
2023-08-28 20:05:11,767 [WARN] PackLoader:240 - Cannot read IP mode file for STMicroelectronics.X-CUBE-TOUCHGFX.4.21.4
2023-08-28 20:05:11,786 [WARN] PackLoader:240 - Cannot read IP mode file for STMicroelectronics.X-CUBE-ALGOBUILD.1.3.0
2023-08-28 20:05:11,843 [WARN] PackLoader:240 - Cannot read IP mode file for STMicroelectronics.X-CUBE-AZRTOS-G0.1.1.0
2023-08-28 20:05:11,872 [WARN] PackLoader:240 - Cannot read IP mode file for STMicroelectronics.X-CUBE-NFC4.3.0.0
2023-08-28 20:05:11,905 [WARN] PackLoader:240 - Cannot read IP mode file for STMicroelectronics.X-CUBE-BLEMGR.1.3.0
2023-08-28 20:05:11,919 [WARN] PackLoader:240 - Cannot read IP mode file for STMicroelectronics.FP-ATR-SIGFOX1.3.2.0
2023-08-28 20:05:12,040 [WARN] PackLoader:240 - Cannot read IP mode file for STMicroelectronics.X-CUBE-MEMS1.9.5.0
2023-08-28 20:05:12,388 [WARN] PackLoader:240 - Cannot read IP mode file for SEGGER.I-CUBE-embOS.1.3.1
2023-08-28 20:05:12,484 [WARN] PackLoader:240 - Cannot read IP mode file for STMicroelectronics.X-CUBE-GNSS1.6.0.0
2023-08-28 20:05:12,546 [WARN] PackLoader:240 - Cannot read IP mode file for STMicroelectronics.X-CUBE-AZRTOS-F4.1.1.0
2023-08-28 20:05:12,601 [WARN] PackLoader:240 - Cannot read IP mode file for STMicroelectronics.X-CUBE-AZRTOS-L5.2.0.0
2023-08-28 20:05:12,705 [WARN] PackLoader:240 - Cannot read IP mode file for STMicroelectronics.X-CUBE-MEMS1.9.6.0
2023-08-28 20:05:12,940 [WARN] PackLoader:240 - Cannot read IP mode file for emotas.I-CUBE-CANOPEN.1.1.3
2023-08-28 20:05:12,973 [WARN] PackLoader:240 - Cannot read IP mode file for STMicroelectronics.X-CUBE-BLEMGR.2.0.0
2023-08-28 20:05:13,027 [WARN] ConditionMgr:438 - getConditionDescription Invalid condition id : UX DEVICE CLASS RTOS Condition cause : null
2023-08-28 20:05:13,027 [WARN] ConditionMgr:438 - getConditionDescription Invalid condition id : UX DEVICE CLASS RTOS Condition cause : null
2023-08-28 20:05:13,035 [WARN] PackLoader:240 - Cannot read IP mode file for STMicroelectronics.X-CUBE-AZRTOS-H7.3.1.0
2023-08-28 20:05:13,037 [WARN] ConditionMgr:1039 - genDependencies : Invalid condition id : UX DEVICE CLASS RTOS Condition cause : null
2023-08-28 20:05:13,038 [WARN] ConditionMgr:1039 - genDependencies : Invalid condition id : UX DEVICE CLASS RTOS Condition cause : null
2023-08-28 20:05:13,038 [WARN] ConditionMgr:1039 - genDependencies : Invalid condition id : UX DEVICE CLASS RTOS Condition cause : null
2023-08-28 20:05:13,039 [WARN] ConditionMgr:1039 - genDependencies : Invalid condition id : UX DEVICE CLASS RTOS Condition cause : null
2023-08-28 20:05:13,039 [WARN] ConditionMgr:1039 - genDependencies : Invalid condition id : UX DEVICE CLASS RTOS Condition cause : null
2023-08-28 20:05:13,063 [WARN] PackLoader:240 - Cannot read IP mode file for wolfSSL.I-CUBE-wolfSSL.5.5.4
2023-08-28 20:05:13,104 [WARN] PackLoader:240 - Cannot read IP mode file for STMicroelectronics.X-CUBE-NFC7.1.0.1
2023-08-28 20:05:13,138 [WARN] PackLoader:240 - Cannot read IP mode file for STMicroelectronics.X-CUBE-NFC7.1.0.0
2023-08-28 20:05:13,177 [WARN] PackLoader:240 - Cannot read IP mode file for STMicroelectronics.X-CUBE-EEPRMA1.4.1.0
2023-08-28 20:05:13,224 [WARN] PackLoader:240 - Cannot read IP mode file for STMicroelectronics.X-CUBE-AI.8.1.0
2023-08-28 20:05:13,277 [WARN] ConditionMgr:438 - getConditionDescription Invalid condition id : LAN8742 Phy interface Condition cause : null
2023-08-28 20:05:13,278 [WARN] PackLoader:240 - Cannot read IP mode file for STMicroelectronics.X-CUBE-AZRTOS-L4.2.0.0
2023-08-28 20:05:13,280 [WARN] ConditionMgr:1039 - genDependencies : Invalid condition id : LAN8742 Phy interface Condition cause : null
2023-08-28 20:05:13,280 [WARN] ConditionMgr:1039 - genDependencies : Invalid condition id : LAN8742 Phy interface Condition cause : null
2023-08-28 20:05:13,281 [WARN] ConditionMgr:1039 - genDependencies : Invalid condition id : LAN8742 Phy interface Condition cause : null
2023-08-28 20:05:13,310 [WARN] PackLoader:240 - Cannot read IP mode file for STMicroelectronics.X-CUBE-SFXS2LP1.4.0.0
2023-08-28 20:05:13,374 [WARN] PackLoader:240 - Cannot read IP mode file for STMicroelectronics.X-CUBE-AZRTOS-H7.3.0.0
2023-08-28 20:05:13,395 [WARN] PackLoader:240 - Cannot read IP mode file for STMicroelectronics.X-CUBE-ISPU.1.1.0
2023-08-28 20:05:13,435 [WARN] PackLoader:240 - Cannot read IP mode file for RoweBots.I-CUBE-UNISONRTOS.5.5.0-4
2023-08-28 20:05:13,452 [WARN] PackLoader:240 - Cannot read IP mode file for STMicroelectronics.X-CUBE-AI.8.0.0
2023-08-28 20:05:13,482 [WARN] ConditionMgr:438 - getConditionDescription Invalid condition id : UX DEVICE CLASS RTOS Condition cause : null
2023-08-28 20:05:13,483 [WARN] ConditionMgr:438 - getConditionDescription Invalid condition id : UX DEVICE CLASS RTOS Condition cause : null
2023-08-28 20:05:13,486 [WARN] PackLoader:240 - Cannot read IP mode file for STMicroelectronics.X-CUBE-AZRTOS-WB.2.0.0
2023-08-28 20:05:13,486 [WARN] ConditionMgr:1039 - genDependencies : Invalid condition id : UX DEVICE CLASS RTOS Condition cause : null
2023-08-28 20:05:13,486 [WARN] ConditionMgr:1039 - genDependencies : Invalid condition id : UX DEVICE CLASS RTOS Condition cause : null
2023-08-28 20:05:13,487 [WARN] ConditionMgr:1039 - genDependencies : Invalid condition id : UX DEVICE CLASS RTOS Condition cause : null
2023-08-28 20:05:13,488 [WARN] ConditionMgr:1039 - genDependencies : Invalid condition id : UX DEVICE CLASS RTOS Condition cause : null
2023-08-28 20:05:13,488 [WARN] ConditionMgr:1039 - genDependencies : Invalid condition id : UX DEVICE CLASS RTOS Condition cause : null
2023-08-28 20:05:13,505 [WARN] PackLoader:240 - Cannot read IP mode file for STMicroelectronics.X-CUBE-FREERTOS.1.0.0
2023-08-28 20:05:13,522 [WARN] PackLoader:240 - Cannot read IP mode file for STMicroelectronics.X-CUBE-FREERTOS.1.0.1
2023-08-28 20:05:13,561 [WARN] PackLoader:240 - Cannot read IP mode file for STMicroelectronics.X-CUBE-AZRTOS-L5.1.1.0
2023-08-28 20:05:13,581 [WARN] PackLoader:240 - Cannot read IP mode file for STMicroelectronics.X-CUBE-AI.8.0.1
2023-08-28 20:05:13,608 [WARN] PackLoader:240 - Cannot read IP mode file for STMicroelectronics.X-CUBE-SUBG2.5.0.0
2023-08-28 20:05:13,650 [WARN] PackLoader:240 - Cannot read IP mode file for STMicroelectronics.X-CUBE-TOF1.3.3.1
2023-08-28 20:05:13,728 [WARN] PackLoader:240 - Cannot read IP mode file for STMicroelectronics.X-CUBE-AZRTOS-G4.2.0.0
2023-08-28 20:05:13,792 [WARN] PackLoader:240 - Cannot read IP mode file for STMicroelectronics.X-CUBE-TOF1.3.3.0
2023-08-28 20:05:13,835 [WARN] PackLoader:240 - Cannot read IP mode file for STMicroelectronics.FP-ATR-ASTRA1.1.1.1
2023-08-28 20:05:13,919 [WARN] PackLoader:240 - Cannot read IP mode file for STMicroelectronics.X-CUBE-AZRTOS-G4.1.0.0
2023-08-28 20:05:14,012 [WARN] PackLoader:240 - Cannot read IP mode file for STMicroelectronics.X-CUBE-AZRTOS-L4.1.0.0
2023-08-28 20:05:14,036 [WARN] PackLoader:240 - Cannot read IP mode file for STMicroelectronics.X-CUBE-FREERTOS.1.1.0
2023-08-28 20:05:14,078 [WARN] PackLoader:240 - Cannot read IP mode file for STMicroelectronics.X-CUBE-AZRTOS-WL.1.0.0
2023-08-28 20:05:14,111 [WARN] PackLoader:240 - Cannot read IP mode file for portGmbH.I-Cube-SoM-uGOAL.1.1.0
2023-08-28 20:05:14,136 [WARN] PackLoader:240 - Cannot read IP mode file for STMicroelectronics.X-CUBE-ALS.1.0.1
2023-08-28 20:05:14,179 [WARN] PackLoader:240 - Cannot read IP mode file for STMicroelectronics.X-CUBE-AZRTOS-WB.1.1.0
2023-08-28 20:05:14,188 [WARN] PackLoader:240 - Cannot read IP mode file for STMicroelectronics.FP-ATR-ASTRA1.2.0.0
2023-08-28 20:05:14,189 [INFO] ThirdParty:978 - Integrity check success = true
2023-08-28 20:05:14,189 [INFO] IntegrityCheckThread:100 - exiting critical section [integrity check]
2023-08-28 20:05:14,189 [INFO] IntegrityCheckThread:103 - End integrity checks thread
2023-08-28 20:05:25,159 [ERROR] LogOutputStream:75 - [STDERR_REDIRECT] SLF4J: Failed to load class "org.slf4j.impl.StaticLoggerBinder".
2023-08-28 20:05:25,160 [ERROR] LogOutputStream:75 - [STDERR_REDIRECT] SLF4J: Defaulting to no-operation (NOP) logger implementation
2023-08-28 20:05:25,161 [ERROR] LogOutputStream:75 - [STDERR_REDIRECT] SLF4J: See http://www.slf4j.org/codes.html#StaticLoggerBinder for further details.
