2023-09-04 09:47:30,276 [INFO] Activator:176 - 


2023-09-04 09:47:30,289 [INFO] Activator:177 - !SESSION log4j initialized
2023-09-04 09:47:44,986 [INFO] LogOutputStream:77 - [STDOUT_REDIRECT] 
2023-09-04 09:47:52,152 [INFO] ApplicationProperties:184 - Using Application install path: C:\ST\STM32CubeIDE_1.11.2\STM32CubeIDE\plugins\com.st.stm32cube.common.mx_6.9.1.202307191849
2023-09-04 09:47:52,192 [INFO] DbMcusXml:78 - Set database path to: C:\ST\STM32CubeIDE_1.11.2\STM32CubeIDE\plugins\com.st.stm32cube.common.mx_6.9.1.202307191849\\db\/mcu/
2023-09-04 09:47:52,193 [INFO] ApiDb:274 - Set plugin database path to: C:\ST\STM32CubeIDE_1.11.2\STM32CubeIDE\plugins\com.st.stm32cube.common.mx_6.9.1.202307191849\\db\/plugins/boardmanager/
2023-09-04 09:47:52,194 [WARN] ApiDb:259 - Overriding images path with different value:  => C:\ST\STM32CubeIDE_1.11.2\STM32CubeIDE\plugins\com.st.stm32cube.common.mx_6.9.1.202307191849\\db\/plugins/mcufinder/images/
2023-09-04 09:47:52,236 [INFO] ApiDb:250 - Set database path to: C:\Users\admin\.stmcufinder\plugins\mcufinder//mcu/
2023-09-04 09:47:52,238 [INFO] DbMcusAds:125 - Set database path to: C:\Users\admin\.stmcufinder\plugins\mcufinder//mcu/
2023-09-04 09:47:52,247 [INFO] CrossReferenceDbSqlite:203 - Set database path to: C:\Users\admin\.stmcufinder\plugins\mcufinder//mcu/cs/
2023-09-04 09:47:52,579 [INFO] RulesReader:64 - Compatibility file has been processed (293 Rules)
2023-09-04 09:47:52,820 [INFO] DbMcusXml:78 - Set database path to: C:\ST\STM32CubeIDE_1.11.2\STM32CubeIDE\plugins\com.st.stm32cube.common.mx_6.9.1.202307191849\\db\/mcu/
2023-09-04 09:47:52,820 [INFO] ApiDb:274 - Set plugin database path to: C:\ST\STM32CubeIDE_1.11.2\STM32CubeIDE\plugins\com.st.stm32cube.common.mx_6.9.1.202307191849\\db\/plugins/boardmanager/
2023-09-04 09:47:52,821 [INFO] ApiDb:261 - Set plugin images path to: C:\ST\STM32CubeIDE_1.11.2\STM32CubeIDE\plugins\com.st.stm32cube.common.mx_6.9.1.202307191849\\db\/plugins/mcufinder/images/
2023-09-04 09:47:52,823 [WARN] DbFile:41 - Overriding database path with different value: C:\Users\admin\.stmcufinder\plugins\mcufinder/ => C:\Users\admin\.stmcufinder\plugins\mcufinder
2023-09-04 09:47:52,823 [INFO] ApiDb:250 - Set database path to: C:\Users\admin\.stmcufinder\plugins\mcufinder//mcu/
2023-09-04 09:47:52,823 [WARN] DbFile:41 - Overriding database path with different value: C:\Users\admin\.stmcufinder\plugins\mcufinder/ => C:\Users\admin\.stmcufinder\plugins\mcufinder
2023-09-04 09:47:52,824 [INFO] DbMcusAds:125 - Set database path to: C:\Users\admin\.stmcufinder\plugins\mcufinder//mcu/
2023-09-04 09:47:52,825 [WARN] DbFile:41 - Overriding database path with different value: C:\Users\admin\.stmcufinder\plugins\mcufinder/ => C:\Users\admin\.stmcufinder\plugins\mcufinder
2023-09-04 09:47:52,827 [WARN] DbFile:41 - Overriding database path with different value: C:\Users\admin\.stmcufinder\plugins\mcufinder/ => C:\Users\admin\.stmcufinder\plugins\mcufinder
2023-09-04 09:47:52,828 [INFO] CrossReferenceDbSqlite:203 - Set database path to: C:\Users\admin\.stmcufinder\plugins\mcufinder//mcu/cs/
2023-09-04 09:47:53,077 [INFO] MainPanel:262 - HeapMemory: 268435456
2023-09-04 09:47:53,384 [INFO] DbMcusXml:78 - Set database path to: C:\ST\STM32CubeIDE_1.11.2\STM32CubeIDE\plugins\com.st.stm32cube.common.mx_6.9.1.202307191849\\db\/mcu/
2023-09-04 09:47:53,384 [INFO] ApiDb:274 - Set plugin database path to: C:\ST\STM32CubeIDE_1.11.2\STM32CubeIDE\plugins\com.st.stm32cube.common.mx_6.9.1.202307191849\\db\/plugins/boardmanager/
2023-09-04 09:47:53,384 [INFO] ApiDb:261 - Set plugin images path to: C:\ST\STM32CubeIDE_1.11.2\STM32CubeIDE\plugins\com.st.stm32cube.common.mx_6.9.1.202307191849\\db\/plugins/mcufinder/images/
2023-09-04 09:47:53,385 [WARN] DbFile:41 - Overriding database path with different value: C:\Users\admin\.stmcufinder\plugins\mcufinder/ => C:\Users\admin\.stmcufinder\plugins\mcufinder
2023-09-04 09:47:53,385 [INFO] ApiDb:250 - Set database path to: C:\Users\admin\.stmcufinder\plugins\mcufinder//mcu/
2023-09-04 09:47:53,385 [WARN] DbFile:41 - Overriding database path with different value: C:\Users\admin\.stmcufinder\plugins\mcufinder/ => C:\Users\admin\.stmcufinder\plugins\mcufinder
2023-09-04 09:47:53,385 [INFO] DbMcusAds:125 - Set database path to: C:\Users\admin\.stmcufinder\plugins\mcufinder//mcu/
2023-09-04 09:47:53,385 [WARN] DbFile:41 - Overriding database path with different value: C:\Users\admin\.stmcufinder\plugins\mcufinder/ => C:\Users\admin\.stmcufinder\plugins\mcufinder
2023-09-04 09:47:53,386 [WARN] DbFile:41 - Overriding database path with different value: C:\Users\admin\.stmcufinder\plugins\mcufinder/ => C:\Users\admin\.stmcufinder\plugins\mcufinder
2023-09-04 09:47:53,386 [INFO] CrossReferenceDbSqlite:203 - Set database path to: C:\Users\admin\.stmcufinder\plugins\mcufinder//mcu/cs/
2023-09-04 09:47:53,435 [INFO] ApplicationProperties:184 - Using Application install path: C:\ST\STM32CubeIDE_1.11.2\STM32CubeIDE\plugins\com.st.stm32cube.common.mx_6.9.1.202307191849
2023-09-04 09:47:53,440 [INFO] PluginManage:196 - Search for loadable plugins [exclusion list=, ]
2023-09-04 09:47:53,442 [INFO] PluginManage:310 - Check plugin analytics
2023-09-04 09:47:53,872 [INFO] AnalyticsPlugin:253 - Accepted Software Licenses: 
2023-09-04 09:47:53,873 [INFO] AnalyticsPlugin:255 - Accepted CMSIS Pack Licenses: 
2023-09-04 09:47:53,874 [INFO] AnalyticsPlugin:257 - Accepted Firmware Licenses: 
2023-09-04 09:47:53,882 [INFO] PluginManage:359 - Loaded plugin analytics (category:tool,tabindex:-1)
2023-09-04 09:47:53,883 [INFO] PluginManage:310 - Check plugin cadmodel
2023-09-04 09:47:53,996 [INFO] CADModel:105 - Init CAD model plugin
2023-09-04 09:47:53,996 [INFO] PluginManage:359 - Loaded plugin cadmodel (category:power,tabindex:5)
2023-09-04 09:47:53,997 [INFO] PluginManage:310 - Check plugin clock
2023-09-04 09:47:54,035 [INFO] PluginManage:359 - Loaded plugin clock (category:base,tabindex:2)
2023-09-04 09:47:54,035 [INFO] PluginManage:310 - Check plugin ddr
2023-09-04 09:47:54,045 [INFO] PluginManage:359 - Loaded plugin ddr (category:tool,tabindex:6)
2023-09-04 09:47:54,046 [INFO] PluginManage:310 - Check plugin filemanager
2023-09-04 09:47:54,359 [INFO] PluginManage:359 - Loaded plugin filemanager (category:base,tabindex:10)
2023-09-04 09:47:54,360 [INFO] PluginManage:310 - Check plugin ipmanager
2023-09-04 09:47:54,375 [INFO] PluginManage:359 - Loaded plugin ipmanager (category:base,tabindex:5)
2023-09-04 09:47:54,376 [INFO] PluginManage:310 - Check plugin lpbam
2023-09-04 09:47:54,404 [INFO] PluginManage:359 - Loaded plugin lpbam (category:base,tabindex:0)
2023-09-04 09:47:54,405 [INFO] PluginManage:310 - Check plugin memorymap
2023-09-04 09:47:54,449 [INFO] PluginManage:359 - Loaded plugin memorymap (category:base,tabindex:4)
2023-09-04 09:47:54,449 [INFO] PluginManage:310 - Check plugin pinoutandconfiguration
2023-09-04 09:47:54,480 [INFO] PluginManage:359 - Loaded plugin pinoutandconfiguration (category:base,tabindex:1)
2023-09-04 09:47:54,481 [INFO] PluginManage:310 - Check plugin pinoutconfig
2023-09-04 09:47:54,767 [WARN] SupportedApi:132 - Cannot load RTOS API schema: s4s-elt-must-match.1: The content of 'definitions' must match (annotation?, (simpleType | complexType)?, (unique | key | keyref)*)). A problem was found starting at: attribute.
2023-09-04 09:47:55,186 [INFO] PluginManage:359 - Loaded plugin pinoutconfig (category:base,tabindex:0)
2023-09-04 09:47:55,186 [INFO] PluginManage:310 - Check plugin power
2023-09-04 09:47:55,234 [INFO] PluginManage:359 - Loaded plugin power (category:power,tabindex:4)
2023-09-04 09:47:55,234 [INFO] PluginManage:310 - Check plugin projectmanager
2023-09-04 09:47:55,327 [INFO] PluginManage:359 - Loaded plugin projectmanager (category:projectmanager,tabindex:3)
2023-09-04 09:47:55,327 [INFO] PluginManage:310 - Check plugin thirdparty
2023-09-04 09:47:56,086 [INFO] PluginManage:359 - Loaded plugin thirdparty (category:base,tabindex:-1)
2023-09-04 09:47:56,086 [WARN] IntegrityCheckThread:84 - waiting for thirdparty lock release [integrity check]
2023-09-04 09:47:56,086 [INFO] PluginManage:310 - Check plugin tools
2023-09-04 09:47:56,086 [INFO] IntegrityCheckThread:86 - entering critical section [integrity check]
2023-09-04 09:47:56,087 [INFO] ThirdPartyUpdaterWithRetryManager:70 - Updater plugin not ready yet. [1/15]
2023-09-04 09:47:56,150 [INFO] PluginManage:359 - Loaded plugin tools (category:base,tabindex:7)
2023-09-04 09:47:56,150 [INFO] PluginManage:310 - Check plugin tutovideos
2023-09-04 09:47:56,669 [INFO] PluginManage:359 - Loaded plugin tutovideos (category:base,tabindex:-1)
2023-09-04 09:47:56,669 [INFO] PluginManage:310 - Check plugin updater
2023-09-04 09:47:56,701 [INFO] PluginManage:359 - Loaded plugin updater (category:base,tabindex:12)
2023-09-04 09:47:56,701 [INFO] PluginManage:310 - Check plugin userauth
2023-09-04 09:47:56,715 [INFO] UserAuth:113 - Init User Auth plugin
2023-09-04 09:47:56,715 [INFO] PluginManage:359 - Loaded plugin userauth (category:base,tabindex:14)
2023-09-04 09:47:56,716 [INFO] PluginManage:283 - PluginManage : Loaded plugins [17]
2023-09-04 09:47:57,448 [INFO] PinOutPanel:1499 - setPackage(No Configuration,No Configuration)
2023-09-04 09:47:57,767 [INFO] CADModel:165 - CPN selected for project level
2023-09-04 09:47:57,768 [INFO] CADModel:114 - Register for checkConnection events
2023-09-04 09:47:57,867 [INFO] IPUIPlugin:80 - create IPUIPlugin
2023-09-04 09:47:57,868 [INFO] PluginManager:220 - loadIPPluginJar : add adc
2023-09-04 09:47:57,966 [INFO] IPUIPlugin:80 - create IPUIPlugin
2023-09-04 09:47:57,967 [INFO] PluginManager:220 - loadIPPluginJar : add aes
2023-09-04 09:47:58,086 [INFO] IPUIPlugin:80 - create IPUIPlugin
2023-09-04 09:47:58,086 [INFO] PluginManager:220 - loadIPPluginJar : add can
2023-09-04 09:47:58,152 [INFO] IPUIPlugin:80 - create IPUIPlugin
2023-09-04 09:47:58,152 [INFO] PluginManager:220 - loadIPPluginJar : add comp
2023-09-04 09:47:58,212 [INFO] IPUIPlugin:80 - create IPUIPlugin
2023-09-04 09:47:58,213 [INFO] PluginManager:220 - loadIPPluginJar : add cryp
2023-09-04 09:47:58,265 [INFO] IPUIPlugin:80 - create IPUIPlugin
2023-09-04 09:47:58,265 [INFO] PluginManager:220 - loadIPPluginJar : add dfsdm
2023-09-04 09:47:58,298 [INFO] IPUIPlugin:80 - create IPUIPlugin
2023-09-04 09:47:58,298 [INFO] PluginManager:220 - loadIPPluginJar : add dma
2023-09-04 09:47:58,385 [INFO] IPUIPlugin:80 - create IPUIPlugin
2023-09-04 09:47:58,386 [INFO] PluginManager:220 - loadIPPluginJar : add dma3
2023-09-04 09:47:58,435 [INFO] IPUIPlugin:80 - create IPUIPlugin
2023-09-04 09:47:58,435 [INFO] PluginManager:220 - loadIPPluginJar : add fatfs
2023-09-04 09:47:58,532 [INFO] IPUIPlugin:80 - create IPUIPlugin
2023-09-04 09:47:58,532 [INFO] PluginManager:220 - loadIPPluginJar : add fmc
2023-09-04 09:47:58,563 [INFO] IPUIPlugin:80 - create IPUIPlugin
2023-09-04 09:47:58,563 [INFO] PluginManager:220 - loadIPPluginJar : add freertos
2023-09-04 09:47:58,598 [INFO] IPUIPlugin:80 - create IPUIPlugin
2023-09-04 09:47:58,598 [INFO] PluginManager:220 - loadIPPluginJar : add genericplugin
2023-09-04 09:47:58,784 [INFO] IPUIPlugin:80 - create IPUIPlugin
2023-09-04 09:47:58,785 [INFO] PluginManager:220 - loadIPPluginJar : add gfxmmu
2023-09-04 09:47:59,021 [INFO] IPUIPlugin:80 - create IPUIPlugin
2023-09-04 09:47:59,021 [INFO] PluginManager:220 - loadIPPluginJar : add gic
2023-09-04 09:47:59,054 [INFO] IPUIPlugin:80 - create IPUIPlugin
2023-09-04 09:47:59,055 [INFO] PluginManager:220 - loadIPPluginJar : add gpio
2023-09-04 09:47:59,090 [INFO] ThirdPartyUpdaterWithRetryManager:70 - Updater plugin not ready yet. [2/15]
2023-09-04 09:47:59,217 [INFO] IPUIPlugin:80 - create IPUIPlugin
2023-09-04 09:47:59,217 [INFO] PluginManager:220 - loadIPPluginJar : add gtzc
2023-09-04 09:47:59,284 [INFO] IPUIPlugin:80 - create IPUIPlugin
2023-09-04 09:47:59,285 [INFO] PluginManager:220 - loadIPPluginJar : add hash
2023-09-04 09:47:59,396 [INFO] IPUIPlugin:80 - create IPUIPlugin
2023-09-04 09:47:59,397 [INFO] PluginManager:220 - loadIPPluginJar : add i2c
2023-09-04 09:47:59,480 [INFO] IPUIPlugin:80 - create IPUIPlugin
2023-09-04 09:47:59,480 [INFO] PluginManager:220 - loadIPPluginJar : add i2s
2023-09-04 09:47:59,574 [INFO] IPUIPlugin:80 - create IPUIPlugin
2023-09-04 09:47:59,574 [INFO] PluginManager:220 - loadIPPluginJar : add i3c
2023-09-04 09:47:59,797 [INFO] IPUIPlugin:80 - create IPUIPlugin
2023-09-04 09:47:59,798 [INFO] PluginManager:220 - loadIPPluginJar : add ipddr
2023-09-04 09:47:59,953 [INFO] IPUIPlugin:80 - create IPUIPlugin
2023-09-04 09:47:59,955 [INFO] PluginManager:220 - loadIPPluginJar : add linkedlist
2023-09-04 09:48:00,060 [INFO] IPUIPlugin:80 - create IPUIPlugin
2023-09-04 09:48:00,063 [INFO] PluginManager:220 - loadIPPluginJar : add lorawan
2023-09-04 09:48:00,158 [INFO] IPUIPlugin:80 - create IPUIPlugin
2023-09-04 09:48:00,158 [INFO] PluginManager:220 - loadIPPluginJar : add ltdc
2023-09-04 09:48:00,202 [INFO] IPUIPlugin:80 - create IPUIPlugin
2023-09-04 09:48:00,203 [INFO] PluginManager:220 - loadIPPluginJar : add mdma
2023-09-04 09:48:00,227 [INFO] IPUIPlugin:80 - create IPUIPlugin
2023-09-04 09:48:00,227 [INFO] PluginManager:220 - loadIPPluginJar : add nvic
2023-09-04 09:48:00,301 [INFO] IPUIPlugin:80 - create IPUIPlugin
2023-09-04 09:48:00,302 [INFO] PluginManager:220 - loadIPPluginJar : add opamp
2023-09-04 09:48:00,423 [INFO] IPUIPlugin:80 - create IPUIPlugin
2023-09-04 09:48:00,424 [INFO] PluginManager:220 - loadIPPluginJar : add openamp
2023-09-04 09:48:00,495 [INFO] IPUIPlugin:80 - create IPUIPlugin
2023-09-04 09:48:00,495 [INFO] PluginManager:220 - loadIPPluginJar : add pdm2pcm
2023-09-04 09:48:00,523 [INFO] IPUIPlugin:80 - create IPUIPlugin
2023-09-04 09:48:00,528 [INFO] PluginManager:220 - loadIPPluginJar : add plateformsettings
2023-09-04 09:48:00,583 [INFO] IPUIPlugin:80 - create IPUIPlugin
2023-09-04 09:48:00,584 [INFO] PluginManager:220 - loadIPPluginJar : add quadspi
2023-09-04 09:48:00,613 [INFO] IPUIPlugin:80 - create IPUIPlugin
2023-09-04 09:48:00,613 [INFO] PluginManager:220 - loadIPPluginJar : add resmgrutility
2023-09-04 09:48:00,696 [INFO] IPUIPlugin:80 - create IPUIPlugin
2023-09-04 09:48:00,697 [INFO] PluginManager:220 - loadIPPluginJar : add sai
2023-09-04 09:48:00,780 [INFO] IPUIPlugin:80 - create IPUIPlugin
2023-09-04 09:48:00,780 [INFO] PluginManager:220 - loadIPPluginJar : add spi
2023-09-04 09:48:00,886 [INFO] IPUIPlugin:80 - create IPUIPlugin
2023-09-04 09:48:00,887 [INFO] PluginManager:220 - loadIPPluginJar : add stm32_wpan
2023-09-04 09:48:00,937 [INFO] IPUIPlugin:80 - create IPUIPlugin
2023-09-04 09:48:00,938 [INFO] PluginManager:220 - loadIPPluginJar : add tim
2023-09-04 09:48:01,046 [INFO] IPUIPlugin:80 - create IPUIPlugin
2023-09-04 09:48:01,047 [INFO] PluginManager:220 - loadIPPluginJar : add touchsensing
2023-09-04 09:48:01,097 [INFO] IPUIPlugin:80 - create IPUIPlugin
2023-09-04 09:48:01,097 [INFO] PluginManager:220 - loadIPPluginJar : add tracer_emb
2023-09-04 09:48:01,148 [INFO] IPUIPlugin:80 - create IPUIPlugin
2023-09-04 09:48:01,148 [INFO] PluginManager:220 - loadIPPluginJar : add ts
2023-09-04 09:48:01,184 [INFO] IPUIPlugin:80 - create IPUIPlugin
2023-09-04 09:48:01,184 [INFO] PluginManager:220 - loadIPPluginJar : add tsc
2023-09-04 09:48:01,232 [INFO] IPUIPlugin:80 - create IPUIPlugin
2023-09-04 09:48:01,232 [INFO] PluginManager:220 - loadIPPluginJar : add ucpd
2023-09-04 09:48:01,302 [INFO] IPUIPlugin:80 - create IPUIPlugin
2023-09-04 09:48:01,303 [INFO] PluginManager:220 - loadIPPluginJar : add usart
2023-09-04 09:48:01,398 [INFO] IPUIPlugin:80 - create IPUIPlugin
2023-09-04 09:48:01,398 [INFO] PluginManager:220 - loadIPPluginJar : add usbx
2023-09-04 09:48:01,585 [INFO] CADModel:165 - CPN selected for project level
2023-09-04 09:48:01,585 [INFO] CADModel:114 - Register for checkConnection events
2023-09-04 09:48:01,585 [FATAL] Updater:308 - Updater called before beeing initialized
2023-09-04 09:48:01,585 [ERROR] CADModel:125 - Updater not yet initialized, retry later 
2023-09-04 09:48:01,915 [INFO] CADModel:165 - CPN selected for project level
2023-09-04 09:48:01,916 [INFO] CADModel:114 - Register for checkConnection events
2023-09-04 09:48:01,916 [FATAL] Updater:308 - Updater called before beeing initialized
2023-09-04 09:48:01,916 [ERROR] CADModel:125 - Updater not yet initialized, retry later 
2023-09-04 09:48:01,927 [FATAL] Updater:308 - Updater called before beeing initialized
2023-09-04 09:48:02,096 [INFO] ThirdPartyUpdaterWithRetryManager:70 - Updater plugin not ready yet. [3/15]
2023-09-04 09:48:02,233 [FATAL] Updater:308 - Updater called before beeing initialized
2023-09-04 09:48:02,266 [INFO] DbMcusAds:53 - JSON generation date=Tue Mar 07 15:50:55 ICT 2023 (1678179055114)
2023-09-04 09:48:02,266 [FATAL] Updater:308 - Updater called before beeing initialized
2023-09-04 09:48:02,380 [WARN] DetailPanel:346 - Failed to get advertising image, set to default
2023-09-04 09:48:02,605 [FATAL] Updater:308 - Updater called before beeing initialized
2023-09-04 09:48:02,612 [FATAL] Updater:308 - Updater called before beeing initialized
2023-09-04 09:48:02,612 [FATAL] Updater:308 - Updater called before beeing initialized
2023-09-04 09:48:02,612 [WARN] DetailPanel:346 - Failed to get advertising image, set to default
2023-09-04 09:48:02,613 [FATAL] Updater:308 - Updater called before beeing initialized
2023-09-04 09:48:02,750 [ERROR] Updater:1120 - MainUpdater not yet initialized. External WinMGr cannot be set.
2023-09-04 09:48:02,767 [INFO] Updater:1056 - Updater Version found : 6.9.1
2023-09-04 09:48:02,805 [INFO] ApplicationProperties:184 - Using Application install path: C:\ST\STM32CubeIDE_1.11.2\STM32CubeIDE\plugins\com.st.stm32cube.common.mx_6.9.1.202307191849
2023-09-04 09:48:03,470 [INFO] MainUpdater:2868 - connection check result : 10
2023-09-04 09:48:03,473 [INFO] MainUpdater:285 - Updater Check For Update Now.
2023-09-04 09:48:03,474 [INFO] MicroXplorer:498 - Change Database Version : DB.6.0.91
2023-09-04 09:48:03,522 [INFO] McuFinderGlobals:63 - Set McuFinder mode to 2 (CubeIDE integrated)
2023-09-04 09:48:04,075 [INFO] CheckServerUpdateThread:120 - End of CheckServer Thread
2023-09-04 09:48:05,653 [WARN] PackLoader:240 - Cannot read IP mode file for STMicroelectronics.X-CUBE-SMBUS.2.1.0
2023-09-04 09:48:05,878 [WARN] PackLoader:240 - Cannot read IP mode file for STMicroelectronics.X-CUBE-AZRTOS-F7.1.1.0
2023-09-04 09:48:06,000 [ERROR] RealEvaluatedCondition:428 - Found unsupported composite condition: CLASS='Data Exchange' GROUP='STM32_MetaDataManager'
2023-09-04 09:48:06,001 [ERROR] RealEvaluatedCondition:428 - Found unsupported composite condition: GROUP='STM32_MetaDataManager' CLASS='Data Exchange'
2023-09-04 09:48:06,011 [WARN] PackLoader:240 - Cannot read IP mode file for STMicroelectronics.FP-SNS-MOTENV1.4.3.0
2023-09-04 09:48:06,108 [WARN] PackLoader:240 - Cannot read IP mode file for STMicroelectronics.FP-SNS-MOTENV1.4.3.2
2023-09-04 09:48:06,212 [WARN] PackLoader:240 - Cannot read IP mode file for STMicroelectronics.FP-SNS-FLIGHT1.5.0.0
2023-09-04 09:48:06,283 [ERROR] RealEvaluatedCondition:428 - Found unsupported composite condition: CLASS='Data Exchange' GROUP='STM32_MetaDataManager'
2023-09-04 09:48:06,284 [ERROR] RealEvaluatedCondition:428 - Found unsupported composite condition: CLASS='Data Exchange' GROUP='STM32_MetaDataManager'
2023-09-04 09:48:06,297 [WARN] PackLoader:240 - Cannot read IP mode file for STMicroelectronics.FP-SNS-MOTENV1.4.3.1
2023-09-04 09:48:06,392 [WARN] PackLoader:240 - Cannot read IP mode file for STMicroelectronics.FP-SNS-FLIGHT1.5.0.1
2023-09-04 09:48:06,496 [WARN] PackLoader:240 - Cannot read IP mode file for STMicroelectronics.X-CUBE-BLE1.6.2.4
2023-09-04 09:48:06,580 [WARN] PackLoader:240 - Cannot read IP mode file for STMicroelectronics.FP-SNS-FLIGHT1.5.0.2
2023-09-04 09:48:06,649 [WARN] PackLoader:240 - Cannot read IP mode file for STMicroelectronics.X-CUBE-DISPLAY.3.0.0
2023-09-04 09:48:06,721 [WARN] PackLoader:240 - Cannot read IP mode file for STMicroelectronics.X-CUBE-BLE1.7.0.0
2023-09-04 09:48:06,767 [WARN] PackLoader:240 - Cannot read IP mode file for STMicroelectronics.X-CUBE-TOUCHGFX.4.22.0
2023-09-04 09:48:06,848 [INFO] LogOutputStream:77 - [STDOUT_REDIRECT] 1 : Invalid condition id : UX_CORESTACK_Condition cause : null
2023-09-04 09:48:06,850 [INFO] LogOutputStream:77 - [STDOUT_REDIRECT] 1 : Invalid condition id : UX_CORESTACK_Condition cause : null
2023-09-04 09:48:06,853 [INFO] LogOutputStream:77 - [STDOUT_REDIRECT] 1 : Invalid condition id : UX_CORESTACK_Condition cause : null
2023-09-04 09:48:06,861 [INFO] LogOutputStream:77 - [STDOUT_REDIRECT] 1 : Invalid condition id : UX_CORESTACK_Condition cause : null
2023-09-04 09:48:06,863 [INFO] LogOutputStream:77 - [STDOUT_REDIRECT] 1 : Invalid condition id : UX_CORESTACK_Condition cause : null
2023-09-04 09:48:06,881 [WARN] PackLoader:240 - Cannot read IP mode file for STMicroelectronics.X-CUBE-AZRTOS-WL.2.0.0
2023-09-04 09:48:06,955 [WARN] PackLoader:240 - Cannot read IP mode file for WES.I-CUBE-Cesium.1.3.0
2023-09-04 09:48:07,001 [WARN] PackLoader:240 - Cannot read IP mode file for STMicroelectronics.X-CUBE-BLE2.3.3.0
2023-09-04 09:48:07,118 [WARN] PackLoader:240 - Cannot read IP mode file for STMicroelectronics.X-CUBE-TOF1.3.2.0
2023-09-04 09:48:07,186 [WARN] PackLoader:240 - Cannot read IP mode file for STMicroelectronics.X-CUBE-TOUCHGFX.4.21.1
2023-09-04 09:48:07,247 [WARN] PackLoader:240 - Cannot read IP mode file for STMicroelectronics.X-CUBE-TOUCHGFX.4.21.3
2023-09-04 09:48:07,274 [WARN] PackLoader:240 - Cannot read IP mode file for STMicroelectronics.X-CUBE-TOUCHGFX.4.21.4
2023-09-04 09:48:07,304 [WARN] PackLoader:240 - Cannot read IP mode file for STMicroelectronics.X-CUBE-ALGOBUILD.1.3.0
2023-09-04 09:48:07,354 [WARN] PackLoader:240 - Cannot read IP mode file for STMicroelectronics.X-CUBE-AZRTOS-G0.1.1.0
2023-09-04 09:48:07,377 [WARN] PackLoader:240 - Cannot read IP mode file for STMicroelectronics.X-CUBE-NFC4.3.0.0
2023-09-04 09:48:07,416 [WARN] PackLoader:240 - Cannot read IP mode file for STMicroelectronics.X-CUBE-BLEMGR.1.3.0
2023-09-04 09:48:07,439 [WARN] PackLoader:240 - Cannot read IP mode file for STMicroelectronics.FP-ATR-SIGFOX1.3.2.0
2023-09-04 09:48:07,616 [WARN] PackLoader:240 - Cannot read IP mode file for STMicroelectronics.X-CUBE-MEMS1.9.5.0
2023-09-04 09:48:08,169 [WARN] PackLoader:240 - Cannot read IP mode file for SEGGER.I-CUBE-embOS.1.3.1
2023-09-04 09:48:08,284 [WARN] PackLoader:240 - Cannot read IP mode file for STMicroelectronics.X-CUBE-GNSS1.6.0.0
2023-09-04 09:48:08,363 [WARN] PackLoader:240 - Cannot read IP mode file for STMicroelectronics.X-CUBE-AZRTOS-F4.1.1.0
2023-09-04 09:48:08,433 [WARN] PackLoader:240 - Cannot read IP mode file for STMicroelectronics.X-CUBE-AZRTOS-L5.2.0.0
2023-09-04 09:48:08,595 [WARN] PackLoader:240 - Cannot read IP mode file for STMicroelectronics.X-CUBE-MEMS1.9.6.0
2023-09-04 09:48:08,877 [WARN] PackLoader:240 - Cannot read IP mode file for emotas.I-CUBE-CANOPEN.1.1.3
2023-09-04 09:48:08,929 [WARN] PackLoader:240 - Cannot read IP mode file for STMicroelectronics.X-CUBE-BLEMGR.2.0.0
2023-09-04 09:48:09,016 [WARN] ConditionMgr:438 - getConditionDescription Invalid condition id : UX DEVICE CLASS RTOS Condition cause : null
2023-09-04 09:48:09,017 [WARN] ConditionMgr:438 - getConditionDescription Invalid condition id : UX DEVICE CLASS RTOS Condition cause : null
2023-09-04 09:48:09,027 [WARN] PackLoader:240 - Cannot read IP mode file for STMicroelectronics.X-CUBE-AZRTOS-H7.3.1.0
2023-09-04 09:48:09,029 [WARN] ConditionMgr:1039 - genDependencies : Invalid condition id : UX DEVICE CLASS RTOS Condition cause : null
2023-09-04 09:48:09,030 [WARN] ConditionMgr:1039 - genDependencies : Invalid condition id : UX DEVICE CLASS RTOS Condition cause : null
2023-09-04 09:48:09,032 [WARN] ConditionMgr:1039 - genDependencies : Invalid condition id : UX DEVICE CLASS RTOS Condition cause : null
2023-09-04 09:48:09,033 [WARN] ConditionMgr:1039 - genDependencies : Invalid condition id : UX DEVICE CLASS RTOS Condition cause : null
2023-09-04 09:48:09,033 [WARN] ConditionMgr:1039 - genDependencies : Invalid condition id : UX DEVICE CLASS RTOS Condition cause : null
2023-09-04 09:48:09,071 [WARN] PackLoader:240 - Cannot read IP mode file for wolfSSL.I-CUBE-wolfSSL.5.5.4
2023-09-04 09:48:09,114 [WARN] PackLoader:240 - Cannot read IP mode file for STMicroelectronics.X-CUBE-NFC7.1.0.1
2023-09-04 09:48:09,150 [WARN] PackLoader:240 - Cannot read IP mode file for STMicroelectronics.X-CUBE-NFC7.1.0.0
2023-09-04 09:48:09,195 [WARN] PackLoader:240 - Cannot read IP mode file for STMicroelectronics.X-CUBE-EEPRMA1.4.1.0
2023-09-04 09:48:09,248 [WARN] PackLoader:240 - Cannot read IP mode file for STMicroelectronics.X-CUBE-AI.8.1.0
2023-09-04 09:48:09,366 [WARN] ConditionMgr:438 - getConditionDescription Invalid condition id : LAN8742 Phy interface Condition cause : null
2023-09-04 09:48:09,367 [WARN] PackLoader:240 - Cannot read IP mode file for STMicroelectronics.X-CUBE-AZRTOS-L4.2.0.0
2023-09-04 09:48:09,373 [WARN] ConditionMgr:1039 - genDependencies : Invalid condition id : LAN8742 Phy interface Condition cause : null
2023-09-04 09:48:09,377 [WARN] ConditionMgr:1039 - genDependencies : Invalid condition id : LAN8742 Phy interface Condition cause : null
2023-09-04 09:48:09,379 [WARN] ConditionMgr:1039 - genDependencies : Invalid condition id : LAN8742 Phy interface Condition cause : null
2023-09-04 09:48:09,437 [WARN] PackLoader:240 - Cannot read IP mode file for STMicroelectronics.X-CUBE-SFXS2LP1.4.0.0
2023-09-04 09:48:09,568 [WARN] PackLoader:240 - Cannot read IP mode file for STMicroelectronics.X-CUBE-AZRTOS-H7.3.0.0
2023-09-04 09:48:09,639 [WARN] PackLoader:240 - Cannot read IP mode file for STMicroelectronics.X-CUBE-ISPU.1.1.0
2023-09-04 09:48:09,684 [WARN] PackLoader:240 - Cannot read IP mode file for RoweBots.I-CUBE-UNISONRTOS.5.5.0-4
2023-09-04 09:48:09,720 [WARN] PackLoader:240 - Cannot read IP mode file for STMicroelectronics.X-CUBE-AI.8.0.0
2023-09-04 09:48:09,895 [WARN] ConditionMgr:438 - getConditionDescription Invalid condition id : UX DEVICE CLASS RTOS Condition cause : null
2023-09-04 09:48:09,895 [WARN] ConditionMgr:438 - getConditionDescription Invalid condition id : UX DEVICE CLASS RTOS Condition cause : null
2023-09-04 09:48:09,904 [WARN] PackLoader:240 - Cannot read IP mode file for STMicroelectronics.X-CUBE-AZRTOS-WB.2.0.0
2023-09-04 09:48:09,913 [WARN] ConditionMgr:1039 - genDependencies : Invalid condition id : UX DEVICE CLASS RTOS Condition cause : null
2023-09-04 09:48:09,915 [WARN] ConditionMgr:1039 - genDependencies : Invalid condition id : UX DEVICE CLASS RTOS Condition cause : null
2023-09-04 09:48:09,921 [WARN] ConditionMgr:1039 - genDependencies : Invalid condition id : UX DEVICE CLASS RTOS Condition cause : null
2023-09-04 09:48:09,930 [WARN] ConditionMgr:1039 - genDependencies : Invalid condition id : UX DEVICE CLASS RTOS Condition cause : null
2023-09-04 09:48:09,931 [WARN] ConditionMgr:1039 - genDependencies : Invalid condition id : UX DEVICE CLASS RTOS Condition cause : null
2023-09-04 09:48:10,030 [WARN] PackLoader:240 - Cannot read IP mode file for STMicroelectronics.X-CUBE-FREERTOS.1.0.0
2023-09-04 09:48:10,092 [WARN] PackLoader:240 - Cannot read IP mode file for STMicroelectronics.X-CUBE-FREERTOS.1.0.1
2023-09-04 09:48:10,187 [WARN] PackLoader:240 - Cannot read IP mode file for STMicroelectronics.X-CUBE-AZRTOS-L5.1.1.0
2023-09-04 09:48:10,296 [WARN] PackLoader:240 - Cannot read IP mode file for STMicroelectronics.X-CUBE-AI.8.0.1
2023-09-04 09:48:10,363 [WARN] PackLoader:240 - Cannot read IP mode file for STMicroelectronics.X-CUBE-SUBG2.5.0.0
2023-09-04 09:48:10,451 [WARN] PackLoader:240 - Cannot read IP mode file for STMicroelectronics.X-CUBE-TOF1.3.3.1
2023-09-04 09:48:10,542 [WARN] PackLoader:240 - Cannot read IP mode file for STMicroelectronics.X-CUBE-AZRTOS-G4.2.0.0
2023-09-04 09:48:10,594 [WARN] PackLoader:240 - Cannot read IP mode file for STMicroelectronics.X-CUBE-TOF1.3.3.0
2023-09-04 09:48:10,649 [WARN] PackLoader:240 - Cannot read IP mode file for STMicroelectronics.FP-ATR-ASTRA1.1.1.1
2023-09-04 09:48:10,712 [WARN] PackLoader:240 - Cannot read IP mode file for STMicroelectronics.X-CUBE-AZRTOS-G4.1.0.0
2023-09-04 09:48:10,792 [WARN] PackLoader:240 - Cannot read IP mode file for STMicroelectronics.X-CUBE-AZRTOS-L4.1.0.0
2023-09-04 09:48:10,829 [WARN] PackLoader:240 - Cannot read IP mode file for STMicroelectronics.X-CUBE-FREERTOS.1.1.0
2023-09-04 09:48:10,876 [WARN] PackLoader:240 - Cannot read IP mode file for STMicroelectronics.X-CUBE-AZRTOS-WL.1.0.0
2023-09-04 09:48:10,913 [WARN] PackLoader:240 - Cannot read IP mode file for portGmbH.I-Cube-SoM-uGOAL.1.1.0
2023-09-04 09:48:10,949 [WARN] PackLoader:240 - Cannot read IP mode file for STMicroelectronics.X-CUBE-ALS.1.0.1
2023-09-04 09:48:11,032 [WARN] PackLoader:240 - Cannot read IP mode file for STMicroelectronics.X-CUBE-AZRTOS-WB.1.1.0
2023-09-04 09:48:11,077 [WARN] PackLoader:240 - Cannot read IP mode file for STMicroelectronics.FP-ATR-ASTRA1.2.0.0
2023-09-04 09:48:11,079 [INFO] ThirdParty:978 - Integrity check success = true
2023-09-04 09:48:11,079 [INFO] IntegrityCheckThread:100 - exiting critical section [integrity check]
2023-09-04 09:48:11,079 [INFO] IntegrityCheckThread:103 - End integrity checks thread
2023-09-04 09:48:26,127 [ERROR] LogOutputStream:75 - [STDERR_REDIRECT] SLF4J: Failed to load class "org.slf4j.impl.StaticLoggerBinder".
2023-09-04 09:48:26,128 [ERROR] LogOutputStream:75 - [STDERR_REDIRECT] SLF4J: Defaulting to no-operation (NOP) logger implementation
2023-09-04 09:48:26,133 [ERROR] LogOutputStream:75 - [STDERR_REDIRECT] SLF4J: See http://www.slf4j.org/codes.html#StaticLoggerBinder for further details.
