2023-09-02 18:29:26,804 [INFO] Activator:176 - 


2023-09-02 18:29:26,811 [INFO] Activator:177 - !SESSION log4j initialized
2023-09-02 18:29:37,938 [INFO] LogOutputStream:77 - [STDOUT_REDIRECT] 
2023-09-02 18:29:43,290 [INFO] ApplicationProperties:184 - Using Application install path: C:\ST\STM32CubeIDE_1.11.2\STM32CubeIDE\plugins\com.st.stm32cube.common.mx_6.9.1.202307191849
2023-09-02 18:29:43,322 [INFO] DbMcusXml:78 - Set database path to: C:\ST\STM32CubeIDE_1.11.2\STM32CubeIDE\plugins\com.st.stm32cube.common.mx_6.9.1.202307191849\\db\/mcu/
2023-09-02 18:29:43,322 [INFO] ApiDb:274 - Set plugin database path to: C:\ST\STM32CubeIDE_1.11.2\STM32CubeIDE\plugins\com.st.stm32cube.common.mx_6.9.1.202307191849\\db\/plugins/boardmanager/
2023-09-02 18:29:43,323 [WARN] ApiDb:259 - Overriding images path with different value:  => C:\ST\STM32CubeIDE_1.11.2\STM32CubeIDE\plugins\com.st.stm32cube.common.mx_6.9.1.202307191849\\db\/plugins/mcufinder/images/
2023-09-02 18:29:43,367 [INFO] ApiDb:250 - Set database path to: C:\Users\admin\.stmcufinder\plugins\mcufinder//mcu/
2023-09-02 18:29:43,369 [INFO] DbMcusAds:125 - Set database path to: C:\Users\admin\.stmcufinder\plugins\mcufinder//mcu/
2023-09-02 18:29:43,374 [INFO] CrossReferenceDbSqlite:203 - Set database path to: C:\Users\admin\.stmcufinder\plugins\mcufinder//mcu/cs/
2023-09-02 18:29:43,749 [INFO] RulesReader:64 - Compatibility file has been processed (293 Rules)
2023-09-02 18:29:43,917 [INFO] DbMcusXml:78 - Set database path to: C:\ST\STM32CubeIDE_1.11.2\STM32CubeIDE\plugins\com.st.stm32cube.common.mx_6.9.1.202307191849\\db\/mcu/
2023-09-02 18:29:43,919 [INFO] ApiDb:274 - Set plugin database path to: C:\ST\STM32CubeIDE_1.11.2\STM32CubeIDE\plugins\com.st.stm32cube.common.mx_6.9.1.202307191849\\db\/plugins/boardmanager/
2023-09-02 18:29:43,919 [INFO] ApiDb:261 - Set plugin images path to: C:\ST\STM32CubeIDE_1.11.2\STM32CubeIDE\plugins\com.st.stm32cube.common.mx_6.9.1.202307191849\\db\/plugins/mcufinder/images/
2023-09-02 18:29:43,919 [WARN] DbFile:41 - Overriding database path with different value: C:\Users\admin\.stmcufinder\plugins\mcufinder/ => C:\Users\admin\.stmcufinder\plugins\mcufinder
2023-09-02 18:29:43,919 [INFO] ApiDb:250 - Set database path to: C:\Users\admin\.stmcufinder\plugins\mcufinder//mcu/
2023-09-02 18:29:43,920 [WARN] DbFile:41 - Overriding database path with different value: C:\Users\admin\.stmcufinder\plugins\mcufinder/ => C:\Users\admin\.stmcufinder\plugins\mcufinder
2023-09-02 18:29:43,920 [INFO] DbMcusAds:125 - Set database path to: C:\Users\admin\.stmcufinder\plugins\mcufinder//mcu/
2023-09-02 18:29:43,920 [WARN] DbFile:41 - Overriding database path with different value: C:\Users\admin\.stmcufinder\plugins\mcufinder/ => C:\Users\admin\.stmcufinder\plugins\mcufinder
2023-09-02 18:29:43,920 [WARN] DbFile:41 - Overriding database path with different value: C:\Users\admin\.stmcufinder\plugins\mcufinder/ => C:\Users\admin\.stmcufinder\plugins\mcufinder
2023-09-02 18:29:43,920 [INFO] CrossReferenceDbSqlite:203 - Set database path to: C:\Users\admin\.stmcufinder\plugins\mcufinder//mcu/cs/
2023-09-02 18:29:44,067 [INFO] MainPanel:262 - HeapMemory: 268435456
2023-09-02 18:29:44,252 [INFO] DbMcusXml:78 - Set database path to: C:\ST\STM32CubeIDE_1.11.2\STM32CubeIDE\plugins\com.st.stm32cube.common.mx_6.9.1.202307191849\\db\/mcu/
2023-09-02 18:29:44,252 [INFO] ApiDb:274 - Set plugin database path to: C:\ST\STM32CubeIDE_1.11.2\STM32CubeIDE\plugins\com.st.stm32cube.common.mx_6.9.1.202307191849\\db\/plugins/boardmanager/
2023-09-02 18:29:44,253 [INFO] ApiDb:261 - Set plugin images path to: C:\ST\STM32CubeIDE_1.11.2\STM32CubeIDE\plugins\com.st.stm32cube.common.mx_6.9.1.202307191849\\db\/plugins/mcufinder/images/
2023-09-02 18:29:44,253 [WARN] DbFile:41 - Overriding database path with different value: C:\Users\admin\.stmcufinder\plugins\mcufinder/ => C:\Users\admin\.stmcufinder\plugins\mcufinder
2023-09-02 18:29:44,254 [INFO] ApiDb:250 - Set database path to: C:\Users\admin\.stmcufinder\plugins\mcufinder//mcu/
2023-09-02 18:29:44,254 [WARN] DbFile:41 - Overriding database path with different value: C:\Users\admin\.stmcufinder\plugins\mcufinder/ => C:\Users\admin\.stmcufinder\plugins\mcufinder
2023-09-02 18:29:44,254 [INFO] DbMcusAds:125 - Set database path to: C:\Users\admin\.stmcufinder\plugins\mcufinder//mcu/
2023-09-02 18:29:44,254 [WARN] DbFile:41 - Overriding database path with different value: C:\Users\admin\.stmcufinder\plugins\mcufinder/ => C:\Users\admin\.stmcufinder\plugins\mcufinder
2023-09-02 18:29:44,254 [WARN] DbFile:41 - Overriding database path with different value: C:\Users\admin\.stmcufinder\plugins\mcufinder/ => C:\Users\admin\.stmcufinder\plugins\mcufinder
2023-09-02 18:29:44,254 [INFO] CrossReferenceDbSqlite:203 - Set database path to: C:\Users\admin\.stmcufinder\plugins\mcufinder//mcu/cs/
2023-09-02 18:29:44,289 [INFO] ApplicationProperties:184 - Using Application install path: C:\ST\STM32CubeIDE_1.11.2\STM32CubeIDE\plugins\com.st.stm32cube.common.mx_6.9.1.202307191849
2023-09-02 18:29:44,291 [INFO] PluginManage:196 - Search for loadable plugins [exclusion list=, ]
2023-09-02 18:29:44,293 [INFO] PluginManage:310 - Check plugin analytics
2023-09-02 18:29:44,547 [INFO] AnalyticsPlugin:253 - Accepted Software Licenses: 
2023-09-02 18:29:44,550 [INFO] AnalyticsPlugin:255 - Accepted CMSIS Pack Licenses: 
2023-09-02 18:29:44,551 [INFO] AnalyticsPlugin:257 - Accepted Firmware Licenses: 
2023-09-02 18:29:44,557 [INFO] PluginManage:359 - Loaded plugin analytics (category:tool,tabindex:-1)
2023-09-02 18:29:44,559 [INFO] PluginManage:310 - Check plugin cadmodel
2023-09-02 18:29:44,657 [INFO] CADModel:105 - Init CAD model plugin
2023-09-02 18:29:44,657 [INFO] PluginManage:359 - Loaded plugin cadmodel (category:power,tabindex:5)
2023-09-02 18:29:44,658 [INFO] PluginManage:310 - Check plugin clock
2023-09-02 18:29:44,696 [INFO] PluginManage:359 - Loaded plugin clock (category:base,tabindex:2)
2023-09-02 18:29:44,697 [INFO] PluginManage:310 - Check plugin ddr
2023-09-02 18:29:44,701 [INFO] PluginManage:359 - Loaded plugin ddr (category:tool,tabindex:6)
2023-09-02 18:29:44,702 [INFO] PluginManage:310 - Check plugin filemanager
2023-09-02 18:29:44,925 [INFO] PluginManage:359 - Loaded plugin filemanager (category:base,tabindex:10)
2023-09-02 18:29:44,926 [INFO] PluginManage:310 - Check plugin ipmanager
2023-09-02 18:29:44,949 [INFO] PluginManage:359 - Loaded plugin ipmanager (category:base,tabindex:5)
2023-09-02 18:29:44,950 [INFO] PluginManage:310 - Check plugin lpbam
2023-09-02 18:29:45,003 [INFO] PluginManage:359 - Loaded plugin lpbam (category:base,tabindex:0)
2023-09-02 18:29:45,003 [INFO] PluginManage:310 - Check plugin memorymap
2023-09-02 18:29:45,071 [INFO] PluginManage:359 - Loaded plugin memorymap (category:base,tabindex:4)
2023-09-02 18:29:45,071 [INFO] PluginManage:310 - Check plugin pinoutandconfiguration
2023-09-02 18:29:45,123 [INFO] PluginManage:359 - Loaded plugin pinoutandconfiguration (category:base,tabindex:1)
2023-09-02 18:29:45,124 [INFO] PluginManage:310 - Check plugin pinoutconfig
2023-09-02 18:29:45,386 [WARN] SupportedApi:132 - Cannot load RTOS API schema: s4s-elt-must-match.1: The content of 'definitions' must match (annotation?, (simpleType | complexType)?, (unique | key | keyref)*)). A problem was found starting at: attribute.
2023-09-02 18:29:45,681 [INFO] PluginManage:359 - Loaded plugin pinoutconfig (category:base,tabindex:0)
2023-09-02 18:29:45,682 [INFO] PluginManage:310 - Check plugin power
2023-09-02 18:29:45,722 [INFO] PluginManage:359 - Loaded plugin power (category:power,tabindex:4)
2023-09-02 18:29:45,722 [INFO] PluginManage:310 - Check plugin projectmanager
2023-09-02 18:29:45,754 [INFO] PluginManage:359 - Loaded plugin projectmanager (category:projectmanager,tabindex:3)
2023-09-02 18:29:45,755 [INFO] PluginManage:310 - Check plugin thirdparty
2023-09-02 18:29:46,258 [INFO] PluginManage:359 - Loaded plugin thirdparty (category:base,tabindex:-1)
2023-09-02 18:29:46,258 [WARN] IntegrityCheckThread:84 - waiting for thirdparty lock release [integrity check]
2023-09-02 18:29:46,258 [INFO] PluginManage:310 - Check plugin tools
2023-09-02 18:29:46,258 [INFO] IntegrityCheckThread:86 - entering critical section [integrity check]
2023-09-02 18:29:46,260 [INFO] ThirdPartyUpdaterWithRetryManager:70 - Updater plugin not ready yet. [1/15]
2023-09-02 18:29:46,319 [INFO] PluginManage:359 - Loaded plugin tools (category:base,tabindex:7)
2023-09-02 18:29:46,319 [INFO] PluginManage:310 - Check plugin tutovideos
2023-09-02 18:29:46,797 [INFO] PluginManage:359 - Loaded plugin tutovideos (category:base,tabindex:-1)
2023-09-02 18:29:46,797 [INFO] PluginManage:310 - Check plugin updater
2023-09-02 18:29:46,822 [INFO] PluginManage:359 - Loaded plugin updater (category:base,tabindex:12)
2023-09-02 18:29:46,822 [INFO] PluginManage:310 - Check plugin userauth
2023-09-02 18:29:46,837 [INFO] UserAuth:113 - Init User Auth plugin
2023-09-02 18:29:46,837 [INFO] PluginManage:359 - Loaded plugin userauth (category:base,tabindex:14)
2023-09-02 18:29:46,838 [INFO] PluginManage:283 - PluginManage : Loaded plugins [17]
2023-09-02 18:29:47,390 [INFO] PinOutPanel:1499 - setPackage(No Configuration,No Configuration)
2023-09-02 18:29:47,622 [INFO] CADModel:165 - CPN selected for project level
2023-09-02 18:29:47,622 [INFO] CADModel:114 - Register for checkConnection events
2023-09-02 18:29:47,675 [INFO] IPUIPlugin:80 - create IPUIPlugin
2023-09-02 18:29:47,675 [INFO] PluginManager:220 - loadIPPluginJar : add adc
2023-09-02 18:29:47,753 [INFO] IPUIPlugin:80 - create IPUIPlugin
2023-09-02 18:29:47,753 [INFO] PluginManager:220 - loadIPPluginJar : add aes
2023-09-02 18:29:47,845 [INFO] IPUIPlugin:80 - create IPUIPlugin
2023-09-02 18:29:47,846 [INFO] PluginManager:220 - loadIPPluginJar : add can
2023-09-02 18:29:47,898 [INFO] IPUIPlugin:80 - create IPUIPlugin
2023-09-02 18:29:47,899 [INFO] PluginManager:220 - loadIPPluginJar : add comp
2023-09-02 18:29:47,951 [INFO] IPUIPlugin:80 - create IPUIPlugin
2023-09-02 18:29:47,951 [INFO] PluginManager:220 - loadIPPluginJar : add cryp
2023-09-02 18:29:48,008 [INFO] IPUIPlugin:80 - create IPUIPlugin
2023-09-02 18:29:48,008 [INFO] PluginManager:220 - loadIPPluginJar : add dfsdm
2023-09-02 18:29:48,041 [INFO] IPUIPlugin:80 - create IPUIPlugin
2023-09-02 18:29:48,043 [INFO] PluginManager:220 - loadIPPluginJar : add dma
2023-09-02 18:29:48,153 [INFO] IPUIPlugin:80 - create IPUIPlugin
2023-09-02 18:29:48,154 [INFO] PluginManager:220 - loadIPPluginJar : add dma3
2023-09-02 18:29:48,191 [INFO] IPUIPlugin:80 - create IPUIPlugin
2023-09-02 18:29:48,191 [INFO] PluginManager:220 - loadIPPluginJar : add fatfs
2023-09-02 18:29:48,321 [INFO] IPUIPlugin:80 - create IPUIPlugin
2023-09-02 18:29:48,322 [INFO] PluginManager:220 - loadIPPluginJar : add fmc
2023-09-02 18:29:48,344 [INFO] IPUIPlugin:80 - create IPUIPlugin
2023-09-02 18:29:48,346 [INFO] PluginManager:220 - loadIPPluginJar : add freertos
2023-09-02 18:29:48,383 [INFO] IPUIPlugin:80 - create IPUIPlugin
2023-09-02 18:29:48,383 [INFO] PluginManager:220 - loadIPPluginJar : add genericplugin
2023-09-02 18:29:48,611 [INFO] IPUIPlugin:80 - create IPUIPlugin
2023-09-02 18:29:48,612 [INFO] PluginManager:220 - loadIPPluginJar : add gfxmmu
2023-09-02 18:29:48,857 [INFO] IPUIPlugin:80 - create IPUIPlugin
2023-09-02 18:29:48,859 [INFO] PluginManager:220 - loadIPPluginJar : add gic
2023-09-02 18:29:48,888 [INFO] IPUIPlugin:80 - create IPUIPlugin
2023-09-02 18:29:48,888 [INFO] PluginManager:220 - loadIPPluginJar : add gpio
2023-09-02 18:29:49,052 [INFO] IPUIPlugin:80 - create IPUIPlugin
2023-09-02 18:29:49,053 [INFO] PluginManager:220 - loadIPPluginJar : add gtzc
2023-09-02 18:29:49,114 [INFO] IPUIPlugin:80 - create IPUIPlugin
2023-09-02 18:29:49,114 [INFO] PluginManager:220 - loadIPPluginJar : add hash
2023-09-02 18:29:49,186 [INFO] IPUIPlugin:80 - create IPUIPlugin
2023-09-02 18:29:49,186 [INFO] PluginManager:220 - loadIPPluginJar : add i2c
2023-09-02 18:29:49,262 [INFO] ThirdPartyUpdaterWithRetryManager:70 - Updater plugin not ready yet. [2/15]
2023-09-02 18:29:49,265 [INFO] IPUIPlugin:80 - create IPUIPlugin
2023-09-02 18:29:49,266 [INFO] PluginManager:220 - loadIPPluginJar : add i2s
2023-09-02 18:29:49,331 [INFO] IPUIPlugin:80 - create IPUIPlugin
2023-09-02 18:29:49,331 [INFO] PluginManager:220 - loadIPPluginJar : add i3c
2023-09-02 18:29:49,472 [INFO] IPUIPlugin:80 - create IPUIPlugin
2023-09-02 18:29:49,472 [INFO] PluginManager:220 - loadIPPluginJar : add ipddr
2023-09-02 18:29:49,622 [INFO] IPUIPlugin:80 - create IPUIPlugin
2023-09-02 18:29:49,623 [INFO] PluginManager:220 - loadIPPluginJar : add linkedlist
2023-09-02 18:29:49,682 [INFO] IPUIPlugin:80 - create IPUIPlugin
2023-09-02 18:29:49,682 [INFO] PluginManager:220 - loadIPPluginJar : add lorawan
2023-09-02 18:29:49,734 [INFO] IPUIPlugin:80 - create IPUIPlugin
2023-09-02 18:29:49,735 [INFO] PluginManager:220 - loadIPPluginJar : add ltdc
2023-09-02 18:29:49,758 [INFO] IPUIPlugin:80 - create IPUIPlugin
2023-09-02 18:29:49,758 [INFO] PluginManager:220 - loadIPPluginJar : add mdma
2023-09-02 18:29:49,775 [INFO] IPUIPlugin:80 - create IPUIPlugin
2023-09-02 18:29:49,775 [INFO] PluginManager:220 - loadIPPluginJar : add nvic
2023-09-02 18:29:49,827 [INFO] IPUIPlugin:80 - create IPUIPlugin
2023-09-02 18:29:49,827 [INFO] PluginManager:220 - loadIPPluginJar : add opamp
2023-09-02 18:29:49,956 [INFO] IPUIPlugin:80 - create IPUIPlugin
2023-09-02 18:29:49,956 [INFO] PluginManager:220 - loadIPPluginJar : add openamp
2023-09-02 18:29:50,033 [INFO] IPUIPlugin:80 - create IPUIPlugin
2023-09-02 18:29:50,034 [INFO] PluginManager:220 - loadIPPluginJar : add pdm2pcm
2023-09-02 18:29:50,057 [INFO] IPUIPlugin:80 - create IPUIPlugin
2023-09-02 18:29:50,062 [INFO] PluginManager:220 - loadIPPluginJar : add plateformsettings
2023-09-02 18:29:50,084 [INFO] IPUIPlugin:80 - create IPUIPlugin
2023-09-02 18:29:50,084 [INFO] PluginManager:220 - loadIPPluginJar : add quadspi
2023-09-02 18:29:50,106 [INFO] IPUIPlugin:80 - create IPUIPlugin
2023-09-02 18:29:50,106 [INFO] PluginManager:220 - loadIPPluginJar : add resmgrutility
2023-09-02 18:29:50,197 [INFO] IPUIPlugin:80 - create IPUIPlugin
2023-09-02 18:29:50,197 [INFO] PluginManager:220 - loadIPPluginJar : add sai
2023-09-02 18:29:50,256 [INFO] IPUIPlugin:80 - create IPUIPlugin
2023-09-02 18:29:50,256 [INFO] PluginManager:220 - loadIPPluginJar : add spi
2023-09-02 18:29:50,352 [INFO] IPUIPlugin:80 - create IPUIPlugin
2023-09-02 18:29:50,352 [INFO] PluginManager:220 - loadIPPluginJar : add stm32_wpan
2023-09-02 18:29:50,383 [INFO] IPUIPlugin:80 - create IPUIPlugin
2023-09-02 18:29:50,383 [INFO] PluginManager:220 - loadIPPluginJar : add tim
2023-09-02 18:29:50,496 [INFO] IPUIPlugin:80 - create IPUIPlugin
2023-09-02 18:29:50,497 [INFO] PluginManager:220 - loadIPPluginJar : add touchsensing
2023-09-02 18:29:50,523 [INFO] IPUIPlugin:80 - create IPUIPlugin
2023-09-02 18:29:50,524 [INFO] PluginManager:220 - loadIPPluginJar : add tracer_emb
2023-09-02 18:29:50,558 [INFO] IPUIPlugin:80 - create IPUIPlugin
2023-09-02 18:29:50,558 [INFO] PluginManager:220 - loadIPPluginJar : add ts
2023-09-02 18:29:50,608 [INFO] IPUIPlugin:80 - create IPUIPlugin
2023-09-02 18:29:50,609 [INFO] PluginManager:220 - loadIPPluginJar : add tsc
2023-09-02 18:29:50,649 [INFO] IPUIPlugin:80 - create IPUIPlugin
2023-09-02 18:29:50,649 [INFO] PluginManager:220 - loadIPPluginJar : add ucpd
2023-09-02 18:29:50,715 [INFO] IPUIPlugin:80 - create IPUIPlugin
2023-09-02 18:29:50,715 [INFO] PluginManager:220 - loadIPPluginJar : add usart
2023-09-02 18:29:50,784 [INFO] IPUIPlugin:80 - create IPUIPlugin
2023-09-02 18:29:50,784 [INFO] PluginManager:220 - loadIPPluginJar : add usbx
2023-09-02 18:29:50,980 [INFO] CADModel:165 - CPN selected for project level
2023-09-02 18:29:50,981 [INFO] CADModel:114 - Register for checkConnection events
2023-09-02 18:29:50,982 [FATAL] Updater:308 - Updater called before beeing initialized
2023-09-02 18:29:50,982 [ERROR] CADModel:125 - Updater not yet initialized, retry later 
2023-09-02 18:29:51,224 [INFO] CADModel:165 - CPN selected for project level
2023-09-02 18:29:51,224 [INFO] CADModel:114 - Register for checkConnection events
2023-09-02 18:29:51,225 [FATAL] Updater:308 - Updater called before beeing initialized
2023-09-02 18:29:51,225 [ERROR] CADModel:125 - Updater not yet initialized, retry later 
2023-09-02 18:29:51,233 [FATAL] Updater:308 - Updater called before beeing initialized
2023-09-02 18:29:51,427 [FATAL] Updater:308 - Updater called before beeing initialized
2023-09-02 18:29:51,446 [INFO] DbMcusAds:53 - JSON generation date=Tue Mar 07 15:50:55 ICT 2023 (1678179055114)
2023-09-02 18:29:51,446 [FATAL] Updater:308 - Updater called before beeing initialized
2023-09-02 18:29:51,506 [WARN] DetailPanel:346 - Failed to get advertising image, set to default
2023-09-02 18:29:51,646 [FATAL] Updater:308 - Updater called before beeing initialized
2023-09-02 18:29:51,650 [FATAL] Updater:308 - Updater called before beeing initialized
2023-09-02 18:29:51,650 [FATAL] Updater:308 - Updater called before beeing initialized
2023-09-02 18:29:51,651 [WARN] DetailPanel:346 - Failed to get advertising image, set to default
2023-09-02 18:29:51,652 [FATAL] Updater:308 - Updater called before beeing initialized
2023-09-02 18:29:51,741 [ERROR] Updater:1120 - MainUpdater not yet initialized. External WinMGr cannot be set.
2023-09-02 18:29:51,754 [INFO] Updater:1056 - Updater Version found : 6.9.1
2023-09-02 18:29:51,790 [INFO] ApplicationProperties:184 - Using Application install path: C:\ST\STM32CubeIDE_1.11.2\STM32CubeIDE\plugins\com.st.stm32cube.common.mx_6.9.1.202307191849
2023-09-02 18:29:52,269 [INFO] ThirdPartyUpdaterWithRetryManager:70 - Updater plugin not ready yet. [3/15]
2023-09-02 18:29:52,500 [INFO] MainUpdater:2868 - connection check result : 10
2023-09-02 18:29:52,502 [INFO] MainUpdater:285 - Updater Check For Update Now.
2023-09-02 18:29:52,502 [INFO] MicroXplorer:498 - Change Database Version : DB.6.0.91
2023-09-02 18:29:52,559 [INFO] McuFinderGlobals:63 - Set McuFinder mode to 2 (CubeIDE integrated)
2023-09-02 18:29:52,883 [INFO] CheckServerUpdateThread:120 - End of CheckServer Thread
2023-09-02 18:29:55,577 [WARN] PackLoader:240 - Cannot read IP mode file for STMicroelectronics.X-CUBE-SMBUS.2.1.0
2023-09-02 18:29:55,657 [WARN] PackLoader:240 - Cannot read IP mode file for STMicroelectronics.X-CUBE-AZRTOS-F7.1.1.0
2023-09-02 18:29:55,686 [ERROR] RealEvaluatedCondition:428 - Found unsupported composite condition: CLASS='Data Exchange' GROUP='STM32_MetaDataManager'
2023-09-02 18:29:55,687 [ERROR] RealEvaluatedCondition:428 - Found unsupported composite condition: CLASS='Data Exchange' GROUP='STM32_MetaDataManager'
2023-09-02 18:29:55,691 [WARN] PackLoader:240 - Cannot read IP mode file for STMicroelectronics.FP-SNS-MOTENV1.4.3.0
2023-09-02 18:29:55,726 [WARN] PackLoader:240 - Cannot read IP mode file for STMicroelectronics.FP-SNS-MOTENV1.4.3.2
2023-09-02 18:29:55,745 [WARN] PackLoader:240 - Cannot read IP mode file for STMicroelectronics.FP-SNS-FLIGHT1.5.0.0
2023-09-02 18:29:55,763 [ERROR] RealEvaluatedCondition:428 - Found unsupported composite condition: GROUP='STM32_MetaDataManager' CLASS='Data Exchange'
2023-09-02 18:29:55,763 [ERROR] RealEvaluatedCondition:428 - Found unsupported composite condition: CLASS='Data Exchange' GROUP='STM32_MetaDataManager'
2023-09-02 18:29:55,766 [WARN] PackLoader:240 - Cannot read IP mode file for STMicroelectronics.FP-SNS-MOTENV1.4.3.1
2023-09-02 18:29:55,789 [WARN] PackLoader:240 - Cannot read IP mode file for STMicroelectronics.FP-SNS-FLIGHT1.5.0.1
2023-09-02 18:29:55,811 [WARN] PackLoader:240 - Cannot read IP mode file for STMicroelectronics.X-CUBE-BLE1.6.2.4
2023-09-02 18:29:55,830 [WARN] PackLoader:240 - Cannot read IP mode file for STMicroelectronics.FP-SNS-FLIGHT1.5.0.2
2023-09-02 18:29:55,852 [WARN] PackLoader:240 - Cannot read IP mode file for STMicroelectronics.X-CUBE-DISPLAY.3.0.0
2023-09-02 18:29:55,881 [WARN] PackLoader:240 - Cannot read IP mode file for STMicroelectronics.X-CUBE-BLE1.7.0.0
2023-09-02 18:29:55,905 [WARN] PackLoader:240 - Cannot read IP mode file for STMicroelectronics.X-CUBE-TOUCHGFX.4.22.0
2023-09-02 18:29:55,940 [INFO] LogOutputStream:77 - [STDOUT_REDIRECT] 1 : Invalid condition id : UX_CORESTACK_Condition cause : null
2023-09-02 18:29:55,941 [INFO] LogOutputStream:77 - [STDOUT_REDIRECT] 1 : Invalid condition id : UX_CORESTACK_Condition cause : null
2023-09-02 18:29:55,943 [INFO] LogOutputStream:77 - [STDOUT_REDIRECT] 1 : Invalid condition id : UX_CORESTACK_Condition cause : null
2023-09-02 18:29:55,945 [INFO] LogOutputStream:77 - [STDOUT_REDIRECT] 1 : Invalid condition id : UX_CORESTACK_Condition cause : null
2023-09-02 18:29:55,950 [INFO] LogOutputStream:77 - [STDOUT_REDIRECT] 1 : Invalid condition id : UX_CORESTACK_Condition cause : null
2023-09-02 18:29:55,957 [WARN] PackLoader:240 - Cannot read IP mode file for STMicroelectronics.X-CUBE-AZRTOS-WL.2.0.0
2023-09-02 18:29:55,988 [WARN] PackLoader:240 - Cannot read IP mode file for WES.I-CUBE-Cesium.1.3.0
2023-09-02 18:29:56,007 [WARN] PackLoader:240 - Cannot read IP mode file for STMicroelectronics.X-CUBE-BLE2.3.3.0
2023-09-02 18:29:56,040 [WARN] PackLoader:240 - Cannot read IP mode file for STMicroelectronics.X-CUBE-TOF1.3.2.0
2023-09-02 18:29:56,069 [WARN] PackLoader:240 - Cannot read IP mode file for STMicroelectronics.X-CUBE-TOUCHGFX.4.21.1
2023-09-02 18:29:56,084 [WARN] PackLoader:240 - Cannot read IP mode file for STMicroelectronics.X-CUBE-TOUCHGFX.4.21.3
2023-09-02 18:29:56,097 [WARN] PackLoader:240 - Cannot read IP mode file for STMicroelectronics.X-CUBE-TOUCHGFX.4.21.4
2023-09-02 18:29:56,117 [WARN] PackLoader:240 - Cannot read IP mode file for STMicroelectronics.X-CUBE-ALGOBUILD.1.3.0
2023-09-02 18:29:56,167 [WARN] PackLoader:240 - Cannot read IP mode file for STMicroelectronics.X-CUBE-AZRTOS-G0.1.1.0
2023-09-02 18:29:56,199 [WARN] PackLoader:240 - Cannot read IP mode file for STMicroelectronics.X-CUBE-NFC4.3.0.0
2023-09-02 18:29:56,243 [WARN] PackLoader:240 - Cannot read IP mode file for STMicroelectronics.X-CUBE-BLEMGR.1.3.0
2023-09-02 18:29:56,269 [WARN] PackLoader:240 - Cannot read IP mode file for STMicroelectronics.FP-ATR-SIGFOX1.3.2.0
2023-09-02 18:29:56,387 [WARN] PackLoader:240 - Cannot read IP mode file for STMicroelectronics.X-CUBE-MEMS1.9.5.0
2023-09-02 18:29:56,723 [WARN] PackLoader:240 - Cannot read IP mode file for SEGGER.I-CUBE-embOS.1.3.1
2023-09-02 18:29:56,799 [WARN] PackLoader:240 - Cannot read IP mode file for STMicroelectronics.X-CUBE-GNSS1.6.0.0
2023-09-02 18:29:56,855 [WARN] PackLoader:240 - Cannot read IP mode file for STMicroelectronics.X-CUBE-AZRTOS-F4.1.1.0
2023-09-02 18:29:56,925 [WARN] PackLoader:240 - Cannot read IP mode file for STMicroelectronics.X-CUBE-AZRTOS-L5.2.0.0
2023-09-02 18:29:57,009 [WARN] PackLoader:240 - Cannot read IP mode file for STMicroelectronics.X-CUBE-MEMS1.9.6.0
2023-09-02 18:29:57,271 [WARN] PackLoader:240 - Cannot read IP mode file for emotas.I-CUBE-CANOPEN.1.1.3
2023-09-02 18:29:57,307 [WARN] PackLoader:240 - Cannot read IP mode file for STMicroelectronics.X-CUBE-BLEMGR.2.0.0
2023-09-02 18:29:57,357 [WARN] ConditionMgr:438 - getConditionDescription Invalid condition id : UX DEVICE CLASS RTOS Condition cause : null
2023-09-02 18:29:57,358 [WARN] ConditionMgr:438 - getConditionDescription Invalid condition id : UX DEVICE CLASS RTOS Condition cause : null
2023-09-02 18:29:57,361 [WARN] PackLoader:240 - Cannot read IP mode file for STMicroelectronics.X-CUBE-AZRTOS-H7.3.1.0
2023-09-02 18:29:57,364 [WARN] ConditionMgr:1039 - genDependencies : Invalid condition id : UX DEVICE CLASS RTOS Condition cause : null
2023-09-02 18:29:57,365 [WARN] ConditionMgr:1039 - genDependencies : Invalid condition id : UX DEVICE CLASS RTOS Condition cause : null
2023-09-02 18:29:57,366 [WARN] ConditionMgr:1039 - genDependencies : Invalid condition id : UX DEVICE CLASS RTOS Condition cause : null
2023-09-02 18:29:57,368 [WARN] ConditionMgr:1039 - genDependencies : Invalid condition id : UX DEVICE CLASS RTOS Condition cause : null
2023-09-02 18:29:57,369 [WARN] ConditionMgr:1039 - genDependencies : Invalid condition id : UX DEVICE CLASS RTOS Condition cause : null
2023-09-02 18:29:57,395 [WARN] PackLoader:240 - Cannot read IP mode file for wolfSSL.I-CUBE-wolfSSL.5.5.4
2023-09-02 18:29:57,416 [WARN] PackLoader:240 - Cannot read IP mode file for STMicroelectronics.X-CUBE-NFC7.1.0.1
2023-09-02 18:29:57,431 [WARN] PackLoader:240 - Cannot read IP mode file for STMicroelectronics.X-CUBE-NFC7.1.0.0
2023-09-02 18:29:57,449 [WARN] PackLoader:240 - Cannot read IP mode file for STMicroelectronics.X-CUBE-EEPRMA1.4.1.0
2023-09-02 18:29:57,466 [WARN] PackLoader:240 - Cannot read IP mode file for STMicroelectronics.X-CUBE-AI.8.1.0
2023-09-02 18:29:57,518 [WARN] ConditionMgr:438 - getConditionDescription Invalid condition id : LAN8742 Phy interface Condition cause : null
2023-09-02 18:29:57,519 [WARN] PackLoader:240 - Cannot read IP mode file for STMicroelectronics.X-CUBE-AZRTOS-L4.2.0.0
2023-09-02 18:29:57,522 [WARN] ConditionMgr:1039 - genDependencies : Invalid condition id : LAN8742 Phy interface Condition cause : null
2023-09-02 18:29:57,523 [WARN] ConditionMgr:1039 - genDependencies : Invalid condition id : LAN8742 Phy interface Condition cause : null
2023-09-02 18:29:57,524 [WARN] ConditionMgr:1039 - genDependencies : Invalid condition id : LAN8742 Phy interface Condition cause : null
2023-09-02 18:29:57,551 [WARN] PackLoader:240 - Cannot read IP mode file for STMicroelectronics.X-CUBE-SFXS2LP1.4.0.0
2023-09-02 18:29:57,602 [WARN] PackLoader:240 - Cannot read IP mode file for STMicroelectronics.X-CUBE-AZRTOS-H7.3.0.0
2023-09-02 18:29:57,624 [WARN] PackLoader:240 - Cannot read IP mode file for STMicroelectronics.X-CUBE-ISPU.1.1.0
2023-09-02 18:29:57,643 [WARN] PackLoader:240 - Cannot read IP mode file for RoweBots.I-CUBE-UNISONRTOS.5.5.0-4
2023-09-02 18:29:57,662 [WARN] PackLoader:240 - Cannot read IP mode file for STMicroelectronics.X-CUBE-AI.8.0.0
2023-09-02 18:29:57,692 [WARN] ConditionMgr:438 - getConditionDescription Invalid condition id : UX DEVICE CLASS RTOS Condition cause : null
2023-09-02 18:29:57,692 [WARN] ConditionMgr:438 - getConditionDescription Invalid condition id : UX DEVICE CLASS RTOS Condition cause : null
2023-09-02 18:29:57,696 [WARN] PackLoader:240 - Cannot read IP mode file for STMicroelectronics.X-CUBE-AZRTOS-WB.2.0.0
2023-09-02 18:29:57,697 [WARN] ConditionMgr:1039 - genDependencies : Invalid condition id : UX DEVICE CLASS RTOS Condition cause : null
2023-09-02 18:29:57,697 [WARN] ConditionMgr:1039 - genDependencies : Invalid condition id : UX DEVICE CLASS RTOS Condition cause : null
2023-09-02 18:29:57,699 [WARN] ConditionMgr:1039 - genDependencies : Invalid condition id : UX DEVICE CLASS RTOS Condition cause : null
2023-09-02 18:29:57,700 [WARN] ConditionMgr:1039 - genDependencies : Invalid condition id : UX DEVICE CLASS RTOS Condition cause : null
2023-09-02 18:29:57,700 [WARN] ConditionMgr:1039 - genDependencies : Invalid condition id : UX DEVICE CLASS RTOS Condition cause : null
2023-09-02 18:29:57,718 [WARN] PackLoader:240 - Cannot read IP mode file for STMicroelectronics.X-CUBE-FREERTOS.1.0.0
2023-09-02 18:29:57,739 [WARN] PackLoader:240 - Cannot read IP mode file for STMicroelectronics.X-CUBE-FREERTOS.1.0.1
2023-09-02 18:29:57,774 [WARN] PackLoader:240 - Cannot read IP mode file for STMicroelectronics.X-CUBE-AZRTOS-L5.1.1.0
2023-09-02 18:29:57,798 [WARN] PackLoader:240 - Cannot read IP mode file for STMicroelectronics.X-CUBE-AI.8.0.1
2023-09-02 18:29:57,832 [WARN] PackLoader:240 - Cannot read IP mode file for STMicroelectronics.X-CUBE-SUBG2.5.0.0
2023-09-02 18:29:57,873 [WARN] PackLoader:240 - Cannot read IP mode file for STMicroelectronics.X-CUBE-TOF1.3.3.1
2023-09-02 18:29:57,943 [WARN] PackLoader:240 - Cannot read IP mode file for STMicroelectronics.X-CUBE-AZRTOS-G4.2.0.0
2023-09-02 18:29:57,985 [WARN] PackLoader:240 - Cannot read IP mode file for STMicroelectronics.X-CUBE-TOF1.3.3.0
2023-09-02 18:29:58,057 [WARN] PackLoader:240 - Cannot read IP mode file for STMicroelectronics.FP-ATR-ASTRA1.1.1.1
2023-09-02 18:29:58,093 [WARN] PackLoader:240 - Cannot read IP mode file for STMicroelectronics.X-CUBE-AZRTOS-G4.1.0.0
2023-09-02 18:29:58,136 [WARN] PackLoader:240 - Cannot read IP mode file for STMicroelectronics.X-CUBE-AZRTOS-L4.1.0.0
2023-09-02 18:29:58,155 [WARN] PackLoader:240 - Cannot read IP mode file for STMicroelectronics.X-CUBE-FREERTOS.1.1.0
2023-09-02 18:29:58,181 [WARN] PackLoader:240 - Cannot read IP mode file for STMicroelectronics.X-CUBE-AZRTOS-WL.1.0.0
2023-09-02 18:29:58,201 [WARN] PackLoader:240 - Cannot read IP mode file for portGmbH.I-Cube-SoM-uGOAL.1.1.0
2023-09-02 18:29:58,217 [WARN] PackLoader:240 - Cannot read IP mode file for STMicroelectronics.X-CUBE-ALS.1.0.1
2023-09-02 18:29:58,252 [WARN] PackLoader:240 - Cannot read IP mode file for STMicroelectronics.X-CUBE-AZRTOS-WB.1.1.0
2023-09-02 18:29:58,266 [WARN] PackLoader:240 - Cannot read IP mode file for STMicroelectronics.FP-ATR-ASTRA1.2.0.0
2023-09-02 18:29:58,267 [INFO] ThirdParty:978 - Integrity check success = true
2023-09-02 18:29:58,268 [INFO] IntegrityCheckThread:100 - exiting critical section [integrity check]
2023-09-02 18:29:58,268 [INFO] IntegrityCheckThread:103 - End integrity checks thread
2023-09-02 18:30:14,171 [ERROR] LogOutputStream:75 - [STDERR_REDIRECT] SLF4J: Failed to load class "org.slf4j.impl.StaticLoggerBinder".
2023-09-02 18:30:14,171 [ERROR] LogOutputStream:75 - [STDERR_REDIRECT] SLF4J: Defaulting to no-operation (NOP) logger implementation
2023-09-02 18:30:14,175 [ERROR] LogOutputStream:75 - [STDERR_REDIRECT] SLF4J: See http://www.slf4j.org/codes.html#StaticLoggerBinder for further details.
2023-09-02 18:58:05,318 [INFO] McuFinderGlobals:63 - Set McuFinder mode to 2 (CubeIDE integrated)
2023-09-02 18:58:05,354 [INFO] MainUpdater:2868 - connection check result : 10
2023-09-02 18:58:05,363 [INFO] MainUpdater:2868 - connection check result : 10
2023-09-02 18:58:05,577 [INFO] MicroXplorer:468 - Change Database Path : 
2023-09-02 18:58:05,577 [INFO] MicroXplorer:498 - Change Database Version : DB.6.0.91
2023-09-02 18:58:05,582 [WARN] ThirdParty:871 - waiting for thirdparty lock release [close project]
2023-09-02 18:58:05,582 [INFO] ThirdParty:873 - entering critical section [close project]
2023-09-02 18:58:05,585 [INFO] ThirdParty:883 - exiting critical section [close project]
2023-09-02 18:58:05,587 [INFO] PinOutPanel:1499 - setPackage(No Configuration,No Configuration)
2023-09-02 18:58:05,601 [INFO] UtilMem:75 - Begin LoadConfig() Used Memory: 327468824 Bytes (806354944)
2023-09-02 18:58:05,603 [INFO] MicroXplorer:468 - Change Database Path : 
2023-09-02 18:58:05,603 [INFO] MicroXplorer:498 - Change Database Version : DB.6.0.91
2023-09-02 18:58:05,603 [INFO] OpenFileManager:308 - Change cursor
2023-09-02 18:58:05,670 [INFO] Mcu:1946 - Initializing MCU STM32F103C(8-B)Tx STM32F103C8Tx STM32F103C8T6
2023-09-02 18:58:07,037 [INFO] Context:659 - Trying to add GPIOservice into a context  which must be forbidden
2023-09-02 18:58:07,816 [INFO] RtosManager:555 - Registered RTOS mode: class=CMSIS, group=RTOS, mode=CMSIS_V1, owner=FREERTOS
2023-09-02 18:58:07,816 [INFO] RtosManager:555 - Registered RTOS mode: class=CMSIS, group=RTOS2, mode=CMSIS_V2, owner=FREERTOS
2023-09-02 18:58:07,817 [INFO] RtosManager:555 - Registered RTOS mode: class=RTOS, group=Core, mode=CMSIS_V1, owner=FREERTOS
2023-09-02 18:58:07,817 [INFO] RtosManager:555 - Registered RTOS mode: class=RTOS, group=Core, mode=CMSIS_V2, owner=FREERTOS
2023-09-02 18:58:07,817 [WARN] ModelIntegratedComponent:184 - Missing modes for component STMicroelectronics:FreeRTOS:0.0.1:STMicroelectronics:RTOS:FreeRTOS:Core:::10.2.0:
2023-09-02 18:58:07,842 [WARN] ModelIntegratedComponent:63 - No mode defined for component null
2023-09-02 18:58:07,842 [WARN] ModelIntegratedComponent:63 - No mode defined for component null
2023-09-02 18:58:07,842 [WARN] ModelIntegratedComponent:63 - No mode defined for component null
2023-09-02 18:58:07,842 [WARN] ModelIntegratedComponent:63 - No mode defined for component null
2023-09-02 18:58:07,842 [WARN] ModelIntegratedComponent:63 - No mode defined for component null
2023-09-02 18:58:07,843 [WARN] ModelIntegratedComponent:63 - No mode defined for component null
2023-09-02 18:58:07,843 [WARN] ModelIntegratedComponent:63 - No mode defined for component null
2023-09-02 18:58:07,843 [WARN] ModelIntegratedComponent:63 - No mode defined for component null
2023-09-02 18:58:07,843 [WARN] ModelIntegratedComponent:63 - No mode defined for component null
2023-09-02 18:58:07,843 [WARN] ModelIntegratedComponent:63 - No mode defined for component null
2023-09-02 18:58:07,843 [WARN] ModelIntegratedComponent:63 - No mode defined for component null
2023-09-02 18:58:07,843 [WARN] ModelIntegratedComponent:63 - No mode defined for component null
2023-09-02 18:58:07,843 [WARN] ModelIntegratedComponent:63 - No mode defined for component null
2023-09-02 18:58:07,844 [WARN] ModelIntegratedComponent:63 - No mode defined for component null
2023-09-02 18:58:07,844 [WARN] ModelIntegratedComponent:63 - No mode defined for component null
2023-09-02 18:58:07,844 [WARN] ModelIntegratedComponent:63 - No mode defined for component null
2023-09-02 18:58:07,844 [WARN] ModelIntegratedComponent:63 - No mode defined for component null
2023-09-02 18:58:07,844 [WARN] ModelIntegratedComponent:63 - No mode defined for component null
2023-09-02 18:58:07,844 [WARN] ModelIntegratedComponent:63 - No mode defined for component null
2023-09-02 18:58:07,844 [WARN] ModelIntegratedComponent:63 - No mode defined for component null
2023-09-02 18:58:07,844 [WARN] ModelIntegratedComponent:63 - No mode defined for component null
2023-09-02 18:58:07,845 [WARN] ModelIntegratedComponent:63 - No mode defined for component null
2023-09-02 18:58:07,845 [WARN] ModelIntegratedComponent:63 - No mode defined for component null
2023-09-02 18:58:07,845 [WARN] ModelIntegratedComponent:63 - No mode defined for component null
2023-09-02 18:58:07,845 [WARN] ModelIntegratedComponent:63 - No mode defined for component null
2023-09-02 18:58:07,845 [WARN] ModelIntegratedComponent:63 - No mode defined for component null
2023-09-02 18:58:07,845 [WARN] ModelIntegratedComponent:63 - No mode defined for component null
2023-09-02 18:58:07,846 [WARN] ModelIntegratedComponent:63 - No mode defined for component null
2023-09-02 18:58:07,846 [WARN] ModelIntegratedComponent:63 - No mode defined for component null
2023-09-02 18:58:07,846 [WARN] ModelIntegratedComponent:63 - No mode defined for component null
2023-09-02 18:58:07,846 [WARN] ModelIntegratedComponent:63 - No mode defined for component null
2023-09-02 18:58:07,847 [WARN] ModelIntegratedComponent:63 - No mode defined for component null
2023-09-02 18:58:07,847 [WARN] ModelIntegratedComponent:63 - No mode defined for component null
2023-09-02 18:58:07,988 [INFO] ThirdPartyModel:298 - Start build external matchings
2023-09-02 18:58:09,111 [INFO] ThirdPartyModel:316 - End build external matchings
2023-09-02 18:58:09,150 [INFO] ImportTextPane:194 - (OptionalMessage_ERROR) IP (RCC) : Parameter (ADCFreqValue) has invalid value (36000000)
2023-09-02 18:58:09,151 [INFO] ImportTextPane:194 - (OptionalMessage_ERROR) IP (RCC) : Invalid parameter (FamilyName)
2023-09-02 18:58:09,151 [INFO] ImportTextPane:194 - (OptionalMessage_ERROR) IP (RCC) : Parameter (MCOFreq_Value) has invalid value (72000000)
2023-09-02 18:58:09,153 [INFO] ImportTextPane:194 - (OptionalMessage_ERROR) IP (RCC) : Parameter (USBFreq_Value) has invalid value (72000000)
2023-09-02 18:58:09,549 [INFO] UtilMem:75 - End LoadConfig() Used Memory: 405078888 Bytes (806354944)
2023-09-02 18:58:09,787 [INFO] ApiDb:581 - Connected to CubeFinder SQLite database (C:\Users\admin\.stmcufinder\plugins\mcufinder\mcu\cube-finder-db.db)
2023-09-02 18:58:09,905 [INFO] ApiDb:668 - CubeFinder database Data Model version=2.1
2023-09-02 18:58:09,905 [INFO] ApiDb:669 - CubeFinder database Configuration version=3.0.37
2023-09-02 18:58:09,906 [INFO] ApiDb:670 - CubeFinder database generation date=2023-08-09 (1691586011)
2023-09-02 18:58:09,906 [INFO] ApiDb:671 - CubeFinder database FW Pack versions=[FP-ATR-ASTRA1_V2.0.0, FP-SNS-FLIGHT1_V5.0.1, FP-SNS-FLIGHT1_V5.0.2, FP-SNS-MOTENV1_V4.3.1, FP-SNS-MOTENV1_V4.3.2, STM32Cube_FW_C0_V1.1.0, STM32Cube_FW_F4_V1.27.1, STM32Cube_FW_F7_V1.17.0, STM32Cube_FW_G0_V1.6.1, STM32Cube_FW_G4_V1.5.1, STM32Cube_FW_H5_V0.5.1, STM32Cube_FW_H5_V1.1.0, STM32Cube_FW_H7_V1.11.0, STM32Cube_FW_L0_V1.12.2, STM32Cube_FW_L5_V1.5.0, STM32Cube_FW_U5_V1.3.0, STM32Cube_FW_U5_V1.3.0RC4, STM32Cube_FW_WBA_V1.0.0RC1, STM32Cube_FW_WBA_V1.1.0, STM32Cube_FW_WBA_V1.1.0RC1, STM32Cube_FW_WB_V1.15.0RC1, STM32Cube_FW_WB_V1.16.0, STM32Cube_FW_WB_V1.16.0RC2, STM32Cube_FW_WB_V1.17.0, STM32Cube_FW_WL_V1.3.0, X-CUBE-ALGOBUILD_V1.3.0, X-CUBE-ALS_V1.0.1, X-CUBE-AZRTOS-F4_V1.1.0, X-CUBE-AZRTOS-F7_V1.1.0, X-CUBE-AZRTOS-G0_V1.1.0, X-CUBE-AZRTOS-G4_V2.0.0, X-CUBE-AZRTOS-H7_V3.1.0, X-CUBE-AZRTOS-L4_V1.0.0, X-CUBE-AZRTOS-L4_V2.0.0, X-CUBE-AZRTOS-L5_V1.1.0, X-CUBE-AZRTOS-WB_V1.1.0, X-CUBE-AZRTOS-WL_V2.0.0, X-CUBE-BLE1_V7.0.0, X-CUBE-BLE2_V3.3.0, X-CUBE-BLEMGR_V2.0.0, X-CUBE-EEPRMA1_V4.1.0, X-CUBE-FREERTOS_V1.1.0, X-CUBE-GNSS1_V6.0.0, X-CUBE-MEMS1_V9.1.0, X-CUBE-MEMS1_V9.4.0, X-CUBE-MEMS1_V9.6.0, X-CUBE-NFC4_V3.0.0, X-CUBE-NFC7_V1.0.0, X-CUBE-SFXS2LP1_V4.0.0, X-CUBE-SUBG2_V5.0.0, X-CUBE-TOF1_V3.3.1]
2023-09-02 18:58:12,958 [INFO] ApiDb:240 - Found 323 in-development CPN: [B-G473E-ZEST1S, B-WB1M-WPAN1, B-WL5M-SUBG1, NUCLEO-C031C6, NUCLEO-H503RB, NUCLEO-H563ZI, NUCLEO-U545RE-Q, NUCLEO-U5A5ZJ-Q, NUCLEO-WBA52CG, STEVAL-PROTEUS1, STEVAL-SMARTAG2, STEVAL-STWINBX1, STM320518-EVAL, STM32C0116-DK, STM32C011D6Y3TR, STM32C011D6Y6TR, STM32C011F4P3, STM32C011F4P6, STM32C011F4U3, STM32C011F4U6TR, STM32C011F6P3, STM32C011F6P6, STM32C011F6U3, STM32C011F6U6TR, STM32C011J4M3, STM32C011J4M6, STM32C011J6M3, STM32C011J6M6, STM32C0316-DK, STM32C031C4T3, STM32C031C4T6, STM32C031C4U3, STM32C031C4U6, STM32C031C6T3, STM32C031C6T6, STM32C031C6U3, STM32C031C6U6, STM32C031F4P3, STM32C031F4P6, STM32C031F6P3, STM32C031F6P6, STM32C031G4U3, STM32C031G4U6, STM32C031G6U3, STM32C031G6U6, STM32C031K4T3, STM32C031K4T6, STM32C031K4U3, STM32C031K4U6, STM32C031K6T3, STM32C031K6T6, STM32C031K6U3, STM32C031K6U6, STM32G071K8TXN, STM32G071K8UXN, STM32G081GBU6N, STM32G081KBT6N, STM32G081KBUXN, STM32G0B1CCT6N, STM32G0B1KCT6, STM32G0B1NEY6TR, STM32G0B1RCT6N, STM32G0C1CCT6, STM32G0C1CCT6N, STM32G0C1CCU6N, STM32G0C1CET6N, STM32G0C1CEU6N, STM32G0C1KCT6, STM32G0C1NEY6TR, STM32G0C1RCI6N, STM32G0C1RCT6N, STM32G0C1REI6N, STM32G0C1RET6N, STM32G0C1VCI6, STM32G0C1VEI6, STM32G471CCT6, STM32G471CCU6, STM32G471CET3, STM32G471CET6, STM32G471CEU3, STM32G471CEU6, STM32G471MCT6, STM32G471MET3, STM32G471MET6, STM32G471MEY6TR, STM32G471QCT6, STM32G471QET3, STM32G471RCT6, STM32G471RET3, STM32G471RET6, STM32G471VCH6, STM32G471VCI6, STM32G471VCT6, STM32G471VEH3, STM32G471VEH6, STM32G471VEI3, STM32G471VEI6, STM32G471VET3, STM32G471VET6, STM32G474CCT6, STM32H503CBT6, STM32H503CBU6, STM32H503EBY6TR, STM32H503KBU6, STM32H503RBT6, STM32H562AGI6, STM32H562AII6, STM32H562IGK6, STM32H562IGT6, STM32H562IIK6, STM32H562IIT6, STM32H562RGT6, STM32H562RGV6, STM32H562RIT6, STM32H562RIV6, STM32H562VGT6, STM32H562VIT6, STM32H562ZGT6, STM32H562ZIT6, STM32H563AGI6, STM32H563AII3Q, STM32H563AII6, STM32H563IGK6, STM32H563IGT6, STM32H563IIK3Q, STM32H563IIK6, STM32H563IIT3Q, STM32H563IIT6, STM32H563MIY3QTR, STM32H563RGT6, STM32H563RGV6, STM32H563RIT6, STM32H563RIV6, STM32H563VGT6, STM32H563VIT3Q, STM32H563VIT6, STM32H563ZGT6, STM32H563ZIT3Q, STM32H563ZIT6, STM32H573AII3Q, STM32H573AII6, STM32H573I-DK, STM32H573IIK3Q, STM32H573IIK6, STM32H573IIT3Q, STM32H573IIT6, STM32H573MIY3QTR, STM32H573RIT6, STM32H573RIV6, STM32H573VIT3Q, STM32H573VIT6, STM32H573ZIT3Q, STM32H573ZIT6, STM32L4R5QGI6STR, STM32MP131AAE3, STM32MP131AAF3, STM32MP131AAG3, STM32MP131CAE3, STM32MP131CAF3, STM32MP131CAG3, STM32MP131DAE7, STM32MP131DAF7, STM32MP131DAG7, STM32MP131FAE7, STM32MP131FAF7, STM32MP131FAG7, STM32MP133AAE3, STM32MP133AAF3, STM32MP133AAG3, STM32MP133CAE3, STM32MP133CAF3, STM32MP133CAG3, STM32MP133DAE7, STM32MP133DAF7, STM32MP133DAG7, STM32MP133FAE7, STM32MP133FAF7, STM32MP133FAG7, STM32MP135AAE3, STM32MP135AAF3, STM32MP135AAG3, STM32MP135CAE3, STM32MP135CAF3, STM32MP135CAG3, STM32MP135DAE7, STM32MP135DAF7, STM32MP135DAG7, STM32MP135F-DK, STM32MP135FAE7, STM32MP135FAF7, STM32MP135FAF7T, STM32MP135FAF7U, STM32MP135FAG7, STM32U535CBT6, STM32U535CBT6Q, STM32U535CBU6, STM32U535CBU6Q, STM32U535CCT6, STM32U535CCT6Q, STM32U535CCU6, STM32U535CCU6Q, STM32U535CET6, STM32U535CET6Q, STM32U535CEU6, STM32U535CEU6Q, STM32U535JEY6QTR, STM32U535NCY6QTR, STM32U535NEY6QTR, STM32U535RBI6, STM32U535RBI6Q, STM32U535RBT6, STM32U535RBT6Q, STM32U535RCI6, STM32U535RCI6Q, STM32U535RCT6, STM32U535RCT6Q, STM32U535REI6, STM32U535REI6Q, STM32U535RET6, STM32U535RET6Q, STM32U535VCI6, STM32U535VCI6Q, STM32U535VCT6, STM32U535VCT6Q, STM32U535VEI6, STM32U535VEI6Q, STM32U535VET6, STM32U535VET6Q, STM32U545CET6, STM32U545CET6Q, STM32U545CEU6, STM32U545CEU6Q, STM32U545JEY6QTR, STM32U545NEY6QTR, STM32U545REI6, STM32U545REI6Q, STM32U545RET6, STM32U545RET6Q, STM32U545VEI6, STM32U545VEI6Q, STM32U545VET6, STM32U545VET6Q, STM32U595AIH6, STM32U595AIH6Q, STM32U595AJH6, STM32U595AJH6Q, STM32U595QII6, STM32U595QII6Q, STM32U595QJI6, STM32U595QJI6Q, STM32U595RIT6, STM32U595RIT6Q, STM32U595RJT6, STM32U595RJT6Q, STM32U595VIT6, STM32U595VIT6Q, STM32U595VJT6, STM32U595VJT6Q, STM32U595ZIT6, STM32U595ZIT6Q, STM32U595ZIY6QTR, STM32U595ZJT6, STM32U595ZJT6Q, STM32U595ZJY6QTR, STM32U599BJY6QTR, STM32U599NIH6Q, STM32U599NJH6Q, STM32U599VIT6Q, STM32U599VJT6, STM32U599VJT6Q, STM32U599ZIT6Q, STM32U599ZIY6QTR, STM32U599ZJT6Q, STM32U599ZJY6QTR, STM32U5A5AJH6, STM32U5A5AJH6Q, STM32U5A5QJI6, STM32U5A5QJI6Q, STM32U5A5RJT6, STM32U5A5RJT6Q, STM32U5A5VJT6, STM32U5A5VJT6Q, STM32U5A5ZJT6, STM32U5A5ZJT6Q, STM32U5A5ZJY6QTR, STM32U5A9BJY6QTR, STM32U5A9J-DK, STM32U5A9NJH6Q, STM32U5A9VJT6Q, STM32U5A9ZJT6Q, STM32U5A9ZJY6QTR, STM32U5F7VIT6, STM32U5F7VIT6Q, STM32U5F7VJT6, STM32U5F7VJT6Q, STM32U5F9BJY6QTR, STM32U5F9NJH6Q, STM32U5F9VIT6Q, STM32U5F9VJT6Q, STM32U5F9ZIJ6QTR, STM32U5F9ZIT6Q, STM32U5F9ZJJ6QTR, STM32U5F9ZJT6Q, STM32U5G7VJT6, STM32U5G7VJT6Q, STM32U5G9BJY6QTR, STM32U5G9J-DK1, STM32U5G9J-DK2, STM32U5G9NJH6Q, STM32U5G9VJT6Q, STM32U5G9ZJJ6QTR, STM32U5G9ZJT6Q, STM32WB1MMCH6, STM32WBA52CEU6, STM32WBA52CEU6T, STM32WBA52CGU6, STM32WBA52CGU6T, STM32WBA52KEU6, STM32WBA52KEU6T, STM32WBA52KGU6, STM32WBA52KGU6T, STM32WL5MOCH6, STM32WL5MOCH6TR]
2023-09-02 18:58:12,964 [INFO] DbMcus:217 - Found 3848 MCUs, 3848 are supported
2023-09-02 18:58:12,972 [INFO] ApiDb:423 - Load user favorites file C:\Users\admin/.stm32cubeide/favorites.mcus.txt: 2 item(s)
2023-09-02 18:58:12,973 [INFO] ApiDb:427 - User favorites MCUs=[STM32F103C8T6, STM32F407VET6]
2023-09-02 18:58:12,973 [INFO] DbMcus:223 - Set 2 / 2 favorites MCUs
2023-09-02 18:58:13,362 [WARN] ThirdParty:833 - waiting for thirdparty lock release [change project]
2023-09-02 18:58:13,362 [INFO] ThirdParty:835 - entering critical section [change project]
2023-09-02 18:58:13,363 [INFO] ThirdParty:1030 - CMSIS Pack Vendor :STMicroelectronics X-CUBE-ISPU 1.1.0
2023-09-02 18:58:13,363 [INFO] ThirdParty:1030 - CMSIS Pack Vendor :STMicroelectronics USBPD 4.1
2023-09-02 18:58:13,363 [INFO] ThirdParty:1030 - CMSIS Pack Vendor :RoweBots I-CUBE-UNISONRTOS 5.5.0-4
2023-09-02 18:58:13,363 [INFO] ThirdParty:1030 - CMSIS Pack Vendor :STMicroelectronics X-CUBE-GNSS1 6.0.0
2023-09-02 18:58:13,363 [INFO] ThirdParty:1030 - CMSIS Pack Vendor :STMicroelectronics USB_HOST 2.0.0
2023-09-02 18:58:13,363 [INFO] ThirdParty:1030 - CMSIS Pack Vendor :STMicroelectronics X-CUBE-AZRTOS-F4 1.1.0
2023-09-02 18:58:13,363 [INFO] ThirdParty:1030 - CMSIS Pack Vendor :STMicroelectronics LIBJPEG 8.0.0
2023-09-02 18:58:13,363 [INFO] ThirdParty:1030 - CMSIS Pack Vendor :STMicroelectronics X-CUBE-SMBUS 2.1.0
2023-09-02 18:58:13,363 [INFO] ThirdParty:1030 - CMSIS Pack Vendor :STMicroelectronics USB_DEVICE 3.0.0
2023-09-02 18:58:13,363 [INFO] ThirdParty:1030 - CMSIS Pack Vendor :STMicroelectronics X-CUBE-AI 8.0.0
2023-09-02 18:58:13,363 [INFO] ThirdParty:1030 - CMSIS Pack Vendor :STMicroelectronics X-CUBE-AZRTOS-WB 2.0.0
2023-09-02 18:58:13,364 [INFO] ThirdParty:1030 - CMSIS Pack Vendor :STMicroelectronics X-CUBE-FREERTOS 1.0.0
2023-09-02 18:58:13,364 [INFO] ThirdParty:1030 - CMSIS Pack Vendor :STMicroelectronics X-CUBE-FREERTOS 1.0.1
2023-09-02 18:58:13,364 [INFO] ThirdParty:1030 - CMSIS Pack Vendor :STMicroelectronics X-CUBE-TOUCHGFX 4.21.1
2023-09-02 18:58:13,364 [INFO] ThirdParty:1030 - CMSIS Pack Vendor :STMicroelectronics X-CUBE-TOUCHGFX 4.21.3
2023-09-02 18:58:13,364 [INFO] ThirdParty:1030 - CMSIS Pack Vendor :STMicroelectronics X-CUBE-AZRTOS-F7 1.1.0
2023-09-02 18:58:13,364 [INFO] ThirdParty:1030 - CMSIS Pack Vendor :STMicroelectronics X-CUBE-TOUCHGFX 4.21.4
2023-09-02 18:58:13,364 [INFO] ThirdParty:1030 - CMSIS Pack Vendor :STMicroelectronics X-CUBE-AZRTOS-L5 2.0.0
2023-09-02 18:58:13,364 [INFO] ThirdParty:1030 - CMSIS Pack Vendor :STMicroelectronics USB_DEVICE 2.0.0
2023-09-02 18:58:13,364 [INFO] ThirdParty:1030 - CMSIS Pack Vendor :STMicroelectronics X-CUBE-MEMS1 9.6.0
2023-09-02 18:58:13,364 [INFO] ThirdParty:1030 - CMSIS Pack Vendor :STMicroelectronics FP-SNS-MOTENV1 4.3.0
2023-09-02 18:58:13,364 [INFO] ThirdParty:1030 - CMSIS Pack Vendor :STMicroelectronics FP-SNS-MOTENV1 4.3.2
2023-09-02 18:58:13,364 [INFO] ThirdParty:1030 - CMSIS Pack Vendor :STMicroelectronics FP-SNS-FLIGHT1 5.0.0
2023-09-02 18:58:13,365 [INFO] ThirdParty:1030 - CMSIS Pack Vendor :STMicroelectronics FP-SNS-MOTENV1 4.3.1
2023-09-02 18:58:13,365 [INFO] ThirdParty:1030 - CMSIS Pack Vendor :STMicroelectronics FP-SNS-FLIGHT1 5.0.1
2023-09-02 18:58:13,365 [INFO] ThirdParty:1030 - CMSIS Pack Vendor :STMicroelectronics X-CUBE-ALGOBUILD 1.3.0
2023-09-02 18:58:13,365 [INFO] ThirdParty:1030 - CMSIS Pack Vendor :STMicroelectronics X-CUBE-BLE1 6.2.4
2023-09-02 18:58:13,365 [INFO] ThirdParty:1030 - CMSIS Pack Vendor :STMicroelectronics X-CUBE-AZRTOS-L5 1.1.0
2023-09-02 18:58:13,365 [INFO] ThirdParty:1030 - CMSIS Pack Vendor :STMicroelectronics FreeRTOS 0.0.1
2023-09-02 18:58:13,365 [INFO] ThirdParty:1030 - CMSIS Pack Vendor :STMicroelectronics X-CUBE-AZRTOS-G0 1.1.0
2023-09-02 18:58:13,365 [INFO] ThirdParty:1030 - CMSIS Pack Vendor :emotas I-CUBE-CANOPEN 1.1.3
2023-09-02 18:58:13,365 [INFO] ThirdParty:1030 - CMSIS Pack Vendor :STMicroelectronics X-CUBE-BLEMGR 2.0.0
2023-09-02 18:58:13,365 [INFO] ThirdParty:1030 - CMSIS Pack Vendor :STMicroelectronics X-CUBE-AI 8.0.1
2023-09-02 18:58:13,366 [INFO] ThirdParty:1030 - CMSIS Pack Vendor :STMicroelectronics X-CUBE-NFC4 3.0.0
2023-09-02 18:58:13,366 [INFO] ThirdParty:1030 - CMSIS Pack Vendor :STMicroelectronics X-CUBE-SUBG2 5.0.0
2023-09-02 18:58:13,366 [INFO] ThirdParty:1030 - CMSIS Pack Vendor :STMicroelectronics STM32_WPAN 1.0.0
2023-09-02 18:58:13,366 [INFO] ThirdParty:1030 - CMSIS Pack Vendor :STMicroelectronics lwIP 2.0.3
2023-09-02 18:58:13,366 [INFO] ThirdParty:1030 - CMSIS Pack Vendor :STMicroelectronics FP-SNS-FLIGHT1 5.0.2
2023-09-02 18:58:13,366 [INFO] ThirdParty:1030 - CMSIS Pack Vendor :STMicroelectronics USB_HOST 1.0.0
2023-09-02 18:58:13,366 [INFO] ThirdParty:1030 - CMSIS Pack Vendor :STMicroelectronics X-CUBE-TOF1 3.3.1
2023-09-02 18:58:13,366 [INFO] ThirdParty:1030 - CMSIS Pack Vendor :STMicroelectronics X-CUBE-AZRTOS-G4 2.0.0
2023-09-02 18:58:13,366 [INFO] ThirdParty:1030 - CMSIS Pack Vendor :STMicroelectronics PDM2PCM 3.1.0
2023-09-02 18:58:13,366 [INFO] ThirdParty:1030 - CMSIS Pack Vendor :STMicroelectronics X-CUBE-AZRTOS-H7 3.1.0
2023-09-02 18:58:13,366 [INFO] ThirdParty:1030 - CMSIS Pack Vendor :STMicroelectronics X-CUBE-TOF1 3.3.0
2023-09-02 18:58:13,366 [INFO] ThirdParty:1030 - CMSIS Pack Vendor :STMicroelectronics FP-ATR-ASTRA1 1.1.1
2023-09-02 18:58:13,366 [INFO] ThirdParty:1030 - CMSIS Pack Vendor :STMicroelectronics PDM2PCM 3.3.0
2023-09-02 18:58:13,366 [INFO] ThirdParty:1030 - CMSIS Pack Vendor :STMicroelectronics X-CUBE-DISPLAY 3.0.0
2023-09-02 18:58:13,366 [INFO] ThirdParty:1030 - CMSIS Pack Vendor :STMicroelectronics X-CUBE-BLEMGR 1.3.0
2023-09-02 18:58:13,366 [INFO] ThirdParty:1030 - CMSIS Pack Vendor :STMicroelectronics X-CUBE-BLE1 7.0.0
2023-09-02 18:58:13,366 [INFO] ThirdParty:1030 - CMSIS Pack Vendor :STMicroelectronics FP-ATR-SIGFOX1 3.2.0
2023-09-02 18:58:13,366 [INFO] ThirdParty:1030 - CMSIS Pack Vendor :STMicroelectronics X-CUBE-AZRTOS-G4 1.0.0
2023-09-02 18:58:13,366 [INFO] ThirdParty:1030 - CMSIS Pack Vendor :wolfSSL I-CUBE-wolfSSL 5.5.4
2023-09-02 18:58:13,366 [INFO] ThirdParty:1030 - CMSIS Pack Vendor :STMicroelectronics X-CUBE-AZRTOS-L4 1.0.0
2023-09-02 18:58:13,366 [INFO] ThirdParty:1030 - CMSIS Pack Vendor :STMicroelectronics HAL Drivers 0.0.0
2023-09-02 18:58:13,366 [INFO] ThirdParty:1030 - CMSIS Pack Vendor :STMicroelectronics MBEDTLS 2.16.2
2023-09-02 18:58:13,366 [INFO] ThirdParty:1030 - CMSIS Pack Vendor :STMicroelectronics X-CUBE-FREERTOS 1.1.0
2023-09-02 18:58:13,366 [INFO] ThirdParty:1030 - CMSIS Pack Vendor :STMicroelectronics X-CUBE-TOUCHGFX 4.22.0
2023-09-02 18:58:13,366 [INFO] ThirdParty:1030 - CMSIS Pack Vendor :STMicroelectronics X-CUBE-NFC7 1.0.1
2023-09-02 18:58:13,366 [INFO] ThirdParty:1030 - CMSIS Pack Vendor :STMicroelectronics MBEDTLS 2.14.1
2023-09-02 18:58:13,366 [INFO] ThirdParty:1030 - CMSIS Pack Vendor :STMicroelectronics X-CUBE-NFC7 1.0.0
2023-09-02 18:58:13,366 [INFO] ThirdParty:1030 - CMSIS Pack Vendor :STMicroelectronics X-CUBE-AZRTOS-WL 1.0.0
2023-09-02 18:58:13,366 [INFO] ThirdParty:1030 - CMSIS Pack Vendor :STMicroelectronics X-CUBE-EEPRMA1 4.1.0
2023-09-02 18:58:13,366 [INFO] ThirdParty:1030 - CMSIS Pack Vendor :portGmbH I-Cube-SoM-uGOAL 1.1.0
2023-09-02 18:58:13,366 [INFO] ThirdParty:1030 - CMSIS Pack Vendor :STMicroelectronics X-CUBE-ALS 1.0.1
2023-09-02 18:58:13,366 [INFO] ThirdParty:1030 - CMSIS Pack Vendor :STMicroelectronics X-CUBE-MEMS1 9.5.0
2023-09-02 18:58:13,366 [INFO] ThirdParty:1030 - CMSIS Pack Vendor :STMicroelectronics ThreadX 1.0.0
2023-09-02 18:58:13,366 [INFO] ThirdParty:1030 - CMSIS Pack Vendor :STMicroelectronics X-CUBE-AZRTOS-WB 1.1.0
2023-09-02 18:58:13,366 [INFO] ThirdParty:1030 - CMSIS Pack Vendor :STMicroelectronics X-CUBE-AZRTOS-WL 2.0.0
2023-09-02 18:58:13,366 [INFO] ThirdParty:1030 - CMSIS Pack Vendor :SEGGER I-CUBE-embOS 1.3.1
2023-09-02 18:58:13,367 [INFO] ThirdParty:1030 - CMSIS Pack Vendor :STMicroelectronics USB_DEVICE 1.0.0
2023-09-02 18:58:13,367 [INFO] ThirdParty:1030 - CMSIS Pack Vendor :STMicroelectronics X-CUBE-AI 8.1.0
2023-09-02 18:58:13,367 [INFO] ThirdParty:1030 - CMSIS Pack Vendor :STMicroelectronics X-CUBE-AZRTOS-L4 2.0.0
2023-09-02 18:58:13,368 [INFO] ThirdParty:1030 - CMSIS Pack Vendor :STMicroelectronics ThreadX 0.0.2
2023-09-02 18:58:13,368 [INFO] ThirdParty:1030 - CMSIS Pack Vendor :WES I-CUBE-Cesium 1.3.0
2023-09-02 18:58:13,368 [INFO] ThirdParty:1030 - CMSIS Pack Vendor :STMicroelectronics FP-ATR-ASTRA1 2.0.0
2023-09-02 18:58:13,368 [INFO] ThirdParty:1030 - CMSIS Pack Vendor :STMicroelectronics lwIP 2.1.2
2023-09-02 18:58:13,368 [INFO] ThirdParty:1030 - CMSIS Pack Vendor :STMicroelectronics X-CUBE-SFXS2LP1 4.0.0
2023-09-02 18:58:13,368 [INFO] ThirdParty:1030 - CMSIS Pack Vendor :STMicroelectronics X-CUBE-BLE2 3.3.0
2023-09-02 18:58:13,368 [INFO] ThirdParty:1030 - CMSIS Pack Vendor :STMicroelectronics X-CUBE-TOF1 3.2.0
2023-09-02 18:58:13,368 [INFO] ThirdParty:1030 - CMSIS Pack Vendor :STMicroelectronics PDM2PCM 3.2.0
2023-09-02 18:58:13,368 [INFO] ThirdParty:1030 - CMSIS Pack Vendor :STMicroelectronics X-CUBE-AZRTOS-H7 3.0.0
2023-09-02 18:58:13,368 [INFO] ThirdParty:841 - exiting critical section [change project]
2023-09-02 18:58:14,022 [INFO] PinOutPanel:1499 - setPackage(No Configuration,No Configuration)
2023-09-02 18:58:14,042 [INFO] PinOutPanel:1499 - setPackage(STM32F103C8Tx,LQFP48)
2023-09-02 18:58:14,808 [INFO] UtilMem:75 - Before build in PCC Used Memory: 654271936 Bytes (806354944)
2023-09-02 18:58:16,267 [INFO] UtilMem:75 - After build in PCC Used Memory: 269541360 Bytes (806354944)
2023-09-02 18:58:16,346 [INFO] IPUIPlugin:80 - create IPUIPlugin
2023-09-02 18:58:16,346 [INFO] IPUIPlugin:80 - create IPUIPlugin
2023-09-02 18:58:16,346 [INFO] IPUIPlugin:80 - create IPUIPlugin
2023-09-02 18:58:16,347 [INFO] IPUIPlugin:80 - create IPUIPlugin
2023-09-02 18:58:16,347 [INFO] IPUIPlugin:80 - create IPUIPlugin
2023-09-02 18:58:16,348 [INFO] IPUIPlugin:80 - create IPUIPlugin
2023-09-02 18:58:16,348 [INFO] IPUIPlugin:80 - create IPUIPlugin
2023-09-02 18:58:16,348 [INFO] IPUIPlugin:80 - create IPUIPlugin
2023-09-02 18:58:16,349 [INFO] IPUIPlugin:80 - create IPUIPlugin
2023-09-02 18:58:16,349 [INFO] IPUIPlugin:80 - create IPUIPlugin
2023-09-02 18:58:16,349 [INFO] IPUIPlugin:80 - create IPUIPlugin
2023-09-02 18:58:16,350 [INFO] IPUIPlugin:80 - create IPUIPlugin
2023-09-02 18:58:16,350 [INFO] IPUIPlugin:80 - create IPUIPlugin
2023-09-02 18:58:16,351 [INFO] IPUIPlugin:80 - create IPUIPlugin
2023-09-02 18:58:16,352 [INFO] IPUIPlugin:80 - create IPUIPlugin
2023-09-02 18:58:16,352 [INFO] IPUIPlugin:80 - create IPUIPlugin
2023-09-02 18:58:16,353 [INFO] IPUIPlugin:80 - create IPUIPlugin
2023-09-02 18:58:16,353 [INFO] IPUIPlugin:80 - create IPUIPlugin
2023-09-02 18:58:16,354 [INFO] IPUIPlugin:80 - create IPUIPlugin
2023-09-02 18:58:16,355 [INFO] IPUIPlugin:80 - create IPUIPlugin
2023-09-02 18:58:16,355 [INFO] IPUIPlugin:80 - create IPUIPlugin
2023-09-02 18:58:16,356 [INFO] IPUIPlugin:80 - create IPUIPlugin
2023-09-02 18:58:16,357 [INFO] IPUIPlugin:80 - create IPUIPlugin
2023-09-02 18:58:16,357 [INFO] IPUIPlugin:80 - create IPUIPlugin
2023-09-02 18:58:16,358 [INFO] IPUIPlugin:80 - create IPUIPlugin
2023-09-02 18:58:16,359 [INFO] IPUIPlugin:80 - create IPUIPlugin
2023-09-02 18:58:16,360 [INFO] IPUIPlugin:80 - create IPUIPlugin
2023-09-02 18:58:16,391 [INFO] Can:71 - Can Add PropertyChangeListener com.st.microxplorer.plugins.ip.can.Can@32615d86
2023-09-02 18:58:16,811 [INFO] CADModel:165 - CPN selected for project levelSTM32F103C8T6
2023-09-02 18:58:16,811 [INFO] CADModel:114 - Register for checkConnection events
2023-09-02 18:58:16,892 [INFO] OpenFileManager:328 - Restore cursor
2023-09-02 18:58:33,438 [INFO] NvicIntPanel:101 - NVIC parent = com.st.microxplorer.plugins.ip.nvic.MultiNvicIntPanel[,0,0,0x0,invalid,layout=javax.swing.BoxLayout,alignmentX=0.0,alignmentY=0.0,border=,flags=9,maximumSize=,minimumSize=,preferredSize=]
2023-09-02 23:30:06,570 [INFO] Activator:176 - 


2023-09-02 23:30:06,573 [INFO] Activator:177 - !SESSION log4j initialized
2023-09-02 23:30:14,410 [INFO] LogOutputStream:77 - [STDOUT_REDIRECT] 
2023-09-02 23:30:16,411 [INFO] ApplicationProperties:184 - Using Application install path: C:\ST\STM32CubeIDE_1.11.2\STM32CubeIDE\plugins\com.st.stm32cube.common.mx_6.9.1.202307191849
2023-09-02 23:30:16,434 [INFO] DbMcusXml:78 - Set database path to: C:\ST\STM32CubeIDE_1.11.2\STM32CubeIDE\plugins\com.st.stm32cube.common.mx_6.9.1.202307191849\\db\/mcu/
2023-09-02 23:30:16,434 [INFO] ApiDb:274 - Set plugin database path to: C:\ST\STM32CubeIDE_1.11.2\STM32CubeIDE\plugins\com.st.stm32cube.common.mx_6.9.1.202307191849\\db\/plugins/boardmanager/
2023-09-02 23:30:16,435 [WARN] ApiDb:259 - Overriding images path with different value:  => C:\ST\STM32CubeIDE_1.11.2\STM32CubeIDE\plugins\com.st.stm32cube.common.mx_6.9.1.202307191849\\db\/plugins/mcufinder/images/
2023-09-02 23:30:16,454 [INFO] ApiDb:250 - Set database path to: C:\Users\admin\.stmcufinder\plugins\mcufinder//mcu/
2023-09-02 23:30:16,455 [INFO] DbMcusAds:125 - Set database path to: C:\Users\admin\.stmcufinder\plugins\mcufinder//mcu/
2023-09-02 23:30:16,457 [INFO] CrossReferenceDbSqlite:203 - Set database path to: C:\Users\admin\.stmcufinder\plugins\mcufinder//mcu/cs/
2023-09-02 23:30:16,597 [INFO] RulesReader:64 - Compatibility file has been processed (293 Rules)
2023-09-02 23:30:16,707 [INFO] DbMcusXml:78 - Set database path to: C:\ST\STM32CubeIDE_1.11.2\STM32CubeIDE\plugins\com.st.stm32cube.common.mx_6.9.1.202307191849\\db\/mcu/
2023-09-02 23:30:16,708 [INFO] ApiDb:274 - Set plugin database path to: C:\ST\STM32CubeIDE_1.11.2\STM32CubeIDE\plugins\com.st.stm32cube.common.mx_6.9.1.202307191849\\db\/plugins/boardmanager/
2023-09-02 23:30:16,708 [INFO] ApiDb:261 - Set plugin images path to: C:\ST\STM32CubeIDE_1.11.2\STM32CubeIDE\plugins\com.st.stm32cube.common.mx_6.9.1.202307191849\\db\/plugins/mcufinder/images/
2023-09-02 23:30:16,708 [WARN] DbFile:41 - Overriding database path with different value: C:\Users\admin\.stmcufinder\plugins\mcufinder/ => C:\Users\admin\.stmcufinder\plugins\mcufinder
2023-09-02 23:30:16,708 [INFO] ApiDb:250 - Set database path to: C:\Users\admin\.stmcufinder\plugins\mcufinder//mcu/
2023-09-02 23:30:16,708 [WARN] DbFile:41 - Overriding database path with different value: C:\Users\admin\.stmcufinder\plugins\mcufinder/ => C:\Users\admin\.stmcufinder\plugins\mcufinder
2023-09-02 23:30:16,708 [INFO] DbMcusAds:125 - Set database path to: C:\Users\admin\.stmcufinder\plugins\mcufinder//mcu/
2023-09-02 23:30:16,709 [WARN] DbFile:41 - Overriding database path with different value: C:\Users\admin\.stmcufinder\plugins\mcufinder/ => C:\Users\admin\.stmcufinder\plugins\mcufinder
2023-09-02 23:30:16,709 [WARN] DbFile:41 - Overriding database path with different value: C:\Users\admin\.stmcufinder\plugins\mcufinder/ => C:\Users\admin\.stmcufinder\plugins\mcufinder
2023-09-02 23:30:16,709 [INFO] CrossReferenceDbSqlite:203 - Set database path to: C:\Users\admin\.stmcufinder\plugins\mcufinder//mcu/cs/
2023-09-02 23:30:16,827 [INFO] MainPanel:262 - HeapMemory: 268435456
2023-09-02 23:30:16,961 [INFO] DbMcusXml:78 - Set database path to: C:\ST\STM32CubeIDE_1.11.2\STM32CubeIDE\plugins\com.st.stm32cube.common.mx_6.9.1.202307191849\\db\/mcu/
2023-09-02 23:30:16,961 [INFO] ApiDb:274 - Set plugin database path to: C:\ST\STM32CubeIDE_1.11.2\STM32CubeIDE\plugins\com.st.stm32cube.common.mx_6.9.1.202307191849\\db\/plugins/boardmanager/
2023-09-02 23:30:16,961 [INFO] ApiDb:261 - Set plugin images path to: C:\ST\STM32CubeIDE_1.11.2\STM32CubeIDE\plugins\com.st.stm32cube.common.mx_6.9.1.202307191849\\db\/plugins/mcufinder/images/
2023-09-02 23:30:16,962 [WARN] DbFile:41 - Overriding database path with different value: C:\Users\admin\.stmcufinder\plugins\mcufinder/ => C:\Users\admin\.stmcufinder\plugins\mcufinder
2023-09-02 23:30:16,962 [INFO] ApiDb:250 - Set database path to: C:\Users\admin\.stmcufinder\plugins\mcufinder//mcu/
2023-09-02 23:30:16,962 [WARN] DbFile:41 - Overriding database path with different value: C:\Users\admin\.stmcufinder\plugins\mcufinder/ => C:\Users\admin\.stmcufinder\plugins\mcufinder
2023-09-02 23:30:16,962 [INFO] DbMcusAds:125 - Set database path to: C:\Users\admin\.stmcufinder\plugins\mcufinder//mcu/
2023-09-02 23:30:16,962 [WARN] DbFile:41 - Overriding database path with different value: C:\Users\admin\.stmcufinder\plugins\mcufinder/ => C:\Users\admin\.stmcufinder\plugins\mcufinder
2023-09-02 23:30:16,963 [WARN] DbFile:41 - Overriding database path with different value: C:\Users\admin\.stmcufinder\plugins\mcufinder/ => C:\Users\admin\.stmcufinder\plugins\mcufinder
2023-09-02 23:30:16,963 [INFO] CrossReferenceDbSqlite:203 - Set database path to: C:\Users\admin\.stmcufinder\plugins\mcufinder//mcu/cs/
2023-09-02 23:30:16,986 [INFO] ApplicationProperties:184 - Using Application install path: C:\ST\STM32CubeIDE_1.11.2\STM32CubeIDE\plugins\com.st.stm32cube.common.mx_6.9.1.202307191849
2023-09-02 23:30:16,988 [INFO] PluginManage:196 - Search for loadable plugins [exclusion list=, ]
2023-09-02 23:30:16,991 [INFO] PluginManage:310 - Check plugin analytics
2023-09-02 23:30:17,235 [INFO] AnalyticsPlugin:253 - Accepted Software Licenses: 
2023-09-02 23:30:17,236 [INFO] AnalyticsPlugin:255 - Accepted CMSIS Pack Licenses: 
2023-09-02 23:30:17,236 [INFO] AnalyticsPlugin:257 - Accepted Firmware Licenses: 
2023-09-02 23:30:17,240 [INFO] PluginManage:359 - Loaded plugin analytics (category:tool,tabindex:-1)
2023-09-02 23:30:17,241 [INFO] PluginManage:310 - Check plugin cadmodel
2023-09-02 23:30:17,328 [INFO] CADModel:105 - Init CAD model plugin
2023-09-02 23:30:17,328 [INFO] PluginManage:359 - Loaded plugin cadmodel (category:power,tabindex:5)
2023-09-02 23:30:17,329 [INFO] PluginManage:310 - Check plugin clock
2023-09-02 23:30:17,361 [INFO] PluginManage:359 - Loaded plugin clock (category:base,tabindex:2)
2023-09-02 23:30:17,361 [INFO] PluginManage:310 - Check plugin ddr
2023-09-02 23:30:17,364 [INFO] PluginManage:359 - Loaded plugin ddr (category:tool,tabindex:6)
2023-09-02 23:30:17,364 [INFO] PluginManage:310 - Check plugin filemanager
2023-09-02 23:30:17,530 [INFO] PluginManage:359 - Loaded plugin filemanager (category:base,tabindex:10)
2023-09-02 23:30:17,530 [INFO] PluginManage:310 - Check plugin ipmanager
2023-09-02 23:30:17,538 [INFO] PluginManage:359 - Loaded plugin ipmanager (category:base,tabindex:5)
2023-09-02 23:30:17,538 [INFO] PluginManage:310 - Check plugin lpbam
2023-09-02 23:30:17,557 [INFO] PluginManage:359 - Loaded plugin lpbam (category:base,tabindex:0)
2023-09-02 23:30:17,557 [INFO] PluginManage:310 - Check plugin memorymap
2023-09-02 23:30:17,610 [INFO] PluginManage:359 - Loaded plugin memorymap (category:base,tabindex:4)
2023-09-02 23:30:17,610 [INFO] PluginManage:310 - Check plugin pinoutandconfiguration
2023-09-02 23:30:17,638 [INFO] PluginManage:359 - Loaded plugin pinoutandconfiguration (category:base,tabindex:1)
2023-09-02 23:30:17,638 [INFO] PluginManage:310 - Check plugin pinoutconfig
2023-09-02 23:30:17,761 [WARN] SupportedApi:132 - Cannot load RTOS API schema: s4s-elt-must-match.1: The content of 'definitions' must match (annotation?, (simpleType | complexType)?, (unique | key | keyref)*)). A problem was found starting at: attribute.
2023-09-02 23:30:17,966 [INFO] PluginManage:359 - Loaded plugin pinoutconfig (category:base,tabindex:0)
2023-09-02 23:30:17,966 [INFO] PluginManage:310 - Check plugin power
2023-09-02 23:30:17,991 [INFO] PluginManage:359 - Loaded plugin power (category:power,tabindex:4)
2023-09-02 23:30:17,991 [INFO] PluginManage:310 - Check plugin projectmanager
2023-09-02 23:30:18,008 [INFO] PluginManage:359 - Loaded plugin projectmanager (category:projectmanager,tabindex:3)
2023-09-02 23:30:18,008 [INFO] PluginManage:310 - Check plugin thirdparty
2023-09-02 23:30:18,352 [WARN] IntegrityCheckThread:84 - waiting for thirdparty lock release [integrity check]
2023-09-02 23:30:18,352 [INFO] IntegrityCheckThread:86 - entering critical section [integrity check]
2023-09-02 23:30:18,353 [INFO] PluginManage:359 - Loaded plugin thirdparty (category:base,tabindex:-1)
2023-09-02 23:30:18,353 [INFO] PluginManage:310 - Check plugin tools
2023-09-02 23:30:18,353 [INFO] ThirdPartyUpdaterWithRetryManager:70 - Updater plugin not ready yet. [1/15]
2023-09-02 23:30:18,397 [INFO] PluginManage:359 - Loaded plugin tools (category:base,tabindex:7)
2023-09-02 23:30:18,398 [INFO] PluginManage:310 - Check plugin tutovideos
2023-09-02 23:30:18,675 [INFO] PluginManage:359 - Loaded plugin tutovideos (category:base,tabindex:-1)
2023-09-02 23:30:18,676 [INFO] PluginManage:310 - Check plugin updater
2023-09-02 23:30:18,695 [INFO] PluginManage:359 - Loaded plugin updater (category:base,tabindex:12)
2023-09-02 23:30:18,695 [INFO] PluginManage:310 - Check plugin userauth
2023-09-02 23:30:18,704 [INFO] UserAuth:113 - Init User Auth plugin
2023-09-02 23:30:18,704 [INFO] PluginManage:359 - Loaded plugin userauth (category:base,tabindex:14)
2023-09-02 23:30:18,705 [INFO] PluginManage:283 - PluginManage : Loaded plugins [17]
2023-09-02 23:30:18,988 [INFO] PinOutPanel:1499 - setPackage(No Configuration,No Configuration)
2023-09-02 23:30:19,124 [INFO] CADModel:165 - CPN selected for project level
2023-09-02 23:30:19,124 [INFO] CADModel:114 - Register for checkConnection events
2023-09-02 23:30:19,154 [INFO] IPUIPlugin:80 - create IPUIPlugin
2023-09-02 23:30:19,154 [INFO] PluginManager:220 - loadIPPluginJar : add adc
2023-09-02 23:30:19,189 [INFO] IPUIPlugin:80 - create IPUIPlugin
2023-09-02 23:30:19,189 [INFO] PluginManager:220 - loadIPPluginJar : add aes
2023-09-02 23:30:19,228 [INFO] IPUIPlugin:80 - create IPUIPlugin
2023-09-02 23:30:19,229 [INFO] PluginManager:220 - loadIPPluginJar : add can
2023-09-02 23:30:19,251 [INFO] IPUIPlugin:80 - create IPUIPlugin
2023-09-02 23:30:19,251 [INFO] PluginManager:220 - loadIPPluginJar : add comp
2023-09-02 23:30:19,289 [INFO] IPUIPlugin:80 - create IPUIPlugin
2023-09-02 23:30:19,290 [INFO] PluginManager:220 - loadIPPluginJar : add cryp
2023-09-02 23:30:19,323 [INFO] IPUIPlugin:80 - create IPUIPlugin
2023-09-02 23:30:19,323 [INFO] PluginManager:220 - loadIPPluginJar : add dfsdm
2023-09-02 23:30:19,341 [INFO] IPUIPlugin:80 - create IPUIPlugin
2023-09-02 23:30:19,342 [INFO] PluginManager:220 - loadIPPluginJar : add dma
2023-09-02 23:30:19,391 [INFO] IPUIPlugin:80 - create IPUIPlugin
2023-09-02 23:30:19,392 [INFO] PluginManager:220 - loadIPPluginJar : add dma3
2023-09-02 23:30:19,416 [INFO] IPUIPlugin:80 - create IPUIPlugin
2023-09-02 23:30:19,417 [INFO] PluginManager:220 - loadIPPluginJar : add fatfs
2023-09-02 23:30:19,470 [INFO] IPUIPlugin:80 - create IPUIPlugin
2023-09-02 23:30:19,471 [INFO] PluginManager:220 - loadIPPluginJar : add fmc
2023-09-02 23:30:19,488 [INFO] IPUIPlugin:80 - create IPUIPlugin
2023-09-02 23:30:19,489 [INFO] PluginManager:220 - loadIPPluginJar : add freertos
2023-09-02 23:30:19,511 [INFO] IPUIPlugin:80 - create IPUIPlugin
2023-09-02 23:30:19,511 [INFO] PluginManager:220 - loadIPPluginJar : add genericplugin
2023-09-02 23:30:19,601 [INFO] IPUIPlugin:80 - create IPUIPlugin
2023-09-02 23:30:19,601 [INFO] PluginManager:220 - loadIPPluginJar : add gfxmmu
2023-09-02 23:30:19,726 [INFO] IPUIPlugin:80 - create IPUIPlugin
2023-09-02 23:30:19,727 [INFO] PluginManager:220 - loadIPPluginJar : add gic
2023-09-02 23:30:19,743 [INFO] IPUIPlugin:80 - create IPUIPlugin
2023-09-02 23:30:19,743 [INFO] PluginManager:220 - loadIPPluginJar : add gpio
2023-09-02 23:30:19,835 [INFO] IPUIPlugin:80 - create IPUIPlugin
2023-09-02 23:30:19,835 [INFO] PluginManager:220 - loadIPPluginJar : add gtzc
2023-09-02 23:30:19,865 [INFO] IPUIPlugin:80 - create IPUIPlugin
2023-09-02 23:30:19,866 [INFO] PluginManager:220 - loadIPPluginJar : add hash
2023-09-02 23:30:19,916 [INFO] IPUIPlugin:80 - create IPUIPlugin
2023-09-02 23:30:19,916 [INFO] PluginManager:220 - loadIPPluginJar : add i2c
2023-09-02 23:30:19,954 [INFO] IPUIPlugin:80 - create IPUIPlugin
2023-09-02 23:30:19,954 [INFO] PluginManager:220 - loadIPPluginJar : add i2s
2023-09-02 23:30:19,993 [INFO] IPUIPlugin:80 - create IPUIPlugin
2023-09-02 23:30:19,994 [INFO] PluginManager:220 - loadIPPluginJar : add i3c
2023-09-02 23:30:20,093 [INFO] IPUIPlugin:80 - create IPUIPlugin
2023-09-02 23:30:20,093 [INFO] PluginManager:220 - loadIPPluginJar : add ipddr
2023-09-02 23:30:20,184 [INFO] IPUIPlugin:80 - create IPUIPlugin
2023-09-02 23:30:20,184 [INFO] PluginManager:220 - loadIPPluginJar : add linkedlist
2023-09-02 23:30:20,217 [INFO] IPUIPlugin:80 - create IPUIPlugin
2023-09-02 23:30:20,217 [INFO] PluginManager:220 - loadIPPluginJar : add lorawan
2023-09-02 23:30:20,252 [INFO] IPUIPlugin:80 - create IPUIPlugin
2023-09-02 23:30:20,252 [INFO] PluginManager:220 - loadIPPluginJar : add ltdc
2023-09-02 23:30:20,267 [INFO] IPUIPlugin:80 - create IPUIPlugin
2023-09-02 23:30:20,267 [INFO] PluginManager:220 - loadIPPluginJar : add mdma
2023-09-02 23:30:20,281 [INFO] IPUIPlugin:80 - create IPUIPlugin
2023-09-02 23:30:20,281 [INFO] PluginManager:220 - loadIPPluginJar : add nvic
2023-09-02 23:30:20,315 [INFO] IPUIPlugin:80 - create IPUIPlugin
2023-09-02 23:30:20,315 [INFO] PluginManager:220 - loadIPPluginJar : add opamp
2023-09-02 23:30:20,375 [INFO] IPUIPlugin:80 - create IPUIPlugin
2023-09-02 23:30:20,375 [INFO] PluginManager:220 - loadIPPluginJar : add openamp
2023-09-02 23:30:20,415 [INFO] IPUIPlugin:80 - create IPUIPlugin
2023-09-02 23:30:20,415 [INFO] PluginManager:220 - loadIPPluginJar : add pdm2pcm
2023-09-02 23:30:20,430 [INFO] IPUIPlugin:80 - create IPUIPlugin
2023-09-02 23:30:20,432 [INFO] PluginManager:220 - loadIPPluginJar : add plateformsettings
2023-09-02 23:30:20,455 [INFO] IPUIPlugin:80 - create IPUIPlugin
2023-09-02 23:30:20,456 [INFO] PluginManager:220 - loadIPPluginJar : add quadspi
2023-09-02 23:30:20,470 [INFO] IPUIPlugin:80 - create IPUIPlugin
2023-09-02 23:30:20,470 [INFO] PluginManager:220 - loadIPPluginJar : add resmgrutility
2023-09-02 23:30:20,529 [INFO] IPUIPlugin:80 - create IPUIPlugin
2023-09-02 23:30:20,529 [INFO] PluginManager:220 - loadIPPluginJar : add sai
2023-09-02 23:30:20,565 [INFO] IPUIPlugin:80 - create IPUIPlugin
2023-09-02 23:30:20,565 [INFO] PluginManager:220 - loadIPPluginJar : add spi
2023-09-02 23:30:20,618 [INFO] IPUIPlugin:80 - create IPUIPlugin
2023-09-02 23:30:20,619 [INFO] PluginManager:220 - loadIPPluginJar : add stm32_wpan
2023-09-02 23:30:20,640 [INFO] IPUIPlugin:80 - create IPUIPlugin
2023-09-02 23:30:20,640 [INFO] PluginManager:220 - loadIPPluginJar : add tim
2023-09-02 23:30:20,702 [INFO] IPUIPlugin:80 - create IPUIPlugin
2023-09-02 23:30:20,702 [INFO] PluginManager:220 - loadIPPluginJar : add touchsensing
2023-09-02 23:30:20,724 [INFO] IPUIPlugin:80 - create IPUIPlugin
2023-09-02 23:30:20,724 [INFO] PluginManager:220 - loadIPPluginJar : add tracer_emb
2023-09-02 23:30:20,751 [INFO] IPUIPlugin:80 - create IPUIPlugin
2023-09-02 23:30:20,751 [INFO] PluginManager:220 - loadIPPluginJar : add ts
2023-09-02 23:30:20,775 [INFO] IPUIPlugin:80 - create IPUIPlugin
2023-09-02 23:30:20,775 [INFO] PluginManager:220 - loadIPPluginJar : add tsc
2023-09-02 23:30:20,796 [INFO] IPUIPlugin:80 - create IPUIPlugin
2023-09-02 23:30:20,796 [INFO] PluginManager:220 - loadIPPluginJar : add ucpd
2023-09-02 23:30:20,839 [INFO] IPUIPlugin:80 - create IPUIPlugin
2023-09-02 23:30:20,839 [INFO] PluginManager:220 - loadIPPluginJar : add usart
2023-09-02 23:30:20,891 [INFO] IPUIPlugin:80 - create IPUIPlugin
2023-09-02 23:30:20,891 [INFO] PluginManager:220 - loadIPPluginJar : add usbx
2023-09-02 23:30:21,020 [INFO] CADModel:165 - CPN selected for project level
2023-09-02 23:30:21,020 [INFO] CADModel:114 - Register for checkConnection events
2023-09-02 23:30:21,020 [FATAL] Updater:308 - Updater called before beeing initialized
2023-09-02 23:30:21,020 [ERROR] CADModel:125 - Updater not yet initialized, retry later 
2023-09-02 23:30:21,187 [INFO] CADModel:165 - CPN selected for project level
2023-09-02 23:30:21,187 [INFO] CADModel:114 - Register for checkConnection events
2023-09-02 23:30:21,187 [FATAL] Updater:308 - Updater called before beeing initialized
2023-09-02 23:30:21,187 [ERROR] CADModel:125 - Updater not yet initialized, retry later 
2023-09-02 23:30:21,192 [FATAL] Updater:308 - Updater called before beeing initialized
2023-09-02 23:30:21,334 [FATAL] Updater:308 - Updater called before beeing initialized
2023-09-02 23:30:21,346 [INFO] DbMcusAds:53 - JSON generation date=Tue Mar 07 15:50:55 ICT 2023 (1678179055114)
2023-09-02 23:30:21,346 [FATAL] Updater:308 - Updater called before beeing initialized
2023-09-02 23:30:21,356 [INFO] ThirdPartyUpdaterWithRetryManager:70 - Updater plugin not ready yet. [2/15]
2023-09-02 23:30:21,395 [WARN] DetailPanel:346 - Failed to get advertising image, set to default
2023-09-02 23:30:21,489 [FATAL] Updater:308 - Updater called before beeing initialized
2023-09-02 23:30:21,492 [FATAL] Updater:308 - Updater called before beeing initialized
2023-09-02 23:30:21,492 [FATAL] Updater:308 - Updater called before beeing initialized
2023-09-02 23:30:21,492 [WARN] DetailPanel:346 - Failed to get advertising image, set to default
2023-09-02 23:30:21,493 [FATAL] Updater:308 - Updater called before beeing initialized
2023-09-02 23:30:21,585 [ERROR] Updater:1120 - MainUpdater not yet initialized. External WinMGr cannot be set.
2023-09-02 23:30:21,602 [INFO] Updater:1056 - Updater Version found : 6.9.1
2023-09-02 23:30:21,628 [INFO] ApplicationProperties:184 - Using Application install path: C:\ST\STM32CubeIDE_1.11.2\STM32CubeIDE\plugins\com.st.stm32cube.common.mx_6.9.1.202307191849
2023-09-02 23:30:22,040 [INFO] MainUpdater:2868 - connection check result : 10
2023-09-02 23:30:22,041 [INFO] MainUpdater:3562 - Updater definition file requires update
2023-09-02 23:30:22,042 [INFO] MainUpdater:285 - Updater Check For Update Now.
2023-09-02 23:30:22,042 [INFO] MicroXplorer:498 - Change Database Version : DB.6.0.91
2023-09-02 23:30:22,064 [INFO] McuFinderGlobals:63 - Set McuFinder mode to 2 (CubeIDE integrated)
2023-09-02 23:30:22,085 [INFO] ServerAccessManage:473 - Download File updaters.zip
2023-09-02 23:30:22,259 [INFO] FileExtend:240 - Unzip File : updaters.zip
2023-09-02 23:30:22,260 [INFO] FileExtend:255 - Standard Zip Deflate
2023-09-02 23:30:22,908 [INFO] ServerAccessManage:473 - Download File PacksControlFlags.xml
2023-09-02 23:30:23,046 [INFO] ServerAccessManage:473 - Download File cubemx.pidx
2023-09-02 23:30:23,250 [INFO] LoadServerUpdatesThread:373 - End of LoadServerUpdate Thread
2023-09-02 23:30:23,546 [INFO] CheckServerUpdateThread:120 - End of CheckServer Thread
2023-09-02 23:30:24,563 [WARN] PackLoader:240 - Cannot read IP mode file for STMicroelectronics.X-CUBE-SMBUS.2.1.0
2023-09-02 23:30:24,634 [WARN] PackLoader:240 - Cannot read IP mode file for STMicroelectronics.X-CUBE-AZRTOS-F7.1.1.0
2023-09-02 23:30:24,662 [ERROR] RealEvaluatedCondition:428 - Found unsupported composite condition: CLASS='Data Exchange' GROUP='STM32_MetaDataManager'
2023-09-02 23:30:24,662 [ERROR] RealEvaluatedCondition:428 - Found unsupported composite condition: CLASS='Data Exchange' GROUP='STM32_MetaDataManager'
2023-09-02 23:30:24,665 [WARN] PackLoader:240 - Cannot read IP mode file for STMicroelectronics.FP-SNS-MOTENV1.4.3.0
2023-09-02 23:30:24,691 [WARN] PackLoader:240 - Cannot read IP mode file for STMicroelectronics.FP-SNS-MOTENV1.4.3.2
2023-09-02 23:30:24,713 [WARN] PackLoader:240 - Cannot read IP mode file for STMicroelectronics.FP-SNS-FLIGHT1.5.0.0
2023-09-02 23:30:24,733 [ERROR] RealEvaluatedCondition:428 - Found unsupported composite condition: CLASS='Data Exchange' GROUP='STM32_MetaDataManager'
2023-09-02 23:30:24,733 [ERROR] RealEvaluatedCondition:428 - Found unsupported composite condition: GROUP='STM32_MetaDataManager' CLASS='Data Exchange'
2023-09-02 23:30:24,736 [WARN] PackLoader:240 - Cannot read IP mode file for STMicroelectronics.FP-SNS-MOTENV1.4.3.1
2023-09-02 23:30:24,758 [WARN] PackLoader:240 - Cannot read IP mode file for STMicroelectronics.FP-SNS-FLIGHT1.5.0.1
2023-09-02 23:30:24,784 [WARN] PackLoader:240 - Cannot read IP mode file for STMicroelectronics.X-CUBE-BLE1.6.2.4
2023-09-02 23:30:24,803 [WARN] PackLoader:240 - Cannot read IP mode file for STMicroelectronics.FP-SNS-FLIGHT1.5.0.2
2023-09-02 23:30:24,836 [WARN] PackLoader:240 - Cannot read IP mode file for STMicroelectronics.X-CUBE-DISPLAY.3.0.0
2023-09-02 23:30:24,869 [WARN] PackLoader:240 - Cannot read IP mode file for STMicroelectronics.X-CUBE-BLE1.7.0.0
2023-09-02 23:30:24,893 [WARN] PackLoader:240 - Cannot read IP mode file for STMicroelectronics.X-CUBE-TOUCHGFX.4.22.0
2023-09-02 23:30:24,923 [INFO] LogOutputStream:77 - [STDOUT_REDIRECT] 1 : Invalid condition id : UX_CORESTACK_Condition cause : null
2023-09-02 23:30:24,923 [INFO] LogOutputStream:77 - [STDOUT_REDIRECT] 1 : Invalid condition id : UX_CORESTACK_Condition cause : null
2023-09-02 23:30:24,925 [INFO] LogOutputStream:77 - [STDOUT_REDIRECT] 1 : Invalid condition id : UX_CORESTACK_Condition cause : null
2023-09-02 23:30:24,926 [INFO] LogOutputStream:77 - [STDOUT_REDIRECT] 1 : Invalid condition id : UX_CORESTACK_Condition cause : null
2023-09-02 23:30:24,928 [INFO] LogOutputStream:77 - [STDOUT_REDIRECT] 1 : Invalid condition id : UX_CORESTACK_Condition cause : null
2023-09-02 23:30:24,935 [WARN] PackLoader:240 - Cannot read IP mode file for STMicroelectronics.X-CUBE-AZRTOS-WL.2.0.0
2023-09-02 23:30:24,960 [WARN] PackLoader:240 - Cannot read IP mode file for WES.I-CUBE-Cesium.1.3.0
2023-09-02 23:30:24,973 [WARN] PackLoader:240 - Cannot read IP mode file for STMicroelectronics.X-CUBE-BLE2.3.3.0
2023-09-02 23:30:24,994 [WARN] PackLoader:240 - Cannot read IP mode file for STMicroelectronics.X-CUBE-TOF1.3.2.0
2023-09-02 23:30:25,029 [WARN] PackLoader:240 - Cannot read IP mode file for STMicroelectronics.X-CUBE-TOUCHGFX.4.21.1
2023-09-02 23:30:25,050 [WARN] PackLoader:240 - Cannot read IP mode file for STMicroelectronics.X-CUBE-TOUCHGFX.4.21.3
2023-09-02 23:30:25,072 [WARN] PackLoader:240 - Cannot read IP mode file for STMicroelectronics.X-CUBE-TOUCHGFX.4.21.4
2023-09-02 23:30:25,100 [WARN] PackLoader:240 - Cannot read IP mode file for STMicroelectronics.X-CUBE-ALGOBUILD.1.3.0
2023-09-02 23:30:25,164 [WARN] PackLoader:240 - Cannot read IP mode file for STMicroelectronics.X-CUBE-AZRTOS-G0.1.1.0
2023-09-02 23:30:25,194 [WARN] PackLoader:240 - Cannot read IP mode file for STMicroelectronics.X-CUBE-NFC4.3.0.0
2023-09-02 23:30:25,226 [WARN] PackLoader:240 - Cannot read IP mode file for STMicroelectronics.X-CUBE-BLEMGR.1.3.0
2023-09-02 23:30:25,252 [WARN] PackLoader:240 - Cannot read IP mode file for STMicroelectronics.FP-ATR-SIGFOX1.3.2.0
2023-09-02 23:30:25,365 [WARN] PackLoader:240 - Cannot read IP mode file for STMicroelectronics.X-CUBE-MEMS1.9.5.0
2023-09-02 23:30:25,646 [WARN] PackLoader:240 - Cannot read IP mode file for SEGGER.I-CUBE-embOS.1.3.1
2023-09-02 23:30:25,716 [WARN] PackLoader:240 - Cannot read IP mode file for STMicroelectronics.X-CUBE-GNSS1.6.0.0
2023-09-02 23:30:25,763 [WARN] PackLoader:240 - Cannot read IP mode file for STMicroelectronics.X-CUBE-AZRTOS-F4.1.1.0
2023-09-02 23:30:25,807 [WARN] PackLoader:240 - Cannot read IP mode file for STMicroelectronics.X-CUBE-AZRTOS-L5.2.0.0
2023-09-02 23:30:25,909 [WARN] PackLoader:240 - Cannot read IP mode file for STMicroelectronics.X-CUBE-MEMS1.9.6.0
2023-09-02 23:30:26,160 [WARN] PackLoader:240 - Cannot read IP mode file for emotas.I-CUBE-CANOPEN.1.1.3
2023-09-02 23:30:26,183 [WARN] PackLoader:240 - Cannot read IP mode file for STMicroelectronics.X-CUBE-BLEMGR.2.0.0
2023-09-02 23:30:26,231 [WARN] ConditionMgr:438 - getConditionDescription Invalid condition id : UX DEVICE CLASS RTOS Condition cause : null
2023-09-02 23:30:26,231 [WARN] ConditionMgr:438 - getConditionDescription Invalid condition id : UX DEVICE CLASS RTOS Condition cause : null
2023-09-02 23:30:26,238 [WARN] PackLoader:240 - Cannot read IP mode file for STMicroelectronics.X-CUBE-AZRTOS-H7.3.1.0
2023-09-02 23:30:26,240 [WARN] ConditionMgr:1039 - genDependencies : Invalid condition id : UX DEVICE CLASS RTOS Condition cause : null
2023-09-02 23:30:26,240 [WARN] ConditionMgr:1039 - genDependencies : Invalid condition id : UX DEVICE CLASS RTOS Condition cause : null
2023-09-02 23:30:26,241 [WARN] ConditionMgr:1039 - genDependencies : Invalid condition id : UX DEVICE CLASS RTOS Condition cause : null
2023-09-02 23:30:26,242 [WARN] ConditionMgr:1039 - genDependencies : Invalid condition id : UX DEVICE CLASS RTOS Condition cause : null
2023-09-02 23:30:26,242 [WARN] ConditionMgr:1039 - genDependencies : Invalid condition id : UX DEVICE CLASS RTOS Condition cause : null
2023-09-02 23:30:26,263 [WARN] PackLoader:240 - Cannot read IP mode file for wolfSSL.I-CUBE-wolfSSL.5.5.4
2023-09-02 23:30:26,285 [WARN] PackLoader:240 - Cannot read IP mode file for STMicroelectronics.X-CUBE-NFC7.1.0.1
2023-09-02 23:30:26,308 [WARN] PackLoader:240 - Cannot read IP mode file for STMicroelectronics.X-CUBE-NFC7.1.0.0
2023-09-02 23:30:26,329 [WARN] PackLoader:240 - Cannot read IP mode file for STMicroelectronics.X-CUBE-EEPRMA1.4.1.0
2023-09-02 23:30:26,349 [WARN] PackLoader:240 - Cannot read IP mode file for STMicroelectronics.X-CUBE-AI.8.1.0
2023-09-02 23:30:26,408 [WARN] ConditionMgr:438 - getConditionDescription Invalid condition id : LAN8742 Phy interface Condition cause : null
2023-09-02 23:30:26,409 [WARN] PackLoader:240 - Cannot read IP mode file for STMicroelectronics.X-CUBE-AZRTOS-L4.2.0.0
2023-09-02 23:30:26,411 [WARN] ConditionMgr:1039 - genDependencies : Invalid condition id : LAN8742 Phy interface Condition cause : null
2023-09-02 23:30:26,412 [WARN] ConditionMgr:1039 - genDependencies : Invalid condition id : LAN8742 Phy interface Condition cause : null
2023-09-02 23:30:26,413 [WARN] ConditionMgr:1039 - genDependencies : Invalid condition id : LAN8742 Phy interface Condition cause : null
2023-09-02 23:30:26,444 [WARN] PackLoader:240 - Cannot read IP mode file for STMicroelectronics.X-CUBE-SFXS2LP1.4.0.0
2023-09-02 23:30:26,486 [WARN] PackLoader:240 - Cannot read IP mode file for STMicroelectronics.X-CUBE-AZRTOS-H7.3.0.0
2023-09-02 23:30:26,504 [WARN] PackLoader:240 - Cannot read IP mode file for STMicroelectronics.X-CUBE-ISPU.1.1.0
2023-09-02 23:30:26,523 [WARN] PackLoader:240 - Cannot read IP mode file for RoweBots.I-CUBE-UNISONRTOS.5.5.0-4
2023-09-02 23:30:26,535 [WARN] PackLoader:240 - Cannot read IP mode file for STMicroelectronics.X-CUBE-AI.8.0.0
2023-09-02 23:30:26,562 [WARN] ConditionMgr:438 - getConditionDescription Invalid condition id : UX DEVICE CLASS RTOS Condition cause : null
2023-09-02 23:30:26,562 [WARN] ConditionMgr:438 - getConditionDescription Invalid condition id : UX DEVICE CLASS RTOS Condition cause : null
2023-09-02 23:30:26,564 [WARN] PackLoader:240 - Cannot read IP mode file for STMicroelectronics.X-CUBE-AZRTOS-WB.2.0.0
2023-09-02 23:30:26,564 [WARN] ConditionMgr:1039 - genDependencies : Invalid condition id : UX DEVICE CLASS RTOS Condition cause : null
2023-09-02 23:30:26,564 [WARN] ConditionMgr:1039 - genDependencies : Invalid condition id : UX DEVICE CLASS RTOS Condition cause : null
2023-09-02 23:30:26,565 [WARN] ConditionMgr:1039 - genDependencies : Invalid condition id : UX DEVICE CLASS RTOS Condition cause : null
2023-09-02 23:30:26,565 [WARN] ConditionMgr:1039 - genDependencies : Invalid condition id : UX DEVICE CLASS RTOS Condition cause : null
2023-09-02 23:30:26,565 [WARN] ConditionMgr:1039 - genDependencies : Invalid condition id : UX DEVICE CLASS RTOS Condition cause : null
2023-09-02 23:30:26,580 [WARN] PackLoader:240 - Cannot read IP mode file for STMicroelectronics.X-CUBE-FREERTOS.1.0.0
2023-09-02 23:30:26,593 [WARN] PackLoader:240 - Cannot read IP mode file for STMicroelectronics.X-CUBE-FREERTOS.1.0.1
2023-09-02 23:30:26,624 [WARN] PackLoader:240 - Cannot read IP mode file for STMicroelectronics.X-CUBE-AZRTOS-L5.1.1.0
2023-09-02 23:30:26,639 [WARN] PackLoader:240 - Cannot read IP mode file for STMicroelectronics.X-CUBE-AI.8.0.1
2023-09-02 23:30:26,659 [WARN] PackLoader:240 - Cannot read IP mode file for STMicroelectronics.X-CUBE-SUBG2.5.0.0
2023-09-02 23:30:26,683 [WARN] PackLoader:240 - Cannot read IP mode file for STMicroelectronics.X-CUBE-TOF1.3.3.1
2023-09-02 23:30:26,715 [WARN] PackLoader:240 - Cannot read IP mode file for STMicroelectronics.X-CUBE-AZRTOS-G4.2.0.0
2023-09-02 23:30:26,736 [WARN] PackLoader:240 - Cannot read IP mode file for STMicroelectronics.X-CUBE-TOF1.3.3.0
2023-09-02 23:30:26,753 [WARN] PackLoader:240 - Cannot read IP mode file for STMicroelectronics.FP-ATR-ASTRA1.1.1.1
2023-09-02 23:30:26,779 [WARN] PackLoader:240 - Cannot read IP mode file for STMicroelectronics.X-CUBE-AZRTOS-G4.1.0.0
2023-09-02 23:30:26,808 [WARN] PackLoader:240 - Cannot read IP mode file for STMicroelectronics.X-CUBE-AZRTOS-L4.1.0.0
2023-09-02 23:30:26,829 [WARN] PackLoader:240 - Cannot read IP mode file for STMicroelectronics.X-CUBE-FREERTOS.1.1.0
2023-09-02 23:30:26,855 [WARN] PackLoader:240 - Cannot read IP mode file for STMicroelectronics.X-CUBE-AZRTOS-WL.1.0.0
2023-09-02 23:30:26,877 [WARN] PackLoader:240 - Cannot read IP mode file for portGmbH.I-Cube-SoM-uGOAL.1.1.0
2023-09-02 23:30:26,894 [WARN] PackLoader:240 - Cannot read IP mode file for STMicroelectronics.X-CUBE-ALS.1.0.1
2023-09-02 23:30:26,923 [WARN] PackLoader:240 - Cannot read IP mode file for STMicroelectronics.X-CUBE-AZRTOS-WB.1.1.0
2023-09-02 23:30:26,941 [WARN] PackLoader:240 - Cannot read IP mode file for STMicroelectronics.FP-ATR-ASTRA1.2.0.0
2023-09-02 23:30:26,942 [INFO] ThirdParty:978 - Integrity check success = true
2023-09-02 23:30:26,942 [INFO] IntegrityCheckThread:100 - exiting critical section [integrity check]
2023-09-02 23:30:26,942 [INFO] IntegrityCheckThread:103 - End integrity checks thread
2023-09-02 23:30:42,919 [ERROR] LogOutputStream:75 - [STDERR_REDIRECT] SLF4J: Failed to load class "org.slf4j.impl.StaticLoggerBinder".
2023-09-02 23:30:42,919 [ERROR] LogOutputStream:75 - [STDERR_REDIRECT] SLF4J: Defaulting to no-operation (NOP) logger implementation
2023-09-02 23:30:42,920 [ERROR] LogOutputStream:75 - [STDERR_REDIRECT] SLF4J: See http://www.slf4j.org/codes.html#StaticLoggerBinder for further details.
