2023-08-31 11:01:09,601 [INFO] Activator:176 - 


2023-08-31 11:01:09,610 [INFO] Activator:177 - !SESSION log4j initialized
2023-08-31 11:01:19,350 [INFO] LogOutputStream:77 - [STDOUT_REDIRECT] 
2023-08-31 11:01:22,797 [INFO] ApplicationProperties:184 - Using Application install path: C:\ST\STM32CubeIDE_1.11.2\STM32CubeIDE\plugins\com.st.stm32cube.common.mx_6.9.1.202307191849
2023-08-31 11:01:22,821 [INFO] DbMcusXml:78 - Set database path to: C:\ST\STM32CubeIDE_1.11.2\STM32CubeIDE\plugins\com.st.stm32cube.common.mx_6.9.1.202307191849\\db\/mcu/
2023-08-31 11:01:22,821 [INFO] ApiDb:274 - Set plugin database path to: C:\ST\STM32CubeIDE_1.11.2\STM32CubeIDE\plugins\com.st.stm32cube.common.mx_6.9.1.202307191849\\db\/plugins/boardmanager/
2023-08-31 11:01:22,822 [WARN] ApiDb:259 - Overriding images path with different value:  => C:\ST\STM32CubeIDE_1.11.2\STM32CubeIDE\plugins\com.st.stm32cube.common.mx_6.9.1.202307191849\\db\/plugins/mcufinder/images/
2023-08-31 11:01:22,856 [INFO] ApiDb:250 - Set database path to: C:\Users\admin\.stmcufinder\plugins\mcufinder//mcu/
2023-08-31 11:01:22,858 [INFO] DbMcusAds:125 - Set database path to: C:\Users\admin\.stmcufinder\plugins\mcufinder//mcu/
2023-08-31 11:01:22,860 [INFO] CrossReferenceDbSqlite:203 - Set database path to: C:\Users\admin\.stmcufinder\plugins\mcufinder//mcu/cs/
2023-08-31 11:01:23,084 [INFO] RulesReader:64 - Compatibility file has been processed (293 Rules)
2023-08-31 11:01:23,301 [INFO] DbMcusXml:78 - Set database path to: C:\ST\STM32CubeIDE_1.11.2\STM32CubeIDE\plugins\com.st.stm32cube.common.mx_6.9.1.202307191849\\db\/mcu/
2023-08-31 11:01:23,301 [INFO] ApiDb:274 - Set plugin database path to: C:\ST\STM32CubeIDE_1.11.2\STM32CubeIDE\plugins\com.st.stm32cube.common.mx_6.9.1.202307191849\\db\/plugins/boardmanager/
2023-08-31 11:01:23,302 [INFO] ApiDb:261 - Set plugin images path to: C:\ST\STM32CubeIDE_1.11.2\STM32CubeIDE\plugins\com.st.stm32cube.common.mx_6.9.1.202307191849\\db\/plugins/mcufinder/images/
2023-08-31 11:01:23,303 [WARN] DbFile:41 - Overriding database path with different value: C:\Users\admin\.stmcufinder\plugins\mcufinder/ => C:\Users\admin\.stmcufinder\plugins\mcufinder
2023-08-31 11:01:23,304 [INFO] ApiDb:250 - Set database path to: C:\Users\admin\.stmcufinder\plugins\mcufinder//mcu/
2023-08-31 11:01:23,304 [WARN] DbFile:41 - Overriding database path with different value: C:\Users\admin\.stmcufinder\plugins\mcufinder/ => C:\Users\admin\.stmcufinder\plugins\mcufinder
2023-08-31 11:01:23,304 [INFO] DbMcusAds:125 - Set database path to: C:\Users\admin\.stmcufinder\plugins\mcufinder//mcu/
2023-08-31 11:01:23,304 [WARN] DbFile:41 - Overriding database path with different value: C:\Users\admin\.stmcufinder\plugins\mcufinder/ => C:\Users\admin\.stmcufinder\plugins\mcufinder
2023-08-31 11:01:23,304 [WARN] DbFile:41 - Overriding database path with different value: C:\Users\admin\.stmcufinder\plugins\mcufinder/ => C:\Users\admin\.stmcufinder\plugins\mcufinder
2023-08-31 11:01:23,305 [INFO] CrossReferenceDbSqlite:203 - Set database path to: C:\Users\admin\.stmcufinder\plugins\mcufinder//mcu/cs/
2023-08-31 11:01:23,439 [INFO] MainPanel:262 - HeapMemory: 268435456
2023-08-31 11:01:23,578 [INFO] DbMcusXml:78 - Set database path to: C:\ST\STM32CubeIDE_1.11.2\STM32CubeIDE\plugins\com.st.stm32cube.common.mx_6.9.1.202307191849\\db\/mcu/
2023-08-31 11:01:23,578 [INFO] ApiDb:274 - Set plugin database path to: C:\ST\STM32CubeIDE_1.11.2\STM32CubeIDE\plugins\com.st.stm32cube.common.mx_6.9.1.202307191849\\db\/plugins/boardmanager/
2023-08-31 11:01:23,578 [INFO] ApiDb:261 - Set plugin images path to: C:\ST\STM32CubeIDE_1.11.2\STM32CubeIDE\plugins\com.st.stm32cube.common.mx_6.9.1.202307191849\\db\/plugins/mcufinder/images/
2023-08-31 11:01:23,578 [WARN] DbFile:41 - Overriding database path with different value: C:\Users\admin\.stmcufinder\plugins\mcufinder/ => C:\Users\admin\.stmcufinder\plugins\mcufinder
2023-08-31 11:01:23,578 [INFO] ApiDb:250 - Set database path to: C:\Users\admin\.stmcufinder\plugins\mcufinder//mcu/
2023-08-31 11:01:23,579 [WARN] DbFile:41 - Overriding database path with different value: C:\Users\admin\.stmcufinder\plugins\mcufinder/ => C:\Users\admin\.stmcufinder\plugins\mcufinder
2023-08-31 11:01:23,579 [INFO] DbMcusAds:125 - Set database path to: C:\Users\admin\.stmcufinder\plugins\mcufinder//mcu/
2023-08-31 11:01:23,579 [WARN] DbFile:41 - Overriding database path with different value: C:\Users\admin\.stmcufinder\plugins\mcufinder/ => C:\Users\admin\.stmcufinder\plugins\mcufinder
2023-08-31 11:01:23,579 [WARN] DbFile:41 - Overriding database path with different value: C:\Users\admin\.stmcufinder\plugins\mcufinder/ => C:\Users\admin\.stmcufinder\plugins\mcufinder
2023-08-31 11:01:23,579 [INFO] CrossReferenceDbSqlite:203 - Set database path to: C:\Users\admin\.stmcufinder\plugins\mcufinder//mcu/cs/
2023-08-31 11:01:23,606 [INFO] ApplicationProperties:184 - Using Application install path: C:\ST\STM32CubeIDE_1.11.2\STM32CubeIDE\plugins\com.st.stm32cube.common.mx_6.9.1.202307191849
2023-08-31 11:01:23,608 [INFO] PluginManage:196 - Search for loadable plugins [exclusion list=, ]
2023-08-31 11:01:23,610 [INFO] PluginManage:310 - Check plugin analytics
2023-08-31 11:01:23,879 [INFO] AnalyticsPlugin:253 - Accepted Software Licenses: 
2023-08-31 11:01:23,880 [INFO] AnalyticsPlugin:255 - Accepted CMSIS Pack Licenses: 
2023-08-31 11:01:23,880 [INFO] AnalyticsPlugin:257 - Accepted Firmware Licenses: 
2023-08-31 11:01:23,887 [INFO] PluginManage:359 - Loaded plugin analytics (category:tool,tabindex:-1)
2023-08-31 11:01:23,887 [INFO] PluginManage:310 - Check plugin cadmodel
2023-08-31 11:01:23,958 [INFO] CADModel:105 - Init CAD model plugin
2023-08-31 11:01:23,958 [INFO] PluginManage:359 - Loaded plugin cadmodel (category:power,tabindex:5)
2023-08-31 11:01:23,958 [INFO] PluginManage:310 - Check plugin clock
2023-08-31 11:01:23,989 [INFO] PluginManage:359 - Loaded plugin clock (category:base,tabindex:2)
2023-08-31 11:01:23,990 [INFO] PluginManage:310 - Check plugin ddr
2023-08-31 11:01:23,995 [INFO] PluginManage:359 - Loaded plugin ddr (category:tool,tabindex:6)
2023-08-31 11:01:23,995 [INFO] PluginManage:310 - Check plugin filemanager
2023-08-31 11:01:24,165 [INFO] PluginManage:359 - Loaded plugin filemanager (category:base,tabindex:10)
2023-08-31 11:01:24,165 [INFO] PluginManage:310 - Check plugin ipmanager
2023-08-31 11:01:24,174 [INFO] PluginManage:359 - Loaded plugin ipmanager (category:base,tabindex:5)
2023-08-31 11:01:24,174 [INFO] PluginManage:310 - Check plugin lpbam
2023-08-31 11:01:24,194 [INFO] PluginManage:359 - Loaded plugin lpbam (category:base,tabindex:0)
2023-08-31 11:01:24,194 [INFO] PluginManage:310 - Check plugin memorymap
2023-08-31 11:01:24,225 [INFO] PluginManage:359 - Loaded plugin memorymap (category:base,tabindex:4)
2023-08-31 11:01:24,226 [INFO] PluginManage:310 - Check plugin pinoutandconfiguration
2023-08-31 11:01:24,244 [INFO] PluginManage:359 - Loaded plugin pinoutandconfiguration (category:base,tabindex:1)
2023-08-31 11:01:24,244 [INFO] PluginManage:310 - Check plugin pinoutconfig
2023-08-31 11:01:24,371 [WARN] SupportedApi:132 - Cannot load RTOS API schema: s4s-elt-must-match.1: The content of 'definitions' must match (annotation?, (simpleType | complexType)?, (unique | key | keyref)*)). A problem was found starting at: attribute.
2023-08-31 11:01:24,558 [INFO] PluginManage:359 - Loaded plugin pinoutconfig (category:base,tabindex:0)
2023-08-31 11:01:24,558 [INFO] PluginManage:310 - Check plugin power
2023-08-31 11:01:24,593 [INFO] PluginManage:359 - Loaded plugin power (category:power,tabindex:4)
2023-08-31 11:01:24,593 [INFO] PluginManage:310 - Check plugin projectmanager
2023-08-31 11:01:24,616 [INFO] PluginManage:359 - Loaded plugin projectmanager (category:projectmanager,tabindex:3)
2023-08-31 11:01:24,616 [INFO] PluginManage:310 - Check plugin thirdparty
2023-08-31 11:01:25,001 [INFO] PluginManage:359 - Loaded plugin thirdparty (category:base,tabindex:-1)
2023-08-31 11:01:25,001 [WARN] IntegrityCheckThread:84 - waiting for thirdparty lock release [integrity check]
2023-08-31 11:01:25,001 [INFO] PluginManage:310 - Check plugin tools
2023-08-31 11:01:25,002 [INFO] IntegrityCheckThread:86 - entering critical section [integrity check]
2023-08-31 11:01:25,002 [INFO] ThirdPartyUpdaterWithRetryManager:70 - Updater plugin not ready yet. [1/15]
2023-08-31 11:01:25,036 [INFO] PluginManage:359 - Loaded plugin tools (category:base,tabindex:7)
2023-08-31 11:01:25,036 [INFO] PluginManage:310 - Check plugin tutovideos
2023-08-31 11:01:25,277 [INFO] PluginManage:359 - Loaded plugin tutovideos (category:base,tabindex:-1)
2023-08-31 11:01:25,277 [INFO] PluginManage:310 - Check plugin updater
2023-08-31 11:01:25,293 [INFO] PluginManage:359 - Loaded plugin updater (category:base,tabindex:12)
2023-08-31 11:01:25,293 [INFO] PluginManage:310 - Check plugin userauth
2023-08-31 11:01:25,299 [INFO] UserAuth:113 - Init User Auth plugin
2023-08-31 11:01:25,300 [INFO] PluginManage:359 - Loaded plugin userauth (category:base,tabindex:14)
2023-08-31 11:01:25,300 [INFO] PluginManage:283 - PluginManage : Loaded plugins [17]
2023-08-31 11:01:25,583 [INFO] PinOutPanel:1499 - setPackage(No Configuration,No Configuration)
2023-08-31 11:01:25,745 [INFO] CADModel:165 - CPN selected for project level
2023-08-31 11:01:25,745 [INFO] CADModel:114 - Register for checkConnection events
2023-08-31 11:01:25,781 [INFO] IPUIPlugin:80 - create IPUIPlugin
2023-08-31 11:01:25,781 [INFO] PluginManager:220 - loadIPPluginJar : add adc
2023-08-31 11:01:25,828 [INFO] IPUIPlugin:80 - create IPUIPlugin
2023-08-31 11:01:25,828 [INFO] PluginManager:220 - loadIPPluginJar : add aes
2023-08-31 11:01:25,881 [INFO] IPUIPlugin:80 - create IPUIPlugin
2023-08-31 11:01:25,881 [INFO] PluginManager:220 - loadIPPluginJar : add can
2023-08-31 11:01:25,909 [INFO] IPUIPlugin:80 - create IPUIPlugin
2023-08-31 11:01:25,909 [INFO] PluginManager:220 - loadIPPluginJar : add comp
2023-08-31 11:01:25,959 [INFO] IPUIPlugin:80 - create IPUIPlugin
2023-08-31 11:01:25,959 [INFO] PluginManager:220 - loadIPPluginJar : add cryp
2023-08-31 11:01:26,011 [INFO] IPUIPlugin:80 - create IPUIPlugin
2023-08-31 11:01:26,012 [INFO] PluginManager:220 - loadIPPluginJar : add dfsdm
2023-08-31 11:01:26,032 [INFO] IPUIPlugin:80 - create IPUIPlugin
2023-08-31 11:01:26,034 [INFO] PluginManager:220 - loadIPPluginJar : add dma
2023-08-31 11:01:26,086 [INFO] IPUIPlugin:80 - create IPUIPlugin
2023-08-31 11:01:26,086 [INFO] PluginManager:220 - loadIPPluginJar : add dma3
2023-08-31 11:01:26,123 [INFO] IPUIPlugin:80 - create IPUIPlugin
2023-08-31 11:01:26,124 [INFO] PluginManager:220 - loadIPPluginJar : add fatfs
2023-08-31 11:01:26,195 [INFO] IPUIPlugin:80 - create IPUIPlugin
2023-08-31 11:01:26,195 [INFO] PluginManager:220 - loadIPPluginJar : add fmc
2023-08-31 11:01:26,219 [INFO] IPUIPlugin:80 - create IPUIPlugin
2023-08-31 11:01:26,219 [INFO] PluginManager:220 - loadIPPluginJar : add freertos
2023-08-31 11:01:26,252 [INFO] IPUIPlugin:80 - create IPUIPlugin
2023-08-31 11:01:26,252 [INFO] PluginManager:220 - loadIPPluginJar : add genericplugin
2023-08-31 11:01:26,383 [INFO] IPUIPlugin:80 - create IPUIPlugin
2023-08-31 11:01:26,383 [INFO] PluginManager:220 - loadIPPluginJar : add gfxmmu
2023-08-31 11:01:26,552 [INFO] IPUIPlugin:80 - create IPUIPlugin
2023-08-31 11:01:26,552 [INFO] PluginManager:220 - loadIPPluginJar : add gic
2023-08-31 11:01:26,566 [INFO] IPUIPlugin:80 - create IPUIPlugin
2023-08-31 11:01:26,567 [INFO] PluginManager:220 - loadIPPluginJar : add gpio
2023-08-31 11:01:26,681 [INFO] IPUIPlugin:80 - create IPUIPlugin
2023-08-31 11:01:26,681 [INFO] PluginManager:220 - loadIPPluginJar : add gtzc
2023-08-31 11:01:26,730 [INFO] IPUIPlugin:80 - create IPUIPlugin
2023-08-31 11:01:26,730 [INFO] PluginManager:220 - loadIPPluginJar : add hash
2023-08-31 11:01:26,825 [INFO] IPUIPlugin:80 - create IPUIPlugin
2023-08-31 11:01:26,825 [INFO] PluginManager:220 - loadIPPluginJar : add i2c
2023-08-31 11:01:26,886 [INFO] IPUIPlugin:80 - create IPUIPlugin
2023-08-31 11:01:26,887 [INFO] PluginManager:220 - loadIPPluginJar : add i2s
2023-08-31 11:01:26,952 [INFO] IPUIPlugin:80 - create IPUIPlugin
2023-08-31 11:01:26,952 [INFO] PluginManager:220 - loadIPPluginJar : add i3c
2023-08-31 11:01:27,065 [INFO] IPUIPlugin:80 - create IPUIPlugin
2023-08-31 11:01:27,065 [INFO] PluginManager:220 - loadIPPluginJar : add ipddr
2023-08-31 11:01:27,176 [INFO] IPUIPlugin:80 - create IPUIPlugin
2023-08-31 11:01:27,177 [INFO] PluginManager:220 - loadIPPluginJar : add linkedlist
2023-08-31 11:01:27,227 [INFO] IPUIPlugin:80 - create IPUIPlugin
2023-08-31 11:01:27,227 [INFO] PluginManager:220 - loadIPPluginJar : add lorawan
2023-08-31 11:01:27,270 [INFO] IPUIPlugin:80 - create IPUIPlugin
2023-08-31 11:01:27,270 [INFO] PluginManager:220 - loadIPPluginJar : add ltdc
2023-08-31 11:01:27,287 [INFO] IPUIPlugin:80 - create IPUIPlugin
2023-08-31 11:01:27,288 [INFO] PluginManager:220 - loadIPPluginJar : add mdma
2023-08-31 11:01:27,302 [INFO] IPUIPlugin:80 - create IPUIPlugin
2023-08-31 11:01:27,302 [INFO] PluginManager:220 - loadIPPluginJar : add nvic
2023-08-31 11:01:27,341 [INFO] IPUIPlugin:80 - create IPUIPlugin
2023-08-31 11:01:27,341 [INFO] PluginManager:220 - loadIPPluginJar : add opamp
2023-08-31 11:01:27,408 [INFO] IPUIPlugin:80 - create IPUIPlugin
2023-08-31 11:01:27,408 [INFO] PluginManager:220 - loadIPPluginJar : add openamp
2023-08-31 11:01:27,463 [INFO] IPUIPlugin:80 - create IPUIPlugin
2023-08-31 11:01:27,463 [INFO] PluginManager:220 - loadIPPluginJar : add pdm2pcm
2023-08-31 11:01:27,495 [INFO] IPUIPlugin:80 - create IPUIPlugin
2023-08-31 11:01:27,498 [INFO] PluginManager:220 - loadIPPluginJar : add plateformsettings
2023-08-31 11:01:27,531 [INFO] IPUIPlugin:80 - create IPUIPlugin
2023-08-31 11:01:27,532 [INFO] PluginManager:220 - loadIPPluginJar : add quadspi
2023-08-31 11:01:27,548 [INFO] IPUIPlugin:80 - create IPUIPlugin
2023-08-31 11:01:27,548 [INFO] PluginManager:220 - loadIPPluginJar : add resmgrutility
2023-08-31 11:01:27,622 [INFO] IPUIPlugin:80 - create IPUIPlugin
2023-08-31 11:01:27,623 [INFO] PluginManager:220 - loadIPPluginJar : add sai
2023-08-31 11:01:27,703 [INFO] IPUIPlugin:80 - create IPUIPlugin
2023-08-31 11:01:27,703 [INFO] PluginManager:220 - loadIPPluginJar : add spi
2023-08-31 11:01:27,797 [INFO] IPUIPlugin:80 - create IPUIPlugin
2023-08-31 11:01:27,797 [INFO] PluginManager:220 - loadIPPluginJar : add stm32_wpan
2023-08-31 11:01:27,829 [INFO] IPUIPlugin:80 - create IPUIPlugin
2023-08-31 11:01:27,829 [INFO] PluginManager:220 - loadIPPluginJar : add tim
2023-08-31 11:01:27,920 [INFO] IPUIPlugin:80 - create IPUIPlugin
2023-08-31 11:01:27,920 [INFO] PluginManager:220 - loadIPPluginJar : add touchsensing
2023-08-31 11:01:27,965 [INFO] IPUIPlugin:80 - create IPUIPlugin
2023-08-31 11:01:27,965 [INFO] PluginManager:220 - loadIPPluginJar : add tracer_emb
2023-08-31 11:01:28,003 [INFO] ThirdPartyUpdaterWithRetryManager:70 - Updater plugin not ready yet. [2/15]
2023-08-31 11:01:28,004 [INFO] IPUIPlugin:80 - create IPUIPlugin
2023-08-31 11:01:28,004 [INFO] PluginManager:220 - loadIPPluginJar : add ts
2023-08-31 11:01:28,032 [INFO] IPUIPlugin:80 - create IPUIPlugin
2023-08-31 11:01:28,032 [INFO] PluginManager:220 - loadIPPluginJar : add tsc
2023-08-31 11:01:28,068 [INFO] IPUIPlugin:80 - create IPUIPlugin
2023-08-31 11:01:28,069 [INFO] PluginManager:220 - loadIPPluginJar : add ucpd
2023-08-31 11:01:28,154 [INFO] IPUIPlugin:80 - create IPUIPlugin
2023-08-31 11:01:28,154 [INFO] PluginManager:220 - loadIPPluginJar : add usart
2023-08-31 11:01:28,208 [INFO] IPUIPlugin:80 - create IPUIPlugin
2023-08-31 11:01:28,208 [INFO] PluginManager:220 - loadIPPluginJar : add usbx
2023-08-31 11:01:28,353 [INFO] CADModel:165 - CPN selected for project level
2023-08-31 11:01:28,353 [INFO] CADModel:114 - Register for checkConnection events
2023-08-31 11:01:28,353 [FATAL] Updater:308 - Updater called before beeing initialized
2023-08-31 11:01:28,354 [ERROR] CADModel:125 - Updater not yet initialized, retry later 
2023-08-31 11:01:28,558 [INFO] CADModel:165 - CPN selected for project level
2023-08-31 11:01:28,558 [INFO] CADModel:114 - Register for checkConnection events
2023-08-31 11:01:28,558 [FATAL] Updater:308 - Updater called before beeing initialized
2023-08-31 11:01:28,558 [ERROR] CADModel:125 - Updater not yet initialized, retry later 
2023-08-31 11:01:28,563 [FATAL] Updater:308 - Updater called before beeing initialized
2023-08-31 11:01:28,778 [FATAL] Updater:308 - Updater called before beeing initialized
2023-08-31 11:01:28,797 [INFO] DbMcusAds:53 - JSON generation date=Tue Mar 07 15:50:55 ICT 2023 (1678179055114)
2023-08-31 11:01:28,798 [FATAL] Updater:308 - Updater called before beeing initialized
2023-08-31 11:01:28,858 [WARN] DetailPanel:346 - Failed to get advertising image, set to default
2023-08-31 11:01:28,986 [FATAL] Updater:308 - Updater called before beeing initialized
2023-08-31 11:01:28,989 [FATAL] Updater:308 - Updater called before beeing initialized
2023-08-31 11:01:28,989 [FATAL] Updater:308 - Updater called before beeing initialized
2023-08-31 11:01:28,990 [WARN] DetailPanel:346 - Failed to get advertising image, set to default
2023-08-31 11:01:28,991 [FATAL] Updater:308 - Updater called before beeing initialized
2023-08-31 11:01:29,129 [ERROR] Updater:1120 - MainUpdater not yet initialized. External WinMGr cannot be set.
2023-08-31 11:01:29,153 [INFO] Updater:1056 - Updater Version found : 6.9.1
2023-08-31 11:01:29,185 [INFO] ApplicationProperties:184 - Using Application install path: C:\ST\STM32CubeIDE_1.11.2\STM32CubeIDE\plugins\com.st.stm32cube.common.mx_6.9.1.202307191849
2023-08-31 11:01:29,794 [INFO] MainUpdater:2868 - connection check result : 10
2023-08-31 11:01:29,796 [INFO] MainUpdater:285 - Updater Check For Update Now.
2023-08-31 11:01:29,796 [INFO] MicroXplorer:498 - Change Database Version : DB.6.0.91
2023-08-31 11:01:29,824 [INFO] McuFinderGlobals:63 - Set McuFinder mode to 2 (CubeIDE integrated)
2023-08-31 11:01:30,147 [INFO] CheckServerUpdateThread:120 - End of CheckServer Thread
2023-08-31 11:01:31,256 [WARN] PackLoader:240 - Cannot read IP mode file for STMicroelectronics.X-CUBE-SMBUS.2.1.0
2023-08-31 11:01:31,337 [WARN] PackLoader:240 - Cannot read IP mode file for STMicroelectronics.X-CUBE-AZRTOS-F7.1.1.0
2023-08-31 11:01:31,378 [ERROR] RealEvaluatedCondition:428 - Found unsupported composite condition: CLASS='Data Exchange' GROUP='STM32_MetaDataManager'
2023-08-31 11:01:31,378 [ERROR] RealEvaluatedCondition:428 - Found unsupported composite condition: GROUP='STM32_MetaDataManager' CLASS='Data Exchange'
2023-08-31 11:01:31,381 [WARN] PackLoader:240 - Cannot read IP mode file for STMicroelectronics.FP-SNS-MOTENV1.4.3.0
2023-08-31 11:01:31,407 [WARN] PackLoader:240 - Cannot read IP mode file for STMicroelectronics.FP-SNS-MOTENV1.4.3.2
2023-08-31 11:01:31,426 [WARN] PackLoader:240 - Cannot read IP mode file for STMicroelectronics.FP-SNS-FLIGHT1.5.0.0
2023-08-31 11:01:31,442 [ERROR] RealEvaluatedCondition:428 - Found unsupported composite condition: CLASS='Data Exchange' GROUP='STM32_MetaDataManager'
2023-08-31 11:01:31,442 [ERROR] RealEvaluatedCondition:428 - Found unsupported composite condition: GROUP='STM32_MetaDataManager' CLASS='Data Exchange'
2023-08-31 11:01:31,444 [WARN] PackLoader:240 - Cannot read IP mode file for STMicroelectronics.FP-SNS-MOTENV1.4.3.1
2023-08-31 11:01:31,460 [WARN] PackLoader:240 - Cannot read IP mode file for STMicroelectronics.FP-SNS-FLIGHT1.5.0.1
2023-08-31 11:01:31,479 [WARN] PackLoader:240 - Cannot read IP mode file for STMicroelectronics.X-CUBE-BLE1.6.2.4
2023-08-31 11:01:31,493 [WARN] PackLoader:240 - Cannot read IP mode file for STMicroelectronics.FP-SNS-FLIGHT1.5.0.2
2023-08-31 11:01:31,511 [WARN] PackLoader:240 - Cannot read IP mode file for STMicroelectronics.X-CUBE-DISPLAY.3.0.0
2023-08-31 11:01:31,538 [WARN] PackLoader:240 - Cannot read IP mode file for STMicroelectronics.X-CUBE-BLE1.7.0.0
2023-08-31 11:01:31,556 [WARN] PackLoader:240 - Cannot read IP mode file for STMicroelectronics.X-CUBE-TOUCHGFX.4.22.0
2023-08-31 11:01:31,581 [INFO] LogOutputStream:77 - [STDOUT_REDIRECT] 1 : Invalid condition id : UX_CORESTACK_Condition cause : null
2023-08-31 11:01:31,581 [INFO] LogOutputStream:77 - [STDOUT_REDIRECT] 1 : Invalid condition id : UX_CORESTACK_Condition cause : null
2023-08-31 11:01:31,583 [INFO] LogOutputStream:77 - [STDOUT_REDIRECT] 1 : Invalid condition id : UX_CORESTACK_Condition cause : null
2023-08-31 11:01:31,585 [INFO] LogOutputStream:77 - [STDOUT_REDIRECT] 1 : Invalid condition id : UX_CORESTACK_Condition cause : null
2023-08-31 11:01:31,586 [INFO] LogOutputStream:77 - [STDOUT_REDIRECT] 1 : Invalid condition id : UX_CORESTACK_Condition cause : null
2023-08-31 11:01:31,589 [WARN] PackLoader:240 - Cannot read IP mode file for STMicroelectronics.X-CUBE-AZRTOS-WL.2.0.0
2023-08-31 11:01:31,607 [WARN] PackLoader:240 - Cannot read IP mode file for WES.I-CUBE-Cesium.1.3.0
2023-08-31 11:01:31,623 [WARN] PackLoader:240 - Cannot read IP mode file for STMicroelectronics.X-CUBE-BLE2.3.3.0
2023-08-31 11:01:31,644 [WARN] PackLoader:240 - Cannot read IP mode file for STMicroelectronics.X-CUBE-TOF1.3.2.0
2023-08-31 11:01:31,668 [WARN] PackLoader:240 - Cannot read IP mode file for STMicroelectronics.X-CUBE-TOUCHGFX.4.21.1
2023-08-31 11:01:31,683 [WARN] PackLoader:240 - Cannot read IP mode file for STMicroelectronics.X-CUBE-TOUCHGFX.4.21.3
2023-08-31 11:01:31,699 [WARN] PackLoader:240 - Cannot read IP mode file for STMicroelectronics.X-CUBE-TOUCHGFX.4.21.4
2023-08-31 11:01:31,718 [WARN] PackLoader:240 - Cannot read IP mode file for STMicroelectronics.X-CUBE-ALGOBUILD.1.3.0
2023-08-31 11:01:31,758 [WARN] PackLoader:240 - Cannot read IP mode file for STMicroelectronics.X-CUBE-AZRTOS-G0.1.1.0
2023-08-31 11:01:31,794 [WARN] PackLoader:240 - Cannot read IP mode file for STMicroelectronics.X-CUBE-NFC4.3.0.0
2023-08-31 11:01:31,822 [WARN] PackLoader:240 - Cannot read IP mode file for STMicroelectronics.X-CUBE-BLEMGR.1.3.0
2023-08-31 11:01:31,845 [WARN] PackLoader:240 - Cannot read IP mode file for STMicroelectronics.FP-ATR-SIGFOX1.3.2.0
2023-08-31 11:01:32,017 [WARN] PackLoader:240 - Cannot read IP mode file for STMicroelectronics.X-CUBE-MEMS1.9.5.0
2023-08-31 11:01:32,294 [WARN] PackLoader:240 - Cannot read IP mode file for SEGGER.I-CUBE-embOS.1.3.1
2023-08-31 11:01:32,364 [WARN] PackLoader:240 - Cannot read IP mode file for STMicroelectronics.X-CUBE-GNSS1.6.0.0
2023-08-31 11:01:32,402 [WARN] PackLoader:240 - Cannot read IP mode file for STMicroelectronics.X-CUBE-AZRTOS-F4.1.1.0
2023-08-31 11:01:32,444 [WARN] PackLoader:240 - Cannot read IP mode file for STMicroelectronics.X-CUBE-AZRTOS-L5.2.0.0
2023-08-31 11:01:32,519 [WARN] PackLoader:240 - Cannot read IP mode file for STMicroelectronics.X-CUBE-MEMS1.9.6.0
2023-08-31 11:01:32,728 [WARN] PackLoader:240 - Cannot read IP mode file for emotas.I-CUBE-CANOPEN.1.1.3
2023-08-31 11:01:32,757 [WARN] PackLoader:240 - Cannot read IP mode file for STMicroelectronics.X-CUBE-BLEMGR.2.0.0
2023-08-31 11:01:32,836 [WARN] ConditionMgr:438 - getConditionDescription Invalid condition id : UX DEVICE CLASS RTOS Condition cause : null
2023-08-31 11:01:32,837 [WARN] ConditionMgr:438 - getConditionDescription Invalid condition id : UX DEVICE CLASS RTOS Condition cause : null
2023-08-31 11:01:32,845 [WARN] PackLoader:240 - Cannot read IP mode file for STMicroelectronics.X-CUBE-AZRTOS-H7.3.1.0
2023-08-31 11:01:32,847 [WARN] ConditionMgr:1039 - genDependencies : Invalid condition id : UX DEVICE CLASS RTOS Condition cause : null
2023-08-31 11:01:32,848 [WARN] ConditionMgr:1039 - genDependencies : Invalid condition id : UX DEVICE CLASS RTOS Condition cause : null
2023-08-31 11:01:32,850 [WARN] ConditionMgr:1039 - genDependencies : Invalid condition id : UX DEVICE CLASS RTOS Condition cause : null
2023-08-31 11:01:32,851 [WARN] ConditionMgr:1039 - genDependencies : Invalid condition id : UX DEVICE CLASS RTOS Condition cause : null
2023-08-31 11:01:32,851 [WARN] ConditionMgr:1039 - genDependencies : Invalid condition id : UX DEVICE CLASS RTOS Condition cause : null
2023-08-31 11:01:32,877 [WARN] PackLoader:240 - Cannot read IP mode file for wolfSSL.I-CUBE-wolfSSL.5.5.4
2023-08-31 11:01:32,898 [WARN] PackLoader:240 - Cannot read IP mode file for STMicroelectronics.X-CUBE-NFC7.1.0.1
2023-08-31 11:01:32,915 [WARN] PackLoader:240 - Cannot read IP mode file for STMicroelectronics.X-CUBE-NFC7.1.0.0
2023-08-31 11:01:32,937 [WARN] PackLoader:240 - Cannot read IP mode file for STMicroelectronics.X-CUBE-EEPRMA1.4.1.0
2023-08-31 11:01:32,955 [WARN] PackLoader:240 - Cannot read IP mode file for STMicroelectronics.X-CUBE-AI.8.1.0
2023-08-31 11:01:33,001 [WARN] ConditionMgr:438 - getConditionDescription Invalid condition id : LAN8742 Phy interface Condition cause : null
2023-08-31 11:01:33,002 [WARN] PackLoader:240 - Cannot read IP mode file for STMicroelectronics.X-CUBE-AZRTOS-L4.2.0.0
2023-08-31 11:01:33,003 [WARN] ConditionMgr:1039 - genDependencies : Invalid condition id : LAN8742 Phy interface Condition cause : null
2023-08-31 11:01:33,003 [WARN] ConditionMgr:1039 - genDependencies : Invalid condition id : LAN8742 Phy interface Condition cause : null
2023-08-31 11:01:33,004 [WARN] ConditionMgr:1039 - genDependencies : Invalid condition id : LAN8742 Phy interface Condition cause : null
2023-08-31 11:01:33,026 [WARN] PackLoader:240 - Cannot read IP mode file for STMicroelectronics.X-CUBE-SFXS2LP1.4.0.0
2023-08-31 11:01:33,062 [WARN] PackLoader:240 - Cannot read IP mode file for STMicroelectronics.X-CUBE-AZRTOS-H7.3.0.0
2023-08-31 11:01:33,085 [WARN] PackLoader:240 - Cannot read IP mode file for STMicroelectronics.X-CUBE-ISPU.1.1.0
2023-08-31 11:01:33,108 [WARN] PackLoader:240 - Cannot read IP mode file for RoweBots.I-CUBE-UNISONRTOS.5.5.0-4
2023-08-31 11:01:33,125 [WARN] PackLoader:240 - Cannot read IP mode file for STMicroelectronics.X-CUBE-AI.8.0.0
2023-08-31 11:01:33,170 [WARN] ConditionMgr:438 - getConditionDescription Invalid condition id : UX DEVICE CLASS RTOS Condition cause : null
2023-08-31 11:01:33,171 [WARN] ConditionMgr:438 - getConditionDescription Invalid condition id : UX DEVICE CLASS RTOS Condition cause : null
2023-08-31 11:01:33,176 [WARN] PackLoader:240 - Cannot read IP mode file for STMicroelectronics.X-CUBE-AZRTOS-WB.2.0.0
2023-08-31 11:01:33,177 [WARN] ConditionMgr:1039 - genDependencies : Invalid condition id : UX DEVICE CLASS RTOS Condition cause : null
2023-08-31 11:01:33,177 [WARN] ConditionMgr:1039 - genDependencies : Invalid condition id : UX DEVICE CLASS RTOS Condition cause : null
2023-08-31 11:01:33,178 [WARN] ConditionMgr:1039 - genDependencies : Invalid condition id : UX DEVICE CLASS RTOS Condition cause : null
2023-08-31 11:01:33,179 [WARN] ConditionMgr:1039 - genDependencies : Invalid condition id : UX DEVICE CLASS RTOS Condition cause : null
2023-08-31 11:01:33,180 [WARN] ConditionMgr:1039 - genDependencies : Invalid condition id : UX DEVICE CLASS RTOS Condition cause : null
2023-08-31 11:01:33,211 [WARN] PackLoader:240 - Cannot read IP mode file for STMicroelectronics.X-CUBE-FREERTOS.1.0.0
2023-08-31 11:01:33,234 [WARN] PackLoader:240 - Cannot read IP mode file for STMicroelectronics.X-CUBE-FREERTOS.1.0.1
2023-08-31 11:01:33,287 [WARN] PackLoader:240 - Cannot read IP mode file for STMicroelectronics.X-CUBE-AZRTOS-L5.1.1.0
2023-08-31 11:01:33,310 [WARN] PackLoader:240 - Cannot read IP mode file for STMicroelectronics.X-CUBE-AI.8.0.1
2023-08-31 11:01:33,337 [WARN] PackLoader:240 - Cannot read IP mode file for STMicroelectronics.X-CUBE-SUBG2.5.0.0
2023-08-31 11:01:33,374 [WARN] PackLoader:240 - Cannot read IP mode file for STMicroelectronics.X-CUBE-TOF1.3.3.1
2023-08-31 11:01:33,423 [WARN] PackLoader:240 - Cannot read IP mode file for STMicroelectronics.X-CUBE-AZRTOS-G4.2.0.0
2023-08-31 11:01:33,458 [WARN] PackLoader:240 - Cannot read IP mode file for STMicroelectronics.X-CUBE-TOF1.3.3.0
2023-08-31 11:01:33,491 [WARN] PackLoader:240 - Cannot read IP mode file for STMicroelectronics.FP-ATR-ASTRA1.1.1.1
2023-08-31 11:01:33,532 [WARN] PackLoader:240 - Cannot read IP mode file for STMicroelectronics.X-CUBE-AZRTOS-G4.1.0.0
2023-08-31 11:01:33,586 [WARN] PackLoader:240 - Cannot read IP mode file for STMicroelectronics.X-CUBE-AZRTOS-L4.1.0.0
2023-08-31 11:01:33,608 [WARN] PackLoader:240 - Cannot read IP mode file for STMicroelectronics.X-CUBE-FREERTOS.1.1.0
2023-08-31 11:01:33,642 [WARN] PackLoader:240 - Cannot read IP mode file for STMicroelectronics.X-CUBE-AZRTOS-WL.1.0.0
2023-08-31 11:01:33,663 [WARN] PackLoader:240 - Cannot read IP mode file for portGmbH.I-Cube-SoM-uGOAL.1.1.0
2023-08-31 11:01:33,681 [WARN] PackLoader:240 - Cannot read IP mode file for STMicroelectronics.X-CUBE-ALS.1.0.1
2023-08-31 11:01:33,725 [WARN] PackLoader:240 - Cannot read IP mode file for STMicroelectronics.X-CUBE-AZRTOS-WB.1.1.0
2023-08-31 11:01:33,743 [WARN] PackLoader:240 - Cannot read IP mode file for STMicroelectronics.FP-ATR-ASTRA1.2.0.0
2023-08-31 11:01:33,745 [INFO] ThirdParty:978 - Integrity check success = true
2023-08-31 11:01:33,745 [INFO] IntegrityCheckThread:100 - exiting critical section [integrity check]
2023-08-31 11:01:33,745 [INFO] IntegrityCheckThread:103 - End integrity checks thread
2023-08-31 11:01:51,445 [ERROR] LogOutputStream:75 - [STDERR_REDIRECT] SLF4J: Failed to load class "org.slf4j.impl.StaticLoggerBinder".
2023-08-31 11:01:51,447 [ERROR] LogOutputStream:75 - [STDERR_REDIRECT] SLF4J: Defaulting to no-operation (NOP) logger implementation
2023-08-31 11:01:51,452 [ERROR] LogOutputStream:75 - [STDERR_REDIRECT] SLF4J: See http://www.slf4j.org/codes.html#StaticLoggerBinder for further details.
