2023-08-07 17:59:53,335 [INFO] Activator:176 - 


2023-08-07 17:59:53,344 [INFO] Activator:177 - !SESSION log4j initialized
2023-08-07 18:00:09,306 [INFO] LogOutputStream:77 - [STDOUT_REDIRECT] 
2023-08-07 18:00:12,394 [INFO] ApplicationProperties:184 - Using Application install path: C:\ST\STM32CubeIDE_1.11.2\STM32CubeIDE\plugins\com.st.stm32cube.common.mx_6.9.1.202307191849
2023-08-07 18:00:12,443 [INFO] DbMcusXml:78 - Set database path to: C:\ST\STM32CubeIDE_1.11.2\STM32CubeIDE\plugins\com.st.stm32cube.common.mx_6.9.1.202307191849\\db\/mcu/
2023-08-07 18:00:12,444 [INFO] ApiDb:274 - Set plugin database path to: C:\ST\STM32CubeIDE_1.11.2\STM32CubeIDE\plugins\com.st.stm32cube.common.mx_6.9.1.202307191849\\db\/plugins/boardmanager/
2023-08-07 18:00:12,456 [WARN] ApiDb:259 - Overriding images path with different value:  => C:\ST\STM32CubeIDE_1.11.2\STM32CubeIDE\plugins\com.st.stm32cube.common.mx_6.9.1.202307191849\\db\/plugins/mcufinder/images/
2023-08-07 18:00:12,482 [INFO] ApiDb:250 - Set database path to: C:\Users\admin\.stmcufinder\plugins\mcufinder//mcu/
2023-08-07 18:00:12,485 [INFO] DbMcusAds:125 - Set database path to: C:\Users\admin\.stmcufinder\plugins\mcufinder//mcu/
2023-08-07 18:00:12,491 [INFO] CrossReferenceDbSqlite:203 - Set database path to: C:\Users\admin\.stmcufinder\plugins\mcufinder//mcu/cs/
2023-08-07 18:00:12,822 [INFO] RulesReader:64 - Compatibility file has been processed (293 Rules)
2023-08-07 18:00:13,031 [INFO] DbMcusXml:78 - Set database path to: C:\ST\STM32CubeIDE_1.11.2\STM32CubeIDE\plugins\com.st.stm32cube.common.mx_6.9.1.202307191849\\db\/mcu/
2023-08-07 18:00:13,032 [INFO] ApiDb:274 - Set plugin database path to: C:\ST\STM32CubeIDE_1.11.2\STM32CubeIDE\plugins\com.st.stm32cube.common.mx_6.9.1.202307191849\\db\/plugins/boardmanager/
2023-08-07 18:00:13,032 [INFO] ApiDb:261 - Set plugin images path to: C:\ST\STM32CubeIDE_1.11.2\STM32CubeIDE\plugins\com.st.stm32cube.common.mx_6.9.1.202307191849\\db\/plugins/mcufinder/images/
2023-08-07 18:00:13,033 [WARN] DbFile:41 - Overriding database path with different value: C:\Users\admin\.stmcufinder\plugins\mcufinder/ => C:\Users\admin\.stmcufinder\plugins\mcufinder
2023-08-07 18:00:13,034 [INFO] ApiDb:250 - Set database path to: C:\Users\admin\.stmcufinder\plugins\mcufinder//mcu/
2023-08-07 18:00:13,034 [WARN] DbFile:41 - Overriding database path with different value: C:\Users\admin\.stmcufinder\plugins\mcufinder/ => C:\Users\admin\.stmcufinder\plugins\mcufinder
2023-08-07 18:00:13,035 [INFO] DbMcusAds:125 - Set database path to: C:\Users\admin\.stmcufinder\plugins\mcufinder//mcu/
2023-08-07 18:00:13,035 [WARN] DbFile:41 - Overriding database path with different value: C:\Users\admin\.stmcufinder\plugins\mcufinder/ => C:\Users\admin\.stmcufinder\plugins\mcufinder
2023-08-07 18:00:13,036 [WARN] DbFile:41 - Overriding database path with different value: C:\Users\admin\.stmcufinder\plugins\mcufinder/ => C:\Users\admin\.stmcufinder\plugins\mcufinder
2023-08-07 18:00:13,036 [INFO] CrossReferenceDbSqlite:203 - Set database path to: C:\Users\admin\.stmcufinder\plugins\mcufinder//mcu/cs/
2023-08-07 18:00:13,234 [INFO] MainPanel:262 - HeapMemory: 268435456
2023-08-07 18:00:13,445 [INFO] DbMcusXml:78 - Set database path to: C:\ST\STM32CubeIDE_1.11.2\STM32CubeIDE\plugins\com.st.stm32cube.common.mx_6.9.1.202307191849\\db\/mcu/
2023-08-07 18:00:13,445 [INFO] ApiDb:274 - Set plugin database path to: C:\ST\STM32CubeIDE_1.11.2\STM32CubeIDE\plugins\com.st.stm32cube.common.mx_6.9.1.202307191849\\db\/plugins/boardmanager/
2023-08-07 18:00:13,446 [INFO] ApiDb:261 - Set plugin images path to: C:\ST\STM32CubeIDE_1.11.2\STM32CubeIDE\plugins\com.st.stm32cube.common.mx_6.9.1.202307191849\\db\/plugins/mcufinder/images/
2023-08-07 18:00:13,447 [WARN] DbFile:41 - Overriding database path with different value: C:\Users\admin\.stmcufinder\plugins\mcufinder/ => C:\Users\admin\.stmcufinder\plugins\mcufinder
2023-08-07 18:00:13,447 [INFO] ApiDb:250 - Set database path to: C:\Users\admin\.stmcufinder\plugins\mcufinder//mcu/
2023-08-07 18:00:13,447 [WARN] DbFile:41 - Overriding database path with different value: C:\Users\admin\.stmcufinder\plugins\mcufinder/ => C:\Users\admin\.stmcufinder\plugins\mcufinder
2023-08-07 18:00:13,447 [INFO] DbMcusAds:125 - Set database path to: C:\Users\admin\.stmcufinder\plugins\mcufinder//mcu/
2023-08-07 18:00:13,448 [WARN] DbFile:41 - Overriding database path with different value: C:\Users\admin\.stmcufinder\plugins\mcufinder/ => C:\Users\admin\.stmcufinder\plugins\mcufinder
2023-08-07 18:00:13,448 [WARN] DbFile:41 - Overriding database path with different value: C:\Users\admin\.stmcufinder\plugins\mcufinder/ => C:\Users\admin\.stmcufinder\plugins\mcufinder
2023-08-07 18:00:13,448 [INFO] CrossReferenceDbSqlite:203 - Set database path to: C:\Users\admin\.stmcufinder\plugins\mcufinder//mcu/cs/
2023-08-07 18:00:13,492 [INFO] ApplicationProperties:184 - Using Application install path: C:\ST\STM32CubeIDE_1.11.2\STM32CubeIDE\plugins\com.st.stm32cube.common.mx_6.9.1.202307191849
2023-08-07 18:00:13,496 [INFO] PluginManage:196 - Search for loadable plugins [exclusion list=, ]
2023-08-07 18:00:13,498 [INFO] PluginManage:310 - Check plugin analytics
2023-08-07 18:00:14,069 [INFO] AnalyticsPlugin:253 - Accepted Software Licenses: 
2023-08-07 18:00:14,070 [INFO] AnalyticsPlugin:255 - Accepted CMSIS Pack Licenses: 
2023-08-07 18:00:14,071 [INFO] AnalyticsPlugin:257 - Accepted Firmware Licenses: 
2023-08-07 18:00:14,081 [INFO] PluginManage:359 - Loaded plugin analytics (category:tool,tabindex:-1)
2023-08-07 18:00:14,084 [INFO] PluginManage:310 - Check plugin cadmodel
2023-08-07 18:00:14,148 [INFO] CADModel:105 - Init CAD model plugin
2023-08-07 18:00:14,148 [INFO] PluginManage:359 - Loaded plugin cadmodel (category:power,tabindex:5)
2023-08-07 18:00:14,149 [INFO] PluginManage:310 - Check plugin clock
2023-08-07 18:00:14,180 [INFO] PluginManage:359 - Loaded plugin clock (category:base,tabindex:2)
2023-08-07 18:00:14,180 [INFO] PluginManage:310 - Check plugin ddr
2023-08-07 18:00:14,186 [INFO] PluginManage:359 - Loaded plugin ddr (category:tool,tabindex:6)
2023-08-07 18:00:14,186 [INFO] PluginManage:310 - Check plugin filemanager
2023-08-07 18:00:14,602 [INFO] PluginManage:359 - Loaded plugin filemanager (category:base,tabindex:10)
2023-08-07 18:00:14,603 [INFO] PluginManage:310 - Check plugin ipmanager
2023-08-07 18:00:14,626 [INFO] PluginManage:359 - Loaded plugin ipmanager (category:base,tabindex:5)
2023-08-07 18:00:14,626 [INFO] PluginManage:310 - Check plugin lpbam
2023-08-07 18:00:14,662 [INFO] PluginManage:359 - Loaded plugin lpbam (category:base,tabindex:0)
2023-08-07 18:00:14,663 [INFO] PluginManage:310 - Check plugin memorymap
2023-08-07 18:00:14,700 [INFO] PluginManage:359 - Loaded plugin memorymap (category:base,tabindex:4)
2023-08-07 18:00:14,701 [INFO] PluginManage:310 - Check plugin pinoutandconfiguration
2023-08-07 18:00:14,725 [INFO] PluginManage:359 - Loaded plugin pinoutandconfiguration (category:base,tabindex:1)
2023-08-07 18:00:14,725 [INFO] PluginManage:310 - Check plugin pinoutconfig
2023-08-07 18:00:15,145 [WARN] SupportedApi:132 - Cannot load RTOS API schema: s4s-elt-must-match.1: The content of 'definitions' must match (annotation?, (simpleType | complexType)?, (unique | key | keyref)*)). A problem was found starting at: attribute.
2023-08-07 18:00:15,945 [INFO] PluginManage:359 - Loaded plugin pinoutconfig (category:base,tabindex:0)
2023-08-07 18:00:16,002 [INFO] PluginManage:310 - Check plugin power
2023-08-07 18:00:16,032 [INFO] PluginManage:359 - Loaded plugin power (category:power,tabindex:4)
2023-08-07 18:00:16,033 [INFO] PluginManage:310 - Check plugin projectmanager
2023-08-07 18:00:16,130 [INFO] PluginManage:359 - Loaded plugin projectmanager (category:projectmanager,tabindex:3)
2023-08-07 18:00:16,130 [INFO] PluginManage:310 - Check plugin thirdparty
2023-08-07 18:00:16,645 [INFO] PluginManage:359 - Loaded plugin thirdparty (category:base,tabindex:-1)
2023-08-07 18:00:16,645 [WARN] IntegrityCheckThread:84 - waiting for thirdparty lock release [integrity check]
2023-08-07 18:00:16,647 [INFO] PluginManage:310 - Check plugin tools
2023-08-07 18:00:16,647 [INFO] IntegrityCheckThread:86 - entering critical section [integrity check]
2023-08-07 18:00:16,649 [INFO] ThirdPartyUpdaterWithRetryManager:70 - Updater plugin not ready yet. [1/15]
2023-08-07 18:00:16,653 [INFO] PluginManage:359 - Loaded plugin tools (category:base,tabindex:7)
2023-08-07 18:00:16,653 [INFO] PluginManage:310 - Check plugin tutovideos
2023-08-07 18:00:17,437 [INFO] PluginManage:359 - Loaded plugin tutovideos (category:base,tabindex:-1)
2023-08-07 18:00:17,438 [INFO] PluginManage:310 - Check plugin updater
2023-08-07 18:00:17,479 [INFO] PluginManage:359 - Loaded plugin updater (category:base,tabindex:12)
2023-08-07 18:00:17,480 [INFO] PluginManage:310 - Check plugin userauth
2023-08-07 18:00:17,505 [INFO] UserAuth:113 - Init User Auth plugin
2023-08-07 18:00:17,507 [INFO] PluginManage:359 - Loaded plugin userauth (category:base,tabindex:14)
2023-08-07 18:00:17,509 [INFO] PluginManage:283 - PluginManage : Loaded plugins [17]
2023-08-07 18:00:18,378 [INFO] PinOutPanel:1499 - setPackage(No Configuration,No Configuration)
2023-08-07 18:00:19,117 [INFO] CADModel:165 - CPN selected for project level
2023-08-07 18:00:19,118 [INFO] CADModel:114 - Register for checkConnection events
2023-08-07 18:00:19,217 [INFO] IPUIPlugin:80 - create IPUIPlugin
2023-08-07 18:00:19,217 [INFO] PluginManager:220 - loadIPPluginJar : add adc
2023-08-07 18:00:19,230 [INFO] IPUIPlugin:80 - create IPUIPlugin
2023-08-07 18:00:19,231 [INFO] PluginManager:220 - loadIPPluginJar : add aes
2023-08-07 18:00:19,243 [INFO] IPUIPlugin:80 - create IPUIPlugin
2023-08-07 18:00:19,244 [INFO] PluginManager:220 - loadIPPluginJar : add can
2023-08-07 18:00:19,252 [INFO] IPUIPlugin:80 - create IPUIPlugin
2023-08-07 18:00:19,253 [INFO] PluginManager:220 - loadIPPluginJar : add comp
2023-08-07 18:00:19,263 [INFO] IPUIPlugin:80 - create IPUIPlugin
2023-08-07 18:00:19,264 [INFO] PluginManager:220 - loadIPPluginJar : add cryp
2023-08-07 18:00:19,272 [INFO] IPUIPlugin:80 - create IPUIPlugin
2023-08-07 18:00:19,272 [INFO] PluginManager:220 - loadIPPluginJar : add dfsdm
2023-08-07 18:00:19,288 [INFO] IPUIPlugin:80 - create IPUIPlugin
2023-08-07 18:00:19,290 [INFO] PluginManager:220 - loadIPPluginJar : add dma
2023-08-07 18:00:19,296 [INFO] IPUIPlugin:80 - create IPUIPlugin
2023-08-07 18:00:19,297 [INFO] PluginManager:220 - loadIPPluginJar : add dma3
2023-08-07 18:00:19,301 [INFO] IPUIPlugin:80 - create IPUIPlugin
2023-08-07 18:00:19,301 [INFO] PluginManager:220 - loadIPPluginJar : add fatfs
2023-08-07 18:00:19,313 [INFO] IPUIPlugin:80 - create IPUIPlugin
2023-08-07 18:00:19,313 [INFO] PluginManager:220 - loadIPPluginJar : add fmc
2023-08-07 18:00:19,327 [INFO] IPUIPlugin:80 - create IPUIPlugin
2023-08-07 18:00:19,328 [INFO] PluginManager:220 - loadIPPluginJar : add freertos
2023-08-07 18:00:19,331 [INFO] IPUIPlugin:80 - create IPUIPlugin
2023-08-07 18:00:19,331 [INFO] PluginManager:220 - loadIPPluginJar : add genericplugin
2023-08-07 18:00:19,339 [INFO] IPUIPlugin:80 - create IPUIPlugin
2023-08-07 18:00:19,340 [INFO] PluginManager:220 - loadIPPluginJar : add gfxmmu
2023-08-07 18:00:19,355 [INFO] IPUIPlugin:80 - create IPUIPlugin
2023-08-07 18:00:19,357 [INFO] PluginManager:220 - loadIPPluginJar : add gic
2023-08-07 18:00:19,367 [INFO] IPUIPlugin:80 - create IPUIPlugin
2023-08-07 18:00:19,368 [INFO] PluginManager:220 - loadIPPluginJar : add gpio
2023-08-07 18:00:19,388 [INFO] IPUIPlugin:80 - create IPUIPlugin
2023-08-07 18:00:19,388 [INFO] PluginManager:220 - loadIPPluginJar : add gtzc
2023-08-07 18:00:19,403 [INFO] IPUIPlugin:80 - create IPUIPlugin
2023-08-07 18:00:19,403 [INFO] PluginManager:220 - loadIPPluginJar : add hash
2023-08-07 18:00:19,432 [INFO] IPUIPlugin:80 - create IPUIPlugin
2023-08-07 18:00:19,433 [INFO] PluginManager:220 - loadIPPluginJar : add i2c
2023-08-07 18:00:19,448 [INFO] IPUIPlugin:80 - create IPUIPlugin
2023-08-07 18:00:19,449 [INFO] PluginManager:220 - loadIPPluginJar : add i2s
2023-08-07 18:00:19,466 [INFO] IPUIPlugin:80 - create IPUIPlugin
2023-08-07 18:00:19,466 [INFO] PluginManager:220 - loadIPPluginJar : add i3c
2023-08-07 18:00:19,485 [INFO] IPUIPlugin:80 - create IPUIPlugin
2023-08-07 18:00:19,485 [INFO] PluginManager:220 - loadIPPluginJar : add ipddr
2023-08-07 18:00:19,511 [INFO] IPUIPlugin:80 - create IPUIPlugin
2023-08-07 18:00:19,512 [INFO] PluginManager:220 - loadIPPluginJar : add linkedlist
2023-08-07 18:00:19,520 [INFO] IPUIPlugin:80 - create IPUIPlugin
2023-08-07 18:00:19,521 [INFO] PluginManager:220 - loadIPPluginJar : add lorawan
2023-08-07 18:00:19,524 [INFO] IPUIPlugin:80 - create IPUIPlugin
2023-08-07 18:00:19,525 [INFO] PluginManager:220 - loadIPPluginJar : add ltdc
2023-08-07 18:00:19,538 [INFO] IPUIPlugin:80 - create IPUIPlugin
2023-08-07 18:00:19,540 [INFO] PluginManager:220 - loadIPPluginJar : add mdma
2023-08-07 18:00:19,555 [INFO] IPUIPlugin:80 - create IPUIPlugin
2023-08-07 18:00:19,555 [INFO] PluginManager:220 - loadIPPluginJar : add nvic
2023-08-07 18:00:19,566 [INFO] IPUIPlugin:80 - create IPUIPlugin
2023-08-07 18:00:19,567 [INFO] PluginManager:220 - loadIPPluginJar : add opamp
2023-08-07 18:00:19,580 [INFO] IPUIPlugin:80 - create IPUIPlugin
2023-08-07 18:00:19,582 [INFO] PluginManager:220 - loadIPPluginJar : add openamp
2023-08-07 18:00:19,589 [INFO] IPUIPlugin:80 - create IPUIPlugin
2023-08-07 18:00:19,592 [INFO] PluginManager:220 - loadIPPluginJar : add pdm2pcm
2023-08-07 18:00:19,617 [INFO] IPUIPlugin:80 - create IPUIPlugin
2023-08-07 18:00:19,626 [INFO] PluginManager:220 - loadIPPluginJar : add plateformsettings
2023-08-07 18:00:19,629 [INFO] IPUIPlugin:80 - create IPUIPlugin
2023-08-07 18:00:19,630 [INFO] PluginManager:220 - loadIPPluginJar : add quadspi
2023-08-07 18:00:19,644 [INFO] IPUIPlugin:80 - create IPUIPlugin
2023-08-07 18:00:19,644 [INFO] PluginManager:220 - loadIPPluginJar : add resmgrutility
2023-08-07 18:00:19,650 [INFO] ThirdPartyUpdaterWithRetryManager:70 - Updater plugin not ready yet. [2/15]
2023-08-07 18:00:19,650 [INFO] IPUIPlugin:80 - create IPUIPlugin
2023-08-07 18:00:19,651 [INFO] PluginManager:220 - loadIPPluginJar : add sai
2023-08-07 18:00:19,655 [INFO] IPUIPlugin:80 - create IPUIPlugin
2023-08-07 18:00:19,655 [INFO] PluginManager:220 - loadIPPluginJar : add spi
2023-08-07 18:00:19,670 [INFO] IPUIPlugin:80 - create IPUIPlugin
2023-08-07 18:00:19,671 [INFO] PluginManager:220 - loadIPPluginJar : add stm32_wpan
2023-08-07 18:00:19,681 [INFO] IPUIPlugin:80 - create IPUIPlugin
2023-08-07 18:00:19,681 [INFO] PluginManager:220 - loadIPPluginJar : add tim
2023-08-07 18:00:19,720 [INFO] IPUIPlugin:80 - create IPUIPlugin
2023-08-07 18:00:19,721 [INFO] PluginManager:220 - loadIPPluginJar : add touchsensing
2023-08-07 18:00:19,737 [INFO] IPUIPlugin:80 - create IPUIPlugin
2023-08-07 18:00:19,738 [INFO] PluginManager:220 - loadIPPluginJar : add tracer_emb
2023-08-07 18:00:19,749 [INFO] IPUIPlugin:80 - create IPUIPlugin
2023-08-07 18:00:19,749 [INFO] PluginManager:220 - loadIPPluginJar : add ts
2023-08-07 18:00:19,755 [INFO] IPUIPlugin:80 - create IPUIPlugin
2023-08-07 18:00:19,755 [INFO] PluginManager:220 - loadIPPluginJar : add tsc
2023-08-07 18:00:19,765 [INFO] IPUIPlugin:80 - create IPUIPlugin
2023-08-07 18:00:19,765 [INFO] PluginManager:220 - loadIPPluginJar : add ucpd
2023-08-07 18:00:19,774 [INFO] IPUIPlugin:80 - create IPUIPlugin
2023-08-07 18:00:19,775 [INFO] PluginManager:220 - loadIPPluginJar : add usart
2023-08-07 18:00:19,782 [INFO] IPUIPlugin:80 - create IPUIPlugin
2023-08-07 18:00:19,782 [INFO] PluginManager:220 - loadIPPluginJar : add usbx
2023-08-07 18:00:20,027 [INFO] CADModel:165 - CPN selected for project level
2023-08-07 18:00:20,028 [INFO] CADModel:114 - Register for checkConnection events
2023-08-07 18:00:20,029 [FATAL] Updater:308 - Updater called before beeing initialized
2023-08-07 18:00:20,030 [ERROR] CADModel:125 - Updater not yet initialized, retry later 
2023-08-07 18:00:20,368 [INFO] CADModel:165 - CPN selected for project level
2023-08-07 18:00:20,368 [INFO] CADModel:114 - Register for checkConnection events
2023-08-07 18:00:20,369 [FATAL] Updater:308 - Updater called before beeing initialized
2023-08-07 18:00:20,369 [ERROR] CADModel:125 - Updater not yet initialized, retry later 
2023-08-07 18:00:20,377 [FATAL] Updater:308 - Updater called before beeing initialized
2023-08-07 18:00:20,843 [FATAL] Updater:308 - Updater called before beeing initialized
2023-08-07 18:00:20,858 [INFO] DbMcusAds:53 - JSON generation date=Tue Mar 07 15:50:55 ICT 2023 (1678179055114)
2023-08-07 18:00:20,858 [FATAL] Updater:308 - Updater called before beeing initialized
2023-08-07 18:00:20,948 [WARN] DetailPanel:346 - Failed to get advertising image, set to default
2023-08-07 18:00:21,180 [FATAL] Updater:308 - Updater called before beeing initialized
2023-08-07 18:00:21,189 [FATAL] Updater:308 - Updater called before beeing initialized
2023-08-07 18:00:21,191 [FATAL] Updater:308 - Updater called before beeing initialized
2023-08-07 18:00:21,192 [WARN] DetailPanel:346 - Failed to get advertising image, set to default
2023-08-07 18:00:21,197 [FATAL] Updater:308 - Updater called before beeing initialized
2023-08-07 18:00:21,411 [ERROR] Updater:1120 - MainUpdater not yet initialized. External WinMGr cannot be set.
2023-08-07 18:00:21,416 [INFO] Updater:1056 - Updater Version found : 6.9.1
2023-08-07 18:00:21,479 [INFO] ApplicationProperties:184 - Using Application install path: C:\ST\STM32CubeIDE_1.11.2\STM32CubeIDE\plugins\com.st.stm32cube.common.mx_6.9.1.202307191849
2023-08-07 18:00:22,537 [INFO] MainUpdater:2868 - connection check result : 10
2023-08-07 18:00:22,539 [INFO] MainUpdater:285 - Updater Check For Update Now.
2023-08-07 18:00:22,540 [INFO] MicroXplorer:498 - Change Database Version : DB.6.0.91
2023-08-07 18:00:22,552 [INFO] McuFinderGlobals:63 - Set McuFinder mode to 2 (CubeIDE integrated)
2023-08-07 18:00:22,553 [INFO] UserAuth:179 - activating auth plugin
2023-08-07 18:00:22,560 [INFO] UserAuth:393 - Internet connection configuration mode: 1
2023-08-07 18:00:22,598 [INFO] JxBrowserEngine:151 - Initiate JxBrowser Engine with user profile folder
2023-08-07 18:00:22,651 [WARN] MainUpdater:1189 - Updater busy. Cannot search thirdparties
2023-08-07 18:00:22,651 [INFO] ThirdPartyUpdaterWithRetryManager:96 - Updater plugin is busy. [1/15]
2023-08-07 18:00:22,903 [INFO] CheckServerUpdateThread:120 - End of CheckServer Thread
2023-08-07 18:00:22,993 [INFO] MainUpdater:2868 - connection check result : 10
2023-08-07 18:00:23,112 [INFO] McuFinderGlobals:76 - Set McuFinderConnectedMode to true
2023-08-07 18:00:23,664 [INFO] ServerAccessManage:473 - Download File mcusAds.json._tmp_
2023-08-07 18:00:23,810 [INFO] LoadUrlFilesThread:156 - End of LoadUrlFiles Thread
2023-08-07 18:00:24,250 [INFO] ServerAccessManage:473 - Download File cube-finder-db.zip
2023-08-07 18:00:25,028 [INFO] WebApp:157 - Instantiating new browser for Auth
2023-08-07 18:00:25,659 [WARN] MainUpdater:1189 - Updater busy. Cannot search thirdparties
2023-08-07 18:00:25,660 [INFO] ThirdPartyUpdaterWithRetryManager:96 - Updater plugin is busy. [2/15]
2023-08-07 18:00:27,175 [INFO] WebApp:753 - Register for checkConnection events
2023-08-07 18:00:27,175 [INFO] WebApp:390 - Apply proxy settings
2023-08-07 18:00:27,177 [INFO] WebApp:475 - Chromium requires no authentication
2023-08-07 18:00:27,197 [INFO] WebApp:418 - Direct internet connection detected
2023-08-07 18:00:27,632 [INFO] WebApp:188 - Starting web application
2023-08-07 18:00:27,632 [INFO] WebApp:520 - Web application path used C:\ST\STM32CubeIDE_1.11.2\STM32CubeIDE\plugins\com.st.stm32cube.common.mx_6.9.1.202307191849\db\plugins\mcufinder\reactClient1\index.html
2023-08-07 18:00:28,666 [WARN] MainUpdater:1189 - Updater busy. Cannot search thirdparties
2023-08-07 18:00:28,666 [INFO] ThirdPartyUpdaterWithRetryManager:96 - Updater plugin is busy. [3/15]
2023-08-07 18:00:31,667 [WARN] MainUpdater:1189 - Updater busy. Cannot search thirdparties
2023-08-07 18:00:31,667 [INFO] ThirdPartyUpdaterWithRetryManager:96 - Updater plugin is busy. [4/15]
2023-08-07 18:00:34,668 [WARN] MainUpdater:1189 - Updater busy. Cannot search thirdparties
2023-08-07 18:00:34,669 [INFO] ThirdPartyUpdaterWithRetryManager:96 - Updater plugin is busy. [5/15]
2023-08-07 18:00:37,669 [WARN] MainUpdater:1189 - Updater busy. Cannot search thirdparties
2023-08-07 18:00:37,669 [INFO] ThirdPartyUpdaterWithRetryManager:96 - Updater plugin is busy. [6/15]
2023-08-07 18:00:40,670 [WARN] MainUpdater:1189 - Updater busy. Cannot search thirdparties
2023-08-07 18:00:40,670 [INFO] ThirdPartyUpdaterWithRetryManager:96 - Updater plugin is busy. [7/15]
2023-08-07 18:00:43,672 [WARN] MainUpdater:1189 - Updater busy. Cannot search thirdparties
2023-08-07 18:00:43,672 [INFO] ThirdPartyUpdaterWithRetryManager:96 - Updater plugin is busy. [8/15]
2023-08-07 18:00:44,352 [INFO] FileExtend:240 - Unzip File : cube-finder-db.zip
2023-08-07 18:00:44,353 [INFO] FileExtend:255 - Standard Zip Deflate
2023-08-07 18:00:45,549 [INFO] LoadUrlFilesThread:156 - End of LoadUrlFiles Thread
2023-08-07 18:00:46,674 [WARN] MainUpdater:1189 - Updater busy. Cannot search thirdparties
2023-08-07 18:00:46,674 [INFO] ThirdPartyUpdaterWithRetryManager:96 - Updater plugin is busy. [9/15]
2023-08-07 18:00:46,691 [INFO] ServerAccessManage:473 - Download File crdb.zip
2023-08-07 18:00:48,843 [ERROR] LogOutputStream:75 - [STDERR_REDIRECT] SLF4J: Failed to load class "org.slf4j.impl.StaticLoggerBinder".
2023-08-07 18:00:48,844 [ERROR] LogOutputStream:75 - [STDERR_REDIRECT] SLF4J: Defaulting to no-operation (NOP) logger implementation
2023-08-07 18:00:48,845 [ERROR] LogOutputStream:75 - [STDERR_REDIRECT] SLF4J: See http://www.slf4j.org/codes.html#StaticLoggerBinder for further details.
2023-08-07 18:00:49,675 [WARN] MainUpdater:1189 - Updater busy. Cannot search thirdparties
2023-08-07 18:00:49,675 [INFO] ThirdPartyUpdaterWithRetryManager:96 - Updater plugin is busy. [10/15]
2023-08-07 18:00:52,677 [WARN] MainUpdater:1189 - Updater busy. Cannot search thirdparties
2023-08-07 18:00:52,677 [INFO] ThirdPartyUpdaterWithRetryManager:96 - Updater plugin is busy. [11/15]
2023-08-07 18:00:53,078 [INFO] FileExtend:240 - Unzip File : crdb.zip
2023-08-07 18:00:53,079 [INFO] FileExtend:255 - Standard Zip Deflate
2023-08-07 18:00:53,223 [INFO] LoadUrlFilesThread:156 - End of LoadUrlFiles Thread
2023-08-07 18:00:53,547 [INFO] ServerAccessManage:473 - Download File tutoVideoDB.zip
2023-08-07 18:00:53,624 [INFO] FileExtend:240 - Unzip File : tutoVideoDB.zip
2023-08-07 18:00:53,625 [INFO] FileExtend:255 - Standard Zip Deflate
2023-08-07 18:00:53,746 [INFO] LoadUrlFilesThread:156 - End of LoadUrlFiles Thread
2023-08-07 18:00:53,748 [WARN] DbFile:41 - Overriding database path with different value: C:\Users\admin\.stmcufinder\plugins\mcufinder/ => C:\Users\admin\.stmcufinder\plugins\mcufinder
2023-08-07 18:00:53,924 [INFO] ServerAccessManage:473 - Download File api_config.json
2023-08-07 18:00:54,038 [INFO] LoadUrlFilesThread:156 - End of LoadUrlFiles Thread
2023-08-07 18:00:54,039 [INFO] DbMcusAds:53 - JSON generation date=Tue Mar 07 15:50:55 ICT 2023 (1678179055114)
2023-08-07 18:00:54,067 [INFO] LoadUrlFilesThread:185 - End of LoadServerUrlFiles without Thread
2023-08-07 18:00:54,067 [INFO] TargetSelectorAdapter:259 - Refresh data is successful
2023-08-07 18:00:54,265 [INFO] ApiDb:581 - Connected to CubeFinder SQLite database (C:\Users\admin\.stmcufinder\plugins\mcufinder\mcu\cube-finder-db.db)
2023-08-07 18:00:54,350 [INFO] ApiDb:668 - CubeFinder database Data Model version=2.1
2023-08-07 18:00:54,350 [INFO] ApiDb:669 - CubeFinder database Configuration version=3.0.37
2023-08-07 18:00:54,350 [INFO] ApiDb:670 - CubeFinder database generation date=2023-07-31 (1690792719)
2023-08-07 18:00:54,350 [INFO] ApiDb:671 - CubeFinder database FW Pack versions=[FP-ATR-ASTRA1_V2.0.0, FP-SNS-FLIGHT1_V5.0.1, FP-SNS-FLIGHT1_V5.0.2, FP-SNS-MOTENV1_V4.3.1, FP-SNS-MOTENV1_V4.3.2, STM32Cube_FW_C0_V1.1.0, STM32Cube_FW_F4_V1.27.1, STM32Cube_FW_F7_V1.17.0, STM32Cube_FW_G0_V1.6.1, STM32Cube_FW_G4_V1.5.1, STM32Cube_FW_H5_V0.5.1, STM32Cube_FW_H5_V1.1.0, STM32Cube_FW_H7_V1.11.0, STM32Cube_FW_L0_V1.12.2, STM32Cube_FW_L5_V1.5.0, STM32Cube_FW_U5_V1.3.0, STM32Cube_FW_U5_V1.3.0RC4, STM32Cube_FW_WBA_V1.0.0RC1, STM32Cube_FW_WBA_V1.1.0, STM32Cube_FW_WBA_V1.1.0RC1, STM32Cube_FW_WB_V1.15.0RC1, STM32Cube_FW_WB_V1.16.0, STM32Cube_FW_WB_V1.16.0RC2, STM32Cube_FW_WB_V1.17.0, STM32Cube_FW_WL_V1.3.0, X-CUBE-ALGOBUILD_V1.3.0, X-CUBE-ALS_V1.0.1, X-CUBE-AZRTOS-F4_V1.1.0, X-CUBE-AZRTOS-F7_V1.1.0, X-CUBE-AZRTOS-G0_V1.1.0, X-CUBE-AZRTOS-G4_V2.0.0, X-CUBE-AZRTOS-H7_V3.1.0, X-CUBE-AZRTOS-L4_V1.0.0, X-CUBE-AZRTOS-L4_V2.0.0, X-CUBE-AZRTOS-L5_V1.1.0, X-CUBE-AZRTOS-WB_V1.1.0, X-CUBE-AZRTOS-WL_V2.0.0, X-CUBE-BLE1_V6.2.4, X-CUBE-BLE2_V3.3.0, X-CUBE-BLEMGR_V2.0.0, X-CUBE-EEPRMA1_V4.1.0, X-CUBE-FREERTOS_V1.0.1, X-CUBE-GNSS1_V6.0.0, X-CUBE-MEMS1_V9.1.0, X-CUBE-MEMS1_V9.4.0, X-CUBE-MEMS1_V9.6.0, X-CUBE-NFC4_V3.0.0, X-CUBE-NFC7_V1.0.0, X-CUBE-SFXS2LP1_V4.0.0, X-CUBE-SUBG2_V5.0.0]
2023-08-07 18:00:55,862 [WARN] PackLoader:240 - Cannot read IP mode file for STMicroelectronics.X-CUBE-SMBUS.2.1.0
2023-08-07 18:00:55,979 [WARN] PackLoader:240 - Cannot read IP mode file for STMicroelectronics.X-CUBE-AZRTOS-F7.1.1.0
2023-08-07 18:00:56,017 [ERROR] RealEvaluatedCondition:428 - Found unsupported composite condition: CLASS='Data Exchange' GROUP='STM32_MetaDataManager'
2023-08-07 18:00:56,018 [ERROR] RealEvaluatedCondition:428 - Found unsupported composite condition: CLASS='Data Exchange' GROUP='STM32_MetaDataManager'
2023-08-07 18:00:56,025 [WARN] PackLoader:240 - Cannot read IP mode file for STMicroelectronics.FP-SNS-MOTENV1.4.3.0
2023-08-07 18:00:56,044 [WARN] PackLoader:240 - Cannot read IP mode file for STMicroelectronics.FP-SNS-MOTENV1.4.3.2
2023-08-07 18:00:56,062 [WARN] PackLoader:240 - Cannot read IP mode file for STMicroelectronics.FP-SNS-FLIGHT1.5.0.0
2023-08-07 18:00:56,078 [ERROR] RealEvaluatedCondition:428 - Found unsupported composite condition: CLASS='Data Exchange' GROUP='STM32_MetaDataManager'
2023-08-07 18:00:56,080 [ERROR] RealEvaluatedCondition:428 - Found unsupported composite condition: CLASS='Data Exchange' GROUP='STM32_MetaDataManager'
2023-08-07 18:00:56,101 [WARN] PackLoader:240 - Cannot read IP mode file for STMicroelectronics.FP-SNS-MOTENV1.4.3.1
2023-08-07 18:00:56,124 [WARN] PackLoader:240 - Cannot read IP mode file for STMicroelectronics.FP-SNS-FLIGHT1.5.0.1
2023-08-07 18:00:56,149 [WARN] PackLoader:240 - Cannot read IP mode file for STMicroelectronics.X-CUBE-BLE1.6.2.4
2023-08-07 18:00:56,166 [WARN] PackLoader:240 - Cannot read IP mode file for STMicroelectronics.FP-SNS-FLIGHT1.5.0.2
2023-08-07 18:00:56,197 [WARN] PackLoader:240 - Cannot read IP mode file for STMicroelectronics.X-CUBE-DISPLAY.3.0.0
2023-08-07 18:00:56,223 [WARN] PackLoader:240 - Cannot read IP mode file for STMicroelectronics.X-CUBE-TOUCHGFX.4.22.0
2023-08-07 18:00:56,250 [INFO] LogOutputStream:77 - [STDOUT_REDIRECT] 1 : Invalid condition id : UX_CORESTACK_Condition cause : null
2023-08-07 18:00:56,251 [INFO] LogOutputStream:77 - [STDOUT_REDIRECT] 1 : Invalid condition id : UX_CORESTACK_Condition cause : null
2023-08-07 18:00:56,255 [INFO] LogOutputStream:77 - [STDOUT_REDIRECT] 1 : Invalid condition id : UX_CORESTACK_Condition cause : null
2023-08-07 18:00:56,259 [INFO] LogOutputStream:77 - [STDOUT_REDIRECT] 1 : Invalid condition id : UX_CORESTACK_Condition cause : null
2023-08-07 18:00:56,263 [INFO] LogOutputStream:77 - [STDOUT_REDIRECT] 1 : Invalid condition id : UX_CORESTACK_Condition cause : null
2023-08-07 18:00:56,277 [WARN] PackLoader:240 - Cannot read IP mode file for STMicroelectronics.X-CUBE-AZRTOS-WL.2.0.0
2023-08-07 18:00:56,296 [WARN] PackLoader:240 - Cannot read IP mode file for WES.I-CUBE-Cesium.1.3.0
2023-08-07 18:00:56,309 [WARN] PackLoader:240 - Cannot read IP mode file for STMicroelectronics.X-CUBE-BLE2.3.3.0
2023-08-07 18:00:56,334 [WARN] PackLoader:240 - Cannot read IP mode file for STMicroelectronics.X-CUBE-TOF1.3.2.0
2023-08-07 18:00:56,350 [WARN] PackLoader:240 - Cannot read IP mode file for STMicroelectronics.X-CUBE-TOUCHGFX.4.21.1
2023-08-07 18:00:56,357 [WARN] PackLoader:240 - Cannot read IP mode file for STMicroelectronics.X-CUBE-TOUCHGFX.4.21.3
2023-08-07 18:00:56,362 [WARN] PackLoader:240 - Cannot read IP mode file for STMicroelectronics.X-CUBE-TOUCHGFX.4.21.4
2023-08-07 18:00:56,370 [WARN] PackLoader:240 - Cannot read IP mode file for STMicroelectronics.X-CUBE-ALGOBUILD.1.3.0
2023-08-07 18:00:56,393 [WARN] PackLoader:240 - Cannot read IP mode file for STMicroelectronics.X-CUBE-AZRTOS-G0.1.1.0
2023-08-07 18:00:56,400 [WARN] PackLoader:240 - Cannot read IP mode file for STMicroelectronics.X-CUBE-NFC4.3.0.0
2023-08-07 18:00:56,412 [WARN] PackLoader:240 - Cannot read IP mode file for STMicroelectronics.X-CUBE-BLEMGR.1.3.0
2023-08-07 18:00:56,420 [WARN] PackLoader:240 - Cannot read IP mode file for STMicroelectronics.FP-ATR-SIGFOX1.3.2.0
2023-08-07 18:00:56,489 [WARN] PackLoader:240 - Cannot read IP mode file for STMicroelectronics.X-CUBE-MEMS1.9.5.0
2023-08-07 18:00:57,010 [WARN] PackLoader:240 - Cannot read IP mode file for SEGGER.I-CUBE-embOS.1.3.1
2023-08-07 18:00:57,102 [WARN] PackLoader:240 - Cannot read IP mode file for STMicroelectronics.X-CUBE-GNSS1.6.0.0
2023-08-07 18:00:57,127 [WARN] PackLoader:240 - Cannot read IP mode file for STMicroelectronics.X-CUBE-AZRTOS-F4.1.1.0
2023-08-07 18:00:57,191 [WARN] PackLoader:240 - Cannot read IP mode file for STMicroelectronics.X-CUBE-MEMS1.9.6.0
2023-08-07 18:00:57,420 [WARN] PackLoader:240 - Cannot read IP mode file for emotas.I-CUBE-CANOPEN.1.1.3
2023-08-07 18:00:57,431 [WARN] PackLoader:240 - Cannot read IP mode file for STMicroelectronics.X-CUBE-BLEMGR.2.0.0
2023-08-07 18:00:57,452 [WARN] ConditionMgr:438 - getConditionDescription Invalid condition id : UX DEVICE CLASS RTOS Condition cause : null
2023-08-07 18:00:57,453 [WARN] ConditionMgr:438 - getConditionDescription Invalid condition id : UX DEVICE CLASS RTOS Condition cause : null
2023-08-07 18:00:57,457 [WARN] PackLoader:240 - Cannot read IP mode file for STMicroelectronics.X-CUBE-AZRTOS-H7.3.1.0
2023-08-07 18:00:57,459 [WARN] ConditionMgr:1039 - genDependencies : Invalid condition id : UX DEVICE CLASS RTOS Condition cause : null
2023-08-07 18:00:57,459 [WARN] ConditionMgr:1039 - genDependencies : Invalid condition id : UX DEVICE CLASS RTOS Condition cause : null
2023-08-07 18:00:57,460 [WARN] ConditionMgr:1039 - genDependencies : Invalid condition id : UX DEVICE CLASS RTOS Condition cause : null
2023-08-07 18:00:57,460 [WARN] ConditionMgr:1039 - genDependencies : Invalid condition id : UX DEVICE CLASS RTOS Condition cause : null
2023-08-07 18:00:57,460 [WARN] ConditionMgr:1039 - genDependencies : Invalid condition id : UX DEVICE CLASS RTOS Condition cause : null
2023-08-07 18:00:57,465 [WARN] PackLoader:240 - Cannot read IP mode file for wolfSSL.I-CUBE-wolfSSL.5.5.4
2023-08-07 18:00:57,472 [WARN] PackLoader:240 - Cannot read IP mode file for STMicroelectronics.X-CUBE-NFC7.1.0.1
2023-08-07 18:00:57,479 [WARN] PackLoader:240 - Cannot read IP mode file for STMicroelectronics.X-CUBE-NFC7.1.0.0
2023-08-07 18:00:57,487 [WARN] PackLoader:240 - Cannot read IP mode file for STMicroelectronics.X-CUBE-EEPRMA1.4.1.0
2023-08-07 18:00:57,513 [WARN] ConditionMgr:438 - getConditionDescription Invalid condition id : LAN8742 Phy interface Condition cause : null
2023-08-07 18:00:57,515 [WARN] PackLoader:240 - Cannot read IP mode file for STMicroelectronics.X-CUBE-AZRTOS-L4.2.0.0
2023-08-07 18:00:57,517 [WARN] ConditionMgr:1039 - genDependencies : Invalid condition id : LAN8742 Phy interface Condition cause : null
2023-08-07 18:00:57,517 [WARN] ConditionMgr:1039 - genDependencies : Invalid condition id : LAN8742 Phy interface Condition cause : null
2023-08-07 18:00:57,518 [WARN] ConditionMgr:1039 - genDependencies : Invalid condition id : LAN8742 Phy interface Condition cause : null
2023-08-07 18:00:57,530 [WARN] PackLoader:240 - Cannot read IP mode file for STMicroelectronics.X-CUBE-SFXS2LP1.4.0.0
2023-08-07 18:00:57,552 [WARN] PackLoader:240 - Cannot read IP mode file for STMicroelectronics.X-CUBE-AZRTOS-H7.3.0.0
2023-08-07 18:00:57,563 [WARN] PackLoader:240 - Cannot read IP mode file for STMicroelectronics.X-CUBE-ISPU.1.1.0
2023-08-07 18:00:57,577 [WARN] PackLoader:240 - Cannot read IP mode file for RoweBots.I-CUBE-UNISONRTOS.5.5.0-4
2023-08-07 18:00:57,585 [WARN] PackLoader:240 - Cannot read IP mode file for STMicroelectronics.X-CUBE-AI.8.0.0
2023-08-07 18:00:57,597 [WARN] PackLoader:240 - Cannot read IP mode file for STMicroelectronics.X-CUBE-FREERTOS.1.0.0
2023-08-07 18:00:57,604 [WARN] PackLoader:240 - Cannot read IP mode file for STMicroelectronics.X-CUBE-FREERTOS.1.0.1
2023-08-07 18:00:57,643 [WARN] PackLoader:240 - Cannot read IP mode file for STMicroelectronics.X-CUBE-AZRTOS-L5.1.1.0
2023-08-07 18:00:57,651 [WARN] PackLoader:240 - Cannot read IP mode file for STMicroelectronics.X-CUBE-AI.8.0.1
2023-08-07 18:00:57,665 [WARN] PackLoader:240 - Cannot read IP mode file for STMicroelectronics.X-CUBE-SUBG2.5.0.0
2023-08-07 18:00:57,694 [WARN] PackLoader:240 - Cannot read IP mode file for STMicroelectronics.X-CUBE-TOF1.3.3.1
2023-08-07 18:00:57,741 [WARN] PackLoader:240 - Cannot read IP mode file for STMicroelectronics.X-CUBE-AZRTOS-G4.2.0.0
2023-08-07 18:00:57,765 [WARN] PackLoader:240 - Cannot read IP mode file for STMicroelectronics.X-CUBE-TOF1.3.3.0
2023-08-07 18:00:57,817 [WARN] PackLoader:240 - Cannot read IP mode file for STMicroelectronics.FP-ATR-ASTRA1.1.1.1
2023-08-07 18:00:57,859 [WARN] PackLoader:240 - Cannot read IP mode file for STMicroelectronics.X-CUBE-AZRTOS-G4.1.0.0
2023-08-07 18:00:57,908 [WARN] PackLoader:240 - Cannot read IP mode file for STMicroelectronics.X-CUBE-AZRTOS-L4.1.0.0
2023-08-07 18:00:57,949 [WARN] PackLoader:240 - Cannot read IP mode file for STMicroelectronics.X-CUBE-AZRTOS-WL.1.0.0
2023-08-07 18:00:57,977 [WARN] PackLoader:240 - Cannot read IP mode file for portGmbH.I-Cube-SoM-uGOAL.1.1.0
2023-08-07 18:00:57,990 [WARN] PackLoader:240 - Cannot read IP mode file for STMicroelectronics.X-CUBE-ALS.1.0.1
2023-08-07 18:00:58,034 [WARN] PackLoader:240 - Cannot read IP mode file for STMicroelectronics.X-CUBE-AZRTOS-WB.1.1.0
2023-08-07 18:00:58,052 [WARN] PackLoader:240 - Cannot read IP mode file for STMicroelectronics.FP-ATR-ASTRA1.2.0.0
2023-08-07 18:00:58,054 [INFO] ThirdParty:978 - Integrity check success = true
2023-08-07 18:00:58,054 [INFO] IntegrityCheckThread:100 - exiting critical section [integrity check]
2023-08-07 18:00:58,055 [INFO] IntegrityCheckThread:103 - End integrity checks thread
2023-08-07 18:00:59,459 [INFO] ApiDb:240 - Found 323 in-development CPN: [B-G473E-ZEST1S, B-WB1M-WPAN1, B-WL5M-SUBG1, NUCLEO-C031C6, NUCLEO-H503RB, NUCLEO-H563ZI, NUCLEO-U545RE-Q, NUCLEO-U5A5ZJ-Q, NUCLEO-WBA52CG, STEVAL-PROTEUS1, STEVAL-SMARTAG2, STEVAL-STWINBX1, STM320518-EVAL, STM32C0116-DK, STM32C011D6Y3TR, STM32C011D6Y6TR, STM32C011F4P3, STM32C011F4P6, STM32C011F4U3, STM32C011F4U6TR, STM32C011F6P3, STM32C011F6P6, STM32C011F6U3, STM32C011F6U6TR, STM32C011J4M3, STM32C011J4M6, STM32C011J6M3, STM32C011J6M6, STM32C0316-DK, STM32C031C4T3, STM32C031C4T6, STM32C031C4U3, STM32C031C4U6, STM32C031C6T3, STM32C031C6T6, STM32C031C6U3, STM32C031C6U6, STM32C031F4P3, STM32C031F4P6, STM32C031F6P3, STM32C031F6P6, STM32C031G4U3, STM32C031G4U6, STM32C031G6U3, STM32C031G6U6, STM32C031K4T3, STM32C031K4T6, STM32C031K4U3, STM32C031K4U6, STM32C031K6T3, STM32C031K6T6, STM32C031K6U3, STM32C031K6U6, STM32G071K8TXN, STM32G071K8UXN, STM32G081GBU6N, STM32G081KBT6N, STM32G081KBUXN, STM32G0B1CCT6N, STM32G0B1KCT6, STM32G0B1NEY6TR, STM32G0B1RCT6N, STM32G0C1CCT6, STM32G0C1CCT6N, STM32G0C1CCU6N, STM32G0C1CET6N, STM32G0C1CEU6N, STM32G0C1KCT6, STM32G0C1NEY6TR, STM32G0C1RCI6N, STM32G0C1RCT6N, STM32G0C1REI6N, STM32G0C1RET6N, STM32G0C1VCI6, STM32G0C1VEI6, STM32G471CCT6, STM32G471CCU6, STM32G471CET3, STM32G471CET6, STM32G471CEU3, STM32G471CEU6, STM32G471MCT6, STM32G471MET3, STM32G471MET6, STM32G471MEY6TR, STM32G471QCT6, STM32G471QET3, STM32G471RCT6, STM32G471RET3, STM32G471RET6, STM32G471VCH6, STM32G471VCI6, STM32G471VCT6, STM32G471VEH3, STM32G471VEH6, STM32G471VEI3, STM32G471VEI6, STM32G471VET3, STM32G471VET6, STM32G474CCT6, STM32H503CBT6, STM32H503CBU6, STM32H503EBY6TR, STM32H503KBU6, STM32H503RBT6, STM32H562AGI6, STM32H562AII6, STM32H562IGK6, STM32H562IGT6, STM32H562IIK6, STM32H562IIT6, STM32H562RGT6, STM32H562RGV6, STM32H562RIT6, STM32H562RIV6, STM32H562VGT6, STM32H562VIT6, STM32H562ZGT6, STM32H562ZIT6, STM32H563AGI6, STM32H563AII3Q, STM32H563AII6, STM32H563IGK6, STM32H563IGT6, STM32H563IIK3Q, STM32H563IIK6, STM32H563IIT3Q, STM32H563IIT6, STM32H563MIY3QTR, STM32H563RGT6, STM32H563RGV6, STM32H563RIT6, STM32H563RIV6, STM32H563VGT6, STM32H563VIT3Q, STM32H563VIT6, STM32H563ZGT6, STM32H563ZIT3Q, STM32H563ZIT6, STM32H573AII3Q, STM32H573AII6, STM32H573I-DK, STM32H573IIK3Q, STM32H573IIK6, STM32H573IIT3Q, STM32H573IIT6, STM32H573MIY3QTR, STM32H573RIT6, STM32H573RIV6, STM32H573VIT3Q, STM32H573VIT6, STM32H573ZIT3Q, STM32H573ZIT6, STM32L4R5QGI6STR, STM32MP131AAE3, STM32MP131AAF3, STM32MP131AAG3, STM32MP131CAE3, STM32MP131CAF3, STM32MP131CAG3, STM32MP131DAE7, STM32MP131DAF7, STM32MP131DAG7, STM32MP131FAE7, STM32MP131FAF7, STM32MP131FAG7, STM32MP133AAE3, STM32MP133AAF3, STM32MP133AAG3, STM32MP133CAE3, STM32MP133CAF3, STM32MP133CAG3, STM32MP133DAE7, STM32MP133DAF7, STM32MP133DAG7, STM32MP133FAE7, STM32MP133FAF7, STM32MP133FAG7, STM32MP135AAE3, STM32MP135AAF3, STM32MP135AAG3, STM32MP135CAE3, STM32MP135CAF3, STM32MP135CAG3, STM32MP135DAE7, STM32MP135DAF7, STM32MP135DAG7, STM32MP135F-DK, STM32MP135FAE7, STM32MP135FAF7, STM32MP135FAF7T, STM32MP135FAF7U, STM32MP135FAG7, STM32U535CBT6, STM32U535CBT6Q, STM32U535CBU6, STM32U535CBU6Q, STM32U535CCT6, STM32U535CCT6Q, STM32U535CCU6, STM32U535CCU6Q, STM32U535CET6, STM32U535CET6Q, STM32U535CEU6, STM32U535CEU6Q, STM32U535JEY6QTR, STM32U535NCY6QTR, STM32U535NEY6QTR, STM32U535RBI6, STM32U535RBI6Q, STM32U535RBT6, STM32U535RBT6Q, STM32U535RCI6, STM32U535RCI6Q, STM32U535RCT6, STM32U535RCT6Q, STM32U535REI6, STM32U535REI6Q, STM32U535RET6, STM32U535RET6Q, STM32U535VCI6, STM32U535VCI6Q, STM32U535VCT6, STM32U535VCT6Q, STM32U535VEI6, STM32U535VEI6Q, STM32U535VET6, STM32U535VET6Q, STM32U545CET6, STM32U545CET6Q, STM32U545CEU6, STM32U545CEU6Q, STM32U545JEY6QTR, STM32U545NEY6QTR, STM32U545REI6, STM32U545REI6Q, STM32U545RET6, STM32U545RET6Q, STM32U545VEI6, STM32U545VEI6Q, STM32U545VET6, STM32U545VET6Q, STM32U595AIH6, STM32U595AIH6Q, STM32U595AJH6, STM32U595AJH6Q, STM32U595QII6, STM32U595QII6Q, STM32U595QJI6, STM32U595QJI6Q, STM32U595RIT6, STM32U595RIT6Q, STM32U595RJT6, STM32U595RJT6Q, STM32U595VIT6, STM32U595VIT6Q, STM32U595VJT6, STM32U595VJT6Q, STM32U595ZIT6, STM32U595ZIT6Q, STM32U595ZIY6QTR, STM32U595ZJT6, STM32U595ZJT6Q, STM32U595ZJY6QTR, STM32U599BJY6QTR, STM32U599NIH6Q, STM32U599NJH6Q, STM32U599VIT6Q, STM32U599VJT6, STM32U599VJT6Q, STM32U599ZIT6Q, STM32U599ZIY6QTR, STM32U599ZJT6Q, STM32U599ZJY6QTR, STM32U5A5AJH6, STM32U5A5AJH6Q, STM32U5A5QJI6, STM32U5A5QJI6Q, STM32U5A5RJT6, STM32U5A5RJT6Q, STM32U5A5VJT6, STM32U5A5VJT6Q, STM32U5A5ZJT6, STM32U5A5ZJT6Q, STM32U5A5ZJY6QTR, STM32U5A9BJY6QTR, STM32U5A9J-DK, STM32U5A9NJH6Q, STM32U5A9VJT6Q, STM32U5A9ZJT6Q, STM32U5A9ZJY6QTR, STM32U5F7VIT6, STM32U5F7VIT6Q, STM32U5F7VJT6, STM32U5F7VJT6Q, STM32U5F9BJY6QTR, STM32U5F9NJH6Q, STM32U5F9VIT6Q, STM32U5F9VJT6Q, STM32U5F9ZIJ6QTR, STM32U5F9ZIT6Q, STM32U5F9ZJJ6QTR, STM32U5F9ZJT6Q, STM32U5G7VJT6, STM32U5G7VJT6Q, STM32U5G9BJY6QTR, STM32U5G9J-DK1, STM32U5G9J-DK2, STM32U5G9NJH6Q, STM32U5G9VJT6Q, STM32U5G9ZJJ6QTR, STM32U5G9ZJT6Q, STM32WB1MMCH6, STM32WBA52CEU6, STM32WBA52CEU6T, STM32WBA52CGU6, STM32WBA52CGU6T, STM32WBA52KEU6, STM32WBA52KEU6T, STM32WBA52KGU6, STM32WBA52KGU6T, STM32WL5MOCH6, STM32WL5MOCH6TR]
2023-08-07 18:00:59,477 [INFO] DbMcus:217 - Found 3848 MCUs, 3848 are supported
2023-08-07 18:00:59,478 [INFO] ApiDb:423 - Load user favorites file C:\Users\admin/.stm32cubeide/favorites.mcus.txt: 2 item(s)
2023-08-07 18:00:59,479 [INFO] ApiDb:427 - User favorites MCUs=[STM32F103C8T6, STM32F407VET6]
2023-08-07 18:00:59,481 [INFO] DbMcus:223 - Set 2 / 2 favorites MCUs
2023-08-07 18:01:00,455 [INFO] ApiDb:668 - CubeFinder database Data Model version=2.1
2023-08-07 18:01:00,456 [INFO] ApiDb:669 - CubeFinder database Configuration version=3.0.37
2023-08-07 18:01:00,456 [INFO] ApiDb:670 - CubeFinder database generation date=2023-07-31 (1690792719)
2023-08-07 18:01:00,456 [INFO] ApiDb:671 - CubeFinder database FW Pack versions=[FP-ATR-ASTRA1_V2.0.0, FP-SNS-FLIGHT1_V5.0.1, FP-SNS-FLIGHT1_V5.0.2, FP-SNS-MOTENV1_V4.3.1, FP-SNS-MOTENV1_V4.3.2, STM32Cube_FW_C0_V1.1.0, STM32Cube_FW_F4_V1.27.1, STM32Cube_FW_F7_V1.17.0, STM32Cube_FW_G0_V1.6.1, STM32Cube_FW_G4_V1.5.1, STM32Cube_FW_H5_V0.5.1, STM32Cube_FW_H5_V1.1.0, STM32Cube_FW_H7_V1.11.0, STM32Cube_FW_L0_V1.12.2, STM32Cube_FW_L5_V1.5.0, STM32Cube_FW_U5_V1.3.0, STM32Cube_FW_U5_V1.3.0RC4, STM32Cube_FW_WBA_V1.0.0RC1, STM32Cube_FW_WBA_V1.1.0, STM32Cube_FW_WBA_V1.1.0RC1, STM32Cube_FW_WB_V1.15.0RC1, STM32Cube_FW_WB_V1.16.0, STM32Cube_FW_WB_V1.16.0RC2, STM32Cube_FW_WB_V1.17.0, STM32Cube_FW_WL_V1.3.0, X-CUBE-ALGOBUILD_V1.3.0, X-CUBE-ALS_V1.0.1, X-CUBE-AZRTOS-F4_V1.1.0, X-CUBE-AZRTOS-F7_V1.1.0, X-CUBE-AZRTOS-G0_V1.1.0, X-CUBE-AZRTOS-G4_V2.0.0, X-CUBE-AZRTOS-H7_V3.1.0, X-CUBE-AZRTOS-L4_V1.0.0, X-CUBE-AZRTOS-L4_V2.0.0, X-CUBE-AZRTOS-L5_V1.1.0, X-CUBE-AZRTOS-WB_V1.1.0, X-CUBE-AZRTOS-WL_V2.0.0, X-CUBE-BLE1_V6.2.4, X-CUBE-BLE2_V3.3.0, X-CUBE-BLEMGR_V2.0.0, X-CUBE-EEPRMA1_V4.1.0, X-CUBE-FREERTOS_V1.0.1, X-CUBE-GNSS1_V6.0.0, X-CUBE-MEMS1_V9.1.0, X-CUBE-MEMS1_V9.4.0, X-CUBE-MEMS1_V9.6.0, X-CUBE-NFC4_V3.0.0, X-CUBE-NFC7_V1.0.0, X-CUBE-SFXS2LP1_V4.0.0, X-CUBE-SUBG2_V5.0.0]
2023-08-07 18:01:00,617 [INFO] DbBoardsSqlite:226 - include board P-NUCLEO-WB55-NUCLEO as a kit item of type 'Nucleo-64'
2023-08-07 18:01:00,618 [INFO] DbBoardsSqlite:226 - include board P-NUCLEO-WB55-USBDONGLE as a kit item of type 'Nucleo USB Dongle'
2023-08-07 18:01:00,619 [INFO] DbBoardsSqlite:226 - include board STEVAL-IDP005V1 as a kit item of type 'Evaluation Board'
2023-08-07 18:01:00,620 [INFO] DbBoardsSqlite:226 - include board STEVAL-IDP005V2 as a kit item of type 'Evaluation Board'
2023-08-07 18:01:00,810 [INFO] ApiDb:240 - Found 323 in-development CPN: [B-G473E-ZEST1S, B-WB1M-WPAN1, B-WL5M-SUBG1, NUCLEO-C031C6, NUCLEO-H503RB, NUCLEO-H563ZI, NUCLEO-U545RE-Q, NUCLEO-U5A5ZJ-Q, NUCLEO-WBA52CG, STEVAL-PROTEUS1, STEVAL-SMARTAG2, STEVAL-STWINBX1, STM320518-EVAL, STM32C0116-DK, STM32C011D6Y3TR, STM32C011D6Y6TR, STM32C011F4P3, STM32C011F4P6, STM32C011F4U3, STM32C011F4U6TR, STM32C011F6P3, STM32C011F6P6, STM32C011F6U3, STM32C011F6U6TR, STM32C011J4M3, STM32C011J4M6, STM32C011J6M3, STM32C011J6M6, STM32C0316-DK, STM32C031C4T3, STM32C031C4T6, STM32C031C4U3, STM32C031C4U6, STM32C031C6T3, STM32C031C6T6, STM32C031C6U3, STM32C031C6U6, STM32C031F4P3, STM32C031F4P6, STM32C031F6P3, STM32C031F6P6, STM32C031G4U3, STM32C031G4U6, STM32C031G6U3, STM32C031G6U6, STM32C031K4T3, STM32C031K4T6, STM32C031K4U3, STM32C031K4U6, STM32C031K6T3, STM32C031K6T6, STM32C031K6U3, STM32C031K6U6, STM32G071K8TXN, STM32G071K8UXN, STM32G081GBU6N, STM32G081KBT6N, STM32G081KBUXN, STM32G0B1CCT6N, STM32G0B1KCT6, STM32G0B1NEY6TR, STM32G0B1RCT6N, STM32G0C1CCT6, STM32G0C1CCT6N, STM32G0C1CCU6N, STM32G0C1CET6N, STM32G0C1CEU6N, STM32G0C1KCT6, STM32G0C1NEY6TR, STM32G0C1RCI6N, STM32G0C1RCT6N, STM32G0C1REI6N, STM32G0C1RET6N, STM32G0C1VCI6, STM32G0C1VEI6, STM32G471CCT6, STM32G471CCU6, STM32G471CET3, STM32G471CET6, STM32G471CEU3, STM32G471CEU6, STM32G471MCT6, STM32G471MET3, STM32G471MET6, STM32G471MEY6TR, STM32G471QCT6, STM32G471QET3, STM32G471RCT6, STM32G471RET3, STM32G471RET6, STM32G471VCH6, STM32G471VCI6, STM32G471VCT6, STM32G471VEH3, STM32G471VEH6, STM32G471VEI3, STM32G471VEI6, STM32G471VET3, STM32G471VET6, STM32G474CCT6, STM32H503CBT6, STM32H503CBU6, STM32H503EBY6TR, STM32H503KBU6, STM32H503RBT6, STM32H562AGI6, STM32H562AII6, STM32H562IGK6, STM32H562IGT6, STM32H562IIK6, STM32H562IIT6, STM32H562RGT6, STM32H562RGV6, STM32H562RIT6, STM32H562RIV6, STM32H562VGT6, STM32H562VIT6, STM32H562ZGT6, STM32H562ZIT6, STM32H563AGI6, STM32H563AII3Q, STM32H563AII6, STM32H563IGK6, STM32H563IGT6, STM32H563IIK3Q, STM32H563IIK6, STM32H563IIT3Q, STM32H563IIT6, STM32H563MIY3QTR, STM32H563RGT6, STM32H563RGV6, STM32H563RIT6, STM32H563RIV6, STM32H563VGT6, STM32H563VIT3Q, STM32H563VIT6, STM32H563ZGT6, STM32H563ZIT3Q, STM32H563ZIT6, STM32H573AII3Q, STM32H573AII6, STM32H573I-DK, STM32H573IIK3Q, STM32H573IIK6, STM32H573IIT3Q, STM32H573IIT6, STM32H573MIY3QTR, STM32H573RIT6, STM32H573RIV6, STM32H573VIT3Q, STM32H573VIT6, STM32H573ZIT3Q, STM32H573ZIT6, STM32L4R5QGI6STR, STM32MP131AAE3, STM32MP131AAF3, STM32MP131AAG3, STM32MP131CAE3, STM32MP131CAF3, STM32MP131CAG3, STM32MP131DAE7, STM32MP131DAF7, STM32MP131DAG7, STM32MP131FAE7, STM32MP131FAF7, STM32MP131FAG7, STM32MP133AAE3, STM32MP133AAF3, STM32MP133AAG3, STM32MP133CAE3, STM32MP133CAF3, STM32MP133CAG3, STM32MP133DAE7, STM32MP133DAF7, STM32MP133DAG7, STM32MP133FAE7, STM32MP133FAF7, STM32MP133FAG7, STM32MP135AAE3, STM32MP135AAF3, STM32MP135AAG3, STM32MP135CAE3, STM32MP135CAF3, STM32MP135CAG3, STM32MP135DAE7, STM32MP135DAF7, STM32MP135DAG7, STM32MP135F-DK, STM32MP135FAE7, STM32MP135FAF7, STM32MP135FAF7T, STM32MP135FAF7U, STM32MP135FAG7, STM32U535CBT6, STM32U535CBT6Q, STM32U535CBU6, STM32U535CBU6Q, STM32U535CCT6, STM32U535CCT6Q, STM32U535CCU6, STM32U535CCU6Q, STM32U535CET6, STM32U535CET6Q, STM32U535CEU6, STM32U535CEU6Q, STM32U535JEY6QTR, STM32U535NCY6QTR, STM32U535NEY6QTR, STM32U535RBI6, STM32U535RBI6Q, STM32U535RBT6, STM32U535RBT6Q, STM32U535RCI6, STM32U535RCI6Q, STM32U535RCT6, STM32U535RCT6Q, STM32U535REI6, STM32U535REI6Q, STM32U535RET6, STM32U535RET6Q, STM32U535VCI6, STM32U535VCI6Q, STM32U535VCT6, STM32U535VCT6Q, STM32U535VEI6, STM32U535VEI6Q, STM32U535VET6, STM32U535VET6Q, STM32U545CET6, STM32U545CET6Q, STM32U545CEU6, STM32U545CEU6Q, STM32U545JEY6QTR, STM32U545NEY6QTR, STM32U545REI6, STM32U545REI6Q, STM32U545RET6, STM32U545RET6Q, STM32U545VEI6, STM32U545VEI6Q, STM32U545VET6, STM32U545VET6Q, STM32U595AIH6, STM32U595AIH6Q, STM32U595AJH6, STM32U595AJH6Q, STM32U595QII6, STM32U595QII6Q, STM32U595QJI6, STM32U595QJI6Q, STM32U595RIT6, STM32U595RIT6Q, STM32U595RJT6, STM32U595RJT6Q, STM32U595VIT6, STM32U595VIT6Q, STM32U595VJT6, STM32U595VJT6Q, STM32U595ZIT6, STM32U595ZIT6Q, STM32U595ZIY6QTR, STM32U595ZJT6, STM32U595ZJT6Q, STM32U595ZJY6QTR, STM32U599BJY6QTR, STM32U599NIH6Q, STM32U599NJH6Q, STM32U599VIT6Q, STM32U599VJT6, STM32U599VJT6Q, STM32U599ZIT6Q, STM32U599ZIY6QTR, STM32U599ZJT6Q, STM32U599ZJY6QTR, STM32U5A5AJH6, STM32U5A5AJH6Q, STM32U5A5QJI6, STM32U5A5QJI6Q, STM32U5A5RJT6, STM32U5A5RJT6Q, STM32U5A5VJT6, STM32U5A5VJT6Q, STM32U5A5ZJT6, STM32U5A5ZJT6Q, STM32U5A5ZJY6QTR, STM32U5A9BJY6QTR, STM32U5A9J-DK, STM32U5A9NJH6Q, STM32U5A9VJT6Q, STM32U5A9ZJT6Q, STM32U5A9ZJY6QTR, STM32U5F7VIT6, STM32U5F7VIT6Q, STM32U5F7VJT6, STM32U5F7VJT6Q, STM32U5F9BJY6QTR, STM32U5F9NJH6Q, STM32U5F9VIT6Q, STM32U5F9VJT6Q, STM32U5F9ZIJ6QTR, STM32U5F9ZIT6Q, STM32U5F9ZJJ6QTR, STM32U5F9ZJT6Q, STM32U5G7VJT6, STM32U5G7VJT6Q, STM32U5G9BJY6QTR, STM32U5G9J-DK1, STM32U5G9J-DK2, STM32U5G9NJH6Q, STM32U5G9VJT6Q, STM32U5G9ZJJ6QTR, STM32U5G9ZJT6Q, STM32WB1MMCH6, STM32WBA52CEU6, STM32WBA52CEU6T, STM32WBA52CGU6, STM32WBA52CGU6T, STM32WBA52KEU6, STM32WBA52KEU6T, STM32WBA52KGU6, STM32WBA52KGU6T, STM32WL5MOCH6, STM32WL5MOCH6TR]
2023-08-07 18:01:01,266 [INFO] BoardInfo:880 - No configuration file found for board P-NUCLEO-WB55
2023-08-07 18:01:01,266 [INFO] DbBoards:157 - Kit is not supported: P-NUCLEO-WB55
2023-08-07 18:01:01,281 [INFO] BoardInfo:880 - No configuration file found for board STEVAL-BFA001V1B
2023-08-07 18:01:01,281 [INFO] DbBoards:157 - Kit is not supported: STEVAL-BFA001V1B
2023-08-07 18:01:01,284 [INFO] BoardInfo:880 - No configuration file found for board STEVAL-BFA001V2B
2023-08-07 18:01:01,285 [INFO] DbBoards:157 - Kit is not supported: STEVAL-BFA001V2B
2023-08-07 18:01:01,555 [INFO] DbBoards:161 - Found 190 boards, 187 are supported
2023-08-07 18:01:01,560 [INFO] ApiDb:423 - Load user favorites file C:\Users\admin/.stm32cubeide/favorites.boards.txt: 0 item(s)
2023-08-07 18:01:01,561 [INFO] ApiDb:427 - User favorites Boards=[]
2023-08-07 18:01:01,561 [INFO] DbBoards:190 - Set 0 / 0 favorites Boards
2023-08-07 18:01:01,567 [INFO] ApiDb:668 - CubeFinder database Data Model version=2.1
2023-08-07 18:01:01,567 [INFO] ApiDb:669 - CubeFinder database Configuration version=3.0.37
2023-08-07 18:01:01,567 [INFO] ApiDb:670 - CubeFinder database generation date=2023-07-31 (1690792719)
2023-08-07 18:01:01,567 [INFO] ApiDb:671 - CubeFinder database FW Pack versions=[FP-ATR-ASTRA1_V2.0.0, FP-SNS-FLIGHT1_V5.0.1, FP-SNS-FLIGHT1_V5.0.2, FP-SNS-MOTENV1_V4.3.1, FP-SNS-MOTENV1_V4.3.2, STM32Cube_FW_C0_V1.1.0, STM32Cube_FW_F4_V1.27.1, STM32Cube_FW_F7_V1.17.0, STM32Cube_FW_G0_V1.6.1, STM32Cube_FW_G4_V1.5.1, STM32Cube_FW_H5_V0.5.1, STM32Cube_FW_H5_V1.1.0, STM32Cube_FW_H7_V1.11.0, STM32Cube_FW_L0_V1.12.2, STM32Cube_FW_L5_V1.5.0, STM32Cube_FW_U5_V1.3.0, STM32Cube_FW_U5_V1.3.0RC4, STM32Cube_FW_WBA_V1.0.0RC1, STM32Cube_FW_WBA_V1.1.0, STM32Cube_FW_WBA_V1.1.0RC1, STM32Cube_FW_WB_V1.15.0RC1, STM32Cube_FW_WB_V1.16.0, STM32Cube_FW_WB_V1.16.0RC2, STM32Cube_FW_WB_V1.17.0, STM32Cube_FW_WL_V1.3.0, X-CUBE-ALGOBUILD_V1.3.0, X-CUBE-ALS_V1.0.1, X-CUBE-AZRTOS-F4_V1.1.0, X-CUBE-AZRTOS-F7_V1.1.0, X-CUBE-AZRTOS-G0_V1.1.0, X-CUBE-AZRTOS-G4_V2.0.0, X-CUBE-AZRTOS-H7_V3.1.0, X-CUBE-AZRTOS-L4_V1.0.0, X-CUBE-AZRTOS-L4_V2.0.0, X-CUBE-AZRTOS-L5_V1.1.0, X-CUBE-AZRTOS-WB_V1.1.0, X-CUBE-AZRTOS-WL_V2.0.0, X-CUBE-BLE1_V6.2.4, X-CUBE-BLE2_V3.3.0, X-CUBE-BLEMGR_V2.0.0, X-CUBE-EEPRMA1_V4.1.0, X-CUBE-FREERTOS_V1.0.1, X-CUBE-GNSS1_V6.0.0, X-CUBE-MEMS1_V9.1.0, X-CUBE-MEMS1_V9.4.0, X-CUBE-MEMS1_V9.6.0, X-CUBE-NFC4_V3.0.0, X-CUBE-NFC7_V1.0.0, X-CUBE-SFXS2LP1_V4.0.0, X-CUBE-SUBG2_V5.0.0]
2023-08-07 18:01:04,230 [INFO] DbExamplesSqlite:395 - Ignored 27 examples not supported by CubeIDE
2023-08-07 18:01:04,231 [INFO] DbExamplesSqlite:396 - Found 7176 examples active
2023-08-07 18:01:04,232 [INFO] DbExamplesSqlite:397 - Found 677 examples obsolete
2023-08-07 18:01:04,232 [INFO] DbExamplesSqlite:398 - Found 0 examples under development
2023-08-07 18:01:04,233 [INFO] DbExamplesSqlite:399 - Found 74 examples not building
2023-08-07 18:01:04,241 [INFO] DbExamples:125 - Found 7223 examples
2023-08-07 18:01:04,282 [INFO] DbExamples:222 - Found 92 boards with related examples
2023-08-07 18:01:04,290 [INFO] DbExamples:235 - Found 78 MCUs with related examples
2023-08-07 18:01:04,343 [INFO] ApiDb:414 - User favorites file not found: C:\Users\admin/.stm32cubeide/favorites.examples.txt
2023-08-07 18:01:04,344 [INFO] DbExamples:250 - Set 0 / 0 favorites Examples
2023-08-07 18:01:05,015 [INFO] McuFinderGlobals:76 - Set McuFinderConnectedMode to true
2023-08-07 18:01:05,048 [INFO] MultiScanPanel:200 - Auto-refresh data requested => check proxy status ongoing
2023-08-07 18:01:05,054 [INFO] FinderPluginLoader:95 - Searching for filters in installed packs
2023-08-07 18:01:10,112 [INFO] LoadUrlFilesThread:185 - End of LoadServerUrlFiles without Thread
2023-08-07 18:01:10,133 [INFO] DetailPanel:341 - Set advertising image to C:/Users/admin/STM32Cube/Repository/\en.prom-stm32h5-mcu-finder.jpg
2023-08-07 18:01:47,861 [INFO] MainUpdater:2868 - connection check result : 10
2023-08-07 18:01:47,862 [INFO] MainUpdater:2868 - connection check result : 10
2023-08-07 18:01:47,902 [INFO] MicroXplorer:468 - Change Database Path : 
2023-08-07 18:01:47,902 [INFO] MicroXplorer:498 - Change Database Version : DB.6.0.91
2023-08-07 18:01:47,912 [WARN] ThirdParty:871 - waiting for thirdparty lock release [close project]
2023-08-07 18:01:47,913 [INFO] ThirdParty:873 - entering critical section [close project]
2023-08-07 18:01:47,915 [INFO] ThirdParty:883 - exiting critical section [close project]
2023-08-07 18:01:47,920 [INFO] PinOutPanel:1499 - setPackage(No Configuration,No Configuration)
2023-08-07 18:01:47,940 [INFO] UtilMem:75 - Begin LoadConfig() Used Memory: 526633152 Bytes (667942912)
2023-08-07 18:01:47,943 [INFO] MicroXplorer:468 - Change Database Path : 
2023-08-07 18:01:47,944 [INFO] MicroXplorer:498 - Change Database Version : DB.6.0.91
2023-08-07 18:01:47,945 [INFO] OpenFileManager:308 - Change cursor
2023-08-07 18:01:48,065 [INFO] Mcu:1946 - Initializing MCU STM32F103C8Tx STM32F103C8Tx STM32F103C8T6
2023-08-07 18:01:51,640 [INFO] Context:659 - Trying to add GPIOservice into a context  which must be forbidden
2023-08-07 18:01:52,344 [INFO] ImportTextPane:194 - (OptionalMessage_ERROR) Unable to find key (Mcu.ThirdPartyNb) in loaded IOC file
2023-08-07 18:01:52,345 [INFO] ImportTextPane:194 - (OptionalMessage_ERROR) Unable to find key (Mcu.PinsNb) in loaded IOC file
2023-08-07 18:01:52,345 [INFO] ImportTextPane:194 - (OptionalMessage_ERROR) Unable to find key (Mcu.IPNb) in loaded IOC file
2023-08-07 18:01:52,984 [INFO] RtosManager:555 - Registered RTOS mode: class=CMSIS, group=RTOS, mode=CMSIS_V1, owner=FREERTOS
2023-08-07 18:01:52,985 [INFO] RtosManager:555 - Registered RTOS mode: class=CMSIS, group=RTOS2, mode=CMSIS_V2, owner=FREERTOS
2023-08-07 18:01:52,985 [INFO] RtosManager:555 - Registered RTOS mode: class=RTOS, group=Core, mode=CMSIS_V1, owner=FREERTOS
2023-08-07 18:01:52,986 [INFO] RtosManager:555 - Registered RTOS mode: class=RTOS, group=Core, mode=CMSIS_V2, owner=FREERTOS
2023-08-07 18:01:52,986 [WARN] ModelIntegratedComponent:184 - Missing modes for component STMicroelectronics:FreeRTOS:0.0.1:STMicroelectronics:RTOS:FreeRTOS:Core:::10.2.0:
2023-08-07 18:01:53,031 [WARN] ModelIntegratedComponent:63 - No mode defined for component null
2023-08-07 18:01:53,032 [WARN] ModelIntegratedComponent:63 - No mode defined for component null
2023-08-07 18:01:53,032 [WARN] ModelIntegratedComponent:63 - No mode defined for component null
2023-08-07 18:01:53,032 [WARN] ModelIntegratedComponent:63 - No mode defined for component null
2023-08-07 18:01:53,032 [WARN] ModelIntegratedComponent:63 - No mode defined for component null
2023-08-07 18:01:53,032 [WARN] ModelIntegratedComponent:63 - No mode defined for component null
2023-08-07 18:01:53,032 [WARN] ModelIntegratedComponent:63 - No mode defined for component null
2023-08-07 18:01:53,032 [WARN] ModelIntegratedComponent:63 - No mode defined for component null
2023-08-07 18:01:53,033 [WARN] ModelIntegratedComponent:63 - No mode defined for component null
2023-08-07 18:01:53,033 [WARN] ModelIntegratedComponent:63 - No mode defined for component null
2023-08-07 18:01:53,033 [WARN] ModelIntegratedComponent:63 - No mode defined for component null
2023-08-07 18:01:53,033 [WARN] ModelIntegratedComponent:63 - No mode defined for component null
2023-08-07 18:01:53,033 [WARN] ModelIntegratedComponent:63 - No mode defined for component null
2023-08-07 18:01:53,033 [WARN] ModelIntegratedComponent:63 - No mode defined for component null
2023-08-07 18:01:53,033 [WARN] ModelIntegratedComponent:63 - No mode defined for component null
2023-08-07 18:01:53,034 [WARN] ModelIntegratedComponent:63 - No mode defined for component null
2023-08-07 18:01:53,034 [WARN] ModelIntegratedComponent:63 - No mode defined for component null
2023-08-07 18:01:53,034 [WARN] ModelIntegratedComponent:63 - No mode defined for component null
2023-08-07 18:01:53,034 [WARN] ModelIntegratedComponent:63 - No mode defined for component null
2023-08-07 18:01:53,034 [WARN] ModelIntegratedComponent:63 - No mode defined for component null
2023-08-07 18:01:53,034 [WARN] ModelIntegratedComponent:63 - No mode defined for component null
2023-08-07 18:01:53,034 [WARN] ModelIntegratedComponent:63 - No mode defined for component null
2023-08-07 18:01:53,034 [WARN] ModelIntegratedComponent:63 - No mode defined for component null
2023-08-07 18:01:53,034 [WARN] ModelIntegratedComponent:63 - No mode defined for component null
2023-08-07 18:01:53,035 [WARN] ModelIntegratedComponent:63 - No mode defined for component null
2023-08-07 18:01:53,035 [WARN] ModelIntegratedComponent:63 - No mode defined for component null
2023-08-07 18:01:53,035 [WARN] ModelIntegratedComponent:63 - No mode defined for component null
2023-08-07 18:01:53,035 [WARN] ModelIntegratedComponent:63 - No mode defined for component null
2023-08-07 18:01:53,035 [WARN] ModelIntegratedComponent:63 - No mode defined for component null
2023-08-07 18:01:53,035 [WARN] ModelIntegratedComponent:63 - No mode defined for component null
2023-08-07 18:01:53,035 [WARN] ModelIntegratedComponent:63 - No mode defined for component null
2023-08-07 18:01:53,036 [WARN] ModelIntegratedComponent:63 - No mode defined for component null
2023-08-07 18:01:53,036 [WARN] ModelIntegratedComponent:63 - No mode defined for component null
2023-08-07 18:01:53,337 [INFO] ThirdPartyModel:298 - Start build external matchings
2023-08-07 18:01:55,938 [INFO] ThirdPartyModel:316 - End build external matchings
2023-08-07 18:01:56,399 [INFO] UtilMem:75 - End LoadConfig() Used Memory: 688599944 Bytes (1022361600)
2023-08-07 18:01:56,466 [WARN] ThirdParty:833 - waiting for thirdparty lock release [change project]
2023-08-07 18:01:56,466 [INFO] ThirdParty:835 - entering critical section [change project]
2023-08-07 18:01:56,467 [INFO] ThirdParty:1030 - CMSIS Pack Vendor :STMicroelectronics X-CUBE-ISPU 1.1.0
2023-08-07 18:01:56,467 [INFO] ThirdParty:1030 - CMSIS Pack Vendor :STMicroelectronics USBPD 4.1
2023-08-07 18:01:56,467 [INFO] ThirdParty:1030 - CMSIS Pack Vendor :RoweBots I-CUBE-UNISONRTOS 5.5.0-4
2023-08-07 18:01:56,467 [INFO] ThirdParty:1030 - CMSIS Pack Vendor :STMicroelectronics X-CUBE-GNSS1 6.0.0
2023-08-07 18:01:56,467 [INFO] ThirdParty:1030 - CMSIS Pack Vendor :STMicroelectronics USB_HOST 2.0.0
2023-08-07 18:01:56,468 [INFO] ThirdParty:1030 - CMSIS Pack Vendor :STMicroelectronics X-CUBE-AZRTOS-F4 1.1.0
2023-08-07 18:01:56,469 [INFO] ThirdParty:1030 - CMSIS Pack Vendor :STMicroelectronics LIBJPEG 8.0.0
2023-08-07 18:01:56,470 [INFO] ThirdParty:1030 - CMSIS Pack Vendor :STMicroelectronics X-CUBE-SMBUS 2.1.0
2023-08-07 18:01:56,470 [INFO] ThirdParty:1030 - CMSIS Pack Vendor :STMicroelectronics USB_DEVICE 3.0.0
2023-08-07 18:01:56,470 [INFO] ThirdParty:1030 - CMSIS Pack Vendor :STMicroelectronics X-CUBE-AI 8.0.0
2023-08-07 18:01:56,470 [INFO] ThirdParty:1030 - CMSIS Pack Vendor :STMicroelectronics X-CUBE-FREERTOS 1.0.0
2023-08-07 18:01:56,471 [INFO] ThirdParty:1030 - CMSIS Pack Vendor :STMicroelectronics X-CUBE-FREERTOS 1.0.1
2023-08-07 18:01:56,471 [INFO] ThirdParty:1030 - CMSIS Pack Vendor :STMicroelectronics X-CUBE-TOUCHGFX 4.21.1
2023-08-07 18:01:56,471 [INFO] ThirdParty:1030 - CMSIS Pack Vendor :STMicroelectronics X-CUBE-TOUCHGFX 4.21.3
2023-08-07 18:01:56,471 [INFO] ThirdParty:1030 - CMSIS Pack Vendor :STMicroelectronics X-CUBE-AZRTOS-F7 1.1.0
2023-08-07 18:01:56,471 [INFO] ThirdParty:1030 - CMSIS Pack Vendor :STMicroelectronics X-CUBE-TOUCHGFX 4.21.4
2023-08-07 18:01:56,471 [INFO] ThirdParty:1030 - CMSIS Pack Vendor :STMicroelectronics USB_DEVICE 2.0.0
2023-08-07 18:01:56,471 [INFO] ThirdParty:1030 - CMSIS Pack Vendor :STMicroelectronics X-CUBE-MEMS1 9.6.0
2023-08-07 18:01:56,471 [INFO] ThirdParty:1030 - CMSIS Pack Vendor :STMicroelectronics FP-SNS-MOTENV1 4.3.0
2023-08-07 18:01:56,471 [INFO] ThirdParty:1030 - CMSIS Pack Vendor :STMicroelectronics FP-SNS-MOTENV1 4.3.2
2023-08-07 18:01:56,471 [INFO] ThirdParty:1030 - CMSIS Pack Vendor :STMicroelectronics FP-SNS-FLIGHT1 5.0.0
2023-08-07 18:01:56,471 [INFO] ThirdParty:1030 - CMSIS Pack Vendor :STMicroelectronics FP-SNS-MOTENV1 4.3.1
2023-08-07 18:01:56,471 [INFO] ThirdParty:1030 - CMSIS Pack Vendor :STMicroelectronics FP-SNS-FLIGHT1 5.0.1
2023-08-07 18:01:56,473 [INFO] ThirdParty:1030 - CMSIS Pack Vendor :STMicroelectronics X-CUBE-ALGOBUILD 1.3.0
2023-08-07 18:01:56,473 [INFO] ThirdParty:1030 - CMSIS Pack Vendor :STMicroelectronics X-CUBE-BLE1 6.2.4
2023-08-07 18:01:56,473 [INFO] ThirdParty:1030 - CMSIS Pack Vendor :STMicroelectronics X-CUBE-AZRTOS-L5 1.1.0
2023-08-07 18:01:56,473 [INFO] ThirdParty:1030 - CMSIS Pack Vendor :STMicroelectronics FreeRTOS 0.0.1
2023-08-07 18:01:56,473 [INFO] ThirdParty:1030 - CMSIS Pack Vendor :STMicroelectronics X-CUBE-AZRTOS-G0 1.1.0
2023-08-07 18:01:56,473 [INFO] ThirdParty:1030 - CMSIS Pack Vendor :emotas I-CUBE-CANOPEN 1.1.3
2023-08-07 18:01:56,473 [INFO] ThirdParty:1030 - CMSIS Pack Vendor :STMicroelectronics X-CUBE-BLEMGR 2.0.0
2023-08-07 18:01:56,473 [INFO] ThirdParty:1030 - CMSIS Pack Vendor :STMicroelectronics X-CUBE-AI 8.0.1
2023-08-07 18:01:56,473 [INFO] ThirdParty:1030 - CMSIS Pack Vendor :STMicroelectronics X-CUBE-NFC4 3.0.0
2023-08-07 18:01:56,474 [INFO] ThirdParty:1030 - CMSIS Pack Vendor :STMicroelectronics X-CUBE-SUBG2 5.0.0
2023-08-07 18:01:56,474 [INFO] ThirdParty:1030 - CMSIS Pack Vendor :STMicroelectronics STM32_WPAN 1.0.0
2023-08-07 18:01:56,474 [INFO] ThirdParty:1030 - CMSIS Pack Vendor :STMicroelectronics lwIP 2.0.3
2023-08-07 18:01:56,474 [INFO] ThirdParty:1030 - CMSIS Pack Vendor :STMicroelectronics FP-SNS-FLIGHT1 5.0.2
2023-08-07 18:01:56,474 [INFO] ThirdParty:1030 - CMSIS Pack Vendor :STMicroelectronics USB_HOST 1.0.0
2023-08-07 18:01:56,474 [INFO] ThirdParty:1030 - CMSIS Pack Vendor :STMicroelectronics X-CUBE-TOF1 3.3.1
2023-08-07 18:01:56,474 [INFO] ThirdParty:1030 - CMSIS Pack Vendor :STMicroelectronics X-CUBE-AZRTOS-G4 2.0.0
2023-08-07 18:01:56,474 [INFO] ThirdParty:1030 - CMSIS Pack Vendor :STMicroelectronics PDM2PCM 3.1.0
2023-08-07 18:01:56,474 [INFO] ThirdParty:1030 - CMSIS Pack Vendor :STMicroelectronics X-CUBE-AZRTOS-H7 3.1.0
2023-08-07 18:01:56,475 [INFO] ThirdParty:1030 - CMSIS Pack Vendor :STMicroelectronics X-CUBE-TOF1 3.3.0
2023-08-07 18:01:56,475 [INFO] ThirdParty:1030 - CMSIS Pack Vendor :STMicroelectronics FP-ATR-ASTRA1 1.1.1
2023-08-07 18:01:56,475 [INFO] ThirdParty:1030 - CMSIS Pack Vendor :STMicroelectronics PDM2PCM 3.3.0
2023-08-07 18:01:56,475 [INFO] ThirdParty:1030 - CMSIS Pack Vendor :STMicroelectronics X-CUBE-DISPLAY 3.0.0
2023-08-07 18:01:56,475 [INFO] ThirdParty:1030 - CMSIS Pack Vendor :STMicroelectronics X-CUBE-BLEMGR 1.3.0
2023-08-07 18:01:56,475 [INFO] ThirdParty:1030 - CMSIS Pack Vendor :STMicroelectronics FP-ATR-SIGFOX1 3.2.0
2023-08-07 18:01:56,475 [INFO] ThirdParty:1030 - CMSIS Pack Vendor :STMicroelectronics X-CUBE-AZRTOS-G4 1.0.0
2023-08-07 18:01:56,475 [INFO] ThirdParty:1030 - CMSIS Pack Vendor :wolfSSL I-CUBE-wolfSSL 5.5.4
2023-08-07 18:01:56,475 [INFO] ThirdParty:1030 - CMSIS Pack Vendor :STMicroelectronics X-CUBE-AZRTOS-L4 1.0.0
2023-08-07 18:01:56,475 [INFO] ThirdParty:1030 - CMSIS Pack Vendor :STMicroelectronics HAL Drivers 0.0.0
2023-08-07 18:01:56,475 [INFO] ThirdParty:1030 - CMSIS Pack Vendor :STMicroelectronics MBEDTLS 2.16.2
2023-08-07 18:01:56,476 [INFO] ThirdParty:1030 - CMSIS Pack Vendor :STMicroelectronics X-CUBE-TOUCHGFX 4.22.0
2023-08-07 18:01:56,476 [INFO] ThirdParty:1030 - CMSIS Pack Vendor :STMicroelectronics X-CUBE-NFC7 1.0.1
2023-08-07 18:01:56,476 [INFO] ThirdParty:1030 - CMSIS Pack Vendor :STMicroelectronics MBEDTLS 2.14.1
2023-08-07 18:01:56,476 [INFO] ThirdParty:1030 - CMSIS Pack Vendor :STMicroelectronics X-CUBE-NFC7 1.0.0
2023-08-07 18:01:56,476 [INFO] ThirdParty:1030 - CMSIS Pack Vendor :STMicroelectronics X-CUBE-AZRTOS-WL 1.0.0
2023-08-07 18:01:56,476 [INFO] ThirdParty:1030 - CMSIS Pack Vendor :STMicroelectronics X-CUBE-EEPRMA1 4.1.0
2023-08-07 18:01:56,476 [INFO] ThirdParty:1030 - CMSIS Pack Vendor :portGmbH I-Cube-SoM-uGOAL 1.1.0
2023-08-07 18:01:56,476 [INFO] ThirdParty:1030 - CMSIS Pack Vendor :STMicroelectronics X-CUBE-ALS 1.0.1
2023-08-07 18:01:56,476 [INFO] ThirdParty:1030 - CMSIS Pack Vendor :STMicroelectronics X-CUBE-MEMS1 9.5.0
2023-08-07 18:01:56,477 [INFO] ThirdParty:1030 - CMSIS Pack Vendor :STMicroelectronics ThreadX 1.0.0
2023-08-07 18:01:56,477 [INFO] ThirdParty:1030 - CMSIS Pack Vendor :STMicroelectronics X-CUBE-AZRTOS-WB 1.1.0
2023-08-07 18:01:56,477 [INFO] ThirdParty:1030 - CMSIS Pack Vendor :STMicroelectronics X-CUBE-AZRTOS-WL 2.0.0
2023-08-07 18:01:56,477 [INFO] ThirdParty:1030 - CMSIS Pack Vendor :SEGGER I-CUBE-embOS 1.3.1
2023-08-07 18:01:56,477 [INFO] ThirdParty:1030 - CMSIS Pack Vendor :STMicroelectronics USB_DEVICE 1.0.0
2023-08-07 18:01:56,477 [INFO] ThirdParty:1030 - CMSIS Pack Vendor :STMicroelectronics X-CUBE-AZRTOS-L4 2.0.0
2023-08-07 18:01:56,477 [INFO] ThirdParty:1030 - CMSIS Pack Vendor :STMicroelectronics ThreadX 0.0.2
2023-08-07 18:01:56,477 [INFO] ThirdParty:1030 - CMSIS Pack Vendor :WES I-CUBE-Cesium 1.3.0
2023-08-07 18:01:56,477 [INFO] ThirdParty:1030 - CMSIS Pack Vendor :STMicroelectronics FP-ATR-ASTRA1 2.0.0
2023-08-07 18:01:56,477 [INFO] ThirdParty:1030 - CMSIS Pack Vendor :STMicroelectronics lwIP 2.1.2
2023-08-07 18:01:56,477 [INFO] ThirdParty:1030 - CMSIS Pack Vendor :STMicroelectronics X-CUBE-SFXS2LP1 4.0.0
2023-08-07 18:01:56,477 [INFO] ThirdParty:1030 - CMSIS Pack Vendor :STMicroelectronics X-CUBE-BLE2 3.3.0
2023-08-07 18:01:56,477 [INFO] ThirdParty:1030 - CMSIS Pack Vendor :STMicroelectronics X-CUBE-TOF1 3.2.0
2023-08-07 18:01:56,477 [INFO] ThirdParty:1030 - CMSIS Pack Vendor :STMicroelectronics PDM2PCM 3.2.0
2023-08-07 18:01:56,478 [INFO] ThirdParty:1030 - CMSIS Pack Vendor :STMicroelectronics X-CUBE-AZRTOS-H7 3.0.0
2023-08-07 18:01:56,478 [INFO] ThirdParty:841 - exiting critical section [change project]
2023-08-07 18:01:57,523 [INFO] PinOutPanel:1499 - setPackage(No Configuration,No Configuration)
2023-08-07 18:01:57,527 [INFO] PinOutPanel:1499 - setPackage(STM32F103C8Tx,LQFP48)
2023-08-07 18:01:58,815 [INFO] UtilMem:75 - Before build in PCC Used Memory: 794109952 Bytes (1022361600)
2023-08-07 18:02:01,028 [INFO] UtilMem:75 - After build in PCC Used Memory: 472240872 Bytes (1022361600)
2023-08-07 18:02:01,194 [INFO] IPUIPlugin:80 - create IPUIPlugin
2023-08-07 18:02:01,194 [INFO] IPUIPlugin:80 - create IPUIPlugin
2023-08-07 18:02:01,195 [INFO] IPUIPlugin:80 - create IPUIPlugin
2023-08-07 18:02:01,196 [INFO] IPUIPlugin:80 - create IPUIPlugin
2023-08-07 18:02:01,197 [INFO] IPUIPlugin:80 - create IPUIPlugin
2023-08-07 18:02:01,197 [INFO] IPUIPlugin:80 - create IPUIPlugin
2023-08-07 18:02:01,197 [INFO] IPUIPlugin:80 - create IPUIPlugin
2023-08-07 18:02:01,198 [INFO] IPUIPlugin:80 - create IPUIPlugin
2023-08-07 18:02:01,198 [INFO] IPUIPlugin:80 - create IPUIPlugin
2023-08-07 18:02:01,198 [INFO] IPUIPlugin:80 - create IPUIPlugin
2023-08-07 18:02:01,200 [INFO] IPUIPlugin:80 - create IPUIPlugin
2023-08-07 18:02:01,200 [INFO] IPUIPlugin:80 - create IPUIPlugin
2023-08-07 18:02:01,202 [INFO] IPUIPlugin:80 - create IPUIPlugin
2023-08-07 18:02:01,202 [INFO] IPUIPlugin:80 - create IPUIPlugin
2023-08-07 18:02:01,202 [INFO] IPUIPlugin:80 - create IPUIPlugin
2023-08-07 18:02:01,203 [INFO] IPUIPlugin:80 - create IPUIPlugin
2023-08-07 18:02:01,204 [INFO] IPUIPlugin:80 - create IPUIPlugin
2023-08-07 18:02:01,204 [INFO] IPUIPlugin:80 - create IPUIPlugin
2023-08-07 18:02:01,205 [INFO] IPUIPlugin:80 - create IPUIPlugin
2023-08-07 18:02:01,205 [INFO] IPUIPlugin:80 - create IPUIPlugin
2023-08-07 18:02:01,206 [INFO] IPUIPlugin:80 - create IPUIPlugin
2023-08-07 18:02:01,207 [INFO] IPUIPlugin:80 - create IPUIPlugin
2023-08-07 18:02:01,208 [INFO] IPUIPlugin:80 - create IPUIPlugin
2023-08-07 18:02:01,209 [INFO] IPUIPlugin:80 - create IPUIPlugin
2023-08-07 18:02:01,210 [INFO] IPUIPlugin:80 - create IPUIPlugin
2023-08-07 18:02:01,212 [INFO] IPUIPlugin:80 - create IPUIPlugin
2023-08-07 18:02:01,213 [INFO] IPUIPlugin:80 - create IPUIPlugin
2023-08-07 18:02:01,745 [INFO] CADModel:165 - CPN selected for project levelSTM32F103C8T6
2023-08-07 18:02:01,746 [INFO] CADModel:114 - Register for checkConnection events
2023-08-07 18:02:01,817 [INFO] OpenFileManager:328 - Restore cursor
2023-08-07 18:02:03,704 [INFO] UtilMem:75 - End SaveConfig() Used Memory: 578791568 Bytes (1022361600)
2023-08-07 18:02:04,077 [INFO] UtilMem:75 - End SaveConfig() Used Memory: 592319968 Bytes (1022361600)
2023-08-07 18:02:05,226 [INFO] BlockDiagram:2759 - set Specific Code input for plugin: NVIC
2023-08-07 18:02:05,227 [INFO] BlockDiagram:2759 - set Specific Code input for plugin: RCC
2023-08-07 18:02:05,229 [INFO] CodeGenerator:799 - code generatio: config db path: C:\ST\STM32CubeIDE_1.11.2\STM32CubeIDE\plugins\com.st.stm32cube.common.mx_6.9.1.202307191849\\db\
2023-08-07 18:02:05,961 [INFO] CodeEngine:255 - oldGeneratedFile, D:\Robocon2024\USB\USB_Test\MXTmpFiles\license.tmp_save
2023-08-07 18:02:07,051 [INFO] CodeEngine:279 - Generated code: D:\Robocon2024\USB\USB_Test\MXTmpFiles\license.tmp
2023-08-07 18:02:07,078 [INFO] CodeEngine:255 - oldGeneratedFile, D:\Robocon2024\USB\USB_Test\Core\Src\stm32f1xx_it.c_save
2023-08-07 18:02:07,620 [INFO] CodeEngine:279 - Generated code: D:\Robocon2024\USB\USB_Test\Core\Src\stm32f1xx_it.c
2023-08-07 18:02:07,628 [INFO] CodeEngine:255 - oldGeneratedFile, D:\Robocon2024\USB\USB_Test\Core\Inc\stm32f1xx_it.h_save
2023-08-07 18:02:08,011 [INFO] CodeEngine:279 - Generated code: D:\Robocon2024\USB\USB_Test\Core\Inc\stm32f1xx_it.h
2023-08-07 18:02:08,303 [INFO] CodeEngine:255 - oldGeneratedFile, D:\Robocon2024\USB\USB_Test\Core\Src\stm32f1xx_hal_msp.c_save
2023-08-07 18:02:08,791 [INFO] CodeEngine:279 - Generated code: D:\Robocon2024\USB\USB_Test\Core\Src\stm32f1xx_hal_msp.c
2023-08-07 18:02:08,801 [INFO] CodeEngine:255 - oldGeneratedFile, D:\Robocon2024\USB\USB_Test\MXTmpFiles\system.tmp_save
2023-08-07 18:02:09,047 [INFO] CodeEngine:279 - Generated code: D:\Robocon2024\USB\USB_Test\MXTmpFiles\system.tmp
2023-08-07 18:02:09,076 [INFO] CodeEngine:311 - oldGeneratedFile, D:\Robocon2024\USB\USB_Test\Core\Inc\stm32f1xx_hal_conf.h_save
2023-08-07 18:02:09,403 [INFO] CodeEngine:335 - Generated code: D:\Robocon2024\USB\USB_Test\Core\Inc\stm32f1xx_hal_conf.h
2023-08-07 18:02:09,515 [INFO] CodeEngine:255 - oldGeneratedFile, D:\Robocon2024\USB\USB_Test\Core\Inc\main.h_save
2023-08-07 18:02:09,965 [INFO] CodeEngine:279 - Generated code: D:\Robocon2024\USB\USB_Test\Core\Inc\main.h
2023-08-07 18:02:09,973 [INFO] CodeEngine:255 - oldGeneratedFile, D:\Robocon2024\USB\USB_Test\Core\Src\main.c_save
2023-08-07 18:02:10,430 [INFO] CodeEngine:279 - Generated code: D:\Robocon2024\USB\USB_Test\Core\Src\main.c
2023-08-07 18:02:12,116 [INFO] ProjectBuilder:3064 - Time for Copy HAL[1] : 220mS.
2023-08-07 18:02:12,130 [INFO] ProjectBuilder:4404 - Project Generator version: 4.1.0
2023-08-07 18:02:12,801 [INFO] ConfigFileManager:1457 - The Die is : DIE410
2023-08-07 18:02:12,834 [INFO] ApiDbMcu:507 - Load IP Config File for FATFS
2023-08-07 18:02:12,856 [INFO] ApiDbMcu:507 - Load IP Config File for FREERTOS
2023-08-07 18:02:12,876 [INFO] ApiDbMcu:507 - Load IP Config File for USB_DEVICE
2023-08-07 18:02:15,460 [INFO] LogOutputStream:77 - [STDOUT_REDIRECT] 
2023-08-07 18:02:21,798 [INFO] ProjectBuilder:4626 - Time for Generating toolchain IDE Files: 9668mS.
2023-08-07 18:02:21,799 [INFO] ProjectBuilder:2935 - Time for Copy CMSIS : 1mS.
2023-08-07 18:02:21,804 [INFO] ProjectBuilder:2935 - Time for Copy CMSIS : 0mS.
2023-08-07 18:02:23,524 [INFO] McuFinderGlobals:76 - Set McuFinderConnectedMode to true
2023-08-07 18:02:23,532 [INFO] ApiDb:448 - Save user favorites file C:\Users\admin/.stm32cubeide/favorites.mcus.txt: 2 item(s)
2023-08-07 18:02:23,532 [INFO] ApiDb:452 - User favorites MCUs=[STM32F103C8T6, STM32F407VET6]
2023-08-07 18:02:54,487 [INFO] NvicIntPanel:101 - NVIC parent = com.st.microxplorer.plugins.ip.nvic.MultiNvicIntPanel[,0,0,483x292,layout=javax.swing.BoxLayout,alignmentX=0.0,alignmentY=0.0,border=,flags=9,maximumSize=,minimumSize=,preferredSize=]
2023-08-07 18:02:56,150 [INFO] NvicIntPanel:101 - NVIC parent = com.st.microxplorer.plugins.ip.nvic.MultiNvicIntPanel[,0,0,0x0,invalid,layout=javax.swing.BoxLayout,alignmentX=0.0,alignmentY=0.0,border=,flags=9,maximumSize=,minimumSize=,preferredSize=]
2023-08-07 18:02:56,476 [INFO] NvicIntPanel:101 - NVIC parent = com.st.microxplorer.plugins.ip.nvic.MultiNvicIntPanel[,0,0,0x0,invalid,layout=javax.swing.BoxLayout,alignmentX=0.0,alignmentY=0.0,border=,flags=9,maximumSize=,minimumSize=,preferredSize=]
2023-08-07 18:02:56,662 [INFO] NvicIntPanel:101 - NVIC parent = com.st.microxplorer.plugins.ip.nvic.MultiNvicIntPanel[,0,0,0x0,invalid,layout=javax.swing.BoxLayout,alignmentX=0.0,alignmentY=0.0,border=,flags=9,maximumSize=,minimumSize=,preferredSize=]
2023-08-07 18:04:46,635 [ERROR] LogOutputStream:75 - [STDERR_REDIRECT] Exception in thread "AWT-EventQueue-0" java.lang.ClassCastException: class sun.awt.windows.WEmbeddedFrame cannot be cast to class javax.swing.JFrame (sun.awt.windows.WEmbeddedFrame and javax.swing.JFrame are in module java.desktop of loader 'bootstrap')
2023-08-07 18:04:46,640 [ERROR] LogOutputStream:75 - [STDERR_REDIRECT] 	at com.st.microxplorer.plugins.clock.ClockConfigurationView.activatePlugin(ClockConfigurationView.java:425)
2023-08-07 18:04:46,642 [ERROR] LogOutputStream:75 - [STDERR_REDIRECT] 	at com.st.microxplorer.maingui.MainPanel$1.stateChanged(MainPanel.java:367)
2023-08-07 18:04:46,644 [ERROR] LogOutputStream:75 - [STDERR_REDIRECT] 	at java.desktop/javax.swing.JTabbedPane.fireStateChanged(JTabbedPane.java:444)
2023-08-07 18:04:46,647 [ERROR] LogOutputStream:75 - [STDERR_REDIRECT] 	at java.desktop/javax.swing.JTabbedPane$ModelListener.stateChanged(JTabbedPane.java:295)
2023-08-07 18:04:46,650 [ERROR] LogOutputStream:75 - [STDERR_REDIRECT] 	at java.desktop/javax.swing.DefaultSingleSelectionModel.fireStateChanged(DefaultSingleSelectionModel.java:148)
2023-08-07 18:04:46,652 [ERROR] LogOutputStream:75 - [STDERR_REDIRECT] 	at java.desktop/javax.swing.DefaultSingleSelectionModel.setSelectedIndex(DefaultSingleSelectionModel.java:79)
2023-08-07 18:04:46,654 [ERROR] LogOutputStream:75 - [STDERR_REDIRECT] 	at java.desktop/javax.swing.JTabbedPane.setSelectedIndexImpl(JTabbedPane.java:648)
2023-08-07 18:04:46,656 [ERROR] LogOutputStream:75 - [STDERR_REDIRECT] 	at java.desktop/javax.swing.JTabbedPane.setSelectedIndex(JTabbedPane.java:623)
2023-08-07 18:04:46,659 [ERROR] LogOutputStream:75 - [STDERR_REDIRECT] 	at java.desktop/javax.swing.plaf.basic.BasicTabbedPaneUI$Handler.mousePressed(BasicTabbedPaneUI.java:4101)
2023-08-07 18:04:46,661 [ERROR] LogOutputStream:75 - [STDERR_REDIRECT] 	at java.desktop/java.awt.Component.processMouseEvent(Component.java:6623)
2023-08-07 18:04:46,664 [ERROR] LogOutputStream:75 - [STDERR_REDIRECT] 	at java.desktop/javax.swing.JComponent.processMouseEvent(JComponent.java:3389)
2023-08-07 18:04:46,665 [ERROR] LogOutputStream:75 - [STDERR_REDIRECT] 	at java.desktop/java.awt.Component.processEvent(Component.java:6391)
2023-08-07 18:04:46,667 [ERROR] LogOutputStream:75 - [STDERR_REDIRECT] 	at java.desktop/java.awt.Container.processEvent(Container.java:2266)
2023-08-07 18:04:46,669 [ERROR] LogOutputStream:75 - [STDERR_REDIRECT] 	at java.desktop/java.awt.Component.dispatchEventImpl(Component.java:5001)
2023-08-07 18:04:46,671 [ERROR] LogOutputStream:75 - [STDERR_REDIRECT] 	at java.desktop/java.awt.Container.dispatchEventImpl(Container.java:2324)
2023-08-07 18:04:46,674 [ERROR] LogOutputStream:75 - [STDERR_REDIRECT] 	at java.desktop/java.awt.Component.dispatchEvent(Component.java:4833)
2023-08-07 18:04:46,680 [ERROR] LogOutputStream:75 - [STDERR_REDIRECT] 	at java.desktop/java.awt.LightweightDispatcher.retargetMouseEvent(Container.java:4948)
2023-08-07 18:04:46,685 [ERROR] LogOutputStream:75 - [STDERR_REDIRECT] 	at java.desktop/java.awt.LightweightDispatcher.processMouseEvent(Container.java:4572)
2023-08-07 18:04:46,687 [ERROR] LogOutputStream:75 - [STDERR_REDIRECT] 	at java.desktop/java.awt.LightweightDispatcher.dispatchEvent(Container.java:4516)
2023-08-07 18:04:46,690 [ERROR] LogOutputStream:75 - [STDERR_REDIRECT] 	at java.desktop/java.awt.Container.dispatchEventImpl(Container.java:2310)
2023-08-07 18:04:46,693 [ERROR] LogOutputStream:75 - [STDERR_REDIRECT] 	at java.desktop/java.awt.Component.dispatchEvent(Component.java:4833)
2023-08-07 18:04:46,694 [ERROR] LogOutputStream:75 - [STDERR_REDIRECT] 	at java.desktop/java.awt.EventQueue.dispatchEventImpl(EventQueue.java:773)
2023-08-07 18:04:46,696 [ERROR] LogOutputStream:75 - [STDERR_REDIRECT] 	at java.desktop/java.awt.EventQueue$4.run(EventQueue.java:722)
2023-08-07 18:04:46,701 [ERROR] LogOutputStream:75 - [STDERR_REDIRECT] 	at java.desktop/java.awt.EventQueue$4.run(EventQueue.java:716)
2023-08-07 18:04:46,704 [ERROR] LogOutputStream:75 - [STDERR_REDIRECT] 	at java.base/java.security.AccessController.doPrivileged(AccessController.java:399)
2023-08-07 18:04:46,708 [ERROR] LogOutputStream:75 - [STDERR_REDIRECT] 	at java.base/java.security.ProtectionDomain$JavaSecurityAccessImpl.doIntersectionPrivilege(ProtectionDomain.java:86)
2023-08-07 18:04:46,710 [ERROR] LogOutputStream:75 - [STDERR_REDIRECT] 	at java.base/java.security.ProtectionDomain$JavaSecurityAccessImpl.doIntersectionPrivilege(ProtectionDomain.java:97)
2023-08-07 18:04:46,712 [ERROR] LogOutputStream:75 - [STDERR_REDIRECT] 	at java.desktop/java.awt.EventQueue$5.run(EventQueue.java:746)
2023-08-07 18:04:46,714 [ERROR] LogOutputStream:75 - [STDERR_REDIRECT] 	at java.desktop/java.awt.EventQueue$5.run(EventQueue.java:744)
2023-08-07 18:04:46,720 [ERROR] LogOutputStream:75 - [STDERR_REDIRECT] 	at java.base/java.security.AccessController.doPrivileged(AccessController.java:399)
2023-08-07 18:04:46,724 [ERROR] LogOutputStream:75 - [STDERR_REDIRECT] 	at java.base/java.security.ProtectionDomain$JavaSecurityAccessImpl.doIntersectionPrivilege(ProtectionDomain.java:86)
2023-08-07 18:04:46,726 [ERROR] LogOutputStream:75 - [STDERR_REDIRECT] 	at java.desktop/java.awt.EventQueue.dispatchEvent(EventQueue.java:743)
2023-08-07 18:04:46,728 [ERROR] LogOutputStream:75 - [STDERR_REDIRECT] 	at java.desktop/java.awt.EventDispatchThread.pumpOneEventForFilters(EventDispatchThread.java:203)
2023-08-07 18:04:46,733 [ERROR] LogOutputStream:75 - [STDERR_REDIRECT] 	at java.desktop/java.awt.EventDispatchThread.pumpEventsForFilter(EventDispatchThread.java:124)
2023-08-07 18:04:46,738 [ERROR] LogOutputStream:75 - [STDERR_REDIRECT] 	at java.desktop/java.awt.EventDispatchThread.pumpEventsForHierarchy(EventDispatchThread.java:113)
2023-08-07 18:04:46,740 [ERROR] LogOutputStream:75 - [STDERR_REDIRECT] 	at java.desktop/java.awt.EventDispatchThread.pumpEvents(EventDispatchThread.java:109)
2023-08-07 18:04:46,742 [ERROR] LogOutputStream:75 - [STDERR_REDIRECT] 	at java.desktop/java.awt.EventDispatchThread.pumpEvents(EventDispatchThread.java:101)
2023-08-07 18:04:46,744 [ERROR] LogOutputStream:75 - [STDERR_REDIRECT] 	at java.desktop/java.awt.EventDispatchThread.run(EventDispatchThread.java:90)
2023-08-07 18:04:56,508 [ERROR] LogOutputStream:75 - [STDERR_REDIRECT] Exception in thread "AWT-EventQueue-0" java.lang.ClassCastException: class sun.awt.windows.WEmbeddedFrame cannot be cast to class javax.swing.JFrame (sun.awt.windows.WEmbeddedFrame and javax.swing.JFrame are in module java.desktop of loader 'bootstrap')
2023-08-07 18:04:56,509 [ERROR] LogOutputStream:75 - [STDERR_REDIRECT] 	at com.st.microxplorer.plugins.clock.ClockConfigurationView.activatePlugin(ClockConfigurationView.java:425)
2023-08-07 18:04:56,513 [ERROR] LogOutputStream:75 - [STDERR_REDIRECT] 	at com.st.microxplorer.maingui.MainPanel$1.stateChanged(MainPanel.java:367)
2023-08-07 18:04:56,516 [ERROR] LogOutputStream:75 - [STDERR_REDIRECT] 	at java.desktop/javax.swing.JTabbedPane.fireStateChanged(JTabbedPane.java:444)
2023-08-07 18:04:56,519 [ERROR] LogOutputStream:75 - [STDERR_REDIRECT] 	at java.desktop/javax.swing.JTabbedPane$ModelListener.stateChanged(JTabbedPane.java:295)
2023-08-07 18:04:56,521 [ERROR] LogOutputStream:75 - [STDERR_REDIRECT] 	at java.desktop/javax.swing.DefaultSingleSelectionModel.fireStateChanged(DefaultSingleSelectionModel.java:148)
2023-08-07 18:04:56,524 [ERROR] LogOutputStream:75 - [STDERR_REDIRECT] 	at java.desktop/javax.swing.DefaultSingleSelectionModel.setSelectedIndex(DefaultSingleSelectionModel.java:79)
2023-08-07 18:04:56,525 [ERROR] LogOutputStream:75 - [STDERR_REDIRECT] 	at java.desktop/javax.swing.JTabbedPane.setSelectedIndexImpl(JTabbedPane.java:648)
2023-08-07 18:04:56,527 [ERROR] LogOutputStream:75 - [STDERR_REDIRECT] 	at java.desktop/javax.swing.JTabbedPane.setSelectedIndex(JTabbedPane.java:623)
2023-08-07 18:04:56,529 [ERROR] LogOutputStream:75 - [STDERR_REDIRECT] 	at java.desktop/javax.swing.plaf.basic.BasicTabbedPaneUI$Handler.mousePressed(BasicTabbedPaneUI.java:4101)
2023-08-07 18:04:56,530 [ERROR] LogOutputStream:75 - [STDERR_REDIRECT] 	at java.desktop/java.awt.Component.processMouseEvent(Component.java:6623)
2023-08-07 18:04:56,532 [ERROR] LogOutputStream:75 - [STDERR_REDIRECT] 	at java.desktop/javax.swing.JComponent.processMouseEvent(JComponent.java:3389)
2023-08-07 18:04:56,533 [ERROR] LogOutputStream:75 - [STDERR_REDIRECT] 	at java.desktop/java.awt.Component.processEvent(Component.java:6391)
2023-08-07 18:04:56,533 [ERROR] LogOutputStream:75 - [STDERR_REDIRECT] 	at java.desktop/java.awt.Container.processEvent(Container.java:2266)
2023-08-07 18:04:56,534 [ERROR] LogOutputStream:75 - [STDERR_REDIRECT] 	at java.desktop/java.awt.Component.dispatchEventImpl(Component.java:5001)
2023-08-07 18:04:56,535 [ERROR] LogOutputStream:75 - [STDERR_REDIRECT] 	at java.desktop/java.awt.Container.dispatchEventImpl(Container.java:2324)
2023-08-07 18:04:56,536 [ERROR] LogOutputStream:75 - [STDERR_REDIRECT] 	at java.desktop/java.awt.Component.dispatchEvent(Component.java:4833)
2023-08-07 18:04:56,537 [ERROR] LogOutputStream:75 - [STDERR_REDIRECT] 	at java.desktop/java.awt.LightweightDispatcher.retargetMouseEvent(Container.java:4948)
2023-08-07 18:04:56,538 [ERROR] LogOutputStream:75 - [STDERR_REDIRECT] 	at java.desktop/java.awt.LightweightDispatcher.processMouseEvent(Container.java:4572)
2023-08-07 18:04:56,539 [ERROR] LogOutputStream:75 - [STDERR_REDIRECT] 	at java.desktop/java.awt.LightweightDispatcher.dispatchEvent(Container.java:4516)
2023-08-07 18:04:56,540 [ERROR] LogOutputStream:75 - [STDERR_REDIRECT] 	at java.desktop/java.awt.Container.dispatchEventImpl(Container.java:2310)
2023-08-07 18:04:56,541 [ERROR] LogOutputStream:75 - [STDERR_REDIRECT] 	at java.desktop/java.awt.Component.dispatchEvent(Component.java:4833)
2023-08-07 18:04:56,541 [ERROR] LogOutputStream:75 - [STDERR_REDIRECT] 	at java.desktop/java.awt.EventQueue.dispatchEventImpl(EventQueue.java:773)
2023-08-07 18:04:56,542 [ERROR] LogOutputStream:75 - [STDERR_REDIRECT] 	at java.desktop/java.awt.EventQueue$4.run(EventQueue.java:722)
2023-08-07 18:04:56,543 [ERROR] LogOutputStream:75 - [STDERR_REDIRECT] 	at java.desktop/java.awt.EventQueue$4.run(EventQueue.java:716)
2023-08-07 18:04:56,544 [ERROR] LogOutputStream:75 - [STDERR_REDIRECT] 	at java.base/java.security.AccessController.doPrivileged(AccessController.java:399)
2023-08-07 18:04:56,548 [ERROR] LogOutputStream:75 - [STDERR_REDIRECT] 	at java.base/java.security.ProtectionDomain$JavaSecurityAccessImpl.doIntersectionPrivilege(ProtectionDomain.java:86)
2023-08-07 18:04:56,551 [ERROR] LogOutputStream:75 - [STDERR_REDIRECT] 	at java.base/java.security.ProtectionDomain$JavaSecurityAccessImpl.doIntersectionPrivilege(ProtectionDomain.java:97)
2023-08-07 18:04:56,552 [ERROR] LogOutputStream:75 - [STDERR_REDIRECT] 	at java.desktop/java.awt.EventQueue$5.run(EventQueue.java:746)
2023-08-07 18:04:56,553 [ERROR] LogOutputStream:75 - [STDERR_REDIRECT] 	at java.desktop/java.awt.EventQueue$5.run(EventQueue.java:744)
2023-08-07 18:04:56,554 [ERROR] LogOutputStream:75 - [STDERR_REDIRECT] 	at java.base/java.security.AccessController.doPrivileged(AccessController.java:399)
2023-08-07 18:04:56,556 [ERROR] LogOutputStream:75 - [STDERR_REDIRECT] 	at java.base/java.security.ProtectionDomain$JavaSecurityAccessImpl.doIntersectionPrivilege(ProtectionDomain.java:86)
2023-08-07 18:04:56,557 [ERROR] LogOutputStream:75 - [STDERR_REDIRECT] 	at java.desktop/java.awt.EventQueue.dispatchEvent(EventQueue.java:743)
2023-08-07 18:04:56,559 [ERROR] LogOutputStream:75 - [STDERR_REDIRECT] 	at java.desktop/java.awt.EventDispatchThread.pumpOneEventForFilters(EventDispatchThread.java:203)
2023-08-07 18:04:56,560 [ERROR] LogOutputStream:75 - [STDERR_REDIRECT] 	at java.desktop/java.awt.EventDispatchThread.pumpEventsForFilter(EventDispatchThread.java:124)
2023-08-07 18:04:56,562 [ERROR] LogOutputStream:75 - [STDERR_REDIRECT] 	at java.desktop/java.awt.EventDispatchThread.pumpEventsForHierarchy(EventDispatchThread.java:113)
2023-08-07 18:04:56,564 [ERROR] LogOutputStream:75 - [STDERR_REDIRECT] 	at java.desktop/java.awt.EventDispatchThread.pumpEvents(EventDispatchThread.java:109)
2023-08-07 18:04:56,566 [ERROR] LogOutputStream:75 - [STDERR_REDIRECT] 	at java.desktop/java.awt.EventDispatchThread.pumpEvents(EventDispatchThread.java:101)
2023-08-07 18:04:56,567 [ERROR] LogOutputStream:75 - [STDERR_REDIRECT] 	at java.desktop/java.awt.EventDispatchThread.run(EventDispatchThread.java:90)
2023-08-07 18:06:42,229 [INFO] UtilMem:75 - End SaveConfig() Used Memory: 576856904 Bytes (1073741824)
2023-08-07 18:06:44,750 [INFO] UtilMem:75 - End SaveConfig() Used Memory: 593650184 Bytes (1073741824)
2023-08-07 18:06:50,905 [INFO] UtilMem:75 - End SaveConfig() Used Memory: 739971288 Bytes (1073741824)
2023-08-07 18:06:51,713 [INFO] BlockDiagram:2759 - set Specific Code input for plugin: NVIC
2023-08-07 18:06:51,713 [INFO] BlockDiagram:2759 - set Specific Code input for plugin: USB_DEVICE
2023-08-07 18:06:51,714 [INFO] BlockDiagram:2759 - set Specific Code input for plugin: USB
2023-08-07 18:06:51,714 [INFO] BlockDiagram:2759 - set Specific Code input for plugin: SYS
2023-08-07 18:06:51,714 [INFO] BlockDiagram:2759 - set Specific Code input for plugin: GPIO
2023-08-07 18:06:51,714 [INFO] BlockDiagram:2759 - set Specific Code input for plugin: RCC
2023-08-07 18:06:51,716 [INFO] CodeGenerator:799 - code generatio: config db path: C:\ST\STM32CubeIDE_1.11.2\STM32CubeIDE\plugins\com.st.stm32cube.common.mx_6.9.1.202307191849\\db\
2023-08-07 18:06:52,091 [INFO] CodeEngine:255 - oldGeneratedFile, D:\Robocon2024\USB\USB_Test\MXTmpFiles\license.tmp_save
2023-08-07 18:06:52,299 [INFO] CodeEngine:279 - Generated code: D:\Robocon2024\USB\USB_Test\MXTmpFiles\license.tmp
2023-08-07 18:06:52,329 [INFO] CodeEngine:255 - oldGeneratedFile, D:\Robocon2024\USB\USB_Test\MXTmpFiles\gpio.tmp_save
2023-08-07 18:06:52,599 [INFO] CodeEngine:279 - Generated code: D:\Robocon2024\USB\USB_Test\MXTmpFiles\gpio.tmp
2023-08-07 18:06:52,678 [INFO] CodeEngine:255 - oldGeneratedFile, D:\Robocon2024\USB\USB_Test\MXTmpFiles\usb_vars.tmp_save
2023-08-07 18:06:52,837 [INFO] CodeEngine:279 - Generated code: D:\Robocon2024\USB\USB_Test\MXTmpFiles\usb_vars.tmp
2023-08-07 18:06:52,848 [INFO] CodeEngine:255 - oldGeneratedFile, D:\Robocon2024\USB\USB_Test\MXTmpFiles\usb_inc.tmp_save
2023-08-07 18:06:52,933 [INFO] CodeEngine:279 - Generated code: D:\Robocon2024\USB\USB_Test\MXTmpFiles\usb_inc.tmp
2023-08-07 18:06:52,954 [INFO] CodeEngine:255 - oldGeneratedFile, D:\Robocon2024\USB\USB_Test\MXTmpFiles\usb_HalInit.tmp_save
2023-08-07 18:06:53,112 [INFO] CodeEngine:279 - Generated code: D:\Robocon2024\USB\USB_Test\MXTmpFiles\usb_HalInit.tmp
2023-08-07 18:06:53,127 [INFO] CodeEngine:255 - oldGeneratedFile, D:\Robocon2024\USB\USB_Test\MXTmpFiles\usb_Msp.tmp_save
2023-08-07 18:06:53,236 [INFO] CodeEngine:279 - Generated code: D:\Robocon2024\USB\USB_Test\MXTmpFiles\usb_Msp.tmp
2023-08-07 18:06:53,268 [INFO] Middleware:1439 - No code input for Bsp Dependency
2023-08-07 18:06:53,274 [INFO] Middleware:1439 - No code input for Bsp Dependency
2023-08-07 18:06:53,297 [INFO] CodeEngine:255 - oldGeneratedFile, D:\Robocon2024\USB\USB_Test\USB_DEVICE\App\usb_device.c_save
2023-08-07 18:06:53,436 [INFO] CodeEngine:279 - Generated code: D:\Robocon2024\USB\USB_Test\USB_DEVICE\App\usb_device.c
2023-08-07 18:06:53,448 [INFO] CodeEngine:255 - oldGeneratedFile, D:\Robocon2024\USB\USB_Test\USB_DEVICE\App\usb_device.h_save
2023-08-07 18:06:53,529 [INFO] CodeEngine:279 - Generated code: D:\Robocon2024\USB\USB_Test\USB_DEVICE\App\usb_device.h
2023-08-07 18:06:53,543 [INFO] CodeEngine:255 - oldGeneratedFile, D:\Robocon2024\USB\USB_Test\USB_DEVICE\Target\usbd_conf.h_save
2023-08-07 18:06:53,657 [INFO] CodeEngine:279 - Generated code: D:\Robocon2024\USB\USB_Test\USB_DEVICE\Target\usbd_conf.h
2023-08-07 18:06:53,671 [INFO] CodeEngine:255 - oldGeneratedFile, D:\Robocon2024\USB\USB_Test\USB_DEVICE\Target\usbd_conf.c_save
2023-08-07 18:06:53,805 [INFO] CodeEngine:279 - Generated code: D:\Robocon2024\USB\USB_Test\USB_DEVICE\Target\usbd_conf.c
2023-08-07 18:06:53,830 [INFO] CodeEngine:255 - oldGeneratedFile, D:\Robocon2024\USB\USB_Test\USB_DEVICE\App\usbd_desc.h_save
2023-08-07 18:06:53,909 [INFO] CodeEngine:279 - Generated code: D:\Robocon2024\USB\USB_Test\USB_DEVICE\App\usbd_desc.h
2023-08-07 18:06:53,922 [INFO] CodeEngine:255 - oldGeneratedFile, D:\Robocon2024\USB\USB_Test\USB_DEVICE\App\usbd_desc.c_save
2023-08-07 18:06:54,026 [INFO] CodeEngine:279 - Generated code: D:\Robocon2024\USB\USB_Test\USB_DEVICE\App\usbd_desc.c
2023-08-07 18:06:54,049 [INFO] CodeEngine:255 - oldGeneratedFile, D:\Robocon2024\USB\USB_Test\USB_DEVICE\App\usbd_cdc_if.h_save
2023-08-07 18:06:54,144 [INFO] CodeEngine:279 - Generated code: D:\Robocon2024\USB\USB_Test\USB_DEVICE\App\usbd_cdc_if.h
2023-08-07 18:06:54,158 [INFO] CodeEngine:255 - oldGeneratedFile, D:\Robocon2024\USB\USB_Test\USB_DEVICE\App\usbd_cdc_if.c_save
2023-08-07 18:06:54,280 [INFO] CodeEngine:279 - Generated code: D:\Robocon2024\USB\USB_Test\USB_DEVICE\App\usbd_cdc_if.c
2023-08-07 18:06:54,321 [INFO] CodeEngine:255 - oldGeneratedFile, D:\Robocon2024\USB\USB_Test\Core\Src\stm32f1xx_it.c_save
2023-08-07 18:06:54,584 [INFO] CodeEngine:279 - Generated code: D:\Robocon2024\USB\USB_Test\Core\Src\stm32f1xx_it.c
2023-08-07 18:06:54,608 [INFO] CodeEngine:255 - oldGeneratedFile, D:\Robocon2024\USB\USB_Test\Core\Inc\stm32f1xx_it.h_save
2023-08-07 18:06:54,842 [INFO] CodeEngine:279 - Generated code: D:\Robocon2024\USB\USB_Test\Core\Inc\stm32f1xx_it.h
2023-08-07 18:06:54,884 [INFO] CodeEngine:255 - oldGeneratedFile, D:\Robocon2024\USB\USB_Test\Core\Src\stm32f1xx_hal_msp.c_save
2023-08-07 18:06:55,271 [INFO] CodeEngine:279 - Generated code: D:\Robocon2024\USB\USB_Test\Core\Src\stm32f1xx_hal_msp.c
2023-08-07 18:06:55,281 [INFO] CodeEngine:255 - oldGeneratedFile, D:\Robocon2024\USB\USB_Test\MXTmpFiles\system.tmp_save
2023-08-07 18:06:55,416 [INFO] CodeEngine:279 - Generated code: D:\Robocon2024\USB\USB_Test\MXTmpFiles\system.tmp
2023-08-07 18:06:55,444 [INFO] CodeEngine:311 - oldGeneratedFile, D:\Robocon2024\USB\USB_Test\Core\Inc\stm32f1xx_hal_conf.h_save
2023-08-07 18:06:55,579 [INFO] CodeEngine:335 - Generated code: D:\Robocon2024\USB\USB_Test\Core\Inc\stm32f1xx_hal_conf.h
2023-08-07 18:06:55,639 [INFO] CodeEngine:255 - oldGeneratedFile, D:\Robocon2024\USB\USB_Test\Core\Inc\main.h_save
2023-08-07 18:06:55,804 [INFO] CodeEngine:279 - Generated code: D:\Robocon2024\USB\USB_Test\Core\Inc\main.h
2023-08-07 18:06:55,828 [INFO] CodeEngine:255 - oldGeneratedFile, D:\Robocon2024\USB\USB_Test\Core\Src\main.c_save
2023-08-07 18:06:56,180 [INFO] CodeEngine:279 - Generated code: D:\Robocon2024\USB\USB_Test\Core\Src\main.c
2023-08-07 18:06:57,385 [INFO] ProjectBuilder:3064 - Time for Copy HAL[1] : 210mS.
2023-08-07 18:06:57,395 [INFO] ProjectBuilder:4404 - Project Generator version: 4.1.0
2023-08-07 18:06:58,040 [INFO] ConfigFileManager:1457 - The Die is : DIE410
2023-08-07 18:07:01,393 [INFO] ProjectBuilder:4626 - Time for Generating toolchain IDE Files: 3999mS.
2023-08-07 18:07:01,394 [INFO] ProjectBuilder:2935 - Time for Copy CMSIS : 0mS.
2023-08-07 18:07:01,399 [INFO] ProjectBuilder:2935 - Time for Copy CMSIS : 0mS.
2023-08-07 18:20:38,362 [ERROR] LogOutputStream:75 - [STDERR_REDIRECT] 
