2023-08-08 10:28:44,468 [INFO] Activator:176 - 


2023-08-08 10:28:44,475 [INFO] Activator:177 - !SESSION log4j initialized
2023-08-08 10:28:54,057 [INFO] LogOutputStream:77 - [STDOUT_REDIRECT] 
2023-08-08 10:28:56,652 [INFO] ApplicationProperties:184 - Using Application install path: C:\ST\STM32CubeIDE_1.11.2\STM32CubeIDE\plugins\com.st.stm32cube.common.mx_6.9.1.202307191849
2023-08-08 10:28:56,677 [INFO] DbMcusXml:78 - Set database path to: C:\ST\STM32CubeIDE_1.11.2\STM32CubeIDE\plugins\com.st.stm32cube.common.mx_6.9.1.202307191849\\db\/mcu/
2023-08-08 10:28:56,677 [INFO] ApiDb:274 - Set plugin database path to: C:\ST\STM32CubeIDE_1.11.2\STM32CubeIDE\plugins\com.st.stm32cube.common.mx_6.9.1.202307191849\\db\/plugins/boardmanager/
2023-08-08 10:28:56,678 [WARN] ApiDb:259 - Overriding images path with different value:  => C:\ST\STM32CubeIDE_1.11.2\STM32CubeIDE\plugins\com.st.stm32cube.common.mx_6.9.1.202307191849\\db\/plugins/mcufinder/images/
2023-08-08 10:28:56,705 [INFO] ApiDb:250 - Set database path to: C:\Users\admin\.stmcufinder\plugins\mcufinder//mcu/
2023-08-08 10:28:56,708 [INFO] DbMcusAds:125 - Set database path to: C:\Users\admin\.stmcufinder\plugins\mcufinder//mcu/
2023-08-08 10:28:56,710 [INFO] CrossReferenceDbSqlite:203 - Set database path to: C:\Users\admin\.stmcufinder\plugins\mcufinder//mcu/cs/
2023-08-08 10:28:56,869 [INFO] RulesReader:64 - Compatibility file has been processed (293 Rules)
2023-08-08 10:28:57,009 [INFO] DbMcusXml:78 - Set database path to: C:\ST\STM32CubeIDE_1.11.2\STM32CubeIDE\plugins\com.st.stm32cube.common.mx_6.9.1.202307191849\\db\/mcu/
2023-08-08 10:28:57,009 [INFO] ApiDb:274 - Set plugin database path to: C:\ST\STM32CubeIDE_1.11.2\STM32CubeIDE\plugins\com.st.stm32cube.common.mx_6.9.1.202307191849\\db\/plugins/boardmanager/
2023-08-08 10:28:57,010 [INFO] ApiDb:261 - Set plugin images path to: C:\ST\STM32CubeIDE_1.11.2\STM32CubeIDE\plugins\com.st.stm32cube.common.mx_6.9.1.202307191849\\db\/plugins/mcufinder/images/
2023-08-08 10:28:57,010 [WARN] DbFile:41 - Overriding database path with different value: C:\Users\admin\.stmcufinder\plugins\mcufinder/ => C:\Users\admin\.stmcufinder\plugins\mcufinder
2023-08-08 10:28:57,010 [INFO] ApiDb:250 - Set database path to: C:\Users\admin\.stmcufinder\plugins\mcufinder//mcu/
2023-08-08 10:28:57,010 [WARN] DbFile:41 - Overriding database path with different value: C:\Users\admin\.stmcufinder\plugins\mcufinder/ => C:\Users\admin\.stmcufinder\plugins\mcufinder
2023-08-08 10:28:57,010 [INFO] DbMcusAds:125 - Set database path to: C:\Users\admin\.stmcufinder\plugins\mcufinder//mcu/
2023-08-08 10:28:57,010 [WARN] DbFile:41 - Overriding database path with different value: C:\Users\admin\.stmcufinder\plugins\mcufinder/ => C:\Users\admin\.stmcufinder\plugins\mcufinder
2023-08-08 10:28:57,010 [WARN] DbFile:41 - Overriding database path with different value: C:\Users\admin\.stmcufinder\plugins\mcufinder/ => C:\Users\admin\.stmcufinder\plugins\mcufinder
2023-08-08 10:28:57,011 [INFO] CrossReferenceDbSqlite:203 - Set database path to: C:\Users\admin\.stmcufinder\plugins\mcufinder//mcu/cs/
2023-08-08 10:28:57,144 [INFO] MainPanel:262 - HeapMemory: 268435456
2023-08-08 10:28:57,319 [INFO] DbMcusXml:78 - Set database path to: C:\ST\STM32CubeIDE_1.11.2\STM32CubeIDE\plugins\com.st.stm32cube.common.mx_6.9.1.202307191849\\db\/mcu/
2023-08-08 10:28:57,320 [INFO] ApiDb:274 - Set plugin database path to: C:\ST\STM32CubeIDE_1.11.2\STM32CubeIDE\plugins\com.st.stm32cube.common.mx_6.9.1.202307191849\\db\/plugins/boardmanager/
2023-08-08 10:28:57,320 [INFO] ApiDb:261 - Set plugin images path to: C:\ST\STM32CubeIDE_1.11.2\STM32CubeIDE\plugins\com.st.stm32cube.common.mx_6.9.1.202307191849\\db\/plugins/mcufinder/images/
2023-08-08 10:28:57,321 [WARN] DbFile:41 - Overriding database path with different value: C:\Users\admin\.stmcufinder\plugins\mcufinder/ => C:\Users\admin\.stmcufinder\plugins\mcufinder
2023-08-08 10:28:57,321 [INFO] ApiDb:250 - Set database path to: C:\Users\admin\.stmcufinder\plugins\mcufinder//mcu/
2023-08-08 10:28:57,321 [WARN] DbFile:41 - Overriding database path with different value: C:\Users\admin\.stmcufinder\plugins\mcufinder/ => C:\Users\admin\.stmcufinder\plugins\mcufinder
2023-08-08 10:28:57,321 [INFO] DbMcusAds:125 - Set database path to: C:\Users\admin\.stmcufinder\plugins\mcufinder//mcu/
2023-08-08 10:28:57,321 [WARN] DbFile:41 - Overriding database path with different value: C:\Users\admin\.stmcufinder\plugins\mcufinder/ => C:\Users\admin\.stmcufinder\plugins\mcufinder
2023-08-08 10:28:57,321 [WARN] DbFile:41 - Overriding database path with different value: C:\Users\admin\.stmcufinder\plugins\mcufinder/ => C:\Users\admin\.stmcufinder\plugins\mcufinder
2023-08-08 10:28:57,321 [INFO] CrossReferenceDbSqlite:203 - Set database path to: C:\Users\admin\.stmcufinder\plugins\mcufinder//mcu/cs/
2023-08-08 10:28:57,357 [INFO] ApplicationProperties:184 - Using Application install path: C:\ST\STM32CubeIDE_1.11.2\STM32CubeIDE\plugins\com.st.stm32cube.common.mx_6.9.1.202307191849
2023-08-08 10:28:57,359 [INFO] PluginManage:196 - Search for loadable plugins [exclusion list=, ]
2023-08-08 10:28:57,360 [INFO] PluginManage:310 - Check plugin analytics
2023-08-08 10:28:57,604 [INFO] AnalyticsPlugin:253 - Accepted Software Licenses: 
2023-08-08 10:28:57,604 [INFO] AnalyticsPlugin:255 - Accepted CMSIS Pack Licenses: 
2023-08-08 10:28:57,604 [INFO] AnalyticsPlugin:257 - Accepted Firmware Licenses: 
2023-08-08 10:28:57,608 [INFO] PluginManage:359 - Loaded plugin analytics (category:tool,tabindex:-1)
2023-08-08 10:28:57,609 [INFO] PluginManage:310 - Check plugin cadmodel
2023-08-08 10:28:57,703 [INFO] CADModel:105 - Init CAD model plugin
2023-08-08 10:28:57,703 [INFO] PluginManage:359 - Loaded plugin cadmodel (category:power,tabindex:5)
2023-08-08 10:28:57,703 [INFO] PluginManage:310 - Check plugin clock
2023-08-08 10:28:57,732 [INFO] PluginManage:359 - Loaded plugin clock (category:base,tabindex:2)
2023-08-08 10:28:57,733 [INFO] PluginManage:310 - Check plugin ddr
2023-08-08 10:28:57,736 [INFO] PluginManage:359 - Loaded plugin ddr (category:tool,tabindex:6)
2023-08-08 10:28:57,736 [INFO] PluginManage:310 - Check plugin filemanager
2023-08-08 10:28:57,933 [INFO] PluginManage:359 - Loaded plugin filemanager (category:base,tabindex:10)
2023-08-08 10:28:57,933 [INFO] PluginManage:310 - Check plugin ipmanager
2023-08-08 10:28:57,943 [INFO] PluginManage:359 - Loaded plugin ipmanager (category:base,tabindex:5)
2023-08-08 10:28:57,943 [INFO] PluginManage:310 - Check plugin lpbam
2023-08-08 10:28:57,972 [INFO] PluginManage:359 - Loaded plugin lpbam (category:base,tabindex:0)
2023-08-08 10:28:57,972 [INFO] PluginManage:310 - Check plugin memorymap
2023-08-08 10:28:58,006 [INFO] PluginManage:359 - Loaded plugin memorymap (category:base,tabindex:4)
2023-08-08 10:28:58,006 [INFO] PluginManage:310 - Check plugin pinoutandconfiguration
2023-08-08 10:28:58,037 [INFO] PluginManage:359 - Loaded plugin pinoutandconfiguration (category:base,tabindex:1)
2023-08-08 10:28:58,037 [INFO] PluginManage:310 - Check plugin pinoutconfig
2023-08-08 10:28:58,159 [WARN] SupportedApi:132 - Cannot load RTOS API schema: s4s-elt-must-match.1: The content of 'definitions' must match (annotation?, (simpleType | complexType)?, (unique | key | keyref)*)). A problem was found starting at: attribute.
2023-08-08 10:28:58,349 [INFO] PluginManage:359 - Loaded plugin pinoutconfig (category:base,tabindex:0)
2023-08-08 10:28:58,349 [INFO] PluginManage:310 - Check plugin power
2023-08-08 10:28:58,381 [INFO] PluginManage:359 - Loaded plugin power (category:power,tabindex:4)
2023-08-08 10:28:58,381 [INFO] PluginManage:310 - Check plugin projectmanager
2023-08-08 10:28:58,404 [INFO] PluginManage:359 - Loaded plugin projectmanager (category:projectmanager,tabindex:3)
2023-08-08 10:28:58,404 [INFO] PluginManage:310 - Check plugin thirdparty
2023-08-08 10:28:58,790 [WARN] IntegrityCheckThread:84 - waiting for thirdparty lock release [integrity check]
2023-08-08 10:28:58,790 [INFO] PluginManage:359 - Loaded plugin thirdparty (category:base,tabindex:-1)
2023-08-08 10:28:58,790 [INFO] IntegrityCheckThread:86 - entering critical section [integrity check]
2023-08-08 10:28:58,790 [INFO] PluginManage:310 - Check plugin tools
2023-08-08 10:28:58,791 [INFO] ThirdPartyUpdaterWithRetryManager:70 - Updater plugin not ready yet. [1/15]
2023-08-08 10:28:58,865 [INFO] PluginManage:359 - Loaded plugin tools (category:base,tabindex:7)
2023-08-08 10:28:58,865 [INFO] PluginManage:310 - Check plugin tutovideos
2023-08-08 10:28:59,150 [INFO] PluginManage:359 - Loaded plugin tutovideos (category:base,tabindex:-1)
2023-08-08 10:28:59,150 [INFO] PluginManage:310 - Check plugin updater
2023-08-08 10:28:59,167 [INFO] PluginManage:359 - Loaded plugin updater (category:base,tabindex:12)
2023-08-08 10:28:59,167 [INFO] PluginManage:310 - Check plugin userauth
2023-08-08 10:28:59,176 [INFO] UserAuth:113 - Init User Auth plugin
2023-08-08 10:28:59,176 [INFO] PluginManage:359 - Loaded plugin userauth (category:base,tabindex:14)
2023-08-08 10:28:59,176 [INFO] PluginManage:283 - PluginManage : Loaded plugins [17]
2023-08-08 10:28:59,478 [INFO] PinOutPanel:1499 - setPackage(No Configuration,No Configuration)
2023-08-08 10:28:59,669 [INFO] CADModel:165 - CPN selected for project level
2023-08-08 10:28:59,669 [INFO] CADModel:114 - Register for checkConnection events
2023-08-08 10:28:59,727 [INFO] IPUIPlugin:80 - create IPUIPlugin
2023-08-08 10:28:59,728 [INFO] PluginManager:220 - loadIPPluginJar : add adc
2023-08-08 10:28:59,797 [INFO] IPUIPlugin:80 - create IPUIPlugin
2023-08-08 10:28:59,797 [INFO] PluginManager:220 - loadIPPluginJar : add aes
2023-08-08 10:28:59,883 [INFO] IPUIPlugin:80 - create IPUIPlugin
2023-08-08 10:28:59,883 [INFO] PluginManager:220 - loadIPPluginJar : add can
2023-08-08 10:28:59,929 [INFO] IPUIPlugin:80 - create IPUIPlugin
2023-08-08 10:28:59,931 [INFO] PluginManager:220 - loadIPPluginJar : add comp
2023-08-08 10:29:00,003 [INFO] IPUIPlugin:80 - create IPUIPlugin
2023-08-08 10:29:00,004 [INFO] PluginManager:220 - loadIPPluginJar : add cryp
2023-08-08 10:29:00,067 [INFO] IPUIPlugin:80 - create IPUIPlugin
2023-08-08 10:29:00,067 [INFO] PluginManager:220 - loadIPPluginJar : add dfsdm
2023-08-08 10:29:00,101 [INFO] IPUIPlugin:80 - create IPUIPlugin
2023-08-08 10:29:00,102 [INFO] PluginManager:220 - loadIPPluginJar : add dma
2023-08-08 10:29:00,191 [INFO] IPUIPlugin:80 - create IPUIPlugin
2023-08-08 10:29:00,191 [INFO] PluginManager:220 - loadIPPluginJar : add dma3
2023-08-08 10:29:00,215 [INFO] IPUIPlugin:80 - create IPUIPlugin
2023-08-08 10:29:00,215 [INFO] PluginManager:220 - loadIPPluginJar : add fatfs
2023-08-08 10:29:00,306 [INFO] IPUIPlugin:80 - create IPUIPlugin
2023-08-08 10:29:00,307 [INFO] PluginManager:220 - loadIPPluginJar : add fmc
2023-08-08 10:29:00,331 [INFO] IPUIPlugin:80 - create IPUIPlugin
2023-08-08 10:29:00,332 [INFO] PluginManager:220 - loadIPPluginJar : add freertos
2023-08-08 10:29:00,371 [INFO] IPUIPlugin:80 - create IPUIPlugin
2023-08-08 10:29:00,372 [INFO] PluginManager:220 - loadIPPluginJar : add genericplugin
2023-08-08 10:29:00,574 [INFO] IPUIPlugin:80 - create IPUIPlugin
2023-08-08 10:29:00,574 [INFO] PluginManager:220 - loadIPPluginJar : add gfxmmu
2023-08-08 10:29:00,796 [INFO] IPUIPlugin:80 - create IPUIPlugin
2023-08-08 10:29:00,797 [INFO] PluginManager:220 - loadIPPluginJar : add gic
2023-08-08 10:29:00,822 [INFO] IPUIPlugin:80 - create IPUIPlugin
2023-08-08 10:29:00,822 [INFO] PluginManager:220 - loadIPPluginJar : add gpio
2023-08-08 10:29:00,950 [INFO] IPUIPlugin:80 - create IPUIPlugin
2023-08-08 10:29:00,950 [INFO] PluginManager:220 - loadIPPluginJar : add gtzc
2023-08-08 10:29:01,006 [INFO] IPUIPlugin:80 - create IPUIPlugin
2023-08-08 10:29:01,006 [INFO] PluginManager:220 - loadIPPluginJar : add hash
2023-08-08 10:29:01,123 [INFO] IPUIPlugin:80 - create IPUIPlugin
2023-08-08 10:29:01,123 [INFO] PluginManager:220 - loadIPPluginJar : add i2c
2023-08-08 10:29:01,200 [INFO] IPUIPlugin:80 - create IPUIPlugin
2023-08-08 10:29:01,200 [INFO] PluginManager:220 - loadIPPluginJar : add i2s
2023-08-08 10:29:01,273 [INFO] IPUIPlugin:80 - create IPUIPlugin
2023-08-08 10:29:01,273 [INFO] PluginManager:220 - loadIPPluginJar : add i3c
2023-08-08 10:29:01,461 [INFO] IPUIPlugin:80 - create IPUIPlugin
2023-08-08 10:29:01,461 [INFO] PluginManager:220 - loadIPPluginJar : add ipddr
2023-08-08 10:29:01,609 [INFO] IPUIPlugin:80 - create IPUIPlugin
2023-08-08 10:29:01,610 [INFO] PluginManager:220 - loadIPPluginJar : add linkedlist
2023-08-08 10:29:01,650 [INFO] IPUIPlugin:80 - create IPUIPlugin
2023-08-08 10:29:01,650 [INFO] PluginManager:220 - loadIPPluginJar : add lorawan
2023-08-08 10:29:01,703 [INFO] IPUIPlugin:80 - create IPUIPlugin
2023-08-08 10:29:01,703 [INFO] PluginManager:220 - loadIPPluginJar : add ltdc
2023-08-08 10:29:01,723 [INFO] IPUIPlugin:80 - create IPUIPlugin
2023-08-08 10:29:01,724 [INFO] PluginManager:220 - loadIPPluginJar : add mdma
2023-08-08 10:29:01,741 [INFO] IPUIPlugin:80 - create IPUIPlugin
2023-08-08 10:29:01,741 [INFO] PluginManager:220 - loadIPPluginJar : add nvic
2023-08-08 10:29:01,785 [INFO] IPUIPlugin:80 - create IPUIPlugin
2023-08-08 10:29:01,786 [INFO] PluginManager:220 - loadIPPluginJar : add opamp
2023-08-08 10:29:01,792 [INFO] ThirdPartyUpdaterWithRetryManager:70 - Updater plugin not ready yet. [2/15]
2023-08-08 10:29:01,891 [INFO] IPUIPlugin:80 - create IPUIPlugin
2023-08-08 10:29:01,891 [INFO] PluginManager:220 - loadIPPluginJar : add openamp
2023-08-08 10:29:01,959 [INFO] IPUIPlugin:80 - create IPUIPlugin
2023-08-08 10:29:01,959 [INFO] PluginManager:220 - loadIPPluginJar : add pdm2pcm
2023-08-08 10:29:01,983 [INFO] IPUIPlugin:80 - create IPUIPlugin
2023-08-08 10:29:01,988 [INFO] PluginManager:220 - loadIPPluginJar : add plateformsettings
2023-08-08 10:29:02,033 [INFO] IPUIPlugin:80 - create IPUIPlugin
2023-08-08 10:29:02,033 [INFO] PluginManager:220 - loadIPPluginJar : add quadspi
2023-08-08 10:29:02,056 [INFO] IPUIPlugin:80 - create IPUIPlugin
2023-08-08 10:29:02,057 [INFO] PluginManager:220 - loadIPPluginJar : add resmgrutility
2023-08-08 10:29:02,129 [INFO] IPUIPlugin:80 - create IPUIPlugin
2023-08-08 10:29:02,129 [INFO] PluginManager:220 - loadIPPluginJar : add sai
2023-08-08 10:29:02,191 [INFO] IPUIPlugin:80 - create IPUIPlugin
2023-08-08 10:29:02,191 [INFO] PluginManager:220 - loadIPPluginJar : add spi
2023-08-08 10:29:02,308 [INFO] IPUIPlugin:80 - create IPUIPlugin
2023-08-08 10:29:02,308 [INFO] PluginManager:220 - loadIPPluginJar : add stm32_wpan
2023-08-08 10:29:02,351 [INFO] IPUIPlugin:80 - create IPUIPlugin
2023-08-08 10:29:02,351 [INFO] PluginManager:220 - loadIPPluginJar : add tim
2023-08-08 10:29:02,467 [INFO] IPUIPlugin:80 - create IPUIPlugin
2023-08-08 10:29:02,468 [INFO] PluginManager:220 - loadIPPluginJar : add touchsensing
2023-08-08 10:29:02,506 [INFO] IPUIPlugin:80 - create IPUIPlugin
2023-08-08 10:29:02,506 [INFO] PluginManager:220 - loadIPPluginJar : add tracer_emb
2023-08-08 10:29:02,531 [INFO] IPUIPlugin:80 - create IPUIPlugin
2023-08-08 10:29:02,532 [INFO] PluginManager:220 - loadIPPluginJar : add ts
2023-08-08 10:29:02,575 [INFO] IPUIPlugin:80 - create IPUIPlugin
2023-08-08 10:29:02,576 [INFO] PluginManager:220 - loadIPPluginJar : add tsc
2023-08-08 10:29:02,620 [INFO] IPUIPlugin:80 - create IPUIPlugin
2023-08-08 10:29:02,621 [INFO] PluginManager:220 - loadIPPluginJar : add ucpd
2023-08-08 10:29:02,693 [INFO] IPUIPlugin:80 - create IPUIPlugin
2023-08-08 10:29:02,694 [INFO] PluginManager:220 - loadIPPluginJar : add usart
2023-08-08 10:29:02,783 [INFO] IPUIPlugin:80 - create IPUIPlugin
2023-08-08 10:29:02,784 [INFO] PluginManager:220 - loadIPPluginJar : add usbx
2023-08-08 10:29:02,957 [INFO] CADModel:165 - CPN selected for project level
2023-08-08 10:29:02,957 [INFO] CADModel:114 - Register for checkConnection events
2023-08-08 10:29:02,959 [FATAL] Updater:308 - Updater called before beeing initialized
2023-08-08 10:29:02,959 [ERROR] CADModel:125 - Updater not yet initialized, retry later 
2023-08-08 10:29:03,301 [INFO] CADModel:165 - CPN selected for project level
2023-08-08 10:29:03,302 [INFO] CADModel:114 - Register for checkConnection events
2023-08-08 10:29:03,302 [FATAL] Updater:308 - Updater called before beeing initialized
2023-08-08 10:29:03,302 [ERROR] CADModel:125 - Updater not yet initialized, retry later 
2023-08-08 10:29:03,308 [FATAL] Updater:308 - Updater called before beeing initialized
2023-08-08 10:29:03,574 [FATAL] Updater:308 - Updater called before beeing initialized
2023-08-08 10:29:03,600 [INFO] DbMcusAds:53 - JSON generation date=Tue Mar 07 15:50:55 ICT 2023 (1678179055114)
2023-08-08 10:29:03,600 [FATAL] Updater:308 - Updater called before beeing initialized
2023-08-08 10:29:03,749 [WARN] DetailPanel:346 - Failed to get advertising image, set to default
2023-08-08 10:29:03,950 [FATAL] Updater:308 - Updater called before beeing initialized
2023-08-08 10:29:03,954 [FATAL] Updater:308 - Updater called before beeing initialized
2023-08-08 10:29:03,955 [FATAL] Updater:308 - Updater called before beeing initialized
2023-08-08 10:29:03,955 [WARN] DetailPanel:346 - Failed to get advertising image, set to default
2023-08-08 10:29:03,957 [FATAL] Updater:308 - Updater called before beeing initialized
2023-08-08 10:29:04,082 [ERROR] Updater:1120 - MainUpdater not yet initialized. External WinMGr cannot be set.
2023-08-08 10:29:04,099 [INFO] Updater:1056 - Updater Version found : 6.9.1
2023-08-08 10:29:04,141 [INFO] ApplicationProperties:184 - Using Application install path: C:\ST\STM32CubeIDE_1.11.2\STM32CubeIDE\plugins\com.st.stm32cube.common.mx_6.9.1.202307191849
2023-08-08 10:29:04,742 [INFO] MainUpdater:2868 - connection check result : 10
2023-08-08 10:29:04,744 [INFO] MainUpdater:285 - Updater Check For Update Now.
2023-08-08 10:29:04,745 [INFO] MicroXplorer:498 - Change Database Version : DB.6.0.91
2023-08-08 10:29:04,774 [INFO] McuFinderGlobals:63 - Set McuFinder mode to 2 (CubeIDE integrated)
2023-08-08 10:29:04,774 [INFO] UserAuth:179 - activating auth plugin
2023-08-08 10:29:04,782 [INFO] UserAuth:393 - Internet connection configuration mode: 1
2023-08-08 10:29:04,805 [WARN] MainUpdater:1189 - Updater busy. Cannot search thirdparties
2023-08-08 10:29:04,806 [INFO] ThirdPartyUpdaterWithRetryManager:96 - Updater plugin is busy. [1/15]
2023-08-08 10:29:04,837 [INFO] JxBrowserEngine:151 - Initiate JxBrowser Engine with user profile folder
2023-08-08 10:29:05,073 [INFO] CheckServerUpdateThread:120 - End of CheckServer Thread
2023-08-08 10:29:08,217 [WARN] PackLoader:240 - Cannot read IP mode file for STMicroelectronics.X-CUBE-SMBUS.2.1.0
2023-08-08 10:29:08,220 [INFO] WebApp:157 - Instantiating new browser for Auth
2023-08-08 10:29:08,344 [WARN] PackLoader:240 - Cannot read IP mode file for STMicroelectronics.X-CUBE-AZRTOS-F7.1.1.0
2023-08-08 10:29:08,393 [ERROR] RealEvaluatedCondition:428 - Found unsupported composite condition: CLASS='Data Exchange' GROUP='STM32_MetaDataManager'
2023-08-08 10:29:08,394 [ERROR] RealEvaluatedCondition:428 - Found unsupported composite condition: CLASS='Data Exchange' GROUP='STM32_MetaDataManager'
2023-08-08 10:29:08,398 [WARN] PackLoader:240 - Cannot read IP mode file for STMicroelectronics.FP-SNS-MOTENV1.4.3.0
2023-08-08 10:29:08,434 [WARN] PackLoader:240 - Cannot read IP mode file for STMicroelectronics.FP-SNS-MOTENV1.4.3.2
2023-08-08 10:29:08,462 [WARN] PackLoader:240 - Cannot read IP mode file for STMicroelectronics.FP-SNS-FLIGHT1.5.0.0
2023-08-08 10:29:08,490 [ERROR] RealEvaluatedCondition:428 - Found unsupported composite condition: GROUP='STM32_MetaDataManager' CLASS='Data Exchange'
2023-08-08 10:29:08,491 [ERROR] RealEvaluatedCondition:428 - Found unsupported composite condition: CLASS='Data Exchange' GROUP='STM32_MetaDataManager'
2023-08-08 10:29:08,493 [WARN] PackLoader:240 - Cannot read IP mode file for STMicroelectronics.FP-SNS-MOTENV1.4.3.1
2023-08-08 10:29:08,523 [WARN] PackLoader:240 - Cannot read IP mode file for STMicroelectronics.FP-SNS-FLIGHT1.5.0.1
2023-08-08 10:29:08,552 [WARN] PackLoader:240 - Cannot read IP mode file for STMicroelectronics.X-CUBE-BLE1.6.2.4
2023-08-08 10:29:08,576 [WARN] PackLoader:240 - Cannot read IP mode file for STMicroelectronics.FP-SNS-FLIGHT1.5.0.2
2023-08-08 10:29:08,607 [WARN] PackLoader:240 - Cannot read IP mode file for STMicroelectronics.X-CUBE-DISPLAY.3.0.0
2023-08-08 10:29:08,643 [WARN] PackLoader:240 - Cannot read IP mode file for STMicroelectronics.X-CUBE-TOUCHGFX.4.22.0
2023-08-08 10:29:08,676 [INFO] LogOutputStream:77 - [STDOUT_REDIRECT] 1 : Invalid condition id : UX_CORESTACK_Condition cause : null
2023-08-08 10:29:08,677 [INFO] LogOutputStream:77 - [STDOUT_REDIRECT] 1 : Invalid condition id : UX_CORESTACK_Condition cause : null
2023-08-08 10:29:08,680 [INFO] LogOutputStream:77 - [STDOUT_REDIRECT] 1 : Invalid condition id : UX_CORESTACK_Condition cause : null
2023-08-08 10:29:08,683 [INFO] LogOutputStream:77 - [STDOUT_REDIRECT] 1 : Invalid condition id : UX_CORESTACK_Condition cause : null
2023-08-08 10:29:08,684 [INFO] LogOutputStream:77 - [STDOUT_REDIRECT] 1 : Invalid condition id : UX_CORESTACK_Condition cause : null
2023-08-08 10:29:08,690 [WARN] PackLoader:240 - Cannot read IP mode file for STMicroelectronics.X-CUBE-AZRTOS-WL.2.0.0
2023-08-08 10:29:08,723 [WARN] PackLoader:240 - Cannot read IP mode file for WES.I-CUBE-Cesium.1.3.0
2023-08-08 10:29:08,743 [WARN] PackLoader:240 - Cannot read IP mode file for STMicroelectronics.X-CUBE-BLE2.3.3.0
2023-08-08 10:29:08,776 [WARN] PackLoader:240 - Cannot read IP mode file for STMicroelectronics.X-CUBE-TOF1.3.2.0
2023-08-08 10:29:08,807 [WARN] PackLoader:240 - Cannot read IP mode file for STMicroelectronics.X-CUBE-TOUCHGFX.4.21.1
2023-08-08 10:29:08,824 [WARN] PackLoader:240 - Cannot read IP mode file for STMicroelectronics.X-CUBE-TOUCHGFX.4.21.3
2023-08-08 10:29:08,841 [WARN] PackLoader:240 - Cannot read IP mode file for STMicroelectronics.X-CUBE-TOUCHGFX.4.21.4
2023-08-08 10:29:08,865 [WARN] PackLoader:240 - Cannot read IP mode file for STMicroelectronics.X-CUBE-ALGOBUILD.1.3.0
2023-08-08 10:29:08,918 [WARN] PackLoader:240 - Cannot read IP mode file for STMicroelectronics.X-CUBE-AZRTOS-G0.1.1.0
2023-08-08 10:29:08,946 [WARN] PackLoader:240 - Cannot read IP mode file for STMicroelectronics.X-CUBE-NFC4.3.0.0
2023-08-08 10:29:08,972 [WARN] PackLoader:240 - Cannot read IP mode file for STMicroelectronics.X-CUBE-BLEMGR.1.3.0
2023-08-08 10:29:08,992 [WARN] PackLoader:240 - Cannot read IP mode file for STMicroelectronics.FP-ATR-SIGFOX1.3.2.0
2023-08-08 10:29:09,104 [WARN] PackLoader:240 - Cannot read IP mode file for STMicroelectronics.X-CUBE-MEMS1.9.5.0
2023-08-08 10:29:09,457 [WARN] PackLoader:240 - Cannot read IP mode file for SEGGER.I-CUBE-embOS.1.3.1
2023-08-08 10:29:09,552 [WARN] PackLoader:240 - Cannot read IP mode file for STMicroelectronics.X-CUBE-GNSS1.6.0.0
2023-08-08 10:29:09,570 [INFO] WebApp:753 - Register for checkConnection events
2023-08-08 10:29:09,571 [INFO] WebApp:390 - Apply proxy settings
2023-08-08 10:29:09,571 [INFO] WebApp:475 - Chromium requires no authentication
2023-08-08 10:29:09,589 [INFO] WebApp:418 - Direct internet connection detected
2023-08-08 10:29:09,600 [WARN] PackLoader:240 - Cannot read IP mode file for STMicroelectronics.X-CUBE-AZRTOS-F4.1.1.0
2023-08-08 10:29:09,715 [WARN] PackLoader:240 - Cannot read IP mode file for STMicroelectronics.X-CUBE-MEMS1.9.6.0
2023-08-08 10:29:10,199 [WARN] PackLoader:240 - Cannot read IP mode file for emotas.I-CUBE-CANOPEN.1.1.3
2023-08-08 10:29:10,237 [WARN] PackLoader:240 - Cannot read IP mode file for STMicroelectronics.X-CUBE-BLEMGR.2.0.0
2023-08-08 10:29:10,259 [INFO] WebApp:188 - Starting web application
2023-08-08 10:29:10,259 [INFO] WebApp:520 - Web application path used C:\ST\STM32CubeIDE_1.11.2\STM32CubeIDE\plugins\com.st.stm32cube.common.mx_6.9.1.202307191849\db\plugins\mcufinder\reactClient1\index.html
2023-08-08 10:29:10,302 [WARN] ConditionMgr:438 - getConditionDescription Invalid condition id : UX DEVICE CLASS RTOS Condition cause : null
2023-08-08 10:29:10,305 [WARN] ConditionMgr:438 - getConditionDescription Invalid condition id : UX DEVICE CLASS RTOS Condition cause : null
2023-08-08 10:29:10,321 [WARN] PackLoader:240 - Cannot read IP mode file for STMicroelectronics.X-CUBE-AZRTOS-H7.3.1.0
2023-08-08 10:29:10,323 [WARN] ConditionMgr:1039 - genDependencies : Invalid condition id : UX DEVICE CLASS RTOS Condition cause : null
2023-08-08 10:29:10,323 [WARN] ConditionMgr:1039 - genDependencies : Invalid condition id : UX DEVICE CLASS RTOS Condition cause : null
2023-08-08 10:29:10,324 [WARN] ConditionMgr:1039 - genDependencies : Invalid condition id : UX DEVICE CLASS RTOS Condition cause : null
2023-08-08 10:29:10,325 [WARN] ConditionMgr:1039 - genDependencies : Invalid condition id : UX DEVICE CLASS RTOS Condition cause : null
2023-08-08 10:29:10,325 [WARN] ConditionMgr:1039 - genDependencies : Invalid condition id : UX DEVICE CLASS RTOS Condition cause : null
2023-08-08 10:29:10,419 [WARN] PackLoader:240 - Cannot read IP mode file for wolfSSL.I-CUBE-wolfSSL.5.5.4
2023-08-08 10:29:10,441 [WARN] PackLoader:240 - Cannot read IP mode file for STMicroelectronics.X-CUBE-NFC7.1.0.1
2023-08-08 10:29:10,466 [WARN] PackLoader:240 - Cannot read IP mode file for STMicroelectronics.X-CUBE-NFC7.1.0.0
2023-08-08 10:29:10,486 [WARN] PackLoader:240 - Cannot read IP mode file for STMicroelectronics.X-CUBE-EEPRMA1.4.1.0
2023-08-08 10:29:10,549 [WARN] ConditionMgr:438 - getConditionDescription Invalid condition id : LAN8742 Phy interface Condition cause : null
2023-08-08 10:29:10,551 [WARN] PackLoader:240 - Cannot read IP mode file for STMicroelectronics.X-CUBE-AZRTOS-L4.2.0.0
2023-08-08 10:29:10,553 [WARN] ConditionMgr:1039 - genDependencies : Invalid condition id : LAN8742 Phy interface Condition cause : null
2023-08-08 10:29:10,554 [WARN] ConditionMgr:1039 - genDependencies : Invalid condition id : LAN8742 Phy interface Condition cause : null
2023-08-08 10:29:10,556 [WARN] ConditionMgr:1039 - genDependencies : Invalid condition id : LAN8742 Phy interface Condition cause : null
2023-08-08 10:29:10,588 [WARN] PackLoader:240 - Cannot read IP mode file for STMicroelectronics.X-CUBE-SFXS2LP1.4.0.0
2023-08-08 10:29:10,755 [WARN] PackLoader:240 - Cannot read IP mode file for STMicroelectronics.X-CUBE-AZRTOS-H7.3.0.0
2023-08-08 10:29:10,820 [WARN] PackLoader:240 - Cannot read IP mode file for STMicroelectronics.X-CUBE-ISPU.1.1.0
2023-08-08 10:29:10,850 [WARN] PackLoader:240 - Cannot read IP mode file for RoweBots.I-CUBE-UNISONRTOS.5.5.0-4
2023-08-08 10:29:10,875 [WARN] PackLoader:240 - Cannot read IP mode file for STMicroelectronics.X-CUBE-AI.8.0.0
2023-08-08 10:29:10,920 [WARN] PackLoader:240 - Cannot read IP mode file for STMicroelectronics.X-CUBE-FREERTOS.1.0.0
2023-08-08 10:29:10,944 [WARN] PackLoader:240 - Cannot read IP mode file for STMicroelectronics.X-CUBE-FREERTOS.1.0.1
2023-08-08 10:29:11,037 [WARN] PackLoader:240 - Cannot read IP mode file for STMicroelectronics.X-CUBE-AZRTOS-L5.1.1.0
2023-08-08 10:29:11,069 [WARN] PackLoader:240 - Cannot read IP mode file for STMicroelectronics.X-CUBE-AI.8.0.1
2023-08-08 10:29:11,109 [WARN] PackLoader:240 - Cannot read IP mode file for STMicroelectronics.X-CUBE-SUBG2.5.0.0
2023-08-08 10:29:11,318 [WARN] PackLoader:240 - Cannot read IP mode file for STMicroelectronics.X-CUBE-TOF1.3.3.1
2023-08-08 10:29:11,448 [WARN] PackLoader:240 - Cannot read IP mode file for STMicroelectronics.X-CUBE-AZRTOS-G4.2.0.0
2023-08-08 10:29:11,497 [WARN] PackLoader:240 - Cannot read IP mode file for STMicroelectronics.X-CUBE-TOF1.3.3.0
2023-08-08 10:29:11,554 [WARN] PackLoader:240 - Cannot read IP mode file for STMicroelectronics.FP-ATR-ASTRA1.1.1.1
2023-08-08 10:29:11,617 [WARN] PackLoader:240 - Cannot read IP mode file for STMicroelectronics.X-CUBE-AZRTOS-G4.1.0.0
2023-08-08 10:29:11,707 [WARN] PackLoader:240 - Cannot read IP mode file for STMicroelectronics.X-CUBE-AZRTOS-L4.1.0.0
2023-08-08 10:29:11,783 [WARN] PackLoader:240 - Cannot read IP mode file for STMicroelectronics.X-CUBE-AZRTOS-WL.1.0.0
2023-08-08 10:29:11,850 [WARN] PackLoader:240 - Cannot read IP mode file for portGmbH.I-Cube-SoM-uGOAL.1.1.0
2023-08-08 10:29:11,921 [WARN] PackLoader:240 - Cannot read IP mode file for STMicroelectronics.X-CUBE-ALS.1.0.1
2023-08-08 10:29:11,966 [WARN] PackLoader:240 - Cannot read IP mode file for STMicroelectronics.X-CUBE-AZRTOS-WB.1.1.0
2023-08-08 10:29:11,986 [WARN] PackLoader:240 - Cannot read IP mode file for STMicroelectronics.FP-ATR-ASTRA1.2.0.0
2023-08-08 10:29:11,987 [INFO] ThirdParty:978 - Integrity check success = true
2023-08-08 10:29:11,987 [INFO] IntegrityCheckThread:100 - exiting critical section [integrity check]
2023-08-08 10:29:11,987 [INFO] IntegrityCheckThread:103 - End integrity checks thread
2023-08-08 10:29:32,435 [ERROR] LogOutputStream:75 - [STDERR_REDIRECT] SLF4J: Failed to load class "org.slf4j.impl.StaticLoggerBinder".
2023-08-08 10:29:32,435 [ERROR] LogOutputStream:75 - [STDERR_REDIRECT] SLF4J: Defaulting to no-operation (NOP) logger implementation
2023-08-08 10:29:32,437 [ERROR] LogOutputStream:75 - [STDERR_REDIRECT] SLF4J: See http://www.slf4j.org/codes.html#StaticLoggerBinder for further details.
2023-08-08 10:34:36,140 [INFO] McuFinderGlobals:63 - Set McuFinder mode to 2 (CubeIDE integrated)
2023-08-08 10:34:36,169 [INFO] MainUpdater:2868 - connection check result : 10
2023-08-08 10:34:36,175 [INFO] MainUpdater:2868 - connection check result : 10
2023-08-08 10:34:36,359 [INFO] MicroXplorer:468 - Change Database Path : 
2023-08-08 10:34:36,359 [INFO] MicroXplorer:498 - Change Database Version : DB.6.0.91
2023-08-08 10:34:36,363 [WARN] ThirdParty:871 - waiting for thirdparty lock release [close project]
2023-08-08 10:34:36,363 [INFO] ThirdParty:873 - entering critical section [close project]
2023-08-08 10:34:36,364 [INFO] ThirdParty:883 - exiting critical section [close project]
2023-08-08 10:34:36,366 [INFO] PinOutPanel:1499 - setPackage(No Configuration,No Configuration)
2023-08-08 10:34:36,373 [INFO] UtilMem:75 - Begin LoadConfig() Used Memory: 498537168 Bytes (791674880)
2023-08-08 10:34:36,375 [INFO] MicroXplorer:468 - Change Database Path : 
2023-08-08 10:34:36,375 [INFO] MicroXplorer:498 - Change Database Version : DB.6.0.91
2023-08-08 10:34:36,375 [INFO] OpenFileManager:308 - Change cursor
2023-08-08 10:34:36,428 [INFO] Mcu:1946 - Initializing MCU STM32F103C(8-B)Tx STM32F103C8Tx STM32F103C8T6
2023-08-08 10:34:38,154 [INFO] Context:659 - Trying to add GPIOservice into a context  which must be forbidden
2023-08-08 10:34:39,006 [INFO] RtosManager:555 - Registered RTOS mode: class=CMSIS, group=RTOS, mode=CMSIS_V1, owner=FREERTOS
2023-08-08 10:34:39,006 [INFO] RtosManager:555 - Registered RTOS mode: class=CMSIS, group=RTOS2, mode=CMSIS_V2, owner=FREERTOS
2023-08-08 10:34:39,006 [INFO] RtosManager:555 - Registered RTOS mode: class=RTOS, group=Core, mode=CMSIS_V1, owner=FREERTOS
2023-08-08 10:34:39,006 [INFO] RtosManager:555 - Registered RTOS mode: class=RTOS, group=Core, mode=CMSIS_V2, owner=FREERTOS
2023-08-08 10:34:39,007 [WARN] ModelIntegratedComponent:184 - Missing modes for component STMicroelectronics:FreeRTOS:0.0.1:STMicroelectronics:RTOS:FreeRTOS:Core:::10.2.0:
2023-08-08 10:34:39,032 [WARN] ModelIntegratedComponent:63 - No mode defined for component null
2023-08-08 10:34:39,032 [WARN] ModelIntegratedComponent:63 - No mode defined for component null
2023-08-08 10:34:39,032 [WARN] ModelIntegratedComponent:63 - No mode defined for component null
2023-08-08 10:34:39,032 [WARN] ModelIntegratedComponent:63 - No mode defined for component null
2023-08-08 10:34:39,032 [WARN] ModelIntegratedComponent:63 - No mode defined for component null
2023-08-08 10:34:39,032 [WARN] ModelIntegratedComponent:63 - No mode defined for component null
2023-08-08 10:34:39,033 [WARN] ModelIntegratedComponent:63 - No mode defined for component null
2023-08-08 10:34:39,033 [WARN] ModelIntegratedComponent:63 - No mode defined for component null
2023-08-08 10:34:39,033 [WARN] ModelIntegratedComponent:63 - No mode defined for component null
2023-08-08 10:34:39,033 [WARN] ModelIntegratedComponent:63 - No mode defined for component null
2023-08-08 10:34:39,033 [WARN] ModelIntegratedComponent:63 - No mode defined for component null
2023-08-08 10:34:39,033 [WARN] ModelIntegratedComponent:63 - No mode defined for component null
2023-08-08 10:34:39,033 [WARN] ModelIntegratedComponent:63 - No mode defined for component null
2023-08-08 10:34:39,033 [WARN] ModelIntegratedComponent:63 - No mode defined for component null
2023-08-08 10:34:39,033 [WARN] ModelIntegratedComponent:63 - No mode defined for component null
2023-08-08 10:34:39,033 [WARN] ModelIntegratedComponent:63 - No mode defined for component null
2023-08-08 10:34:39,033 [WARN] ModelIntegratedComponent:63 - No mode defined for component null
2023-08-08 10:34:39,033 [WARN] ModelIntegratedComponent:63 - No mode defined for component null
2023-08-08 10:34:39,033 [WARN] ModelIntegratedComponent:63 - No mode defined for component null
2023-08-08 10:34:39,033 [WARN] ModelIntegratedComponent:63 - No mode defined for component null
2023-08-08 10:34:39,033 [WARN] ModelIntegratedComponent:63 - No mode defined for component null
2023-08-08 10:34:39,033 [WARN] ModelIntegratedComponent:63 - No mode defined for component null
2023-08-08 10:34:39,034 [WARN] ModelIntegratedComponent:63 - No mode defined for component null
2023-08-08 10:34:39,034 [WARN] ModelIntegratedComponent:63 - No mode defined for component null
2023-08-08 10:34:39,034 [WARN] ModelIntegratedComponent:63 - No mode defined for component null
2023-08-08 10:34:39,034 [WARN] ModelIntegratedComponent:63 - No mode defined for component null
2023-08-08 10:34:39,034 [WARN] ModelIntegratedComponent:63 - No mode defined for component null
2023-08-08 10:34:39,034 [WARN] ModelIntegratedComponent:63 - No mode defined for component null
2023-08-08 10:34:39,034 [WARN] ModelIntegratedComponent:63 - No mode defined for component null
2023-08-08 10:34:39,034 [WARN] ModelIntegratedComponent:63 - No mode defined for component null
2023-08-08 10:34:39,034 [WARN] ModelIntegratedComponent:63 - No mode defined for component null
2023-08-08 10:34:39,034 [WARN] ModelIntegratedComponent:63 - No mode defined for component null
2023-08-08 10:34:39,034 [WARN] ModelIntegratedComponent:63 - No mode defined for component null
2023-08-08 10:34:39,180 [INFO] ThirdPartyModel:298 - Start build external matchings
2023-08-08 10:34:40,194 [INFO] ThirdPartyModel:316 - End build external matchings
2023-08-08 10:34:40,216 [INFO] ImportTextPane:194 - (OptionalMessage_ERROR) IP (RCC) : Parameter (ADCFreqValue) has invalid value (36000000)
2023-08-08 10:34:40,216 [INFO] ImportTextPane:194 - (OptionalMessage_ERROR) IP (RCC) : Invalid parameter (FamilyName)
2023-08-08 10:34:40,216 [INFO] ImportTextPane:194 - (OptionalMessage_ERROR) IP (RCC) : Parameter (MCOFreq_Value) has invalid value (72000000)
2023-08-08 10:34:40,467 [INFO] UtilMem:75 - End LoadConfig() Used Memory: 750998704 Bytes (1073741824)
2023-08-08 10:34:40,734 [INFO] ApiDb:581 - Connected to CubeFinder SQLite database (C:\Users\admin\.stmcufinder\plugins\mcufinder\mcu\cube-finder-db.db)
2023-08-08 10:34:40,865 [INFO] ApiDb:668 - CubeFinder database Data Model version=2.1
2023-08-08 10:34:40,865 [INFO] ApiDb:669 - CubeFinder database Configuration version=3.0.37
2023-08-08 10:34:40,866 [INFO] ApiDb:670 - CubeFinder database generation date=2023-07-31 (1690792719)
2023-08-08 10:34:40,866 [INFO] ApiDb:671 - CubeFinder database FW Pack versions=[FP-ATR-ASTRA1_V2.0.0, FP-SNS-FLIGHT1_V5.0.1, FP-SNS-FLIGHT1_V5.0.2, FP-SNS-MOTENV1_V4.3.1, FP-SNS-MOTENV1_V4.3.2, STM32Cube_FW_C0_V1.1.0, STM32Cube_FW_F4_V1.27.1, STM32Cube_FW_F7_V1.17.0, STM32Cube_FW_G0_V1.6.1, STM32Cube_FW_G4_V1.5.1, STM32Cube_FW_H5_V0.5.1, STM32Cube_FW_H5_V1.1.0, STM32Cube_FW_H7_V1.11.0, STM32Cube_FW_L0_V1.12.2, STM32Cube_FW_L5_V1.5.0, STM32Cube_FW_U5_V1.3.0, STM32Cube_FW_U5_V1.3.0RC4, STM32Cube_FW_WBA_V1.0.0RC1, STM32Cube_FW_WBA_V1.1.0, STM32Cube_FW_WBA_V1.1.0RC1, STM32Cube_FW_WB_V1.15.0RC1, STM32Cube_FW_WB_V1.16.0, STM32Cube_FW_WB_V1.16.0RC2, STM32Cube_FW_WB_V1.17.0, STM32Cube_FW_WL_V1.3.0, X-CUBE-ALGOBUILD_V1.3.0, X-CUBE-ALS_V1.0.1, X-CUBE-AZRTOS-F4_V1.1.0, X-CUBE-AZRTOS-F7_V1.1.0, X-CUBE-AZRTOS-G0_V1.1.0, X-CUBE-AZRTOS-G4_V2.0.0, X-CUBE-AZRTOS-H7_V3.1.0, X-CUBE-AZRTOS-L4_V1.0.0, X-CUBE-AZRTOS-L4_V2.0.0, X-CUBE-AZRTOS-L5_V1.1.0, X-CUBE-AZRTOS-WB_V1.1.0, X-CUBE-AZRTOS-WL_V2.0.0, X-CUBE-BLE1_V6.2.4, X-CUBE-BLE2_V3.3.0, X-CUBE-BLEMGR_V2.0.0, X-CUBE-EEPRMA1_V4.1.0, X-CUBE-FREERTOS_V1.0.1, X-CUBE-GNSS1_V6.0.0, X-CUBE-MEMS1_V9.1.0, X-CUBE-MEMS1_V9.4.0, X-CUBE-MEMS1_V9.6.0, X-CUBE-NFC4_V3.0.0, X-CUBE-NFC7_V1.0.0, X-CUBE-SFXS2LP1_V4.0.0, X-CUBE-SUBG2_V5.0.0]
2023-08-08 10:34:44,984 [INFO] ApiDb:240 - Found 323 in-development CPN: [B-G473E-ZEST1S, B-WB1M-WPAN1, B-WL5M-SUBG1, NUCLEO-C031C6, NUCLEO-H503RB, NUCLEO-H563ZI, NUCLEO-U545RE-Q, NUCLEO-U5A5ZJ-Q, NUCLEO-WBA52CG, STEVAL-PROTEUS1, STEVAL-SMARTAG2, STEVAL-STWINBX1, STM320518-EVAL, STM32C0116-DK, STM32C011D6Y3TR, STM32C011D6Y6TR, STM32C011F4P3, STM32C011F4P6, STM32C011F4U3, STM32C011F4U6TR, STM32C011F6P3, STM32C011F6P6, STM32C011F6U3, STM32C011F6U6TR, STM32C011J4M3, STM32C011J4M6, STM32C011J6M3, STM32C011J6M6, STM32C0316-DK, STM32C031C4T3, STM32C031C4T6, STM32C031C4U3, STM32C031C4U6, STM32C031C6T3, STM32C031C6T6, STM32C031C6U3, STM32C031C6U6, STM32C031F4P3, STM32C031F4P6, STM32C031F6P3, STM32C031F6P6, STM32C031G4U3, STM32C031G4U6, STM32C031G6U3, STM32C031G6U6, STM32C031K4T3, STM32C031K4T6, STM32C031K4U3, STM32C031K4U6, STM32C031K6T3, STM32C031K6T6, STM32C031K6U3, STM32C031K6U6, STM32G071K8TXN, STM32G071K8UXN, STM32G081GBU6N, STM32G081KBT6N, STM32G081KBUXN, STM32G0B1CCT6N, STM32G0B1KCT6, STM32G0B1NEY6TR, STM32G0B1RCT6N, STM32G0C1CCT6, STM32G0C1CCT6N, STM32G0C1CCU6N, STM32G0C1CET6N, STM32G0C1CEU6N, STM32G0C1KCT6, STM32G0C1NEY6TR, STM32G0C1RCI6N, STM32G0C1RCT6N, STM32G0C1REI6N, STM32G0C1RET6N, STM32G0C1VCI6, STM32G0C1VEI6, STM32G471CCT6, STM32G471CCU6, STM32G471CET3, STM32G471CET6, STM32G471CEU3, STM32G471CEU6, STM32G471MCT6, STM32G471MET3, STM32G471MET6, STM32G471MEY6TR, STM32G471QCT6, STM32G471QET3, STM32G471RCT6, STM32G471RET3, STM32G471RET6, STM32G471VCH6, STM32G471VCI6, STM32G471VCT6, STM32G471VEH3, STM32G471VEH6, STM32G471VEI3, STM32G471VEI6, STM32G471VET3, STM32G471VET6, STM32G474CCT6, STM32H503CBT6, STM32H503CBU6, STM32H503EBY6TR, STM32H503KBU6, STM32H503RBT6, STM32H562AGI6, STM32H562AII6, STM32H562IGK6, STM32H562IGT6, STM32H562IIK6, STM32H562IIT6, STM32H562RGT6, STM32H562RGV6, STM32H562RIT6, STM32H562RIV6, STM32H562VGT6, STM32H562VIT6, STM32H562ZGT6, STM32H562ZIT6, STM32H563AGI6, STM32H563AII3Q, STM32H563AII6, STM32H563IGK6, STM32H563IGT6, STM32H563IIK3Q, STM32H563IIK6, STM32H563IIT3Q, STM32H563IIT6, STM32H563MIY3QTR, STM32H563RGT6, STM32H563RGV6, STM32H563RIT6, STM32H563RIV6, STM32H563VGT6, STM32H563VIT3Q, STM32H563VIT6, STM32H563ZGT6, STM32H563ZIT3Q, STM32H563ZIT6, STM32H573AII3Q, STM32H573AII6, STM32H573I-DK, STM32H573IIK3Q, STM32H573IIK6, STM32H573IIT3Q, STM32H573IIT6, STM32H573MIY3QTR, STM32H573RIT6, STM32H573RIV6, STM32H573VIT3Q, STM32H573VIT6, STM32H573ZIT3Q, STM32H573ZIT6, STM32L4R5QGI6STR, STM32MP131AAE3, STM32MP131AAF3, STM32MP131AAG3, STM32MP131CAE3, STM32MP131CAF3, STM32MP131CAG3, STM32MP131DAE7, STM32MP131DAF7, STM32MP131DAG7, STM32MP131FAE7, STM32MP131FAF7, STM32MP131FAG7, STM32MP133AAE3, STM32MP133AAF3, STM32MP133AAG3, STM32MP133CAE3, STM32MP133CAF3, STM32MP133CAG3, STM32MP133DAE7, STM32MP133DAF7, STM32MP133DAG7, STM32MP133FAE7, STM32MP133FAF7, STM32MP133FAG7, STM32MP135AAE3, STM32MP135AAF3, STM32MP135AAG3, STM32MP135CAE3, STM32MP135CAF3, STM32MP135CAG3, STM32MP135DAE7, STM32MP135DAF7, STM32MP135DAG7, STM32MP135F-DK, STM32MP135FAE7, STM32MP135FAF7, STM32MP135FAF7T, STM32MP135FAF7U, STM32MP135FAG7, STM32U535CBT6, STM32U535CBT6Q, STM32U535CBU6, STM32U535CBU6Q, STM32U535CCT6, STM32U535CCT6Q, STM32U535CCU6, STM32U535CCU6Q, STM32U535CET6, STM32U535CET6Q, STM32U535CEU6, STM32U535CEU6Q, STM32U535JEY6QTR, STM32U535NCY6QTR, STM32U535NEY6QTR, STM32U535RBI6, STM32U535RBI6Q, STM32U535RBT6, STM32U535RBT6Q, STM32U535RCI6, STM32U535RCI6Q, STM32U535RCT6, STM32U535RCT6Q, STM32U535REI6, STM32U535REI6Q, STM32U535RET6, STM32U535RET6Q, STM32U535VCI6, STM32U535VCI6Q, STM32U535VCT6, STM32U535VCT6Q, STM32U535VEI6, STM32U535VEI6Q, STM32U535VET6, STM32U535VET6Q, STM32U545CET6, STM32U545CET6Q, STM32U545CEU6, STM32U545CEU6Q, STM32U545JEY6QTR, STM32U545NEY6QTR, STM32U545REI6, STM32U545REI6Q, STM32U545RET6, STM32U545RET6Q, STM32U545VEI6, STM32U545VEI6Q, STM32U545VET6, STM32U545VET6Q, STM32U595AIH6, STM32U595AIH6Q, STM32U595AJH6, STM32U595AJH6Q, STM32U595QII6, STM32U595QII6Q, STM32U595QJI6, STM32U595QJI6Q, STM32U595RIT6, STM32U595RIT6Q, STM32U595RJT6, STM32U595RJT6Q, STM32U595VIT6, STM32U595VIT6Q, STM32U595VJT6, STM32U595VJT6Q, STM32U595ZIT6, STM32U595ZIT6Q, STM32U595ZIY6QTR, STM32U595ZJT6, STM32U595ZJT6Q, STM32U595ZJY6QTR, STM32U599BJY6QTR, STM32U599NIH6Q, STM32U599NJH6Q, STM32U599VIT6Q, STM32U599VJT6, STM32U599VJT6Q, STM32U599ZIT6Q, STM32U599ZIY6QTR, STM32U599ZJT6Q, STM32U599ZJY6QTR, STM32U5A5AJH6, STM32U5A5AJH6Q, STM32U5A5QJI6, STM32U5A5QJI6Q, STM32U5A5RJT6, STM32U5A5RJT6Q, STM32U5A5VJT6, STM32U5A5VJT6Q, STM32U5A5ZJT6, STM32U5A5ZJT6Q, STM32U5A5ZJY6QTR, STM32U5A9BJY6QTR, STM32U5A9J-DK, STM32U5A9NJH6Q, STM32U5A9VJT6Q, STM32U5A9ZJT6Q, STM32U5A9ZJY6QTR, STM32U5F7VIT6, STM32U5F7VIT6Q, STM32U5F7VJT6, STM32U5F7VJT6Q, STM32U5F9BJY6QTR, STM32U5F9NJH6Q, STM32U5F9VIT6Q, STM32U5F9VJT6Q, STM32U5F9ZIJ6QTR, STM32U5F9ZIT6Q, STM32U5F9ZJJ6QTR, STM32U5F9ZJT6Q, STM32U5G7VJT6, STM32U5G7VJT6Q, STM32U5G9BJY6QTR, STM32U5G9J-DK1, STM32U5G9J-DK2, STM32U5G9NJH6Q, STM32U5G9VJT6Q, STM32U5G9ZJJ6QTR, STM32U5G9ZJT6Q, STM32WB1MMCH6, STM32WBA52CEU6, STM32WBA52CEU6T, STM32WBA52CGU6, STM32WBA52CGU6T, STM32WBA52KEU6, STM32WBA52KEU6T, STM32WBA52KGU6, STM32WBA52KGU6T, STM32WL5MOCH6, STM32WL5MOCH6TR]
2023-08-08 10:34:44,990 [INFO] DbMcus:217 - Found 3848 MCUs, 3848 are supported
2023-08-08 10:34:45,003 [INFO] ApiDb:423 - Load user favorites file C:\Users\admin/.stm32cubeide/favorites.mcus.txt: 2 item(s)
2023-08-08 10:34:45,004 [INFO] ApiDb:427 - User favorites MCUs=[STM32F103C8T6, STM32F407VET6]
2023-08-08 10:34:45,004 [INFO] DbMcus:223 - Set 2 / 2 favorites MCUs
2023-08-08 10:34:45,538 [WARN] ThirdParty:833 - waiting for thirdparty lock release [change project]
2023-08-08 10:34:45,538 [INFO] ThirdParty:835 - entering critical section [change project]
2023-08-08 10:34:45,538 [INFO] ThirdParty:1030 - CMSIS Pack Vendor :STMicroelectronics X-CUBE-ISPU 1.1.0
2023-08-08 10:34:45,539 [INFO] ThirdParty:1030 - CMSIS Pack Vendor :STMicroelectronics USBPD 4.1
2023-08-08 10:34:45,539 [INFO] ThirdParty:1030 - CMSIS Pack Vendor :RoweBots I-CUBE-UNISONRTOS 5.5.0-4
2023-08-08 10:34:45,539 [INFO] ThirdParty:1030 - CMSIS Pack Vendor :STMicroelectronics X-CUBE-GNSS1 6.0.0
2023-08-08 10:34:45,539 [INFO] ThirdParty:1030 - CMSIS Pack Vendor :STMicroelectronics USB_HOST 2.0.0
2023-08-08 10:34:45,539 [INFO] ThirdParty:1030 - CMSIS Pack Vendor :STMicroelectronics X-CUBE-AZRTOS-F4 1.1.0
2023-08-08 10:34:45,539 [INFO] ThirdParty:1030 - CMSIS Pack Vendor :STMicroelectronics LIBJPEG 8.0.0
2023-08-08 10:34:45,539 [INFO] ThirdParty:1030 - CMSIS Pack Vendor :STMicroelectronics X-CUBE-SMBUS 2.1.0
2023-08-08 10:34:45,539 [INFO] ThirdParty:1030 - CMSIS Pack Vendor :STMicroelectronics USB_DEVICE 3.0.0
2023-08-08 10:34:45,539 [INFO] ThirdParty:1030 - CMSIS Pack Vendor :STMicroelectronics X-CUBE-AI 8.0.0
2023-08-08 10:34:45,539 [INFO] ThirdParty:1030 - CMSIS Pack Vendor :STMicroelectronics X-CUBE-FREERTOS 1.0.0
2023-08-08 10:34:45,539 [INFO] ThirdParty:1030 - CMSIS Pack Vendor :STMicroelectronics X-CUBE-FREERTOS 1.0.1
2023-08-08 10:34:45,539 [INFO] ThirdParty:1030 - CMSIS Pack Vendor :STMicroelectronics X-CUBE-TOUCHGFX 4.21.1
2023-08-08 10:34:45,539 [INFO] ThirdParty:1030 - CMSIS Pack Vendor :STMicroelectronics X-CUBE-TOUCHGFX 4.21.3
2023-08-08 10:34:45,539 [INFO] ThirdParty:1030 - CMSIS Pack Vendor :STMicroelectronics X-CUBE-AZRTOS-F7 1.1.0
2023-08-08 10:34:45,539 [INFO] ThirdParty:1030 - CMSIS Pack Vendor :STMicroelectronics X-CUBE-TOUCHGFX 4.21.4
2023-08-08 10:34:45,539 [INFO] ThirdParty:1030 - CMSIS Pack Vendor :STMicroelectronics USB_DEVICE 2.0.0
2023-08-08 10:34:45,539 [INFO] ThirdParty:1030 - CMSIS Pack Vendor :STMicroelectronics X-CUBE-MEMS1 9.6.0
2023-08-08 10:34:45,539 [INFO] ThirdParty:1030 - CMSIS Pack Vendor :STMicroelectronics FP-SNS-MOTENV1 4.3.0
2023-08-08 10:34:45,539 [INFO] ThirdParty:1030 - CMSIS Pack Vendor :STMicroelectronics FP-SNS-MOTENV1 4.3.2
2023-08-08 10:34:45,539 [INFO] ThirdParty:1030 - CMSIS Pack Vendor :STMicroelectronics FP-SNS-FLIGHT1 5.0.0
2023-08-08 10:34:45,539 [INFO] ThirdParty:1030 - CMSIS Pack Vendor :STMicroelectronics FP-SNS-MOTENV1 4.3.1
2023-08-08 10:34:45,540 [INFO] ThirdParty:1030 - CMSIS Pack Vendor :STMicroelectronics FP-SNS-FLIGHT1 5.0.1
2023-08-08 10:34:45,540 [INFO] ThirdParty:1030 - CMSIS Pack Vendor :STMicroelectronics X-CUBE-ALGOBUILD 1.3.0
2023-08-08 10:34:45,540 [INFO] ThirdParty:1030 - CMSIS Pack Vendor :STMicroelectronics X-CUBE-BLE1 6.2.4
2023-08-08 10:34:45,540 [INFO] ThirdParty:1030 - CMSIS Pack Vendor :STMicroelectronics X-CUBE-AZRTOS-L5 1.1.0
2023-08-08 10:34:45,540 [INFO] ThirdParty:1030 - CMSIS Pack Vendor :STMicroelectronics FreeRTOS 0.0.1
2023-08-08 10:34:45,540 [INFO] ThirdParty:1030 - CMSIS Pack Vendor :STMicroelectronics X-CUBE-AZRTOS-G0 1.1.0
2023-08-08 10:34:45,540 [INFO] ThirdParty:1030 - CMSIS Pack Vendor :emotas I-CUBE-CANOPEN 1.1.3
2023-08-08 10:34:45,540 [INFO] ThirdParty:1030 - CMSIS Pack Vendor :STMicroelectronics X-CUBE-BLEMGR 2.0.0
2023-08-08 10:34:45,540 [INFO] ThirdParty:1030 - CMSIS Pack Vendor :STMicroelectronics X-CUBE-AI 8.0.1
2023-08-08 10:34:45,540 [INFO] ThirdParty:1030 - CMSIS Pack Vendor :STMicroelectronics X-CUBE-NFC4 3.0.0
2023-08-08 10:34:45,540 [INFO] ThirdParty:1030 - CMSIS Pack Vendor :STMicroelectronics X-CUBE-SUBG2 5.0.0
2023-08-08 10:34:45,540 [INFO] ThirdParty:1030 - CMSIS Pack Vendor :STMicroelectronics STM32_WPAN 1.0.0
2023-08-08 10:34:45,540 [INFO] ThirdParty:1030 - CMSIS Pack Vendor :STMicroelectronics lwIP 2.0.3
2023-08-08 10:34:45,540 [INFO] ThirdParty:1030 - CMSIS Pack Vendor :STMicroelectronics FP-SNS-FLIGHT1 5.0.2
2023-08-08 10:34:45,540 [INFO] ThirdParty:1030 - CMSIS Pack Vendor :STMicroelectronics USB_HOST 1.0.0
2023-08-08 10:34:45,540 [INFO] ThirdParty:1030 - CMSIS Pack Vendor :STMicroelectronics X-CUBE-TOF1 3.3.1
2023-08-08 10:34:45,540 [INFO] ThirdParty:1030 - CMSIS Pack Vendor :STMicroelectronics X-CUBE-AZRTOS-G4 2.0.0
2023-08-08 10:34:45,540 [INFO] ThirdParty:1030 - CMSIS Pack Vendor :STMicroelectronics PDM2PCM 3.1.0
2023-08-08 10:34:45,540 [INFO] ThirdParty:1030 - CMSIS Pack Vendor :STMicroelectronics X-CUBE-AZRTOS-H7 3.1.0
2023-08-08 10:34:45,540 [INFO] ThirdParty:1030 - CMSIS Pack Vendor :STMicroelectronics X-CUBE-TOF1 3.3.0
2023-08-08 10:34:45,541 [INFO] ThirdParty:1030 - CMSIS Pack Vendor :STMicroelectronics FP-ATR-ASTRA1 1.1.1
2023-08-08 10:34:45,541 [INFO] ThirdParty:1030 - CMSIS Pack Vendor :STMicroelectronics PDM2PCM 3.3.0
2023-08-08 10:34:45,541 [INFO] ThirdParty:1030 - CMSIS Pack Vendor :STMicroelectronics X-CUBE-DISPLAY 3.0.0
2023-08-08 10:34:45,541 [INFO] ThirdParty:1030 - CMSIS Pack Vendor :STMicroelectronics X-CUBE-BLEMGR 1.3.0
2023-08-08 10:34:45,541 [INFO] ThirdParty:1030 - CMSIS Pack Vendor :STMicroelectronics FP-ATR-SIGFOX1 3.2.0
2023-08-08 10:34:45,541 [INFO] ThirdParty:1030 - CMSIS Pack Vendor :STMicroelectronics X-CUBE-AZRTOS-G4 1.0.0
2023-08-08 10:34:45,541 [INFO] ThirdParty:1030 - CMSIS Pack Vendor :wolfSSL I-CUBE-wolfSSL 5.5.4
2023-08-08 10:34:45,541 [INFO] ThirdParty:1030 - CMSIS Pack Vendor :STMicroelectronics X-CUBE-AZRTOS-L4 1.0.0
2023-08-08 10:34:45,541 [INFO] ThirdParty:1030 - CMSIS Pack Vendor :STMicroelectronics HAL Drivers 0.0.0
2023-08-08 10:34:45,541 [INFO] ThirdParty:1030 - CMSIS Pack Vendor :STMicroelectronics MBEDTLS 2.16.2
2023-08-08 10:34:45,541 [INFO] ThirdParty:1030 - CMSIS Pack Vendor :STMicroelectronics X-CUBE-TOUCHGFX 4.22.0
2023-08-08 10:34:45,541 [INFO] ThirdParty:1030 - CMSIS Pack Vendor :STMicroelectronics X-CUBE-NFC7 1.0.1
2023-08-08 10:34:45,542 [INFO] ThirdParty:1030 - CMSIS Pack Vendor :STMicroelectronics MBEDTLS 2.14.1
2023-08-08 10:34:45,542 [INFO] ThirdParty:1030 - CMSIS Pack Vendor :STMicroelectronics X-CUBE-NFC7 1.0.0
2023-08-08 10:34:45,542 [INFO] ThirdParty:1030 - CMSIS Pack Vendor :STMicroelectronics X-CUBE-AZRTOS-WL 1.0.0
2023-08-08 10:34:45,542 [INFO] ThirdParty:1030 - CMSIS Pack Vendor :STMicroelectronics X-CUBE-EEPRMA1 4.1.0
2023-08-08 10:34:45,542 [INFO] ThirdParty:1030 - CMSIS Pack Vendor :portGmbH I-Cube-SoM-uGOAL 1.1.0
2023-08-08 10:34:45,542 [INFO] ThirdParty:1030 - CMSIS Pack Vendor :STMicroelectronics X-CUBE-ALS 1.0.1
2023-08-08 10:34:45,542 [INFO] ThirdParty:1030 - CMSIS Pack Vendor :STMicroelectronics X-CUBE-MEMS1 9.5.0
2023-08-08 10:34:45,542 [INFO] ThirdParty:1030 - CMSIS Pack Vendor :STMicroelectronics ThreadX 1.0.0
2023-08-08 10:34:45,542 [INFO] ThirdParty:1030 - CMSIS Pack Vendor :STMicroelectronics X-CUBE-AZRTOS-WB 1.1.0
2023-08-08 10:34:45,542 [INFO] ThirdParty:1030 - CMSIS Pack Vendor :STMicroelectronics X-CUBE-AZRTOS-WL 2.0.0
2023-08-08 10:34:45,542 [INFO] ThirdParty:1030 - CMSIS Pack Vendor :SEGGER I-CUBE-embOS 1.3.1
2023-08-08 10:34:45,542 [INFO] ThirdParty:1030 - CMSIS Pack Vendor :STMicroelectronics USB_DEVICE 1.0.0
2023-08-08 10:34:45,542 [INFO] ThirdParty:1030 - CMSIS Pack Vendor :STMicroelectronics X-CUBE-AZRTOS-L4 2.0.0
2023-08-08 10:34:45,542 [INFO] ThirdParty:1030 - CMSIS Pack Vendor :STMicroelectronics ThreadX 0.0.2
2023-08-08 10:34:45,542 [INFO] ThirdParty:1030 - CMSIS Pack Vendor :WES I-CUBE-Cesium 1.3.0
2023-08-08 10:34:45,542 [INFO] ThirdParty:1030 - CMSIS Pack Vendor :STMicroelectronics FP-ATR-ASTRA1 2.0.0
2023-08-08 10:34:45,542 [INFO] ThirdParty:1030 - CMSIS Pack Vendor :STMicroelectronics lwIP 2.1.2
2023-08-08 10:34:45,542 [INFO] ThirdParty:1030 - CMSIS Pack Vendor :STMicroelectronics X-CUBE-SFXS2LP1 4.0.0
2023-08-08 10:34:45,542 [INFO] ThirdParty:1030 - CMSIS Pack Vendor :STMicroelectronics X-CUBE-BLE2 3.3.0
2023-08-08 10:34:45,542 [INFO] ThirdParty:1030 - CMSIS Pack Vendor :STMicroelectronics X-CUBE-TOF1 3.2.0
2023-08-08 10:34:45,543 [INFO] ThirdParty:1030 - CMSIS Pack Vendor :STMicroelectronics PDM2PCM 3.2.0
2023-08-08 10:34:45,543 [INFO] ThirdParty:1030 - CMSIS Pack Vendor :STMicroelectronics X-CUBE-AZRTOS-H7 3.0.0
2023-08-08 10:34:45,545 [INFO] ThirdParty:841 - exiting critical section [change project]
2023-08-08 10:34:46,336 [INFO] PinOutPanel:1499 - setPackage(No Configuration,No Configuration)
2023-08-08 10:34:46,360 [INFO] PinOutPanel:1499 - setPackage(STM32F103C8Tx,LQFP48)
2023-08-08 10:34:47,652 [INFO] UtilMem:75 - Before build in PCC Used Memory: 499682072 Bytes (1073741824)
2023-08-08 10:34:50,083 [INFO] UtilMem:75 - After build in PCC Used Memory: 594138248 Bytes (1073741824)
2023-08-08 10:34:50,441 [INFO] ApiDbMcu:507 - Load IP Config File for USB_DEVICE
2023-08-08 10:34:50,538 [INFO] IPUIPlugin:80 - create IPUIPlugin
2023-08-08 10:34:50,538 [INFO] IPUIPlugin:80 - create IPUIPlugin
2023-08-08 10:34:50,538 [INFO] IPUIPlugin:80 - create IPUIPlugin
2023-08-08 10:34:50,539 [INFO] IPUIPlugin:80 - create IPUIPlugin
2023-08-08 10:34:50,539 [INFO] IPUIPlugin:80 - create IPUIPlugin
2023-08-08 10:34:50,539 [INFO] IPUIPlugin:80 - create IPUIPlugin
2023-08-08 10:34:50,539 [INFO] IPUIPlugin:80 - create IPUIPlugin
2023-08-08 10:34:50,539 [INFO] IPUIPlugin:80 - create IPUIPlugin
2023-08-08 10:34:50,539 [INFO] IPUIPlugin:80 - create IPUIPlugin
2023-08-08 10:34:50,540 [INFO] IPUIPlugin:80 - create IPUIPlugin
2023-08-08 10:34:50,540 [INFO] IPUIPlugin:80 - create IPUIPlugin
2023-08-08 10:34:50,540 [INFO] IPUIPlugin:80 - create IPUIPlugin
2023-08-08 10:34:50,540 [INFO] IPUIPlugin:80 - create IPUIPlugin
2023-08-08 10:34:50,541 [INFO] IPUIPlugin:80 - create IPUIPlugin
2023-08-08 10:34:50,541 [INFO] IPUIPlugin:80 - create IPUIPlugin
2023-08-08 10:34:50,541 [INFO] IPUIPlugin:80 - create IPUIPlugin
2023-08-08 10:34:50,543 [INFO] IPUIPlugin:80 - create IPUIPlugin
2023-08-08 10:34:50,545 [INFO] IPUIPlugin:80 - create IPUIPlugin
2023-08-08 10:34:50,546 [INFO] IPUIPlugin:80 - create IPUIPlugin
2023-08-08 10:34:50,548 [INFO] IPUIPlugin:80 - create IPUIPlugin
2023-08-08 10:34:50,548 [INFO] IPUIPlugin:80 - create IPUIPlugin
2023-08-08 10:34:50,549 [INFO] IPUIPlugin:80 - create IPUIPlugin
2023-08-08 10:34:50,549 [INFO] IPUIPlugin:80 - create IPUIPlugin
2023-08-08 10:34:50,549 [INFO] IPUIPlugin:80 - create IPUIPlugin
2023-08-08 10:34:50,550 [INFO] IPUIPlugin:80 - create IPUIPlugin
2023-08-08 10:34:50,550 [INFO] IPUIPlugin:80 - create IPUIPlugin
2023-08-08 10:34:50,550 [INFO] IPUIPlugin:80 - create IPUIPlugin
2023-08-08 10:34:50,938 [INFO] CADModel:165 - CPN selected for project levelSTM32F103C8T6
2023-08-08 10:34:50,938 [INFO] CADModel:114 - Register for checkConnection events
2023-08-08 10:34:50,981 [INFO] OpenFileManager:328 - Restore cursor
2023-08-08 10:35:14,515 [INFO] NvicIntPanel:101 - NVIC parent = com.st.microxplorer.plugins.ip.nvic.MultiNvicIntPanel[,0,0,522x292,layout=javax.swing.BoxLayout,alignmentX=0.0,alignmentY=0.0,border=,flags=9,maximumSize=,minimumSize=,preferredSize=]
2023-08-08 10:35:57,909 [INFO] UtilMem:75 - End SaveConfig() Used Memory: 544460640 Bytes (1073741824)
2023-08-08 10:35:59,090 [INFO] UtilMem:75 - End SaveConfig() Used Memory: 608950112 Bytes (1073741824)
2023-08-08 10:35:59,860 [INFO] BlockDiagram:2759 - set Specific Code input for plugin: NVIC
2023-08-08 10:35:59,860 [INFO] BlockDiagram:2759 - set Specific Code input for plugin: USB_DEVICE
2023-08-08 10:35:59,860 [INFO] BlockDiagram:2759 - set Specific Code input for plugin: USB
2023-08-08 10:35:59,860 [INFO] BlockDiagram:2759 - set Specific Code input for plugin: SYS
2023-08-08 10:35:59,861 [INFO] BlockDiagram:2759 - set Specific Code input for plugin: GPIO
2023-08-08 10:35:59,861 [INFO] BlockDiagram:2759 - set Specific Code input for plugin: RCC
2023-08-08 10:35:59,863 [INFO] CodeGenerator:799 - code generatio: config db path: C:\ST\STM32CubeIDE_1.11.2\STM32CubeIDE\plugins\com.st.stm32cube.common.mx_6.9.1.202307191849\\db\
2023-08-08 10:36:00,209 [INFO] CodeEngine:255 - oldGeneratedFile, D:\Robocon2024\USB\USB_Test\MXTmpFiles\license.tmp_save
2023-08-08 10:36:00,734 [INFO] CodeEngine:279 - Generated code: D:\Robocon2024\USB\USB_Test\MXTmpFiles\license.tmp
2023-08-08 10:36:00,868 [INFO] CodeEngine:255 - oldGeneratedFile, D:\Robocon2024\USB\USB_Test\MXTmpFiles\gpio.tmp_save
2023-08-08 10:36:01,101 [INFO] CodeEngine:279 - Generated code: D:\Robocon2024\USB\USB_Test\MXTmpFiles\gpio.tmp
2023-08-08 10:36:01,186 [INFO] CodeEngine:255 - oldGeneratedFile, D:\Robocon2024\USB\USB_Test\MXTmpFiles\usb_vars.tmp_save
2023-08-08 10:36:01,370 [INFO] CodeEngine:279 - Generated code: D:\Robocon2024\USB\USB_Test\MXTmpFiles\usb_vars.tmp
2023-08-08 10:36:01,385 [INFO] CodeEngine:255 - oldGeneratedFile, D:\Robocon2024\USB\USB_Test\MXTmpFiles\usb_inc.tmp_save
2023-08-08 10:36:01,539 [INFO] CodeEngine:279 - Generated code: D:\Robocon2024\USB\USB_Test\MXTmpFiles\usb_inc.tmp
2023-08-08 10:36:01,584 [INFO] CodeEngine:255 - oldGeneratedFile, D:\Robocon2024\USB\USB_Test\MXTmpFiles\usb_HalInit.tmp_save
2023-08-08 10:36:01,842 [INFO] CodeEngine:279 - Generated code: D:\Robocon2024\USB\USB_Test\MXTmpFiles\usb_HalInit.tmp
2023-08-08 10:36:01,862 [INFO] CodeEngine:255 - oldGeneratedFile, D:\Robocon2024\USB\USB_Test\MXTmpFiles\usb_Msp.tmp_save
2023-08-08 10:36:02,067 [INFO] CodeEngine:279 - Generated code: D:\Robocon2024\USB\USB_Test\MXTmpFiles\usb_Msp.tmp
2023-08-08 10:36:02,130 [INFO] Middleware:1439 - No code input for Bsp Dependency
2023-08-08 10:36:02,138 [INFO] Middleware:1439 - No code input for Bsp Dependency
2023-08-08 10:36:02,170 [INFO] CodeEngine:255 - oldGeneratedFile, D:\Robocon2024\USB\USB_Test\USB_DEVICE\App\usb_device.c_save
2023-08-08 10:36:02,294 [INFO] CodeEngine:279 - Generated code: D:\Robocon2024\USB\USB_Test\USB_DEVICE\App\usb_device.c
2023-08-08 10:36:02,306 [INFO] CodeEngine:255 - oldGeneratedFile, D:\Robocon2024\USB\USB_Test\USB_DEVICE\App\usb_device.h_save
2023-08-08 10:36:02,412 [INFO] CodeEngine:279 - Generated code: D:\Robocon2024\USB\USB_Test\USB_DEVICE\App\usb_device.h
2023-08-08 10:36:02,425 [INFO] CodeEngine:255 - oldGeneratedFile, D:\Robocon2024\USB\USB_Test\USB_DEVICE\Target\usbd_conf.h_save
2023-08-08 10:36:02,525 [INFO] CodeEngine:279 - Generated code: D:\Robocon2024\USB\USB_Test\USB_DEVICE\Target\usbd_conf.h
2023-08-08 10:36:02,547 [INFO] CodeEngine:255 - oldGeneratedFile, D:\Robocon2024\USB\USB_Test\USB_DEVICE\Target\usbd_conf.c_save
2023-08-08 10:36:02,668 [INFO] CodeEngine:279 - Generated code: D:\Robocon2024\USB\USB_Test\USB_DEVICE\Target\usbd_conf.c
2023-08-08 10:36:02,682 [INFO] CodeEngine:255 - oldGeneratedFile, D:\Robocon2024\USB\USB_Test\USB_DEVICE\App\usbd_desc.h_save
2023-08-08 10:36:02,776 [INFO] CodeEngine:279 - Generated code: D:\Robocon2024\USB\USB_Test\USB_DEVICE\App\usbd_desc.h
2023-08-08 10:36:02,807 [INFO] CodeEngine:255 - oldGeneratedFile, D:\Robocon2024\USB\USB_Test\USB_DEVICE\App\usbd_desc.c_save
2023-08-08 10:36:03,013 [INFO] CodeEngine:279 - Generated code: D:\Robocon2024\USB\USB_Test\USB_DEVICE\App\usbd_desc.c
2023-08-08 10:36:03,041 [INFO] CodeEngine:255 - oldGeneratedFile, D:\Robocon2024\USB\USB_Test\USB_DEVICE\App\usbd_cdc_if.h_save
2023-08-08 10:36:03,121 [INFO] CodeEngine:279 - Generated code: D:\Robocon2024\USB\USB_Test\USB_DEVICE\App\usbd_cdc_if.h
2023-08-08 10:36:03,140 [INFO] CodeEngine:255 - oldGeneratedFile, D:\Robocon2024\USB\USB_Test\USB_DEVICE\App\usbd_cdc_if.c_save
2023-08-08 10:36:03,256 [INFO] CodeEngine:279 - Generated code: D:\Robocon2024\USB\USB_Test\USB_DEVICE\App\usbd_cdc_if.c
2023-08-08 10:36:03,286 [INFO] CodeEngine:255 - oldGeneratedFile, D:\Robocon2024\USB\USB_Test\Core\Src\stm32f1xx_it.c_save
2023-08-08 10:36:03,431 [INFO] CodeEngine:279 - Generated code: D:\Robocon2024\USB\USB_Test\Core\Src\stm32f1xx_it.c
2023-08-08 10:36:03,449 [INFO] CodeEngine:255 - oldGeneratedFile, D:\Robocon2024\USB\USB_Test\Core\Inc\stm32f1xx_it.h_save
2023-08-08 10:36:03,549 [INFO] CodeEngine:279 - Generated code: D:\Robocon2024\USB\USB_Test\Core\Inc\stm32f1xx_it.h
2023-08-08 10:36:03,596 [INFO] CodeEngine:255 - oldGeneratedFile, D:\Robocon2024\USB\USB_Test\Core\Src\stm32f1xx_hal_msp.c_save
2023-08-08 10:36:03,753 [INFO] CodeEngine:279 - Generated code: D:\Robocon2024\USB\USB_Test\Core\Src\stm32f1xx_hal_msp.c
2023-08-08 10:36:03,766 [INFO] CodeEngine:255 - oldGeneratedFile, D:\Robocon2024\USB\USB_Test\MXTmpFiles\system.tmp_save
2023-08-08 10:36:03,860 [INFO] CodeEngine:279 - Generated code: D:\Robocon2024\USB\USB_Test\MXTmpFiles\system.tmp
2023-08-08 10:36:03,898 [INFO] CodeEngine:311 - oldGeneratedFile, D:\Robocon2024\USB\USB_Test\Core\Inc\stm32f1xx_hal_conf.h_save
2023-08-08 10:36:04,183 [INFO] CodeEngine:335 - Generated code: D:\Robocon2024\USB\USB_Test\Core\Inc\stm32f1xx_hal_conf.h
2023-08-08 10:36:04,297 [INFO] CodeEngine:255 - oldGeneratedFile, D:\Robocon2024\USB\USB_Test\Core\Inc\main.h_save
2023-08-08 10:36:04,453 [INFO] CodeEngine:279 - Generated code: D:\Robocon2024\USB\USB_Test\Core\Inc\main.h
2023-08-08 10:36:04,480 [INFO] CodeEngine:255 - oldGeneratedFile, D:\Robocon2024\USB\USB_Test\Core\Src\main.c_save
2023-08-08 10:36:04,674 [INFO] CodeEngine:279 - Generated code: D:\Robocon2024\USB\USB_Test\Core\Src\main.c
2023-08-08 10:36:05,503 [INFO] ProjectBuilder:3064 - Time for Copy HAL[1] : 263mS.
2023-08-08 10:36:05,515 [INFO] ProjectBuilder:4404 - Project Generator version: 4.1.0
2023-08-08 10:36:05,730 [INFO] ConfigFileManager:1457 - The Die is : DIE410
2023-08-08 10:36:05,745 [INFO] ApiDbMcu:507 - Load IP Config File for FATFS
2023-08-08 10:36:05,761 [INFO] ApiDbMcu:507 - Load IP Config File for FREERTOS
2023-08-08 10:36:07,199 [INFO] LogOutputStream:77 - [STDOUT_REDIRECT] 
2023-08-08 10:36:09,771 [INFO] ProjectBuilder:4626 - Time for Generating toolchain IDE Files: 4255mS.
2023-08-08 10:36:09,773 [INFO] ProjectBuilder:2935 - Time for Copy CMSIS : 0mS.
2023-08-08 10:36:09,776 [INFO] ProjectBuilder:2935 - Time for Copy CMSIS : 0mS.
2023-08-08 11:20:35,401 [ERROR] LogOutputStream:75 - [STDERR_REDIRECT] 
