2023-08-05 13:07:09,269 [INFO] Activator:179 - 


2023-08-05 13:07:09,269 [INFO] Activator:180 - !SESSION log4j initialized
2023-08-05 13:07:36,812 [ERROR] LogOutputStream:74 - [STDERR_REDIRECT] SLF4J: Failed to load class "org.slf4j.impl.StaticLoggerBinder".
2023-08-05 13:07:36,812 [ERROR] LogOutputStream:74 - [STDERR_REDIRECT] SLF4J: Defaulting to no-operation (NOP) logger implementation
2023-08-05 13:07:36,812 [ERROR] LogOutputStream:74 - [STDERR_REDIRECT] SLF4J: See http://www.slf4j.org/codes.html#StaticLoggerBinder for further details.
2023-08-05 13:55:37,737 [INFO] McuFinderGlobals:52 - Set McuFinder mode to 2 (CubeIDE integrated)
2023-08-05 13:55:39,575 [INFO] ApplicationProperties:181 - Using Application install path: C:\ST\STM32CubeIDE_1.11.0\STM32CubeIDE\plugins\com.st.stm32cube.common.mx_6.7.0.202211181646
2023-08-05 13:55:39,591 [INFO] DbMcusXml:77 - Set database path to: C:\ST\STM32CubeIDE_1.11.0\STM32CubeIDE\plugins\com.st.stm32cube.common.mx_6.7.0.202211181646\\db\/mcu/
2023-08-05 13:55:39,592 [INFO] ApiDb:273 - Set plugin database path to: C:\ST\STM32CubeIDE_1.11.0\STM32CubeIDE\plugins\com.st.stm32cube.common.mx_6.7.0.202211181646\\db\/plugins/boardmanager/
2023-08-05 13:55:39,594 [WARN] ApiDb:258 - Overriding images path with different value:  => C:\ST\STM32CubeIDE_1.11.0\STM32CubeIDE\plugins\com.st.stm32cube.common.mx_6.7.0.202211181646\\db\/plugins/mcufinder/images/
2023-08-05 13:55:39,608 [INFO] ApiDb:249 - Set database path to: C:\Users\LENOVO\.stmcufinder\plugins\mcufinder//mcu/
2023-08-05 13:55:39,610 [INFO] DbMcusAds:124 - Set database path to: C:\Users\LENOVO\.stmcufinder\plugins\mcufinder//mcu/
2023-08-05 13:55:39,617 [INFO] CrossReferenceDbSqlite:202 - Set database path to: C:\Users\LENOVO\.stmcufinder\plugins\mcufinder//mcu/cs/
2023-08-05 13:55:39,703 [INFO] RulesReader:61 - Compatibility file has been processed (283 Rules)
2023-08-05 13:55:39,763 [INFO] DbMcusXml:77 - Set database path to: C:\ST\STM32CubeIDE_1.11.0\STM32CubeIDE\plugins\com.st.stm32cube.common.mx_6.7.0.202211181646\\db\/mcu/
2023-08-05 13:55:39,764 [INFO] ApiDb:273 - Set plugin database path to: C:\ST\STM32CubeIDE_1.11.0\STM32CubeIDE\plugins\com.st.stm32cube.common.mx_6.7.0.202211181646\\db\/plugins/boardmanager/
2023-08-05 13:55:39,765 [INFO] ApiDb:260 - Set plugin images path to: C:\ST\STM32CubeIDE_1.11.0\STM32CubeIDE\plugins\com.st.stm32cube.common.mx_6.7.0.202211181646\\db\/plugins/mcufinder/images/
2023-08-05 13:55:39,765 [WARN] DbFile:40 - Overriding database path with different value: C:\Users\LENOVO\.stmcufinder\plugins\mcufinder/ => C:\Users\LENOVO\.stmcufinder\plugins\mcufinder
2023-08-05 13:55:39,765 [INFO] ApiDb:249 - Set database path to: C:\Users\LENOVO\.stmcufinder\plugins\mcufinder//mcu/
2023-08-05 13:55:39,765 [WARN] DbFile:40 - Overriding database path with different value: C:\Users\LENOVO\.stmcufinder\plugins\mcufinder/ => C:\Users\LENOVO\.stmcufinder\plugins\mcufinder
2023-08-05 13:55:39,765 [INFO] DbMcusAds:124 - Set database path to: C:\Users\LENOVO\.stmcufinder\plugins\mcufinder//mcu/
2023-08-05 13:55:39,766 [WARN] DbFile:40 - Overriding database path with different value: C:\Users\LENOVO\.stmcufinder\plugins\mcufinder/ => C:\Users\LENOVO\.stmcufinder\plugins\mcufinder
2023-08-05 13:55:39,766 [WARN] DbFile:40 - Overriding database path with different value: C:\Users\LENOVO\.stmcufinder\plugins\mcufinder/ => C:\Users\LENOVO\.stmcufinder\plugins\mcufinder
2023-08-05 13:55:39,766 [INFO] CrossReferenceDbSqlite:202 - Set database path to: C:\Users\LENOVO\.stmcufinder\plugins\mcufinder//mcu/cs/
2023-08-05 13:55:39,832 [INFO] MainPanel:252 - HeapMemory: 494927872
2023-08-05 13:55:39,915 [INFO] DbMcusXml:77 - Set database path to: C:\ST\STM32CubeIDE_1.11.0\STM32CubeIDE\plugins\com.st.stm32cube.common.mx_6.7.0.202211181646\\db\/mcu/
2023-08-05 13:55:39,915 [INFO] ApiDb:273 - Set plugin database path to: C:\ST\STM32CubeIDE_1.11.0\STM32CubeIDE\plugins\com.st.stm32cube.common.mx_6.7.0.202211181646\\db\/plugins/boardmanager/
2023-08-05 13:55:39,915 [INFO] ApiDb:260 - Set plugin images path to: C:\ST\STM32CubeIDE_1.11.0\STM32CubeIDE\plugins\com.st.stm32cube.common.mx_6.7.0.202211181646\\db\/plugins/mcufinder/images/
2023-08-05 13:55:39,916 [WARN] DbFile:40 - Overriding database path with different value: C:\Users\LENOVO\.stmcufinder\plugins\mcufinder/ => C:\Users\LENOVO\.stmcufinder\plugins\mcufinder
2023-08-05 13:55:39,916 [INFO] ApiDb:249 - Set database path to: C:\Users\LENOVO\.stmcufinder\plugins\mcufinder//mcu/
2023-08-05 13:55:39,916 [WARN] DbFile:40 - Overriding database path with different value: C:\Users\LENOVO\.stmcufinder\plugins\mcufinder/ => C:\Users\LENOVO\.stmcufinder\plugins\mcufinder
2023-08-05 13:55:39,916 [INFO] DbMcusAds:124 - Set database path to: C:\Users\LENOVO\.stmcufinder\plugins\mcufinder//mcu/
2023-08-05 13:55:39,916 [WARN] DbFile:40 - Overriding database path with different value: C:\Users\LENOVO\.stmcufinder\plugins\mcufinder/ => C:\Users\LENOVO\.stmcufinder\plugins\mcufinder
2023-08-05 13:55:39,916 [WARN] DbFile:40 - Overriding database path with different value: C:\Users\LENOVO\.stmcufinder\plugins\mcufinder/ => C:\Users\LENOVO\.stmcufinder\plugins\mcufinder
2023-08-05 13:55:39,916 [INFO] CrossReferenceDbSqlite:202 - Set database path to: C:\Users\LENOVO\.stmcufinder\plugins\mcufinder//mcu/cs/
2023-08-05 13:55:39,929 [INFO] ApplicationProperties:181 - Using Application install path: C:\ST\STM32CubeIDE_1.11.0\STM32CubeIDE\plugins\com.st.stm32cube.common.mx_6.7.0.202211181646
2023-08-05 13:55:39,931 [INFO] PluginManage:193 - Search for loadable plugins [exclusion list=, ]
2023-08-05 13:55:39,933 [INFO] PluginManage:307 - Check plugin analytics
2023-08-05 13:55:44,672 [INFO] AnalyticsPlugin:262 - Accepted Software Licenses: STM32CubeMX.6.7.0
2023-08-05 13:55:44,673 [INFO] AnalyticsPlugin:264 - Accepted CMSIS Pack Licenses: 
2023-08-05 13:55:44,673 [INFO] AnalyticsPlugin:266 - Accepted Firmware Licenses: 
2023-08-05 13:55:44,678 [INFO] PluginManage:356 - Loaded plugin analytics (category:tool,tabindex:-1)
2023-08-05 13:55:44,679 [INFO] PluginManage:307 - Check plugin cadmodel
2023-08-05 13:55:44,689 [INFO] CADModel:104 - Init CAD model plugin
2023-08-05 13:55:44,689 [INFO] PluginManage:356 - Loaded plugin cadmodel (category:power,tabindex:5)
2023-08-05 13:55:44,689 [INFO] PluginManage:307 - Check plugin clock
2023-08-05 13:55:44,705 [INFO] PluginManage:356 - Loaded plugin clock (category:base,tabindex:2)
2023-08-05 13:55:44,706 [INFO] PluginManage:307 - Check plugin ddr
2023-08-05 13:55:44,708 [INFO] PluginManage:356 - Loaded plugin ddr (category:tool,tabindex:6)
2023-08-05 13:55:44,708 [INFO] PluginManage:307 - Check plugin filemanager
2023-08-05 13:55:44,831 [INFO] PluginManage:356 - Loaded plugin filemanager (category:base,tabindex:10)
2023-08-05 13:55:44,831 [INFO] PluginManage:307 - Check plugin ipmanager
2023-08-05 13:55:44,836 [INFO] PluginManage:356 - Loaded plugin ipmanager (category:base,tabindex:5)
2023-08-05 13:55:44,837 [INFO] PluginManage:307 - Check plugin lpbam
2023-08-05 13:55:44,850 [INFO] PluginManage:356 - Loaded plugin lpbam (category:base,tabindex:0)
2023-08-05 13:55:44,851 [INFO] PluginManage:307 - Check plugin pinoutandconfiguration
2023-08-05 13:55:44,864 [INFO] PluginManage:356 - Loaded plugin pinoutandconfiguration (category:base,tabindex:1)
2023-08-05 13:55:44,864 [INFO] PluginManage:307 - Check plugin pinoutconfig
2023-08-05 13:55:44,896 [INFO] PluginManage:356 - Loaded plugin pinoutconfig (category:base,tabindex:0)
2023-08-05 13:55:44,896 [INFO] PluginManage:307 - Check plugin power
2023-08-05 13:55:44,911 [INFO] PluginManage:356 - Loaded plugin power (category:power,tabindex:4)
2023-08-05 13:55:44,911 [INFO] PluginManage:307 - Check plugin projectmanager
2023-08-05 13:55:44,924 [INFO] PluginManage:356 - Loaded plugin projectmanager (category:projectmanager,tabindex:3)
2023-08-05 13:55:44,924 [INFO] PluginManage:307 - Check plugin thirdparty
2023-08-05 13:55:45,125 [INFO] PluginManage:356 - Loaded plugin thirdparty (category:base,tabindex:-1)
2023-08-05 13:55:45,125 [INFO] PluginManage:307 - Check plugin tools
2023-08-05 13:55:45,125 [WARN] IntegrityCheckThread:82 - waiting for thirdparty lock release [integrity check]
2023-08-05 13:55:45,126 [INFO] IntegrityCheckThread:84 - entering critical section [integrity check]
2023-08-05 13:55:45,127 [INFO] ThirdPartyUpdaterWithRetryManager:70 - Updater plugin not ready yet. [1/15]
2023-08-05 13:55:45,146 [INFO] PluginManage:356 - Loaded plugin tools (category:base,tabindex:7)
2023-08-05 13:55:45,146 [INFO] PluginManage:307 - Check plugin tutovideos
2023-08-05 13:55:45,349 [INFO] PluginManage:356 - Loaded plugin tutovideos (category:base,tabindex:-1)
2023-08-05 13:55:45,349 [INFO] PluginManage:307 - Check plugin updater
2023-08-05 13:55:45,365 [INFO] PluginManage:356 - Loaded plugin updater (category:base,tabindex:12)
2023-08-05 13:55:45,366 [INFO] PluginManage:280 - PluginManage : Loaded plugins [15]
2023-08-05 13:55:45,621 [INFO] PinOutPanel:1477 - setPackage(No Configuration,No Configuration)
2023-08-05 13:55:45,668 [INFO] CADModel:164 - CPN selected for project level
2023-08-05 13:55:45,668 [INFO] CADModel:113 - Register for checkConnection events
2023-08-05 13:55:45,690 [INFO] IPUIPlugin:79 - create IPUIPlugin
2023-08-05 13:55:45,690 [INFO] PluginManager:219 - loadIPPluginJar : add adc
2023-08-05 13:55:45,714 [INFO] IPUIPlugin:79 - create IPUIPlugin
2023-08-05 13:55:45,714 [INFO] PluginManager:219 - loadIPPluginJar : add aes
2023-08-05 13:55:45,738 [INFO] IPUIPlugin:79 - create IPUIPlugin
2023-08-05 13:55:45,738 [INFO] PluginManager:219 - loadIPPluginJar : add can
2023-08-05 13:55:45,753 [INFO] IPUIPlugin:79 - create IPUIPlugin
2023-08-05 13:55:45,754 [INFO] PluginManager:219 - loadIPPluginJar : add comp
2023-08-05 13:55:45,775 [INFO] IPUIPlugin:79 - create IPUIPlugin
2023-08-05 13:55:45,775 [INFO] PluginManager:219 - loadIPPluginJar : add cryp
2023-08-05 13:55:45,795 [INFO] IPUIPlugin:79 - create IPUIPlugin
2023-08-05 13:55:45,795 [INFO] PluginManager:219 - loadIPPluginJar : add dfsdm
2023-08-05 13:55:45,807 [INFO] IPUIPlugin:79 - create IPUIPlugin
2023-08-05 13:55:45,807 [INFO] PluginManager:219 - loadIPPluginJar : add dma
2023-08-05 13:55:45,835 [INFO] IPUIPlugin:79 - create IPUIPlugin
2023-08-05 13:55:45,836 [INFO] PluginManager:219 - loadIPPluginJar : add dma3
2023-08-05 13:55:45,848 [INFO] IPUIPlugin:79 - create IPUIPlugin
2023-08-05 13:55:45,848 [INFO] PluginManager:219 - loadIPPluginJar : add fatfs
2023-08-05 13:55:45,881 [INFO] IPUIPlugin:79 - create IPUIPlugin
2023-08-05 13:55:45,881 [INFO] PluginManager:219 - loadIPPluginJar : add fmc
2023-08-05 13:55:45,894 [INFO] IPUIPlugin:79 - create IPUIPlugin
2023-08-05 13:55:45,894 [INFO] PluginManager:219 - loadIPPluginJar : add freertos
2023-08-05 13:55:45,907 [INFO] IPUIPlugin:79 - create IPUIPlugin
2023-08-05 13:55:45,907 [INFO] PluginManager:219 - loadIPPluginJar : add genericplugin
2023-08-05 13:55:45,983 [INFO] IPUIPlugin:79 - create IPUIPlugin
2023-08-05 13:55:45,983 [INFO] PluginManager:219 - loadIPPluginJar : add gfxmmu
2023-08-05 13:55:46,140 [INFO] IPUIPlugin:79 - create IPUIPlugin
2023-08-05 13:55:46,140 [INFO] PluginManager:219 - loadIPPluginJar : add gic
2023-08-05 13:55:46,154 [INFO] IPUIPlugin:79 - create IPUIPlugin
2023-08-05 13:55:46,163 [INFO] PluginManager:219 - loadIPPluginJar : add gpio
2023-08-05 13:55:46,247 [INFO] IPUIPlugin:79 - create IPUIPlugin
2023-08-05 13:55:46,248 [INFO] PluginManager:219 - loadIPPluginJar : add gtzc
2023-08-05 13:55:46,300 [INFO] IPUIPlugin:79 - create IPUIPlugin
2023-08-05 13:55:46,300 [INFO] PluginManager:219 - loadIPPluginJar : add hash
2023-08-05 13:55:46,394 [INFO] IPUIPlugin:79 - create IPUIPlugin
2023-08-05 13:55:46,394 [INFO] PluginManager:219 - loadIPPluginJar : add i2c
2023-08-05 13:55:46,421 [INFO] IPUIPlugin:79 - create IPUIPlugin
2023-08-05 13:55:46,422 [INFO] PluginManager:219 - loadIPPluginJar : add i2s
2023-08-05 13:55:46,535 [INFO] IPUIPlugin:79 - create IPUIPlugin
2023-08-05 13:55:46,535 [INFO] PluginManager:219 - loadIPPluginJar : add ipddr
2023-08-05 13:55:46,629 [INFO] IPUIPlugin:79 - create IPUIPlugin
2023-08-05 13:55:46,629 [INFO] PluginManager:219 - loadIPPluginJar : add linkedlist
2023-08-05 13:55:46,652 [INFO] IPUIPlugin:79 - create IPUIPlugin
2023-08-05 13:55:46,652 [INFO] PluginManager:219 - loadIPPluginJar : add lorawan
2023-08-05 13:55:46,675 [INFO] IPUIPlugin:79 - create IPUIPlugin
2023-08-05 13:55:46,675 [INFO] PluginManager:219 - loadIPPluginJar : add ltdc
2023-08-05 13:55:46,687 [INFO] IPUIPlugin:79 - create IPUIPlugin
2023-08-05 13:55:46,687 [INFO] PluginManager:219 - loadIPPluginJar : add mdma
2023-08-05 13:55:46,696 [INFO] IPUIPlugin:79 - create IPUIPlugin
2023-08-05 13:55:46,696 [INFO] PluginManager:219 - loadIPPluginJar : add nvic
2023-08-05 13:55:46,720 [INFO] IPUIPlugin:79 - create IPUIPlugin
2023-08-05 13:55:46,721 [INFO] PluginManager:219 - loadIPPluginJar : add opamp
2023-08-05 13:55:46,761 [INFO] IPUIPlugin:79 - create IPUIPlugin
2023-08-05 13:55:46,762 [INFO] PluginManager:219 - loadIPPluginJar : add openamp
2023-08-05 13:55:46,826 [INFO] IPUIPlugin:79 - create IPUIPlugin
2023-08-05 13:55:46,828 [INFO] PluginManager:219 - loadIPPluginJar : add pdm2pcm
2023-08-05 13:55:46,840 [INFO] IPUIPlugin:79 - create IPUIPlugin
2023-08-05 13:55:46,842 [INFO] PluginManager:219 - loadIPPluginJar : add plateformsettings
2023-08-05 13:55:46,856 [INFO] IPUIPlugin:79 - create IPUIPlugin
2023-08-05 13:55:46,857 [INFO] PluginManager:219 - loadIPPluginJar : add quadspi
2023-08-05 13:55:46,866 [INFO] IPUIPlugin:79 - create IPUIPlugin
2023-08-05 13:55:46,866 [INFO] PluginManager:219 - loadIPPluginJar : add resmgrutility
2023-08-05 13:55:46,896 [INFO] IPUIPlugin:79 - create IPUIPlugin
2023-08-05 13:55:46,896 [INFO] PluginManager:219 - loadIPPluginJar : add sai
2023-08-05 13:55:46,919 [INFO] IPUIPlugin:79 - create IPUIPlugin
2023-08-05 13:55:46,919 [INFO] PluginManager:219 - loadIPPluginJar : add spi
2023-08-05 13:55:46,993 [INFO] IPUIPlugin:79 - create IPUIPlugin
2023-08-05 13:55:46,993 [INFO] PluginManager:219 - loadIPPluginJar : add stm32_wpan
2023-08-05 13:55:47,009 [INFO] IPUIPlugin:79 - create IPUIPlugin
2023-08-05 13:55:47,009 [INFO] PluginManager:219 - loadIPPluginJar : add tim
2023-08-05 13:55:47,047 [INFO] IPUIPlugin:79 - create IPUIPlugin
2023-08-05 13:55:47,047 [INFO] PluginManager:219 - loadIPPluginJar : add touchsensing
2023-08-05 13:55:47,087 [INFO] IPUIPlugin:79 - create IPUIPlugin
2023-08-05 13:55:47,087 [INFO] PluginManager:219 - loadIPPluginJar : add tracer_emb
2023-08-05 13:55:47,123 [INFO] IPUIPlugin:79 - create IPUIPlugin
2023-08-05 13:55:47,123 [INFO] PluginManager:219 - loadIPPluginJar : add ts
2023-08-05 13:55:47,138 [INFO] IPUIPlugin:79 - create IPUIPlugin
2023-08-05 13:55:47,138 [INFO] PluginManager:219 - loadIPPluginJar : add tsc
2023-08-05 13:55:47,153 [INFO] IPUIPlugin:79 - create IPUIPlugin
2023-08-05 13:55:47,153 [INFO] PluginManager:219 - loadIPPluginJar : add ucpd
2023-08-05 13:55:47,180 [INFO] IPUIPlugin:79 - create IPUIPlugin
2023-08-05 13:55:47,180 [INFO] PluginManager:219 - loadIPPluginJar : add usart
2023-08-05 13:55:47,207 [INFO] IPUIPlugin:79 - create IPUIPlugin
2023-08-05 13:55:47,207 [INFO] PluginManager:219 - loadIPPluginJar : add usbx
2023-08-05 13:55:47,327 [INFO] CADModel:164 - CPN selected for project level
2023-08-05 13:55:47,327 [INFO] CADModel:113 - Register for checkConnection events
2023-08-05 13:55:47,327 [FATAL] Updater:308 - Updater called before beeing initialized
2023-08-05 13:55:47,327 [ERROR] CADModel:124 - Updater not yet initialized, retry later 
2023-08-05 13:55:47,455 [INFO] CADModel:164 - CPN selected for project level
2023-08-05 13:55:47,455 [INFO] CADModel:113 - Register for checkConnection events
2023-08-05 13:55:47,456 [FATAL] Updater:308 - Updater called before beeing initialized
2023-08-05 13:55:47,456 [ERROR] CADModel:124 - Updater not yet initialized, retry later 
2023-08-05 13:55:47,458 [FATAL] Updater:308 - Updater called before beeing initialized
2023-08-05 13:55:47,534 [FATAL] Updater:308 - Updater called before beeing initialized
2023-08-05 13:55:47,547 [INFO] DbMcusAds:52 - JSON generation date=Tue Mar 07 15:50:55 ICT 2023 (1678179055114)
2023-08-05 13:55:47,548 [FATAL] Updater:308 - Updater called before beeing initialized
2023-08-05 13:55:47,574 [WARN] DetailPanel:344 - Failed to get advertising image, set to default
2023-08-05 13:55:47,676 [FATAL] Updater:308 - Updater called before beeing initialized
2023-08-05 13:55:47,679 [FATAL] Updater:308 - Updater called before beeing initialized
2023-08-05 13:55:47,679 [FATAL] Updater:308 - Updater called before beeing initialized
2023-08-05 13:55:47,679 [WARN] DetailPanel:344 - Failed to get advertising image, set to default
2023-08-05 13:55:47,680 [FATAL] Updater:308 - Updater called before beeing initialized
2023-08-05 13:55:47,738 [ERROR] Updater:1120 - MainUpdater not yet initialized. External WinMGr cannot be set.
2023-08-05 13:55:47,750 [INFO] Updater:1056 - Updater Version found : 6.7.0
2023-08-05 13:55:47,792 [INFO] ApplicationProperties:181 - Using Application install path: C:\ST\STM32CubeIDE_1.11.0\STM32CubeIDE\plugins\com.st.stm32cube.common.mx_6.7.0.202211181646
2023-08-05 13:55:48,132 [INFO] ThirdPartyUpdaterWithRetryManager:70 - Updater plugin not ready yet. [2/15]
2023-08-05 13:55:48,201 [INFO] MainUpdater:2800 - connection check result : 10
2023-08-05 13:55:48,201 [INFO] MainUpdater:282 - Updater Check For Update Now.
2023-08-05 13:55:48,202 [INFO] MicroXplorer:481 - Change Database Version : DB.6.0.70
2023-08-05 13:55:48,369 [INFO] CheckServerUpdateThread:119 - End of CheckServer Thread
2023-08-05 13:55:48,428 [INFO] MainUpdater:2800 - connection check result : 10
2023-08-05 13:55:48,440 [INFO] MainUpdater:2800 - connection check result : 10
2023-08-05 13:55:48,571 [INFO] MicroXplorer:451 - Change Database Path : 
2023-08-05 13:55:48,572 [INFO] MicroXplorer:481 - Change Database Version : DB.6.0.70
2023-08-05 13:55:48,572 [WARN] ThirdParty:845 - waiting for thirdparty lock release [close project]
2023-08-05 13:55:51,253 [WARN] PackLoader:242 - Cannot read IP mode file for STMicroelectronics.X-CUBE-SMBUS.2.1.0
2023-08-05 13:55:51,279 [WARN] PackLoader:242 - Cannot read IP mode file for STMicroelectronics.X-CUBE-AZRTOS-F7.1.1.0
2023-08-05 13:55:51,289 [ERROR] RealEvaluatedCondition:430 - Found unsupported composite condition: CLASS='Data Exchange' GROUP='STM32_MetaDataManager'
2023-08-05 13:55:51,290 [ERROR] RealEvaluatedCondition:430 - Found unsupported composite condition: GROUP='STM32_MetaDataManager' CLASS='Data Exchange'
2023-08-05 13:55:51,291 [WARN] PackLoader:242 - Cannot read IP mode file for STMicroelectronics.FP-SNS-MOTENV1.4.3.0
2023-08-05 13:55:51,299 [WARN] PackLoader:242 - Cannot read IP mode file for STMicroelectronics.FP-SNS-MOTENV1.4.3.2
2023-08-05 13:55:51,307 [WARN] PackLoader:242 - Cannot read IP mode file for STMicroelectronics.FP-SNS-FLIGHT1.5.0.0
2023-08-05 13:55:51,314 [ERROR] RealEvaluatedCondition:430 - Found unsupported composite condition: GROUP='STM32_MetaDataManager' CLASS='Data Exchange'
2023-08-05 13:55:51,314 [ERROR] RealEvaluatedCondition:430 - Found unsupported composite condition: CLASS='Data Exchange' GROUP='STM32_MetaDataManager'
2023-08-05 13:55:51,315 [WARN] PackLoader:242 - Cannot read IP mode file for STMicroelectronics.FP-SNS-MOTENV1.4.3.1
2023-08-05 13:55:51,323 [WARN] PackLoader:242 - Cannot read IP mode file for STMicroelectronics.FP-SNS-FLIGHT1.5.0.1
2023-08-05 13:55:51,331 [WARN] PackLoader:242 - Cannot read IP mode file for STMicroelectronics.X-CUBE-BLE1.6.2.4
2023-08-05 13:55:51,338 [WARN] PackLoader:242 - Cannot read IP mode file for STMicroelectronics.FP-SNS-FLIGHT1.5.0.2
2023-08-05 13:55:51,347 [WARN] PackLoader:242 - Cannot read IP mode file for STMicroelectronics.X-CUBE-DISPLAY.3.0.0
2023-08-05 13:55:51,365 [WARN] PackLoader:242 - Cannot read IP mode file for STMicroelectronics.X-CUBE-TOUCHGFX.4.22.0
2023-08-05 13:55:51,377 [INFO] LogOutputStream:76 - [STDOUT_REDIRECT] 1 : Invalid condition id : UX_CORESTACK_Condition cause : null
2023-08-05 13:55:51,378 [INFO] LogOutputStream:76 - [STDOUT_REDIRECT] 1 : Invalid condition id : UX_CORESTACK_Condition cause : null
2023-08-05 13:55:51,379 [INFO] LogOutputStream:76 - [STDOUT_REDIRECT] 1 : Invalid condition id : UX_CORESTACK_Condition cause : null
2023-08-05 13:55:51,380 [INFO] LogOutputStream:76 - [STDOUT_REDIRECT] 1 : Invalid condition id : UX_CORESTACK_Condition cause : null
2023-08-05 13:55:51,381 [INFO] LogOutputStream:76 - [STDOUT_REDIRECT] 1 : Invalid condition id : UX_CORESTACK_Condition cause : null
2023-08-05 13:55:51,383 [WARN] PackLoader:242 - Cannot read IP mode file for STMicroelectronics.X-CUBE-AZRTOS-WL.2.0.0
2023-08-05 13:55:51,393 [WARN] PackLoader:242 - Cannot read IP mode file for WES.I-CUBE-Cesium.1.3.0
2023-08-05 13:55:51,403 [WARN] PackLoader:242 - Cannot read IP mode file for STMicroelectronics.X-CUBE-BLE2.3.3.0
2023-08-05 13:55:51,413 [WARN] PackLoader:242 - Cannot read IP mode file for STMicroelectronics.X-CUBE-DISPLAY.2.2.0
2023-08-05 13:55:51,430 [WARN] PackLoader:242 - Cannot read IP mode file for STMicroelectronics.X-CUBE-TOF1.3.2.0
2023-08-05 13:55:51,469 [WARN] PackLoader:242 - Cannot read IP mode file for STMicroelectronics.X-CUBE-AZRTOS-H7.2.1.0
2023-08-05 13:55:51,484 [WARN] PackLoader:242 - Cannot read IP mode file for STMicroelectronics.X-CUBE-TOUCHGFX.4.21.1
2023-08-05 13:55:51,495 [WARN] PackLoader:242 - Cannot read IP mode file for STMicroelectronics.X-CUBE-TOUCHGFX.4.21.0
2023-08-05 13:55:51,526 [WARN] PackLoader:242 - Cannot read IP mode file for STMicroelectronics.X-CUBE-TOUCHGFX.4.21.3
2023-08-05 13:55:51,536 [WARN] PackLoader:242 - Cannot read IP mode file for STMicroelectronics.X-CUBE-TOUCHGFX.4.21.4
2023-08-05 13:55:51,574 [WARN] PackLoader:242 - Cannot read IP mode file for STMicroelectronics.X-CUBE-MEMS1.9.4.0
2023-08-05 13:55:51,668 [WARN] PackLoader:242 - Cannot read IP mode file for STMicroelectronics.X-CUBE-AI.7.3.0
2023-08-05 13:55:51,676 [WARN] PackLoader:242 - Cannot read IP mode file for STMicroelectronics.X-CUBE-ALGOBUILD.1.3.0
2023-08-05 13:55:51,692 [WARN] PackLoader:242 - Cannot read IP mode file for STMicroelectronics.X-CUBE-AZRTOS-G0.1.1.0
2023-08-05 13:55:51,703 [WARN] PackLoader:242 - Cannot read IP mode file for STMicroelectronics.X-CUBE-NFC4.3.0.0
2023-08-05 13:55:51,718 [WARN] PackLoader:242 - Cannot read IP mode file for STMicroelectronics.X-CUBE-BLEMGR.1.3.0
2023-08-05 13:55:51,727 [WARN] PackLoader:242 - Cannot read IP mode file for STMicroelectronics.FP-ATR-SIGFOX1.3.2.0
2023-08-05 13:55:51,733 [WARN] PackLoader:242 - Cannot read IP mode file for STMicroelectronics.X-CUBE-TOUCHGFX.4.20.0
2023-08-05 13:55:51,764 [WARN] PackLoader:242 - Cannot read IP mode file for STMicroelectronics.X-CUBE-MEMS1.9.5.0
2023-08-05 13:55:51,908 [WARN] PackLoader:242 - Cannot read IP mode file for SEGGER.I-CUBE-embOS.1.3.1
2023-08-05 13:55:51,981 [WARN] PackLoader:242 - Cannot read IP mode file for SEGGER.I-CUBE-embOS.1.3.0
2023-08-05 13:55:52,041 [WARN] PackLoader:242 - Cannot read IP mode file for STMicroelectronics.X-CUBE-GNSS1.6.0.0
2023-08-05 13:55:52,071 [WARN] PackLoader:242 - Cannot read IP mode file for STMicroelectronics.X-CUBE-AZRTOS-F4.1.1.0
2023-08-05 13:55:52,129 [WARN] PackLoader:242 - Cannot read IP mode file for STMicroelectronics.X-CUBE-MEMS1.9.6.0
2023-08-05 13:55:52,235 [WARN] PackLoader:242 - Cannot read IP mode file for emotas.I-CUBE-CANOPEN.1.1.3
2023-08-05 13:55:52,243 [WARN] PackLoader:242 - Cannot read IP mode file for STMicroelectronics.X-CUBE-BLEMGR.2.0.0
2023-08-05 13:55:52,254 [WARN] PackLoader:242 - Cannot read IP mode file for STMicroelectronics.X-CUBE-NFC4.2.0.5
2023-08-05 13:55:52,277 [WARN] ConditionMgr:437 - getConditionDescription Invalid condition id : UX DEVICE CLASS RTOS Condition cause : null
2023-08-05 13:55:52,277 [WARN] ConditionMgr:437 - getConditionDescription Invalid condition id : UX DEVICE CLASS RTOS Condition cause : null
2023-08-05 13:55:52,279 [WARN] PackLoader:242 - Cannot read IP mode file for STMicroelectronics.X-CUBE-AZRTOS-H7.3.1.0
2023-08-05 13:55:52,280 [WARN] ConditionMgr:1038 - genDependencies : Invalid condition id : UX DEVICE CLASS RTOS Condition cause : null
2023-08-05 13:55:52,280 [WARN] ConditionMgr:1038 - genDependencies : Invalid condition id : UX DEVICE CLASS RTOS Condition cause : null
2023-08-05 13:55:52,281 [WARN] ConditionMgr:1038 - genDependencies : Invalid condition id : UX DEVICE CLASS RTOS Condition cause : null
2023-08-05 13:55:52,281 [WARN] ConditionMgr:1038 - genDependencies : Invalid condition id : UX DEVICE CLASS RTOS Condition cause : null
2023-08-05 13:55:52,282 [WARN] ConditionMgr:1038 - genDependencies : Invalid condition id : UX DEVICE CLASS RTOS Condition cause : null
2023-08-05 13:55:52,290 [WARN] PackLoader:242 - Cannot read IP mode file for wolfSSL.I-CUBE-wolfSSL.5.5.3
2023-08-05 13:55:52,300 [WARN] PackLoader:242 - Cannot read IP mode file for wolfSSL.I-CUBE-wolfSSL.5.5.4
2023-08-05 13:55:52,313 [WARN] PackLoader:242 - Cannot read IP mode file for STMicroelectronics.X-CUBE-NFC7.1.0.1
2023-08-05 13:55:52,325 [WARN] PackLoader:242 - Cannot read IP mode file for STMicroelectronics.X-CUBE-NFC7.1.0.0
2023-08-05 13:55:52,338 [WARN] PackLoader:242 - Cannot read IP mode file for STMicroelectronics.X-CUBE-EEPRMA1.4.1.0
2023-08-05 13:55:52,365 [WARN] ConditionMgr:437 - getConditionDescription Invalid condition id : LAN8742 Phy interface Condition cause : null
2023-08-05 13:55:52,365 [WARN] PackLoader:242 - Cannot read IP mode file for STMicroelectronics.X-CUBE-AZRTOS-L4.2.0.0
2023-08-05 13:55:52,367 [WARN] ConditionMgr:1038 - genDependencies : Invalid condition id : LAN8742 Phy interface Condition cause : null
2023-08-05 13:55:52,367 [WARN] ConditionMgr:1038 - genDependencies : Invalid condition id : LAN8742 Phy interface Condition cause : null
2023-08-05 13:55:52,367 [WARN] ConditionMgr:1038 - genDependencies : Invalid condition id : LAN8742 Phy interface Condition cause : null
2023-08-05 13:55:52,378 [WARN] PackLoader:242 - Cannot read IP mode file for STMicroelectronics.X-CUBE-SFXS2LP1.4.0.0
2023-08-05 13:55:52,402 [WARN] PackLoader:242 - Cannot read IP mode file for STMicroelectronics.X-CUBE-AZRTOS-H7.3.0.0
2023-08-05 13:55:52,417 [WARN] PackLoader:242 - Cannot read IP mode file for STMicroelectronics.X-CUBE-ISPU.1.1.0
2023-08-05 13:55:52,429 [WARN] PackLoader:242 - Cannot read IP mode file for RoweBots.I-CUBE-UNISONRTOS.5.5.0-4
2023-08-05 13:55:52,439 [WARN] PackLoader:242 - Cannot read IP mode file for STMicroelectronics.X-CUBE-AI.8.0.0
2023-08-05 13:55:52,451 [WARN] PackLoader:242 - Cannot read IP mode file for STMicroelectronics.X-CUBE-FREERTOS.1.0.0
2023-08-05 13:55:52,463 [WARN] PackLoader:242 - Cannot read IP mode file for STMicroelectronics.X-CUBE-FREERTOS.1.0.1
2023-08-05 13:55:52,498 [WARN] PackLoader:242 - Cannot read IP mode file for STMicroelectronics.X-CUBE-AZRTOS-L5.1.1.0
2023-08-05 13:55:52,512 [WARN] PackLoader:242 - Cannot read IP mode file for STMicroelectronics.X-CUBE-AI.8.0.1
2023-08-05 13:55:52,524 [WARN] PackLoader:242 - Cannot read IP mode file for STMicroelectronics.X-CUBE-SUBG2.5.0.0
2023-08-05 13:55:52,542 [WARN] PackLoader:242 - Cannot read IP mode file for STMicroelectronics.X-CUBE-TOF1.3.3.1
2023-08-05 13:55:52,571 [WARN] PackLoader:242 - Cannot read IP mode file for STMicroelectronics.X-CUBE-AZRTOS-G4.2.0.0
2023-08-05 13:55:52,586 [WARN] PackLoader:242 - Cannot read IP mode file for STMicroelectronics.X-CUBE-TOF1.3.3.0
2023-08-05 13:55:52,601 [WARN] PackLoader:242 - Cannot read IP mode file for STMicroelectronics.FP-ATR-ASTRA1.1.1.1
2023-08-05 13:55:52,617 [WARN] PackLoader:242 - Cannot read IP mode file for STMicroelectronics.X-CUBE-AZRTOS-G4.1.0.0
2023-08-05 13:55:52,634 [WARN] PackLoader:242 - Cannot read IP mode file for STMicroelectronics.X-CUBE-AZRTOS-L4.1.0.0
2023-08-05 13:55:52,645 [WARN] PackLoader:242 - Cannot read IP mode file for STMicroelectronics.X-CUBE-AZRTOS-WL.1.0.0
2023-08-05 13:55:52,653 [WARN] PackLoader:242 - Cannot read IP mode file for portGmbH.I-Cube-SoM-uGOAL.1.1.0
2023-08-05 13:55:52,660 [WARN] PackLoader:242 - Cannot read IP mode file for STMicroelectronics.X-CUBE-ALS.1.0.1
2023-08-05 13:55:52,671 [WARN] PackLoader:242 - Cannot read IP mode file for STMicroelectronics.X-CUBE-AZRTOS-WB.1.1.0
2023-08-05 13:55:52,678 [WARN] PackLoader:242 - Cannot read IP mode file for STMicroelectronics.X-CUBE-EEPRMA1.3.1.1
2023-08-05 13:55:52,685 [WARN] PackLoader:242 - Cannot read IP mode file for STMicroelectronics.FP-ATR-ASTRA1.2.0.0
2023-08-05 13:55:52,685 [INFO] ThirdParty:947 - Integrity check success = true
2023-08-05 13:55:52,685 [INFO] IntegrityCheckThread:98 - exiting critical section [integrity check]
2023-08-05 13:55:52,685 [INFO] IntegrityCheckThread:101 - End integrity checks thread
2023-08-05 13:55:52,685 [INFO] ThirdParty:847 - entering critical section [close project]
2023-08-05 13:55:52,688 [INFO] ThirdParty:857 - exiting critical section [close project]
2023-08-05 13:55:52,691 [INFO] PinOutPanel:1477 - setPackage(No Configuration,No Configuration)
2023-08-05 13:55:52,695 [INFO] UtilMem:74 - Begin LoadConfig() Used Memory: 521808264 Bytes (545259520)
2023-08-05 13:55:52,696 [INFO] MicroXplorer:451 - Change Database Path : 
2023-08-05 13:55:52,696 [INFO] MicroXplorer:481 - Change Database Version : DB.6.0.70
2023-08-05 13:55:52,696 [INFO] OpenFileManager:307 - Change cursor
2023-08-05 13:55:52,729 [INFO] Mcu:1925 - Initializing MCU STM32F103C(8-B)Tx STM32F103C8Tx STM32F103C8T6
2023-08-05 13:55:53,386 [INFO] Context:654 - Trying to add GPIOservice into a context  which must be forbidden
2023-08-05 13:55:53,791 [INFO] RtosManager:489 - Registered RTOS mode: class=CMSIS, group=RTOS, mode=CMSIS_V1, owner=FREERTOS
2023-08-05 13:55:53,791 [INFO] RtosManager:489 - Registered RTOS mode: class=CMSIS, group=RTOS2, mode=CMSIS_V2, owner=FREERTOS
2023-08-05 13:55:53,791 [INFO] RtosManager:489 - Registered RTOS mode: class=RTOS, group=Core, mode=CMSIS_V1, owner=FREERTOS
2023-08-05 13:55:53,791 [INFO] RtosManager:489 - Registered RTOS mode: class=RTOS, group=Core, mode=CMSIS_V2, owner=FREERTOS
2023-08-05 13:55:53,791 [WARN] ModelIntegratedComponent:185 - Missing modes for component STMicroelectronics:FreeRTOS:0.0.1:STMicroelectronics:RTOS:FreeRTOS:Core:::10.2.0:
2023-08-05 13:55:53,802 [WARN] ModelIntegratedComponent:64 - No mode defined for component null
2023-08-05 13:55:53,803 [WARN] ModelIntegratedComponent:64 - No mode defined for component null
2023-08-05 13:55:53,803 [WARN] ModelIntegratedComponent:64 - No mode defined for component null
2023-08-05 13:55:53,803 [WARN] ModelIntegratedComponent:64 - No mode defined for component null
2023-08-05 13:55:53,803 [WARN] ModelIntegratedComponent:64 - No mode defined for component null
2023-08-05 13:55:53,803 [WARN] ModelIntegratedComponent:64 - No mode defined for component null
2023-08-05 13:55:53,803 [WARN] ModelIntegratedComponent:64 - No mode defined for component null
2023-08-05 13:55:53,803 [WARN] ModelIntegratedComponent:64 - No mode defined for component null
2023-08-05 13:55:53,803 [WARN] ModelIntegratedComponent:64 - No mode defined for component null
2023-08-05 13:55:53,803 [WARN] ModelIntegratedComponent:64 - No mode defined for component null
2023-08-05 13:55:53,803 [WARN] ModelIntegratedComponent:64 - No mode defined for component null
2023-08-05 13:55:53,803 [WARN] ModelIntegratedComponent:64 - No mode defined for component null
2023-08-05 13:55:53,803 [WARN] ModelIntegratedComponent:64 - No mode defined for component null
2023-08-05 13:55:53,805 [WARN] ModelIntegratedComponent:64 - No mode defined for component null
2023-08-05 13:55:53,805 [WARN] ModelIntegratedComponent:64 - No mode defined for component null
2023-08-05 13:55:53,805 [WARN] ModelIntegratedComponent:64 - No mode defined for component null
2023-08-05 13:55:53,805 [WARN] ModelIntegratedComponent:64 - No mode defined for component null
2023-08-05 13:55:53,805 [WARN] ModelIntegratedComponent:64 - No mode defined for component null
2023-08-05 13:55:53,805 [WARN] ModelIntegratedComponent:64 - No mode defined for component null
2023-08-05 13:55:53,805 [WARN] ModelIntegratedComponent:64 - No mode defined for component null
2023-08-05 13:55:53,805 [WARN] ModelIntegratedComponent:64 - No mode defined for component null
2023-08-05 13:55:53,805 [WARN] ModelIntegratedComponent:64 - No mode defined for component null
2023-08-05 13:55:53,805 [WARN] ModelIntegratedComponent:64 - No mode defined for component null
2023-08-05 13:55:53,805 [WARN] ModelIntegratedComponent:64 - No mode defined for component null
2023-08-05 13:55:53,806 [WARN] ModelIntegratedComponent:64 - No mode defined for component null
2023-08-05 13:55:53,806 [WARN] ModelIntegratedComponent:64 - No mode defined for component null
2023-08-05 13:55:53,806 [WARN] ModelIntegratedComponent:64 - No mode defined for component null
2023-08-05 13:55:53,806 [WARN] ModelIntegratedComponent:64 - No mode defined for component null
2023-08-05 13:55:53,806 [WARN] ModelIntegratedComponent:64 - No mode defined for component null
2023-08-05 13:55:53,806 [WARN] ModelIntegratedComponent:64 - No mode defined for component null
2023-08-05 13:55:53,806 [WARN] ModelIntegratedComponent:64 - No mode defined for component null
2023-08-05 13:55:53,806 [WARN] ModelIntegratedComponent:64 - No mode defined for component null
2023-08-05 13:55:53,806 [WARN] ModelIntegratedComponent:64 - No mode defined for component null
2023-08-05 13:55:53,908 [INFO] ThirdPartyModel:294 - Start build external matchings
2023-08-05 13:55:54,735 [INFO] ThirdPartyModel:310 - End build external matchings
2023-08-05 13:55:54,749 [INFO] RtosManager:802 - Current active RTOS is FREERTOS [Cortex-M3NS]
2023-08-05 13:55:54,758 [INFO] ImportTextPane:193 - (OptionalMessage_ERROR) IP (RCC) : Parameter (ADCFreqValue) has invalid value (36000000)
2023-08-05 13:55:54,759 [INFO] ImportTextPane:193 - (OptionalMessage_ERROR) IP (RCC) : Invalid parameter (FamilyName)
2023-08-05 13:55:54,759 [INFO] ImportTextPane:193 - (OptionalMessage_ERROR) IP (RCC) : Parameter (MCOFreq_Value) has invalid value (72000000)
2023-08-05 13:55:54,759 [INFO] ImportTextPane:193 - (OptionalMessage_ERROR) IP (RCC) : Parameter (USBFreq_Value) has invalid value (72000000)
2023-08-05 13:55:54,967 [INFO] UtilMem:74 - End LoadConfig() Used Memory: 546029224 Bytes (636485632)
2023-08-05 13:55:55,061 [INFO] ApiDb:580 - Connected to CubeFinder SQLite database (C:\Users\LENOVO\.stmcufinder\plugins\mcufinder\mcu\cube-finder-db.db)
2023-08-05 13:55:55,105 [INFO] ApiDb:667 - CubeFinder database Data Model version=2.1
2023-08-05 13:55:55,105 [INFO] ApiDb:668 - CubeFinder database Configuration version=3.0.37
2023-08-05 13:55:55,105 [INFO] ApiDb:669 - CubeFinder database generation date=2023-06-26 (1687786131)
2023-08-05 13:55:55,105 [INFO] ApiDb:670 - CubeFinder database FW Pack versions=[FP-ATR-ASTRA1_V2.0.0, FP-SNS-FLIGHT1_V5.0.1, FP-SNS-MOTENV1_V4.3.1, STM32Cube_FW_C0_V1.1.0, STM32Cube_FW_F4_V1.27.1, STM32Cube_FW_F7_V1.17.0, STM32Cube_FW_G0_V1.6.1, STM32Cube_FW_G4_V1.5.1, STM32Cube_FW_H5_V0.5.1, STM32Cube_FW_H5_V1.1.0, STM32Cube_FW_H7_V1.11.0, STM32Cube_FW_L0_V1.12.2, STM32Cube_FW_L5_V1.5.0, STM32Cube_FW_U5_V1.3.0, STM32Cube_FW_U5_V1.3.0RC4, STM32Cube_FW_WBA_V1.0.0RC1, STM32Cube_FW_WBA_V1.1.0, STM32Cube_FW_WBA_V1.1.0RC1, STM32Cube_FW_WB_V1.15.0RC1, STM32Cube_FW_WB_V1.16.0, STM32Cube_FW_WB_V1.16.0RC2, STM32Cube_FW_WB_V1.17.0, STM32Cube_FW_WL_V1.3.0, X-CUBE-ALGOBUILD_V1.3.0, X-CUBE-ALS_V1.0.1, X-CUBE-AZRTOS-F4_V1.1.0, X-CUBE-AZRTOS-F7_V1.1.0, X-CUBE-AZRTOS-G0_V1.1.0, X-CUBE-AZRTOS-G4_V2.0.0, X-CUBE-AZRTOS-H7_V3.1.0, X-CUBE-AZRTOS-L4_V1.0.0, X-CUBE-AZRTOS-L4_V2.0.0, X-CUBE-AZRTOS-L5_V1.1.0, X-CUBE-AZRTOS-WB_V1.1.0, X-CUBE-AZRTOS-WL_V2.0.0, X-CUBE-BLE1_V6.2.4, X-CUBE-BLE2_V3.3.0, X-CUBE-BLEMGR_V2.0.0, X-CUBE-EEPRMA1_V4.1.0, X-CUBE-FREERTOS_V1.0.1, X-CUBE-GNSS1_V6.0.0, X-CUBE-MEMS1_V9.1.0, X-CUBE-MEMS1_V9.4.0, X-CUBE-MEMS1_V9.6.0, X-CUBE-NFC4_V3.0.0, X-CUBE-NFC7_V1.0.0, X-CUBE-SFXS2LP1_V4.0.0, X-CUBE-SUBG2_V5.0.0]
2023-08-05 13:55:56,523 [INFO] ApiDb:239 - Found 143 in-development CPN: [B-WB1M-WPAN1, B-WL5M-SUBG1, NUCLEO-C031C6, STEVAL-PROTEUS1, STEVAL-STWINBX1, STM320518-EVAL, STM32C0116-DK, STM32C011D6Y3TR, STM32C011D6Y6TR, STM32C011F4P3, STM32C011F4P6, STM32C011F4U3, STM32C011F4U6TR, STM32C011F6P3, STM32C011F6P6, STM32C011F6U3, STM32C011F6U6TR, STM32C011J4M3, STM32C011J4M6, STM32C011J6M3, STM32C011J6M6, STM32C0316-DK, STM32C031C4T3, STM32C031C4T6, STM32C031C4U3, STM32C031C4U6, STM32C031C6T3, STM32C031C6T6, STM32C031C6U3, STM32C031C6U6, STM32C031F4P3, STM32C031F4P6, STM32C031F6P3, STM32C031F6P6, STM32C031G4U3, STM32C031G4U6, STM32C031G6U3, STM32C031G6U6, STM32C031K4T3, STM32C031K4T6, STM32C031K4U3, STM32C031K4U6, STM32C031K6T3, STM32C031K6T6, STM32C031K6U3, STM32C031K6U6, STM32G071K8TXN, STM32G071K8UXN, STM32G081GBU6N, STM32G081KBT6N, STM32G081KBUXN, STM32G0B1CCT6N, STM32G0B1KCT6, STM32G0B1NEY6TR, STM32G0B1RCT6N, STM32G0C1CCT6, STM32G0C1CCT6N, STM32G0C1CCU6N, STM32G0C1CET6N, STM32G0C1CEU6N, STM32G0C1KCT6, STM32G0C1NEY6TR, STM32G0C1RCI6N, STM32G0C1RCT6N, STM32G0C1REI6N, STM32G0C1RET6N, STM32G0C1VCI6, STM32G0C1VEI6, STM32G471CCT6, STM32G471CCU6, STM32G471CET3, STM32G471CET6, STM32G471CEU3, STM32G471CEU6, STM32G471MCT6, STM32G471MET3, STM32G471MET6, STM32G471MEY6TR, STM32G471QCT6, STM32G471QET3, STM32G471RCT6, STM32G471RET3, STM32G471RET6, STM32G471VCH6, STM32G471VCI6, STM32G471VCT6, STM32G471VEH3, STM32G471VEH6, STM32G471VEI3, STM32G471VEI6, STM32G471VET3, STM32G471VET6, STM32G474CCT6, STM32L476VGY6PTR, STM32L4R5QGI6STR, STM32MP131AAE3, STM32MP131AAF3, STM32MP131AAG3, STM32MP131CAE3, STM32MP131CAF3, STM32MP131CAG3, STM32MP131DAE7, STM32MP131DAF7, STM32MP131DAG7, STM32MP131FAE7, STM32MP131FAF7, STM32MP131FAG7, STM32MP133AAE3, STM32MP133AAF3, STM32MP133AAG3, STM32MP133CAE3, STM32MP133CAF3, STM32MP133CAG3, STM32MP133DAE7, STM32MP133DAF7, STM32MP133DAG7, STM32MP133FAE7, STM32MP133FAF7, STM32MP133FAG7, STM32MP135AAE3, STM32MP135AAF3, STM32MP135AAG3, STM32MP135CAE3, STM32MP135CAF3, STM32MP135CAG3, STM32MP135DAE7, STM32MP135DAF7, STM32MP135DAG7, STM32MP135F-DK, STM32MP135FAE7, STM32MP135FAF7, STM32MP135FAF7T, STM32MP135FAF7U, STM32MP135FAG7, STM32U595ZJT6Q, STM32U599BJY6QTR, STM32U599NIH6Q, STM32U599NJH6Q, STM32U5A5ZJT6Q, STM32U5A9BJY6QTR, STM32U5A9NJH6Q, STM32WB1MMCH6, STM32WL5MOCH6TR]
2023-08-05 13:55:56,525 [INFO] DbMcus:215 - Found 3803 MCUs, 3803 are supported
2023-08-05 13:55:56,533 [INFO] ApiDb:422 - Load user favorites file C:\Users\LENOVO/.stm32cubeide/favorites.mcus.txt: 1 item(s)
2023-08-05 13:55:56,533 [INFO] ApiDb:426 - User favorites MCUs=[STM32F103C8T6]
2023-08-05 13:55:56,533 [INFO] DbMcus:221 - Set 1 / 1 favorites MCUs
2023-08-05 13:55:56,787 [WARN] ThirdParty:807 - waiting for thirdparty lock release [change project]
2023-08-05 13:55:56,788 [INFO] ThirdParty:809 - entering critical section [change project]
2023-08-05 13:55:56,788 [INFO] ThirdParty:999 - CMSIS Pack Vendor :STMicroelectronics X-CUBE-ISPU 1.1.0
2023-08-05 13:55:56,788 [INFO] ThirdParty:999 - CMSIS Pack Vendor :RoweBots I-CUBE-UNISONRTOS 5.5.0-4
2023-08-05 13:55:56,788 [INFO] ThirdParty:999 - CMSIS Pack Vendor :STMicroelectronics X-CUBE-GNSS1 6.0.0
2023-08-05 13:55:56,788 [INFO] ThirdParty:999 - CMSIS Pack Vendor :STMicroelectronics X-CUBE-AZRTOS-H7 2.1.0
2023-08-05 13:55:56,788 [INFO] ThirdParty:999 - CMSIS Pack Vendor :STMicroelectronics USB_HOST 2.0.0
2023-08-05 13:55:56,788 [INFO] ThirdParty:999 - CMSIS Pack Vendor :STMicroelectronics X-CUBE-AZRTOS-F4 1.1.0
2023-08-05 13:55:56,788 [INFO] ThirdParty:999 - CMSIS Pack Vendor :STMicroelectronics LIBJPEG 8.0.0
2023-08-05 13:55:56,788 [INFO] ThirdParty:999 - CMSIS Pack Vendor :STMicroelectronics X-CUBE-SMBUS 2.1.0
2023-08-05 13:55:56,788 [INFO] ThirdParty:999 - CMSIS Pack Vendor :STMicroelectronics USB_DEVICE 3.0.0
2023-08-05 13:55:56,788 [INFO] ThirdParty:999 - CMSIS Pack Vendor :STMicroelectronics X-CUBE-AI 8.0.0
2023-08-05 13:55:56,788 [INFO] ThirdParty:999 - CMSIS Pack Vendor :STMicroelectronics X-CUBE-FREERTOS 1.0.0
2023-08-05 13:55:56,788 [INFO] ThirdParty:999 - CMSIS Pack Vendor :STMicroelectronics X-CUBE-FREERTOS 1.0.1
2023-08-05 13:55:56,788 [INFO] ThirdParty:999 - CMSIS Pack Vendor :STMicroelectronics X-CUBE-TOUCHGFX 4.21.1
2023-08-05 13:55:56,788 [INFO] ThirdParty:999 - CMSIS Pack Vendor :STMicroelectronics X-CUBE-TOUCHGFX 4.21.0
2023-08-05 13:55:56,788 [INFO] ThirdParty:999 - CMSIS Pack Vendor :STMicroelectronics X-CUBE-TOUCHGFX 4.21.3
2023-08-05 13:55:56,788 [INFO] ThirdParty:999 - CMSIS Pack Vendor :STMicroelectronics X-CUBE-AZRTOS-F7 1.1.0
2023-08-05 13:55:56,788 [INFO] ThirdParty:999 - CMSIS Pack Vendor :STMicroelectronics X-CUBE-TOUCHGFX 4.21.4
2023-08-05 13:55:56,788 [INFO] ThirdParty:999 - CMSIS Pack Vendor :STMicroelectronics X-CUBE-MEMS1 9.4.0
2023-08-05 13:55:56,788 [INFO] ThirdParty:999 - CMSIS Pack Vendor :STMicroelectronics USB_DEVICE 2.0.0
2023-08-05 13:55:56,788 [INFO] ThirdParty:999 - CMSIS Pack Vendor :STMicroelectronics X-CUBE-AI 7.3.0
2023-08-05 13:55:56,789 [INFO] ThirdParty:999 - CMSIS Pack Vendor :STMicroelectronics X-CUBE-MEMS1 9.6.0
2023-08-05 13:55:56,789 [INFO] ThirdParty:999 - CMSIS Pack Vendor :STMicroelectronics FP-SNS-MOTENV1 4.3.0
2023-08-05 13:55:56,789 [INFO] ThirdParty:999 - CMSIS Pack Vendor :STMicroelectronics FP-SNS-MOTENV1 4.3.2
2023-08-05 13:55:56,789 [INFO] ThirdParty:999 - CMSIS Pack Vendor :STMicroelectronics FP-SNS-FLIGHT1 5.0.0
2023-08-05 13:55:56,789 [INFO] ThirdParty:999 - CMSIS Pack Vendor :STMicroelectronics FP-SNS-MOTENV1 4.3.1
2023-08-05 13:55:56,789 [INFO] ThirdParty:999 - CMSIS Pack Vendor :STMicroelectronics FP-SNS-FLIGHT1 5.0.1
2023-08-05 13:55:56,789 [INFO] ThirdParty:999 - CMSIS Pack Vendor :STMicroelectronics X-CUBE-ALGOBUILD 1.3.0
2023-08-05 13:55:56,789 [INFO] ThirdParty:999 - CMSIS Pack Vendor :STMicroelectronics X-CUBE-BLE1 6.2.4
2023-08-05 13:55:56,789 [INFO] ThirdParty:999 - CMSIS Pack Vendor :STMicroelectronics X-CUBE-AZRTOS-L5 1.1.0
2023-08-05 13:55:56,789 [INFO] ThirdParty:999 - CMSIS Pack Vendor :STMicroelectronics FreeRTOS 0.0.1
2023-08-05 13:55:56,789 [INFO] ThirdParty:999 - CMSIS Pack Vendor :STMicroelectronics X-CUBE-AZRTOS-G0 1.1.0
2023-08-05 13:55:56,789 [INFO] ThirdParty:999 - CMSIS Pack Vendor :emotas I-CUBE-CANOPEN 1.1.3
2023-08-05 13:55:56,789 [INFO] ThirdParty:999 - CMSIS Pack Vendor :STMicroelectronics X-CUBE-BLEMGR 2.0.0
2023-08-05 13:55:56,789 [INFO] ThirdParty:999 - CMSIS Pack Vendor :STMicroelectronics X-CUBE-AI 8.0.1
2023-08-05 13:55:56,789 [INFO] ThirdParty:999 - CMSIS Pack Vendor :STMicroelectronics X-CUBE-NFC4 3.0.0
2023-08-05 13:55:56,789 [INFO] ThirdParty:999 - CMSIS Pack Vendor :STMicroelectronics X-CUBE-SUBG2 5.0.0
2023-08-05 13:55:56,789 [INFO] ThirdParty:999 - CMSIS Pack Vendor :STMicroelectronics STM32_WPAN 1.0.0
2023-08-05 13:55:56,789 [INFO] ThirdParty:999 - CMSIS Pack Vendor :STMicroelectronics lwIP 2.0.3
2023-08-05 13:55:56,789 [INFO] ThirdParty:999 - CMSIS Pack Vendor :STMicroelectronics FP-SNS-FLIGHT1 5.0.2
2023-08-05 13:55:56,789 [INFO] ThirdParty:999 - CMSIS Pack Vendor :STMicroelectronics X-CUBE-NFC4 2.0.5
2023-08-05 13:55:56,789 [INFO] ThirdParty:999 - CMSIS Pack Vendor :STMicroelectronics USB_HOST 1.0.0
2023-08-05 13:55:56,789 [INFO] ThirdParty:999 - CMSIS Pack Vendor :STMicroelectronics X-CUBE-TOF1 3.3.1
2023-08-05 13:55:56,789 [INFO] ThirdParty:999 - CMSIS Pack Vendor :STMicroelectronics X-CUBE-AZRTOS-G4 2.0.0
2023-08-05 13:55:56,789 [INFO] ThirdParty:999 - CMSIS Pack Vendor :STMicroelectronics PDM2PCM 3.1.0
2023-08-05 13:55:56,789 [INFO] ThirdParty:999 - CMSIS Pack Vendor :STMicroelectronics X-CUBE-AZRTOS-H7 3.1.0
2023-08-05 13:55:56,789 [INFO] ThirdParty:999 - CMSIS Pack Vendor :STMicroelectronics X-CUBE-TOF1 3.3.0
2023-08-05 13:55:56,789 [INFO] ThirdParty:999 - CMSIS Pack Vendor :STMicroelectronics FP-ATR-ASTRA1 1.1.1
2023-08-05 13:55:56,789 [INFO] ThirdParty:999 - CMSIS Pack Vendor :STMicroelectronics PDM2PCM 3.3.0
2023-08-05 13:55:56,789 [INFO] ThirdParty:999 - CMSIS Pack Vendor :STMicroelectronics X-CUBE-DISPLAY 3.0.0
2023-08-05 13:55:56,789 [INFO] ThirdParty:999 - CMSIS Pack Vendor :STMicroelectronics X-CUBE-BLEMGR 1.3.0
2023-08-05 13:55:56,789 [INFO] ThirdParty:999 - CMSIS Pack Vendor :wolfSSL I-CUBE-wolfSSL 5.5.3
2023-08-05 13:55:56,789 [INFO] ThirdParty:999 - CMSIS Pack Vendor :STMicroelectronics FP-ATR-SIGFOX1 3.2.0
2023-08-05 13:55:56,789 [INFO] ThirdParty:999 - CMSIS Pack Vendor :STMicroelectronics X-CUBE-AZRTOS-G4 1.0.0
2023-08-05 13:55:56,789 [INFO] ThirdParty:999 - CMSIS Pack Vendor :wolfSSL I-CUBE-wolfSSL 5.5.4
2023-08-05 13:55:56,789 [INFO] ThirdParty:999 - CMSIS Pack Vendor :STMicroelectronics X-CUBE-AZRTOS-L4 1.0.0
2023-08-05 13:55:56,789 [INFO] ThirdParty:999 - CMSIS Pack Vendor :STMicroelectronics HAL Drivers 0.0.0
2023-08-05 13:55:56,789 [INFO] ThirdParty:999 - CMSIS Pack Vendor :STMicroelectronics MBEDTLS 2.16.2
2023-08-05 13:55:56,789 [INFO] ThirdParty:999 - CMSIS Pack Vendor :STMicroelectronics X-CUBE-TOUCHGFX 4.20.0
2023-08-05 13:55:56,789 [INFO] ThirdParty:999 - CMSIS Pack Vendor :STMicroelectronics X-CUBE-TOUCHGFX 4.22.0
2023-08-05 13:55:56,789 [INFO] ThirdParty:999 - CMSIS Pack Vendor :STMicroelectronics X-CUBE-NFC7 1.0.1
2023-08-05 13:55:56,789 [INFO] ThirdParty:999 - CMSIS Pack Vendor :STMicroelectronics MBEDTLS 2.14.1
2023-08-05 13:55:56,789 [INFO] ThirdParty:999 - CMSIS Pack Vendor :STMicroelectronics X-CUBE-NFC7 1.0.0
2023-08-05 13:55:56,789 [INFO] ThirdParty:999 - CMSIS Pack Vendor :STMicroelectronics X-CUBE-AZRTOS-WL 1.0.0
2023-08-05 13:55:56,789 [INFO] ThirdParty:999 - CMSIS Pack Vendor :STMicroelectronics X-CUBE-EEPRMA1 4.1.0
2023-08-05 13:55:56,789 [INFO] ThirdParty:999 - CMSIS Pack Vendor :portGmbH I-Cube-SoM-uGOAL 1.1.0
2023-08-05 13:55:56,789 [INFO] ThirdParty:999 - CMSIS Pack Vendor :STMicroelectronics X-CUBE-ALS 1.0.1
2023-08-05 13:55:56,789 [INFO] ThirdParty:999 - CMSIS Pack Vendor :STMicroelectronics X-CUBE-MEMS1 9.5.0
2023-08-05 13:55:56,790 [INFO] ThirdParty:999 - CMSIS Pack Vendor :STMicroelectronics ThreadX 1.0.0
2023-08-05 13:55:56,790 [INFO] ThirdParty:999 - CMSIS Pack Vendor :STMicroelectronics X-CUBE-AZRTOS-WB 1.1.0
2023-08-05 13:55:56,790 [INFO] ThirdParty:999 - CMSIS Pack Vendor :STMicroelectronics X-CUBE-AZRTOS-WL 2.0.0
2023-08-05 13:55:56,790 [INFO] ThirdParty:999 - CMSIS Pack Vendor :SEGGER I-CUBE-embOS 1.3.1
2023-08-05 13:55:56,790 [INFO] ThirdParty:999 - CMSIS Pack Vendor :STMicroelectronics USB_DEVICE 1.0.0
2023-08-05 13:55:56,790 [INFO] ThirdParty:999 - CMSIS Pack Vendor :SEGGER I-CUBE-embOS 1.3.0
2023-08-05 13:55:56,790 [INFO] ThirdParty:999 - CMSIS Pack Vendor :STMicroelectronics X-CUBE-EEPRMA1 3.1.1
2023-08-05 13:55:56,790 [INFO] ThirdParty:999 - CMSIS Pack Vendor :STMicroelectronics X-CUBE-AZRTOS-L4 2.0.0
2023-08-05 13:55:56,790 [INFO] ThirdParty:999 - CMSIS Pack Vendor :STMicroelectronics ThreadX 0.0.2
2023-08-05 13:55:56,790 [INFO] ThirdParty:999 - CMSIS Pack Vendor :WES I-CUBE-Cesium 1.3.0
2023-08-05 13:55:56,790 [INFO] ThirdParty:999 - CMSIS Pack Vendor :STMicroelectronics FP-ATR-ASTRA1 2.0.0
2023-08-05 13:55:56,790 [INFO] ThirdParty:999 - CMSIS Pack Vendor :STMicroelectronics lwIP 2.1.2
2023-08-05 13:55:56,790 [INFO] ThirdParty:999 - CMSIS Pack Vendor :STMicroelectronics X-CUBE-SFXS2LP1 4.0.0
2023-08-05 13:55:56,790 [INFO] ThirdParty:999 - CMSIS Pack Vendor :STMicroelectronics X-CUBE-BLE2 3.3.0
2023-08-05 13:55:56,790 [INFO] ThirdParty:999 - CMSIS Pack Vendor :STMicroelectronics X-CUBE-DISPLAY 2.2.0
2023-08-05 13:55:56,790 [INFO] ThirdParty:999 - CMSIS Pack Vendor :STMicroelectronics X-CUBE-TOF1 3.2.0
2023-08-05 13:55:56,790 [INFO] ThirdParty:999 - CMSIS Pack Vendor :STMicroelectronics PDM2PCM 3.2.0
2023-08-05 13:55:56,790 [INFO] ThirdParty:999 - CMSIS Pack Vendor :STMicroelectronics X-CUBE-AZRTOS-H7 3.0.0
2023-08-05 13:55:56,790 [INFO] ThirdParty:815 - exiting critical section [change project]
2023-08-05 13:55:57,000 [INFO] PinOutPanel:1477 - setPackage(No Configuration,No Configuration)
2023-08-05 13:55:57,001 [INFO] PinOutPanel:1477 - setPackage(STM32F103C8Tx,LQFP48)
2023-08-05 13:55:57,567 [INFO] UtilMem:74 - Before build in PCC Used Memory: 526011328 Bytes (636485632)
2023-08-05 13:55:58,309 [INFO] UtilMem:74 - After build in PCC Used Memory: 557148192 Bytes (636485632)
2023-08-05 13:55:58,392 [INFO] ApiDbMcu:505 - Load IP Config File for FREERTOS
2023-08-05 13:55:58,409 [INFO] IPUIPlugin:79 - create IPUIPlugin
2023-08-05 13:55:58,410 [INFO] IPUIPlugin:79 - create IPUIPlugin
2023-08-05 13:55:58,410 [INFO] IPUIPlugin:79 - create IPUIPlugin
2023-08-05 13:55:58,410 [INFO] IPUIPlugin:79 - create IPUIPlugin
2023-08-05 13:55:58,410 [INFO] IPUIPlugin:79 - create IPUIPlugin
2023-08-05 13:55:58,410 [INFO] IPUIPlugin:79 - create IPUIPlugin
2023-08-05 13:55:58,410 [INFO] IPUIPlugin:79 - create IPUIPlugin
2023-08-05 13:55:58,411 [INFO] IPUIPlugin:79 - create IPUIPlugin
2023-08-05 13:55:58,411 [INFO] IPUIPlugin:79 - create IPUIPlugin
2023-08-05 13:55:58,411 [INFO] IPUIPlugin:79 - create IPUIPlugin
2023-08-05 13:55:58,411 [INFO] IPUIPlugin:79 - create IPUIPlugin
2023-08-05 13:55:58,411 [INFO] IPUIPlugin:79 - create IPUIPlugin
2023-08-05 13:55:58,411 [INFO] IPUIPlugin:79 - create IPUIPlugin
2023-08-05 13:55:58,411 [INFO] IPUIPlugin:79 - create IPUIPlugin
2023-08-05 13:55:58,412 [INFO] IPUIPlugin:79 - create IPUIPlugin
2023-08-05 13:55:58,412 [INFO] IPUIPlugin:79 - create IPUIPlugin
2023-08-05 13:55:58,412 [INFO] IPUIPlugin:79 - create IPUIPlugin
2023-08-05 13:55:58,412 [INFO] IPUIPlugin:79 - create IPUIPlugin
2023-08-05 13:55:58,413 [INFO] IPUIPlugin:79 - create IPUIPlugin
2023-08-05 13:55:58,413 [INFO] IPUIPlugin:79 - create IPUIPlugin
2023-08-05 13:55:58,413 [INFO] IPUIPlugin:79 - create IPUIPlugin
2023-08-05 13:55:58,413 [INFO] IPUIPlugin:79 - create IPUIPlugin
2023-08-05 13:55:58,413 [INFO] IPUIPlugin:79 - create IPUIPlugin
2023-08-05 13:55:58,413 [INFO] IPUIPlugin:79 - create IPUIPlugin
2023-08-05 13:55:58,414 [INFO] IPUIPlugin:79 - create IPUIPlugin
2023-08-05 13:55:58,414 [INFO] IPUIPlugin:79 - create IPUIPlugin
2023-08-05 13:55:58,414 [INFO] IPUIPlugin:79 - create IPUIPlugin
2023-08-05 13:55:58,459 [WARN] FreeRTOS:1022 - Null or empty value: should not occur! (nothing added to the table)
2023-08-05 13:55:58,621 [INFO] CADModel:164 - CPN selected for project levelSTM32F103C8T6
2023-08-05 13:55:58,622 [INFO] CADModel:113 - Register for checkConnection events
2023-08-05 13:55:58,623 [INFO] RtosManager:615 - Active RTOS found at IOC load: FREERTOS [Cortex-M3NS]
2023-08-05 13:55:58,675 [INFO] OpenFileManager:327 - Restore cursor
2023-08-05 13:56:53,290 [INFO] NvicIntPanel:100 - NVIC parent = com.st.microxplorer.plugins.ip.nvic.MultiNvicIntPanel[,0,0,0x0,invalid,layout=javax.swing.BoxLayout,alignmentX=0.0,alignmentY=0.0,border=,flags=9,maximumSize=,minimumSize=,preferredSize=]
2023-08-05 13:58:48,399 [INFO] UtilMem:74 - End SaveConfig() Used Memory: 553888688 Bytes (636485632)
2023-08-05 13:58:52,158 [INFO] UtilMem:74 - End SaveConfig() Used Memory: 558658912 Bytes (636485632)
2023-08-05 13:58:55,581 [INFO] BlockDiagram:2759 - set Specific Code input for plugin: NVIC
2023-08-05 13:58:55,581 [INFO] BlockDiagram:2759 - set Specific Code input for plugin: FREERTOS
2023-08-05 13:58:55,581 [INFO] BlockDiagram:2759 - set Specific Code input for plugin: USART
2023-08-05 13:58:55,581 [INFO] BlockDiagram:2759 - set Specific Code input for plugin: DMA
2023-08-05 13:58:55,581 [INFO] BlockDiagram:2759 - set Specific Code input for plugin: TIM1_8F1
2023-08-05 13:58:55,581 [INFO] BlockDiagram:2759 - set Specific Code input for plugin: TIM1_8F1
2023-08-05 13:58:55,581 [INFO] BlockDiagram:2759 - set Specific Code input for plugin: TIM1_8F1
2023-08-05 13:58:55,581 [INFO] BlockDiagram:2759 - set Specific Code input for plugin: SYS
2023-08-05 13:58:55,582 [INFO] BlockDiagram:2759 - set Specific Code input for plugin: GPIO
2023-08-05 13:58:55,582 [INFO] BlockDiagram:2759 - set Specific Code input for plugin: RCC
2023-08-05 13:58:55,583 [INFO] CodeGenerator:692 - code generatio: config db path: C:\ST\STM32CubeIDE_1.11.0\STM32CubeIDE\plugins\com.st.stm32cube.common.mx_6.7.0.202211181646\\db\
2023-08-05 13:58:55,771 [INFO] CodeEngine:247 - oldGeneratedFile, C:\Users\LENOVO\Desktop\Robocon2024Chung\CumBanhSwerve\MXTmpFiles\license.tmp_save
2023-08-05 13:58:56,046 [INFO] CodeEngine:271 - Generated code: C:\Users\LENOVO\Desktop\Robocon2024Chung\CumBanhSwerve\MXTmpFiles\license.tmp
2023-08-05 13:58:56,113 [INFO] CodeEngine:247 - oldGeneratedFile, C:\Users\LENOVO\Desktop\Robocon2024Chung\CumBanhSwerve\MXTmpFiles\gpio.tmp_save
2023-08-05 13:58:56,217 [INFO] CodeEngine:271 - Generated code: C:\Users\LENOVO\Desktop\Robocon2024Chung\CumBanhSwerve\MXTmpFiles\gpio.tmp
2023-08-05 13:58:56,438 [INFO] Middleware:1435 - No code input for Bsp Dependency
2023-08-05 13:58:56,452 [INFO] CodeEngine:247 - oldGeneratedFile, C:\Users\LENOVO\Desktop\Robocon2024Chung\CumBanhSwerve\MXTmpFiles\rtos_inc.tmp_save
2023-08-05 13:58:56,562 [INFO] CodeEngine:271 - Generated code: C:\Users\LENOVO\Desktop\Robocon2024Chung\CumBanhSwerve\MXTmpFiles\rtos_inc.tmp
2023-08-05 13:58:56,573 [INFO] CodeEngine:247 - oldGeneratedFile, C:\Users\LENOVO\Desktop\Robocon2024Chung\CumBanhSwerve\MXTmpFiles\rtos_vars.tmp_save
2023-08-05 13:58:56,690 [INFO] CodeEngine:271 - Generated code: C:\Users\LENOVO\Desktop\Robocon2024Chung\CumBanhSwerve\MXTmpFiles\rtos_vars.tmp
2023-08-05 13:58:56,702 [INFO] CodeEngine:247 - oldGeneratedFile, C:\Users\LENOVO\Desktop\Robocon2024Chung\CumBanhSwerve\MXTmpFiles\rtos_pfp.tmp_save
2023-08-05 13:58:56,805 [INFO] CodeEngine:271 - Generated code: C:\Users\LENOVO\Desktop\Robocon2024Chung\CumBanhSwerve\MXTmpFiles\rtos_pfp.tmp
2023-08-05 13:58:56,814 [INFO] CodeEngine:247 - oldGeneratedFile, C:\Users\LENOVO\Desktop\Robocon2024Chung\CumBanhSwerve\MXTmpFiles\rtos_obj_creat.tmp_save
2023-08-05 13:58:56,879 [INFO] CodeEngine:271 - Generated code: C:\Users\LENOVO\Desktop\Robocon2024Chung\CumBanhSwerve\MXTmpFiles\rtos_obj_creat.tmp
2023-08-05 13:58:56,885 [INFO] CodeEngine:247 - oldGeneratedFile, C:\Users\LENOVO\Desktop\Robocon2024Chung\CumBanhSwerve\MXTmpFiles\rtos_kernelStart.tmp_save
2023-08-05 13:58:56,925 [INFO] CodeEngine:271 - Generated code: C:\Users\LENOVO\Desktop\Robocon2024Chung\CumBanhSwerve\MXTmpFiles\rtos_kernelStart.tmp
2023-08-05 13:58:56,931 [INFO] CodeEngine:247 - oldGeneratedFile, C:\Users\LENOVO\Desktop\Robocon2024Chung\CumBanhSwerve\MXTmpFiles\rtos_default_thread.tmp_save
2023-08-05 13:58:56,973 [INFO] CodeEngine:271 - Generated code: C:\Users\LENOVO\Desktop\Robocon2024Chung\CumBanhSwerve\MXTmpFiles\rtos_default_thread.tmp
2023-08-05 13:58:56,980 [INFO] CodeEngine:247 - oldGeneratedFile, C:\Users\LENOVO\Desktop\Robocon2024Chung\CumBanhSwerve\MXTmpFiles\rtos_threads.tmp_save
2023-08-05 13:58:57,019 [INFO] CodeEngine:271 - Generated code: C:\Users\LENOVO\Desktop\Robocon2024Chung\CumBanhSwerve\MXTmpFiles\rtos_threads.tmp
2023-08-05 13:58:57,026 [INFO] Middleware:1435 - No code input for Bsp Dependency
2023-08-05 13:58:57,031 [INFO] CodeEngine:247 - oldGeneratedFile, C:\Users\LENOVO\Desktop\Robocon2024Chung\CumBanhSwerve\MXTmpFiles\rtos_inc.tmp_save
2023-08-05 13:58:57,082 [INFO] CodeEngine:271 - Generated code: C:\Users\LENOVO\Desktop\Robocon2024Chung\CumBanhSwerve\MXTmpFiles\rtos_inc.tmp
2023-08-05 13:58:57,084 [INFO] CodeEngine:247 - oldGeneratedFile, C:\Users\LENOVO\Desktop\Robocon2024Chung\CumBanhSwerve\MXTmpFiles\rtos_vars.tmp_save
2023-08-05 13:58:57,114 [INFO] CodeEngine:271 - Generated code: C:\Users\LENOVO\Desktop\Robocon2024Chung\CumBanhSwerve\MXTmpFiles\rtos_vars.tmp
2023-08-05 13:58:57,117 [INFO] CodeEngine:247 - oldGeneratedFile, C:\Users\LENOVO\Desktop\Robocon2024Chung\CumBanhSwerve\MXTmpFiles\rtos_pfp.tmp_save
2023-08-05 13:58:57,147 [INFO] CodeEngine:271 - Generated code: C:\Users\LENOVO\Desktop\Robocon2024Chung\CumBanhSwerve\MXTmpFiles\rtos_pfp.tmp
2023-08-05 13:58:57,155 [INFO] CodeEngine:247 - oldGeneratedFile, C:\Users\LENOVO\Desktop\Robocon2024Chung\CumBanhSwerve\MXTmpFiles\rtos_obj_creat.tmp_save
2023-08-05 13:58:57,194 [INFO] CodeEngine:271 - Generated code: C:\Users\LENOVO\Desktop\Robocon2024Chung\CumBanhSwerve\MXTmpFiles\rtos_obj_creat.tmp
2023-08-05 13:58:57,196 [INFO] CodeEngine:247 - oldGeneratedFile, C:\Users\LENOVO\Desktop\Robocon2024Chung\CumBanhSwerve\MXTmpFiles\rtos_kernelStart.tmp_save
2023-08-05 13:58:57,228 [INFO] CodeEngine:271 - Generated code: C:\Users\LENOVO\Desktop\Robocon2024Chung\CumBanhSwerve\MXTmpFiles\rtos_kernelStart.tmp
2023-08-05 13:58:57,231 [INFO] CodeEngine:247 - oldGeneratedFile, C:\Users\LENOVO\Desktop\Robocon2024Chung\CumBanhSwerve\MXTmpFiles\rtos_default_thread.tmp_save
2023-08-05 13:58:57,268 [INFO] CodeEngine:271 - Generated code: C:\Users\LENOVO\Desktop\Robocon2024Chung\CumBanhSwerve\MXTmpFiles\rtos_default_thread.tmp
2023-08-05 13:58:57,271 [INFO] CodeEngine:247 - oldGeneratedFile, C:\Users\LENOVO\Desktop\Robocon2024Chung\CumBanhSwerve\MXTmpFiles\rtos_threads.tmp_save
2023-08-05 13:58:57,306 [INFO] CodeEngine:271 - Generated code: C:\Users\LENOVO\Desktop\Robocon2024Chung\CumBanhSwerve\MXTmpFiles\rtos_threads.tmp
2023-08-05 13:58:57,325 [INFO] CodeEngine:247 - oldGeneratedFile, C:\Users\LENOVO\Desktop\Robocon2024Chung\CumBanhSwerve\Core\Inc\FreeRTOSConfig.h_save
2023-08-05 13:58:57,415 [INFO] CodeEngine:271 - Generated code: C:\Users\LENOVO\Desktop\Robocon2024Chung\CumBanhSwerve\Core\Inc\FreeRTOSConfig.h
2023-08-05 13:58:57,432 [INFO] CodeEngine:247 - oldGeneratedFile, C:\Users\LENOVO\Desktop\Robocon2024Chung\CumBanhSwerve\Core\Src\freertos.c_save
2023-08-05 13:58:57,502 [INFO] CodeEngine:271 - Generated code: C:\Users\LENOVO\Desktop\Robocon2024Chung\CumBanhSwerve\Core\Src\freertos.c
2023-08-05 13:58:57,525 [INFO] CodeEngine:247 - oldGeneratedFile, C:\Users\LENOVO\Desktop\Robocon2024Chung\CumBanhSwerve\MXTmpFiles\dma.tmp_save
2023-08-05 13:58:57,578 [INFO] CodeEngine:271 - Generated code: C:\Users\LENOVO\Desktop\Robocon2024Chung\CumBanhSwerve\MXTmpFiles\dma.tmp
2023-08-05 13:58:57,583 [INFO] CodeEngine:247 - oldGeneratedFile, C:\Users\LENOVO\Desktop\Robocon2024Chung\CumBanhSwerve\MXTmpFiles\dma_GV.tmp_save
2023-08-05 13:58:57,612 [INFO] CodeEngine:271 - Generated code: C:\Users\LENOVO\Desktop\Robocon2024Chung\CumBanhSwerve\MXTmpFiles\dma_GV.tmp
2023-08-05 13:58:57,631 [INFO] CodeEngine:247 - oldGeneratedFile, C:\Users\LENOVO\Desktop\Robocon2024Chung\CumBanhSwerve\Core\Src\stm32f1xx_it.c_save
2023-08-05 13:58:57,724 [INFO] CodeEngine:271 - Generated code: C:\Users\LENOVO\Desktop\Robocon2024Chung\CumBanhSwerve\Core\Src\stm32f1xx_it.c
2023-08-05 13:58:57,736 [INFO] CodeEngine:247 - oldGeneratedFile, C:\Users\LENOVO\Desktop\Robocon2024Chung\CumBanhSwerve\Core\Inc\stm32f1xx_it.h_save
2023-08-05 13:58:57,786 [INFO] CodeEngine:271 - Generated code: C:\Users\LENOVO\Desktop\Robocon2024Chung\CumBanhSwerve\Core\Inc\stm32f1xx_it.h
2023-08-05 13:58:57,803 [INFO] CodeEngine:247 - oldGeneratedFile, C:\Users\LENOVO\Desktop\Robocon2024Chung\CumBanhSwerve\Core\Src\stm32f1xx_hal_msp.c_save
2023-08-05 13:58:57,923 [INFO] CodeEngine:271 - Generated code: C:\Users\LENOVO\Desktop\Robocon2024Chung\CumBanhSwerve\Core\Src\stm32f1xx_hal_msp.c
2023-08-05 13:58:57,940 [INFO] CodeEngine:247 - oldGeneratedFile, C:\Users\LENOVO\Desktop\Robocon2024Chung\CumBanhSwerve\MXTmpFiles\system.tmp_save
2023-08-05 13:58:57,993 [INFO] CodeEngine:271 - Generated code: C:\Users\LENOVO\Desktop\Robocon2024Chung\CumBanhSwerve\MXTmpFiles\system.tmp
2023-08-05 13:58:58,013 [INFO] CodeEngine:247 - oldGeneratedFile, C:\Users\LENOVO\Desktop\Robocon2024Chung\CumBanhSwerve\Core\Src\stm32f1xx_hal_timebase_tim.c_save
2023-08-05 13:58:58,091 [INFO] CodeEngine:271 - Generated code: C:\Users\LENOVO\Desktop\Robocon2024Chung\CumBanhSwerve\Core\Src\stm32f1xx_hal_timebase_tim.c
2023-08-05 13:58:58,113 [INFO] CodeEngine:303 - oldGeneratedFile, C:\Users\LENOVO\Desktop\Robocon2024Chung\CumBanhSwerve\Core\Inc\stm32f1xx_hal_conf.h_save
2023-08-05 13:58:58,175 [INFO] CodeEngine:327 - Generated code: C:\Users\LENOVO\Desktop\Robocon2024Chung\CumBanhSwerve\Core\Inc\stm32f1xx_hal_conf.h
2023-08-05 13:58:58,202 [WARN] IPConfigManager:3414 - IP not found : TIM
2023-08-05 13:58:58,203 [WARN] CodeGenerator:3583 - IP not found : null
2023-08-05 13:58:58,217 [INFO] CodeEngine:247 - oldGeneratedFile, C:\Users\LENOVO\Desktop\Robocon2024Chung\CumBanhSwerve\Core\Inc\main.h_save
2023-08-05 13:58:58,272 [INFO] CodeEngine:271 - Generated code: C:\Users\LENOVO\Desktop\Robocon2024Chung\CumBanhSwerve\Core\Inc\main.h
2023-08-05 13:58:58,285 [INFO] CodeEngine:247 - oldGeneratedFile, C:\Users\LENOVO\Desktop\Robocon2024Chung\CumBanhSwerve\Core\Src\main.c_save
2023-08-05 13:58:58,461 [INFO] CodeEngine:271 - Generated code: C:\Users\LENOVO\Desktop\Robocon2024Chung\CumBanhSwerve\Core\Src\main.c
2023-08-05 13:58:59,042 [INFO] ProjectBuilder:2919 - Time for Copy HAL[1] : 259mS.
2023-08-05 13:58:59,051 [INFO] ProjectBuilder:4183 - Project Generator version: 3.18.0-B7
2023-08-05 13:58:59,221 [INFO] ConfigFileManager:1396 - The Die is : DIE410
2023-08-05 13:58:59,230 [INFO] ApiDbMcu:505 - Load IP Config File for FATFS
2023-08-05 13:58:59,239 [INFO] ApiDbMcu:505 - Load IP Config File for USB_DEVICE
2023-08-05 13:59:00,921 [INFO] ProjectBuilder:4351 - Time for Generating toolchain IDE Files: 1870mS.
2023-08-05 13:59:00,923 [INFO] ProjectBuilder:2790 - Time for Copy CMSIS : 1mS.
2023-08-05 13:59:00,926 [INFO] ProjectBuilder:2790 - Time for Copy CMSIS : 0mS.
2023-08-05 16:27:35,718 [INFO] MainUpdater:2800 - connection check result : 10
2023-08-05 16:27:35,719 [INFO] MainUpdater:2800 - connection check result : 10
2023-08-05 16:27:35,733 [INFO] MicroXplorer:451 - Change Database Path : 
2023-08-05 16:27:35,734 [INFO] MicroXplorer:481 - Change Database Version : DB.6.0.70
2023-08-05 16:27:35,769 [WARN] ThirdParty:845 - waiting for thirdparty lock release [close project]
2023-08-05 16:27:35,770 [INFO] ThirdParty:847 - entering critical section [close project]
2023-08-05 16:27:35,770 [INFO] ThirdParty:857 - exiting critical section [close project]
2023-08-05 16:27:35,770 [INFO] PinOutPanel:1477 - setPackage(No Configuration,No Configuration)
2023-08-05 16:27:35,776 [INFO] UtilMem:74 - Begin LoadConfig() Used Memory: 772092240 Bytes (910163968)
2023-08-05 16:27:35,776 [INFO] MicroXplorer:451 - Change Database Path : 
2023-08-05 16:27:35,776 [INFO] MicroXplorer:481 - Change Database Version : DB.6.0.70
2023-08-05 16:27:35,776 [INFO] OpenFileManager:307 - Change cursor
2023-08-05 16:27:35,790 [INFO] RulesReader:61 - Compatibility file has been processed (283 Rules)
2023-08-05 16:27:35,798 [INFO] Mcu:1925 - Initializing MCU STM32F407V(E-G)Tx STM32F407VETx STM32F407VET6
2023-08-05 16:27:36,817 [INFO] Context:654 - Trying to add GPIOservice into a context  which must be forbidden
2023-08-05 16:27:37,205 [INFO] RtosManager:489 - Registered RTOS mode: class=CMSIS, group=RTOS, mode=CMSIS_V1, owner=FREERTOS
2023-08-05 16:27:37,205 [INFO] RtosManager:489 - Registered RTOS mode: class=CMSIS, group=RTOS2, mode=CMSIS_V2, owner=FREERTOS
2023-08-05 16:27:37,205 [INFO] RtosManager:489 - Registered RTOS mode: class=RTOS, group=Core, mode=CMSIS_V1, owner=FREERTOS
2023-08-05 16:27:37,205 [INFO] RtosManager:489 - Registered RTOS mode: class=RTOS, group=Core, mode=CMSIS_V2, owner=FREERTOS
2023-08-05 16:27:37,206 [WARN] ModelIntegratedComponent:185 - Missing modes for component STMicroelectronics:FreeRTOS:0.0.1:STMicroelectronics:RTOS:FreeRTOS:Core:::10.2.0:
2023-08-05 16:27:37,219 [WARN] ModelIntegratedComponent:64 - No mode defined for component null
2023-08-05 16:27:37,219 [WARN] ModelIntegratedComponent:64 - No mode defined for component null
2023-08-05 16:27:37,219 [WARN] ModelIntegratedComponent:64 - No mode defined for component null
2023-08-05 16:27:37,219 [WARN] ModelIntegratedComponent:64 - No mode defined for component null
2023-08-05 16:27:37,219 [WARN] ModelIntegratedComponent:64 - No mode defined for component null
2023-08-05 16:27:37,219 [WARN] ModelIntegratedComponent:64 - No mode defined for component null
2023-08-05 16:27:37,219 [WARN] ModelIntegratedComponent:64 - No mode defined for component null
2023-08-05 16:27:37,219 [WARN] ModelIntegratedComponent:64 - No mode defined for component null
2023-08-05 16:27:37,220 [WARN] ModelIntegratedComponent:64 - No mode defined for component null
2023-08-05 16:27:37,220 [WARN] ModelIntegratedComponent:64 - No mode defined for component null
2023-08-05 16:27:37,220 [WARN] ModelIntegratedComponent:64 - No mode defined for component null
2023-08-05 16:27:37,220 [WARN] ModelIntegratedComponent:64 - No mode defined for component null
2023-08-05 16:27:37,220 [WARN] ModelIntegratedComponent:64 - No mode defined for component null
2023-08-05 16:27:37,220 [WARN] ModelIntegratedComponent:64 - No mode defined for component null
2023-08-05 16:27:37,220 [WARN] ModelIntegratedComponent:64 - No mode defined for component null
2023-08-05 16:27:37,220 [WARN] ModelIntegratedComponent:64 - No mode defined for component null
2023-08-05 16:27:37,220 [WARN] ModelIntegratedComponent:64 - No mode defined for component null
2023-08-05 16:27:37,220 [WARN] ModelIntegratedComponent:64 - No mode defined for component null
2023-08-05 16:27:37,220 [WARN] ModelIntegratedComponent:64 - No mode defined for component null
2023-08-05 16:27:37,220 [WARN] ModelIntegratedComponent:64 - No mode defined for component null
2023-08-05 16:27:37,220 [WARN] ModelIntegratedComponent:64 - No mode defined for component null
2023-08-05 16:27:37,220 [WARN] ModelIntegratedComponent:64 - No mode defined for component null
2023-08-05 16:27:37,220 [WARN] ModelIntegratedComponent:64 - No mode defined for component null
2023-08-05 16:27:37,220 [WARN] ModelIntegratedComponent:64 - No mode defined for component null
2023-08-05 16:27:37,220 [WARN] ModelIntegratedComponent:64 - No mode defined for component null
2023-08-05 16:27:37,220 [WARN] ModelIntegratedComponent:64 - No mode defined for component null
2023-08-05 16:27:37,221 [WARN] ModelIntegratedComponent:64 - No mode defined for component null
2023-08-05 16:27:37,221 [WARN] ModelIntegratedComponent:64 - No mode defined for component null
2023-08-05 16:27:37,221 [WARN] ModelIntegratedComponent:64 - No mode defined for component null
2023-08-05 16:27:37,221 [WARN] ModelIntegratedComponent:64 - No mode defined for component null
2023-08-05 16:27:37,221 [WARN] ModelIntegratedComponent:64 - No mode defined for component null
2023-08-05 16:27:37,221 [WARN] ModelIntegratedComponent:64 - No mode defined for component null
2023-08-05 16:27:37,221 [WARN] ModelIntegratedComponent:64 - No mode defined for component null
2023-08-05 16:27:37,296 [INFO] ThirdPartyModel:294 - Start build external matchings
2023-08-05 16:27:37,892 [INFO] ThirdPartyModel:310 - End build external matchings
2023-08-05 16:27:38,129 [INFO] UtilMem:74 - End LoadConfig() Used Memory: 703172632 Bytes (910163968)
2023-08-05 16:27:38,214 [WARN] ThirdParty:807 - waiting for thirdparty lock release [change project]
2023-08-05 16:27:38,214 [INFO] ThirdParty:809 - entering critical section [change project]
2023-08-05 16:27:38,214 [INFO] ThirdParty:999 - CMSIS Pack Vendor :STMicroelectronics X-CUBE-ISPU 1.1.0
2023-08-05 16:27:38,214 [INFO] ThirdParty:999 - CMSIS Pack Vendor :RoweBots I-CUBE-UNISONRTOS 5.5.0-4
2023-08-05 16:27:38,214 [INFO] ThirdParty:999 - CMSIS Pack Vendor :STMicroelectronics X-CUBE-GNSS1 6.0.0
2023-08-05 16:27:38,214 [INFO] ThirdParty:999 - CMSIS Pack Vendor :STMicroelectronics X-CUBE-AZRTOS-H7 2.1.0
2023-08-05 16:27:38,214 [INFO] ThirdParty:999 - CMSIS Pack Vendor :STMicroelectronics USB_HOST 2.0.0
2023-08-05 16:27:38,214 [INFO] ThirdParty:999 - CMSIS Pack Vendor :STMicroelectronics X-CUBE-AZRTOS-F4 1.1.0
2023-08-05 16:27:38,214 [INFO] ThirdParty:999 - CMSIS Pack Vendor :STMicroelectronics LIBJPEG 8.0.0
2023-08-05 16:27:38,214 [INFO] ThirdParty:999 - CMSIS Pack Vendor :STMicroelectronics X-CUBE-SMBUS 2.1.0
2023-08-05 16:27:38,214 [INFO] ThirdParty:999 - CMSIS Pack Vendor :STMicroelectronics USB_DEVICE 3.0.0
2023-08-05 16:27:38,214 [INFO] ThirdParty:999 - CMSIS Pack Vendor :STMicroelectronics X-CUBE-AI 8.0.0
2023-08-05 16:27:38,214 [INFO] ThirdParty:999 - CMSIS Pack Vendor :STMicroelectronics X-CUBE-FREERTOS 1.0.0
2023-08-05 16:27:38,214 [INFO] ThirdParty:999 - CMSIS Pack Vendor :STMicroelectronics X-CUBE-FREERTOS 1.0.1
2023-08-05 16:27:38,214 [INFO] ThirdParty:999 - CMSIS Pack Vendor :STMicroelectronics X-CUBE-TOUCHGFX 4.21.1
2023-08-05 16:27:38,214 [INFO] ThirdParty:999 - CMSIS Pack Vendor :STMicroelectronics X-CUBE-TOUCHGFX 4.21.0
2023-08-05 16:27:38,214 [INFO] ThirdParty:999 - CMSIS Pack Vendor :STMicroelectronics X-CUBE-TOUCHGFX 4.21.3
2023-08-05 16:27:38,215 [INFO] ThirdParty:999 - CMSIS Pack Vendor :STMicroelectronics X-CUBE-AZRTOS-F7 1.1.0
2023-08-05 16:27:38,215 [INFO] ThirdParty:999 - CMSIS Pack Vendor :STMicroelectronics X-CUBE-TOUCHGFX 4.21.4
2023-08-05 16:27:38,215 [INFO] ThirdParty:999 - CMSIS Pack Vendor :STMicroelectronics X-CUBE-MEMS1 9.4.0
2023-08-05 16:27:38,215 [INFO] ThirdParty:999 - CMSIS Pack Vendor :STMicroelectronics USB_DEVICE 2.0.0
2023-08-05 16:27:38,215 [INFO] ThirdParty:999 - CMSIS Pack Vendor :STMicroelectronics X-CUBE-AI 7.3.0
2023-08-05 16:27:38,215 [INFO] ThirdParty:999 - CMSIS Pack Vendor :STMicroelectronics X-CUBE-MEMS1 9.6.0
2023-08-05 16:27:38,215 [INFO] ThirdParty:999 - CMSIS Pack Vendor :STMicroelectronics FP-SNS-MOTENV1 4.3.0
2023-08-05 16:27:38,215 [INFO] ThirdParty:999 - CMSIS Pack Vendor :STMicroelectronics FP-SNS-MOTENV1 4.3.2
2023-08-05 16:27:38,215 [INFO] ThirdParty:999 - CMSIS Pack Vendor :STMicroelectronics FP-SNS-FLIGHT1 5.0.0
2023-08-05 16:27:38,215 [INFO] ThirdParty:999 - CMSIS Pack Vendor :STMicroelectronics FP-SNS-MOTENV1 4.3.1
2023-08-05 16:27:38,215 [INFO] ThirdParty:999 - CMSIS Pack Vendor :STMicroelectronics FP-SNS-FLIGHT1 5.0.1
2023-08-05 16:27:38,215 [INFO] ThirdParty:999 - CMSIS Pack Vendor :STMicroelectronics X-CUBE-ALGOBUILD 1.3.0
2023-08-05 16:27:38,215 [INFO] ThirdParty:999 - CMSIS Pack Vendor :STMicroelectronics X-CUBE-BLE1 6.2.4
2023-08-05 16:27:38,215 [INFO] ThirdParty:999 - CMSIS Pack Vendor :STMicroelectronics X-CUBE-AZRTOS-L5 1.1.0
2023-08-05 16:27:38,215 [INFO] ThirdParty:999 - CMSIS Pack Vendor :STMicroelectronics FreeRTOS 0.0.1
2023-08-05 16:27:38,215 [INFO] ThirdParty:999 - CMSIS Pack Vendor :STMicroelectronics X-CUBE-AZRTOS-G0 1.1.0
2023-08-05 16:27:38,215 [INFO] ThirdParty:999 - CMSIS Pack Vendor :emotas I-CUBE-CANOPEN 1.1.3
2023-08-05 16:27:38,215 [INFO] ThirdParty:999 - CMSIS Pack Vendor :STMicroelectronics X-CUBE-BLEMGR 2.0.0
2023-08-05 16:27:38,215 [INFO] ThirdParty:999 - CMSIS Pack Vendor :STMicroelectronics X-CUBE-AI 8.0.1
2023-08-05 16:27:38,215 [INFO] ThirdParty:999 - CMSIS Pack Vendor :STMicroelectronics X-CUBE-NFC4 3.0.0
2023-08-05 16:27:38,215 [INFO] ThirdParty:999 - CMSIS Pack Vendor :STMicroelectronics X-CUBE-SUBG2 5.0.0
2023-08-05 16:27:38,215 [INFO] ThirdParty:999 - CMSIS Pack Vendor :STMicroelectronics STM32_WPAN 1.0.0
2023-08-05 16:27:38,215 [INFO] ThirdParty:999 - CMSIS Pack Vendor :STMicroelectronics lwIP 2.0.3
2023-08-05 16:27:38,215 [INFO] ThirdParty:999 - CMSIS Pack Vendor :STMicroelectronics FP-SNS-FLIGHT1 5.0.2
2023-08-05 16:27:38,215 [INFO] ThirdParty:999 - CMSIS Pack Vendor :STMicroelectronics X-CUBE-NFC4 2.0.5
2023-08-05 16:27:38,215 [INFO] ThirdParty:999 - CMSIS Pack Vendor :STMicroelectronics USB_HOST 1.0.0
2023-08-05 16:27:38,215 [INFO] ThirdParty:999 - CMSIS Pack Vendor :STMicroelectronics X-CUBE-TOF1 3.3.1
2023-08-05 16:27:38,215 [INFO] ThirdParty:999 - CMSIS Pack Vendor :STMicroelectronics X-CUBE-AZRTOS-G4 2.0.0
2023-08-05 16:27:38,215 [INFO] ThirdParty:999 - CMSIS Pack Vendor :STMicroelectronics PDM2PCM 3.1.0
2023-08-05 16:27:38,215 [INFO] ThirdParty:999 - CMSIS Pack Vendor :STMicroelectronics X-CUBE-AZRTOS-H7 3.1.0
2023-08-05 16:27:38,215 [INFO] ThirdParty:999 - CMSIS Pack Vendor :STMicroelectronics X-CUBE-TOF1 3.3.0
2023-08-05 16:27:38,215 [INFO] ThirdParty:999 - CMSIS Pack Vendor :STMicroelectronics FP-ATR-ASTRA1 1.1.1
2023-08-05 16:27:38,215 [INFO] ThirdParty:999 - CMSIS Pack Vendor :STMicroelectronics PDM2PCM 3.3.0
2023-08-05 16:27:38,215 [INFO] ThirdParty:999 - CMSIS Pack Vendor :STMicroelectronics X-CUBE-DISPLAY 3.0.0
2023-08-05 16:27:38,215 [INFO] ThirdParty:999 - CMSIS Pack Vendor :STMicroelectronics X-CUBE-BLEMGR 1.3.0
2023-08-05 16:27:38,215 [INFO] ThirdParty:999 - CMSIS Pack Vendor :wolfSSL I-CUBE-wolfSSL 5.5.3
2023-08-05 16:27:38,215 [INFO] ThirdParty:999 - CMSIS Pack Vendor :STMicroelectronics FP-ATR-SIGFOX1 3.2.0
2023-08-05 16:27:38,215 [INFO] ThirdParty:999 - CMSIS Pack Vendor :STMicroelectronics X-CUBE-AZRTOS-G4 1.0.0
2023-08-05 16:27:38,215 [INFO] ThirdParty:999 - CMSIS Pack Vendor :wolfSSL I-CUBE-wolfSSL 5.5.4
2023-08-05 16:27:38,215 [INFO] ThirdParty:999 - CMSIS Pack Vendor :STMicroelectronics X-CUBE-AZRTOS-L4 1.0.0
2023-08-05 16:27:38,215 [INFO] ThirdParty:999 - CMSIS Pack Vendor :STMicroelectronics HAL Drivers 0.0.0
2023-08-05 16:27:38,215 [INFO] ThirdParty:999 - CMSIS Pack Vendor :STMicroelectronics MBEDTLS 2.16.2
2023-08-05 16:27:38,215 [INFO] ThirdParty:999 - CMSIS Pack Vendor :STMicroelectronics X-CUBE-TOUCHGFX 4.20.0
2023-08-05 16:27:38,215 [INFO] ThirdParty:999 - CMSIS Pack Vendor :STMicroelectronics X-CUBE-TOUCHGFX 4.22.0
2023-08-05 16:27:38,215 [INFO] ThirdParty:999 - CMSIS Pack Vendor :STMicroelectronics X-CUBE-NFC7 1.0.1
2023-08-05 16:27:38,215 [INFO] ThirdParty:999 - CMSIS Pack Vendor :STMicroelectronics MBEDTLS 2.14.1
2023-08-05 16:27:38,215 [INFO] ThirdParty:999 - CMSIS Pack Vendor :STMicroelectronics X-CUBE-NFC7 1.0.0
2023-08-05 16:27:38,215 [INFO] ThirdParty:999 - CMSIS Pack Vendor :STMicroelectronics X-CUBE-AZRTOS-WL 1.0.0
2023-08-05 16:27:38,215 [INFO] ThirdParty:999 - CMSIS Pack Vendor :STMicroelectronics X-CUBE-EEPRMA1 4.1.0
2023-08-05 16:27:38,215 [INFO] ThirdParty:999 - CMSIS Pack Vendor :portGmbH I-Cube-SoM-uGOAL 1.1.0
2023-08-05 16:27:38,215 [INFO] ThirdParty:999 - CMSIS Pack Vendor :STMicroelectronics X-CUBE-ALS 1.0.1
2023-08-05 16:27:38,215 [INFO] ThirdParty:999 - CMSIS Pack Vendor :STMicroelectronics X-CUBE-MEMS1 9.5.0
2023-08-05 16:27:38,215 [INFO] ThirdParty:999 - CMSIS Pack Vendor :STMicroelectronics ThreadX 1.0.0
2023-08-05 16:27:38,215 [INFO] ThirdParty:999 - CMSIS Pack Vendor :STMicroelectronics X-CUBE-AZRTOS-WB 1.1.0
2023-08-05 16:27:38,215 [INFO] ThirdParty:999 - CMSIS Pack Vendor :STMicroelectronics X-CUBE-AZRTOS-WL 2.0.0
2023-08-05 16:27:38,215 [INFO] ThirdParty:999 - CMSIS Pack Vendor :SEGGER I-CUBE-embOS 1.3.1
2023-08-05 16:27:38,215 [INFO] ThirdParty:999 - CMSIS Pack Vendor :STMicroelectronics USB_DEVICE 1.0.0
2023-08-05 16:27:38,215 [INFO] ThirdParty:999 - CMSIS Pack Vendor :SEGGER I-CUBE-embOS 1.3.0
2023-08-05 16:27:38,215 [INFO] ThirdParty:999 - CMSIS Pack Vendor :STMicroelectronics X-CUBE-EEPRMA1 3.1.1
2023-08-05 16:27:38,215 [INFO] ThirdParty:999 - CMSIS Pack Vendor :STMicroelectronics X-CUBE-AZRTOS-L4 2.0.0
2023-08-05 16:27:38,215 [INFO] ThirdParty:999 - CMSIS Pack Vendor :STMicroelectronics ThreadX 0.0.2
2023-08-05 16:27:38,215 [INFO] ThirdParty:999 - CMSIS Pack Vendor :WES I-CUBE-Cesium 1.3.0
2023-08-05 16:27:38,215 [INFO] ThirdParty:999 - CMSIS Pack Vendor :STMicroelectronics FP-ATR-ASTRA1 2.0.0
2023-08-05 16:27:38,215 [INFO] ThirdParty:999 - CMSIS Pack Vendor :STMicroelectronics lwIP 2.1.2
2023-08-05 16:27:38,215 [INFO] ThirdParty:999 - CMSIS Pack Vendor :STMicroelectronics X-CUBE-SFXS2LP1 4.0.0
2023-08-05 16:27:38,215 [INFO] ThirdParty:999 - CMSIS Pack Vendor :STMicroelectronics X-CUBE-BLE2 3.3.0
2023-08-05 16:27:38,215 [INFO] ThirdParty:999 - CMSIS Pack Vendor :STMicroelectronics X-CUBE-DISPLAY 2.2.0
2023-08-05 16:27:38,215 [INFO] ThirdParty:999 - CMSIS Pack Vendor :STMicroelectronics X-CUBE-TOF1 3.2.0
2023-08-05 16:27:38,215 [INFO] ThirdParty:999 - CMSIS Pack Vendor :STMicroelectronics PDM2PCM 3.2.0
2023-08-05 16:27:38,215 [INFO] ThirdParty:999 - CMSIS Pack Vendor :STMicroelectronics X-CUBE-AZRTOS-H7 3.0.0
2023-08-05 16:27:38,216 [INFO] ThirdParty:815 - exiting critical section [change project]
2023-08-05 16:27:38,363 [INFO] PinOutPanel:1477 - setPackage(No Configuration,No Configuration)
2023-08-05 16:27:38,363 [INFO] PinOutPanel:1477 - setPackage(STM32F407VETx,LQFP100)
2023-08-05 16:27:38,497 [INFO] UtilMem:74 - Before build in PCC Used Memory: 614262984 Bytes (910163968)
2023-08-05 16:27:38,774 [INFO] UtilMem:74 - After build in PCC Used Memory: 658305840 Bytes (910163968)
2023-08-05 16:27:38,797 [INFO] IPUIPlugin:79 - create IPUIPlugin
2023-08-05 16:27:38,798 [INFO] IPUIPlugin:79 - create IPUIPlugin
2023-08-05 16:27:38,798 [INFO] IPUIPlugin:79 - create IPUIPlugin
2023-08-05 16:27:38,798 [INFO] IPUIPlugin:79 - create IPUIPlugin
2023-08-05 16:27:38,798 [INFO] IPUIPlugin:79 - create IPUIPlugin
2023-08-05 16:27:38,798 [INFO] IPUIPlugin:79 - create IPUIPlugin
2023-08-05 16:27:38,798 [INFO] IPUIPlugin:79 - create IPUIPlugin
2023-08-05 16:27:38,798 [INFO] IPUIPlugin:79 - create IPUIPlugin
2023-08-05 16:27:38,798 [INFO] IPUIPlugin:79 - create IPUIPlugin
2023-08-05 16:27:38,798 [INFO] IPUIPlugin:79 - create IPUIPlugin
2023-08-05 16:27:38,799 [INFO] IPUIPlugin:79 - create IPUIPlugin
2023-08-05 16:27:38,799 [INFO] IPUIPlugin:79 - create IPUIPlugin
2023-08-05 16:27:38,799 [INFO] IPUIPlugin:79 - create IPUIPlugin
2023-08-05 16:27:38,799 [INFO] IPUIPlugin:79 - create IPUIPlugin
2023-08-05 16:27:38,799 [INFO] IPUIPlugin:79 - create IPUIPlugin
2023-08-05 16:27:38,799 [INFO] IPUIPlugin:79 - create IPUIPlugin
2023-08-05 16:27:38,799 [INFO] IPUIPlugin:79 - create IPUIPlugin
2023-08-05 16:27:38,799 [INFO] IPUIPlugin:79 - create IPUIPlugin
2023-08-05 16:27:38,799 [INFO] IPUIPlugin:79 - create IPUIPlugin
2023-08-05 16:27:38,800 [INFO] IPUIPlugin:79 - create IPUIPlugin
2023-08-05 16:27:38,800 [INFO] IPUIPlugin:79 - create IPUIPlugin
2023-08-05 16:27:38,800 [INFO] IPUIPlugin:79 - create IPUIPlugin
2023-08-05 16:27:38,800 [INFO] IPUIPlugin:79 - create IPUIPlugin
2023-08-05 16:27:38,800 [INFO] IPUIPlugin:79 - create IPUIPlugin
2023-08-05 16:27:38,800 [INFO] IPUIPlugin:79 - create IPUIPlugin
2023-08-05 16:27:38,800 [INFO] IPUIPlugin:79 - create IPUIPlugin
2023-08-05 16:27:38,801 [INFO] IPUIPlugin:79 - create IPUIPlugin
2023-08-05 16:27:38,801 [INFO] IPUIPlugin:79 - create IPUIPlugin
2023-08-05 16:27:38,801 [INFO] IPUIPlugin:79 - create IPUIPlugin
2023-08-05 16:27:38,801 [INFO] IPUIPlugin:79 - create IPUIPlugin
2023-08-05 16:27:38,802 [INFO] IPUIPlugin:79 - create IPUIPlugin
2023-08-05 16:27:38,802 [INFO] IPUIPlugin:79 - create IPUIPlugin
2023-08-05 16:27:38,802 [INFO] IPUIPlugin:79 - create IPUIPlugin
2023-08-05 16:27:38,802 [INFO] IPUIPlugin:79 - create IPUIPlugin
2023-08-05 16:27:38,802 [INFO] IPUIPlugin:79 - create IPUIPlugin
2023-08-05 16:27:38,803 [INFO] IPUIPlugin:79 - create IPUIPlugin
2023-08-05 16:27:38,804 [INFO] IPUIPlugin:79 - create IPUIPlugin
2023-08-05 16:27:38,804 [INFO] IPUIPlugin:79 - create IPUIPlugin
2023-08-05 16:27:38,804 [INFO] IPUIPlugin:79 - create IPUIPlugin
2023-08-05 16:27:38,804 [INFO] IPUIPlugin:79 - create IPUIPlugin
2023-08-05 16:27:38,804 [INFO] IPUIPlugin:79 - create IPUIPlugin
2023-08-05 16:27:38,805 [INFO] IPUIPlugin:79 - create IPUIPlugin
2023-08-05 16:27:38,805 [INFO] IPUIPlugin:79 - create IPUIPlugin
2023-08-05 16:27:38,805 [INFO] IPUIPlugin:79 - create IPUIPlugin
2023-08-05 16:27:38,805 [INFO] IPUIPlugin:79 - create IPUIPlugin
2023-08-05 16:27:38,806 [INFO] IPUIPlugin:79 - create IPUIPlugin
2023-08-05 16:27:38,806 [INFO] IPUIPlugin:79 - create IPUIPlugin
2023-08-05 16:27:38,806 [INFO] IPUIPlugin:79 - create IPUIPlugin
2023-08-05 16:27:38,807 [INFO] IPUIPlugin:79 - create IPUIPlugin
2023-08-05 16:27:38,807 [INFO] IPUIPlugin:79 - create IPUIPlugin
2023-08-05 16:27:38,807 [INFO] IPUIPlugin:79 - create IPUIPlugin
2023-08-05 16:27:38,807 [INFO] IPUIPlugin:79 - create IPUIPlugin
2023-08-05 16:27:38,808 [INFO] IPUIPlugin:79 - create IPUIPlugin
2023-08-05 16:27:38,808 [INFO] IPUIPlugin:79 - create IPUIPlugin
2023-08-05 16:27:38,808 [INFO] IPUIPlugin:79 - create IPUIPlugin
2023-08-05 16:27:38,809 [INFO] IPUIPlugin:79 - create IPUIPlugin
2023-08-05 16:27:38,810 [INFO] IPUIPlugin:79 - create IPUIPlugin
2023-08-05 16:27:38,810 [INFO] IPUIPlugin:79 - create IPUIPlugin
2023-08-05 16:27:38,824 [INFO] ApiDbMcu:505 - Load IP Config File for PDM2PCM
2023-08-05 16:27:38,852 [INFO] CADModel:164 - CPN selected for project levelSTM32F407VET6
2023-08-05 16:27:38,853 [INFO] CADModel:113 - Register for checkConnection events
2023-08-05 16:27:38,910 [INFO] OpenFileManager:327 - Restore cursor
2023-08-05 16:28:03,386 [INFO] NvicIntPanel:100 - NVIC parent = com.st.microxplorer.plugins.ip.nvic.MultiNvicIntPanel[,0,0,0x0,invalid,layout=javax.swing.BoxLayout,alignmentX=0.0,alignmentY=0.0,border=,flags=9,maximumSize=,minimumSize=,preferredSize=]
2023-08-05 16:28:05,365 [INFO] NvicIntPanel:100 - NVIC parent = com.st.microxplorer.plugins.ip.nvic.MultiNvicIntPanel[,0,0,0x0,invalid,layout=javax.swing.BoxLayout,alignmentX=0.0,alignmentY=0.0,border=,flags=9,maximumSize=,minimumSize=,preferredSize=]
2023-08-05 16:28:15,250 [INFO] UtilMem:74 - End SaveConfig() Used Memory: 792389776 Bytes (910163968)
2023-08-05 16:28:19,307 [INFO] UtilMem:74 - End SaveConfig() Used Memory: 699811608 Bytes (910163968)
2023-08-05 16:28:19,424 [INFO] BlockDiagram:2759 - set Specific Code input for plugin: SYS
2023-08-05 16:28:19,424 [INFO] BlockDiagram:2759 - set Specific Code input for plugin: RCC
2023-08-05 16:28:19,424 [INFO] BlockDiagram:2759 - set Specific Code input for plugin: NVIC
2023-08-05 16:28:19,424 [INFO] BlockDiagram:2759 - set Specific Code input for plugin: USART
2023-08-05 16:28:19,424 [INFO] BlockDiagram:2759 - set Specific Code input for plugin: USART
2023-08-05 16:28:19,424 [INFO] BlockDiagram:2759 - set Specific Code input for plugin: UART
2023-08-05 16:28:19,424 [INFO] BlockDiagram:2759 - set Specific Code input for plugin: GPIO
2023-08-05 16:28:19,425 [INFO] CodeGenerator:692 - code generatio: config db path: C:\ST\STM32CubeIDE_1.11.0\STM32CubeIDE\plugins\com.st.stm32cube.common.mx_6.7.0.202211181646\\db\
2023-08-05 16:28:19,586 [INFO] CodeEngine:247 - oldGeneratedFile, C:\Users\LENOVO\Desktop\Robocon2024Chung\MainSwerveTurbo\MXTmpFiles\license.tmp_save
2023-08-05 16:28:19,662 [INFO] CodeEngine:271 - Generated code: C:\Users\LENOVO\Desktop\Robocon2024Chung\MainSwerveTurbo\MXTmpFiles\license.tmp
2023-08-05 16:28:19,716 [INFO] CodeEngine:247 - oldGeneratedFile, C:\Users\LENOVO\Desktop\Robocon2024Chung\MainSwerveTurbo\MXTmpFiles\gpio.tmp_save
2023-08-05 16:28:19,833 [INFO] CodeEngine:271 - Generated code: C:\Users\LENOVO\Desktop\Robocon2024Chung\MainSwerveTurbo\MXTmpFiles\gpio.tmp
2023-08-05 16:28:19,915 [INFO] CodeEngine:247 - oldGeneratedFile, C:\Users\LENOVO\Desktop\Robocon2024Chung\MainSwerveTurbo\Core\Src\stm32f4xx_it.c_save
2023-08-05 16:28:20,081 [INFO] CodeEngine:271 - Generated code: C:\Users\LENOVO\Desktop\Robocon2024Chung\MainSwerveTurbo\Core\Src\stm32f4xx_it.c
2023-08-05 16:28:20,086 [INFO] CodeEngine:247 - oldGeneratedFile, C:\Users\LENOVO\Desktop\Robocon2024Chung\MainSwerveTurbo\Core\Inc\stm32f4xx_it.h_save
2023-08-05 16:28:20,151 [INFO] CodeEngine:271 - Generated code: C:\Users\LENOVO\Desktop\Robocon2024Chung\MainSwerveTurbo\Core\Inc\stm32f4xx_it.h
2023-08-05 16:28:20,168 [INFO] CodeEngine:247 - oldGeneratedFile, C:\Users\LENOVO\Desktop\Robocon2024Chung\MainSwerveTurbo\Core\Src\stm32f4xx_hal_msp.c_save
2023-08-05 16:28:20,279 [INFO] CodeEngine:271 - Generated code: C:\Users\LENOVO\Desktop\Robocon2024Chung\MainSwerveTurbo\Core\Src\stm32f4xx_hal_msp.c
2023-08-05 16:28:20,285 [INFO] CodeEngine:247 - oldGeneratedFile, C:\Users\LENOVO\Desktop\Robocon2024Chung\MainSwerveTurbo\MXTmpFiles\system.tmp_save
2023-08-05 16:28:20,326 [INFO] CodeEngine:271 - Generated code: C:\Users\LENOVO\Desktop\Robocon2024Chung\MainSwerveTurbo\MXTmpFiles\system.tmp
2023-08-05 16:28:20,349 [INFO] CodeEngine:303 - oldGeneratedFile, C:\Users\LENOVO\Desktop\Robocon2024Chung\MainSwerveTurbo\Core\Inc\stm32f4xx_hal_conf.h_save
2023-08-05 16:28:20,406 [INFO] CodeEngine:327 - Generated code: C:\Users\LENOVO\Desktop\Robocon2024Chung\MainSwerveTurbo\Core\Inc\stm32f4xx_hal_conf.h
2023-08-05 16:28:20,441 [INFO] CodeEngine:247 - oldGeneratedFile, C:\Users\LENOVO\Desktop\Robocon2024Chung\MainSwerveTurbo\Core\Inc\main.h_save
2023-08-05 16:28:20,505 [INFO] CodeEngine:271 - Generated code: C:\Users\LENOVO\Desktop\Robocon2024Chung\MainSwerveTurbo\Core\Inc\main.h
2023-08-05 16:28:20,519 [INFO] CodeEngine:247 - oldGeneratedFile, C:\Users\LENOVO\Desktop\Robocon2024Chung\MainSwerveTurbo\Core\Src\main.c_save
2023-08-05 16:28:20,603 [INFO] CodeEngine:271 - Generated code: C:\Users\LENOVO\Desktop\Robocon2024Chung\MainSwerveTurbo\Core\Src\main.c
2023-08-05 16:28:21,015 [INFO] ProjectBuilder:2919 - Time for Copy HAL[1] : 163mS.
2023-08-05 16:28:21,016 [INFO] ProjectBuilder:4183 - Project Generator version: 3.18.0-B7
2023-08-05 16:28:21,227 [INFO] ConfigFileManager:1396 - The Die is : DIE413
2023-08-05 16:28:21,237 [INFO] ApiDbMcu:505 - Load IP Config File for FATFS
2023-08-05 16:28:21,244 [INFO] ApiDbMcu:505 - Load IP Config File for FREERTOS
2023-08-05 16:28:21,251 [INFO] ApiDbMcu:505 - Load IP Config File for LIBJPEG
2023-08-05 16:28:21,259 [INFO] ApiDbMcu:505 - Load IP Config File for LWIP
2023-08-05 16:28:21,269 [INFO] ApiDbMcu:505 - Load IP Config File for MBEDTLS
2023-08-05 16:28:21,284 [INFO] ApiDbMcu:505 - Load IP Config File for USB_DEVICE
2023-08-05 16:28:21,296 [INFO] ApiDbMcu:505 - Load IP Config File for USB_HOST
2023-08-05 16:28:21,976 [INFO] ProjectBuilder:4351 - Time for Generating toolchain IDE Files: 960mS.
2023-08-05 16:28:21,976 [INFO] ProjectBuilder:2790 - Time for Copy CMSIS : 0mS.
2023-08-05 16:28:21,978 [INFO] ProjectBuilder:2790 - Time for Copy CMSIS : 0mS.
2023-08-06 14:01:17,162 [INFO] JxBrowserEngine:114 - Initiate JxBrowser Engine with user profile folder
2023-08-06 14:01:19,488 [INFO] WebAppUi:459 - Close the Jxbrowser engine manually
2023-08-06 14:01:19,516 [INFO] WebAppUi:462 - Profiles folder deleted
2023-08-06 14:01:19,946 [ERROR] LogOutputStream:74 - [STDERR_REDIRECT] 
2023-08-06 20:20:13,152 [INFO] Activator:179 - 


2023-08-06 20:20:13,153 [INFO] Activator:180 - !SESSION log4j initialized
